step:3600/3600, q_loss:nan, rewards:-46.6453125, queue:15.633333333333333, delay:0.44397862752278644, throughput:1521
episode:0/20, real avg travel time:445.4707429322814
intersection:0, mean_episode_reward:-0.7628125548362732, mean_queue:4.27222204208374
intersection:1, mean_episode_reward:-4.134896278381348, mean_queue:26.75
intersection:2, mean_episode_reward:-5.268784046173096, mean_queue:33.099998474121094
intersection:3, mean_episode_reward:-2.823472499847412, mean_queue:12.405555725097656
intersection:4, mean_episode_reward:-1.272951364517212, mean_queue:7.080555438995361
intersection:5, mean_episode_reward:-0.5157985091209412, mean_queue:3.174999952316284
intersection:6, mean_episode_reward:-0.9664238095283508, mean_queue:5.505555629730225
intersection:7, mean_episode_reward:-0.9681252241134644, mean_queue:4.93055534362793
intersection:8, mean_episode_reward:-1.5177775621414185, mean_queue:8.766666412353516
intersection:9, mean_episode_reward:-0.4102429747581482, mean_queue:1.8305555582046509
intersection:10, mean_episode_reward:-0.2545832693576813, mean_queue:1.336111068725586
intersection:11, mean_episode_reward:-3.243993043899536, mean_queue:13.827777862548828
intersection:12, mean_episode_reward:-9.39576530456543, mean_queue:52.15277862548828
intersection:13, mean_episode_reward:-7.051144599914551, mean_queue:37.73055648803711
intersection:14, mean_episode_reward:-5.500901699066162, mean_queue:24.81944465637207
intersection:15, mean_episode_reward:-2.5576391220092773, mean_queue:12.449999809265137
step:3600/3600, q_loss:2.4602046881583, rewards:-40.828434244791666, queue:13.642881944444444, delay:0.41671574910481773, throughput:1524
episode:1/20, real avg travel time:368.255249343832
intersection:0, mean_episode_reward:-0.6337500810623169, mean_queue:3.4194445610046387
intersection:1, mean_episode_reward:-3.968888282775879, mean_queue:23.95833396911621
intersection:2, mean_episode_reward:-6.541319370269775, mean_queue:36.06111145019531
intersection:3, mean_episode_reward:-3.1869442462921143, mean_queue:13.344444274902344
intersection:4, mean_episode_reward:-0.545138955116272, mean_queue:3.0638887882232666
intersection:5, mean_episode_reward:-0.4159376919269562, mean_queue:2.6277778148651123
intersection:6, mean_episode_reward:-1.3185068368911743, mean_queue:7.638888835906982
intersection:7, mean_episode_reward:-1.1018749475479126, mean_queue:5.961111068725586
intersection:8, mean_episode_reward:-0.599895715713501, mean_queue:3.200000047683716
intersection:9, mean_episode_reward:-0.6044443249702454, mean_queue:2.9972221851348877
intersection:10, mean_episode_reward:-0.1521875262260437, mean_queue:0.8055555820465088
intersection:11, mean_episode_reward:-2.7605204582214355, mean_queue:12.269444465637207
intersection:12, mean_episode_reward:-6.2158684730529785, mean_queue:38.18611145019531
intersection:13, mean_episode_reward:-6.1735758781433105, mean_queue:33.5805549621582
intersection:14, mean_episode_reward:-1.3894097805023193, mean_queue:6.594444274902344
intersection:15, mean_episode_reward:-5.22017240524292, mean_queue:24.577777862548828
step:3600/3600, q_loss:2.5961408252053793, rewards:-21.292777506510415, queue:7.243229166666667, delay:0.38017866346571183, throughput:2083
episode:2/20, real avg travel time:295.789726356217
intersection:0, mean_episode_reward:-0.46968743205070496, mean_queue:2.5027778148651123
intersection:1, mean_episode_reward:-4.01069450378418, mean_queue:23.933332443237305
intersection:2, mean_episode_reward:-2.8903818130493164, mean_queue:14.55555534362793
intersection:3, mean_episode_reward:-1.6861110925674438, mean_queue:7.313889026641846
intersection:4, mean_episode_reward:-0.5318055152893066, mean_queue:3.0055556297302246
intersection:5, mean_episode_reward:-0.32684025168418884, mean_queue:1.9861111640930176
intersection:6, mean_episode_reward:-0.5763542056083679, mean_queue:3.3305554389953613
intersection:7, mean_episode_reward:-0.4368054270744324, mean_queue:2.219444513320923
intersection:8, mean_episode_reward:-0.5278820991516113, mean_queue:3.019444465637207
intersection:9, mean_episode_reward:-0.2338888943195343, mean_queue:1.0722222328186035
intersection:10, mean_episode_reward:-0.12722226977348328, mean_queue:0.6694444417953491
intersection:11, mean_episode_reward:-1.0647565126419067, mean_queue:5.14722204208374
intersection:12, mean_episode_reward:-3.7267367839813232, mean_queue:21.950000762939453
intersection:13, mean_episode_reward:-2.8342018127441406, mean_queue:15.213889122009277
intersection:14, mean_episode_reward:-0.39468738436698914, mean_queue:2.319444417953491
intersection:15, mean_episode_reward:-1.4547224044799805, mean_queue:7.652777671813965
step:3600/3600, q_loss:2.317771738300721, rewards:-27.78024631076389, queue:9.740972222222222, delay:0.38888897365993924, throughput:1902
episode:3/20, real avg travel time:348.3874868559411
intersection:0, mean_episode_reward:-0.5960067510604858, mean_queue:3.13611102104187
intersection:1, mean_episode_reward:-4.581459045410156, mean_queue:27.572221755981445
intersection:2, mean_episode_reward:-3.469132423400879, mean_queue:18.552778244018555
intersection:3, mean_episode_reward:-1.532153606414795, mean_queue:6.669444561004639
intersection:4, mean_episode_reward:-0.5038543939590454, mean_queue:2.9555554389953613
intersection:5, mean_episode_reward:-0.4363195598125458, mean_queue:2.702777862548828
intersection:6, mean_episode_reward:-0.5705209374427795, mean_queue:3.2666666507720947
intersection:7, mean_episode_reward:-0.4573955833911896, mean_queue:2.38611102104187
intersection:8, mean_episode_reward:-0.7320832014083862, mean_queue:4.099999904632568
intersection:9, mean_episode_reward:-0.4250693917274475, mean_queue:1.9388889074325562
intersection:10, mean_episode_reward:-0.14913199841976166, mean_queue:0.7555555701255798
intersection:11, mean_episode_reward:-1.083229422569275, mean_queue:5.175000190734863
intersection:12, mean_episode_reward:-6.862744331359863, mean_queue:42.29999923706055
intersection:13, mean_episode_reward:-3.9010417461395264, mean_queue:21.883333206176758
intersection:14, mean_episode_reward:-0.4642011821269989, mean_queue:2.5444445610046387
intersection:15, mean_episode_reward:-2.0159032344818115, mean_queue:9.916666984558105
step:3600/3600, q_loss:2.3523542535669275, rewards:-21.325728352864584, queue:7.402604166666666, delay:0.3705214182535807, throughput:2046
episode:4/20, real avg travel time:295.58699902248287
intersection:0, mean_episode_reward:-0.4487498104572296, mean_queue:2.305555582046509
intersection:1, mean_episode_reward:-3.8299293518066406, mean_queue:23.225000381469727
intersection:2, mean_episode_reward:-2.95097279548645, mean_queue:15.411110877990723
intersection:3, mean_episode_reward:-1.8652089834213257, mean_queue:8.122221946716309
intersection:4, mean_episode_reward:-0.4792361259460449, mean_queue:2.7055554389953613
intersection:5, mean_episode_reward:-0.33076387643814087, mean_queue:2.0444445610046387
intersection:6, mean_episode_reward:-0.5284029841423035, mean_queue:3.0138888359069824
intersection:7, mean_episode_reward:-0.44961798191070557, mean_queue:2.3583333492279053
intersection:8, mean_episode_reward:-0.6178818941116333, mean_queue:3.3722221851348877
intersection:9, mean_episode_reward:-0.4571531116962433, mean_queue:2.075000047683716
intersection:10, mean_episode_reward:-0.1564236581325531, mean_queue:0.7916666865348816
intersection:11, mean_episode_reward:-0.9831249713897705, mean_queue:4.81944465637207
intersection:12, mean_episode_reward:-3.622708797454834, mean_queue:22.98055648803711
intersection:13, mean_episode_reward:-2.7397217750549316, mean_queue:15.38611125946045
intersection:14, mean_episode_reward:-0.4770485460758209, mean_queue:2.694444417953491
intersection:15, mean_episode_reward:-1.3887841701507568, mean_queue:7.136111259460449
step:3600/3600, q_loss:2.411789185980956, rewards:-36.02381727430556, queue:12.282465277777778, delay:0.407145012749566, throughput:1550
episode:5/20, real avg travel time:317.90516129032255
intersection:0, mean_episode_reward:-0.5597567558288574, mean_queue:2.9666666984558105
intersection:1, mean_episode_reward:-4.871457576751709, mean_queue:29.78333282470703
intersection:2, mean_episode_reward:-5.48937463760376, mean_queue:31.52777862548828
intersection:3, mean_episode_reward:-2.93951416015625, mean_queue:12.247221946716309
intersection:4, mean_episode_reward:-0.585381805896759, mean_queue:3.344444513320923
intersection:5, mean_episode_reward:-0.4436109662055969, mean_queue:2.655555486679077
intersection:6, mean_episode_reward:-0.8734028339385986, mean_queue:5.058333396911621
intersection:7, mean_episode_reward:-0.6232291460037231, mean_queue:3.200000047683716
intersection:8, mean_episode_reward:-0.6539931297302246, mean_queue:3.6027777194976807
intersection:9, mean_episode_reward:-0.5537847280502319, mean_queue:2.6777777671813965
intersection:10, mean_episode_reward:-0.12736116349697113, mean_queue:0.6805555820465088
intersection:11, mean_episode_reward:-2.8390626907348633, mean_queue:12.105555534362793
intersection:12, mean_episode_reward:-5.359964847564697, mean_queue:35.11666488647461
intersection:13, mean_episode_reward:-5.8562846183776855, mean_queue:30.886110305786133
intersection:14, mean_episode_reward:-1.2810415029525757, mean_queue:6.288888931274414
intersection:15, mean_episode_reward:-2.966597557067871, mean_queue:14.377778053283691
step:3600/3600, q_loss:2.678535730669896, rewards:-34.21066080729167, queue:11.991319444444445, delay:0.41667861938476564, throughput:1824
episode:6/20, real avg travel time:440.21655701754383
intersection:0, mean_episode_reward:-0.6356251239776611, mean_queue:3.4749999046325684
intersection:1, mean_episode_reward:-4.165590763092041, mean_queue:26.23055648803711
intersection:2, mean_episode_reward:-5.100831031799316, mean_queue:31.366666793823242
intersection:3, mean_episode_reward:-2.172257423400879, mean_queue:9.266666412353516
intersection:4, mean_episode_reward:-0.6651042103767395, mean_queue:3.8888888359069824
intersection:5, mean_episode_reward:-0.47454872727394104, mean_queue:2.8722221851348877
intersection:6, mean_episode_reward:-0.7861109375953674, mean_queue:4.9277777671813965
intersection:7, mean_episode_reward:-0.6179860234260559, mean_queue:3.3416666984558105
intersection:8, mean_episode_reward:-0.5704163908958435, mean_queue:3.1500000953674316
intersection:9, mean_episode_reward:-0.5922222137451172, mean_queue:2.98888897895813
intersection:10, mean_episode_reward:-0.1313542276620865, mean_queue:0.699999988079071
intersection:11, mean_episode_reward:-2.2561116218566895, mean_queue:10.288888931274414
intersection:12, mean_episode_reward:-5.734791278839111, mean_queue:34.15277862548828
intersection:13, mean_episode_reward:-5.6548285484313965, mean_queue:32.125
intersection:14, mean_episode_reward:-1.3928471803665161, mean_queue:7.497222423553467
intersection:15, mean_episode_reward:-3.2600345611572266, mean_queue:15.588889122009277
step:3600/3600, q_loss:2.8706322735316223, rewards:-21.30184054904514, queue:7.431076388888889, delay:0.38672205607096355, throughput:2079
episode:7/20, real avg travel time:301.14526214526217
intersection:0, mean_episode_reward:-0.52281254529953, mean_queue:2.777777671813965
intersection:1, mean_episode_reward:-4.117361545562744, mean_queue:25.119443893432617
intersection:2, mean_episode_reward:-2.6707990169525146, mean_queue:13.866666793823242
intersection:3, mean_episode_reward:-1.5459028482437134, mean_queue:6.719444274902344
intersection:4, mean_episode_reward:-0.4902084469795227, mean_queue:2.816666603088379
intersection:5, mean_episode_reward:-0.3343750536441803, mean_queue:1.9722222089767456
intersection:6, mean_episode_reward:-0.5525693297386169, mean_queue:3.0999999046325684
intersection:7, mean_episode_reward:-0.40697911381721497, mean_queue:2.047222137451172
intersection:8, mean_episode_reward:-0.5215276479721069, mean_queue:2.9166667461395264
intersection:9, mean_episode_reward:-0.4976043403148651, mean_queue:2.3499999046325684
intersection:10, mean_episode_reward:-0.16170141100883484, mean_queue:0.8361111283302307
intersection:11, mean_episode_reward:-1.0596530437469482, mean_queue:5.463889122009277
intersection:12, mean_episode_reward:-3.9985406398773193, mean_queue:24.413888931274414
intersection:13, mean_episode_reward:-2.3352787494659424, mean_queue:13.341666221618652
intersection:14, mean_episode_reward:-0.5548609495162964, mean_queue:3.174999952316284
intersection:15, mean_episode_reward:-1.5316665172576904, mean_queue:7.980555534362793
step:3600/3600, q_loss:2.6914213711983628, rewards:-23.76312934027778, queue:8.261805555555556, delay:0.3782179514567057, throughput:1995
episode:8/20, real avg travel time:309.4877192982456
intersection:0, mean_episode_reward:-0.467986136674881, mean_queue:2.508333444595337
intersection:1, mean_episode_reward:-4.122569561004639, mean_queue:25.11111068725586
intersection:2, mean_episode_reward:-2.5719456672668457, mean_queue:13.649999618530273
intersection:3, mean_episode_reward:-1.8045486211776733, mean_queue:7.69444465637207
intersection:4, mean_episode_reward:-0.41899311542510986, mean_queue:2.3611111640930176
intersection:5, mean_episode_reward:-0.3385416269302368, mean_queue:2.0027778148651123
intersection:6, mean_episode_reward:-0.7143402695655823, mean_queue:4.25
intersection:7, mean_episode_reward:-0.4237150549888611, mean_queue:2.23888897895813
intersection:8, mean_episode_reward:-0.6437501907348633, mean_queue:3.530555486679077
intersection:9, mean_episode_reward:-0.5324652791023254, mean_queue:2.577777862548828
intersection:10, mean_episode_reward:-0.14722223579883575, mean_queue:0.7638888955116272
intersection:11, mean_episode_reward:-0.846423327922821, mean_queue:4.169444561004639
intersection:12, mean_episode_reward:-5.741805553436279, mean_queue:34.04722213745117
intersection:13, mean_episode_reward:-3.0260071754455566, mean_queue:16.997222900390625
intersection:14, mean_episode_reward:-0.3558679223060608, mean_queue:2.049999952316284
intersection:15, mean_episode_reward:-1.6069451570510864, mean_queue:8.23611068725586
step:3600/3600, q_loss:2.613707348379824, rewards:-22.820591905381946, queue:7.838715277777778, delay:0.3742968241373698, throughput:2140
episode:9/20, real avg travel time:310.6130841121495
intersection:0, mean_episode_reward:-0.3603820502758026, mean_queue:1.9083333015441895
intersection:1, mean_episode_reward:-4.366459369659424, mean_queue:26.280555725097656
intersection:2, mean_episode_reward:-2.9560749530792236, mean_queue:15.61111068725586
intersection:3, mean_episode_reward:-1.7710074186325073, mean_queue:7.888888835906982
intersection:4, mean_episode_reward:-0.5771182775497437, mean_queue:3.2472221851348877
intersection:5, mean_episode_reward:-0.3546527028083801, mean_queue:2.030555486679077
intersection:6, mean_episode_reward:-0.5885417461395264, mean_queue:3.5888888835906982
intersection:7, mean_episode_reward:-0.5172914862632751, mean_queue:2.652777671813965
intersection:8, mean_episode_reward:-0.45371538400650024, mean_queue:2.4083333015441895
intersection:9, mean_episode_reward:-0.39059025049209595, mean_queue:1.8444443941116333
intersection:10, mean_episode_reward:-0.14770832657814026, mean_queue:0.8027777671813965
intersection:11, mean_episode_reward:-1.0290974378585815, mean_queue:5.088889122009277
intersection:12, mean_episode_reward:-4.441805839538574, mean_queue:24.600000381469727
intersection:13, mean_episode_reward:-2.9263553619384766, mean_queue:16.93055534362793
intersection:14, mean_episode_reward:-0.36920127272605896, mean_queue:2.1277778148651123
intersection:15, mean_episode_reward:-1.5705903768539429, mean_queue:8.408333778381348
step:3600/3600, q_loss:2.7159662349621456, rewards:-22.697257486979165, queue:7.932465277777778, delay:0.3880875481499566, throughput:2035
episode:10/20, real avg travel time:305.79459459459457
intersection:0, mean_episode_reward:-0.5076037049293518, mean_queue:2.655555486679077
intersection:1, mean_episode_reward:-4.286423683166504, mean_queue:25.811111450195312
intersection:2, mean_episode_reward:-2.5461111068725586, mean_queue:13.402777671813965
intersection:3, mean_episode_reward:-1.5004514455795288, mean_queue:6.68055534362793
intersection:4, mean_episode_reward:-0.4166317284107208, mean_queue:2.4361112117767334
intersection:5, mean_episode_reward:-0.37465283274650574, mean_queue:2.1694445610046387
intersection:6, mean_episode_reward:-0.6337501406669617, mean_queue:3.741666555404663
intersection:7, mean_episode_reward:-0.6222921013832092, mean_queue:3.3416666984558105
intersection:8, mean_episode_reward:-0.6114585995674133, mean_queue:3.3499999046325684
intersection:9, mean_episode_reward:-0.4081597626209259, mean_queue:1.9666666984558105
intersection:10, mean_episode_reward:-0.1286458969116211, mean_queue:0.6916666626930237
intersection:11, mean_episode_reward:-1.5221869945526123, mean_queue:7.263888835906982
intersection:12, mean_episode_reward:-4.626979827880859, mean_queue:28.191667556762695
intersection:13, mean_episode_reward:-2.6952435970306396, mean_queue:15.122221946716309
intersection:14, mean_episode_reward:-0.43378445506095886, mean_queue:2.4944443702697754
intersection:15, mean_episode_reward:-1.3828816413879395, mean_queue:7.599999904632568
step:3600/3600, q_loss:2.836573172095749, rewards:-32.73708224826389, queue:11.4875, delay:0.41286205715603297, throughput:1871
episode:11/20, real avg travel time:405.0539818278995
intersection:0, mean_episode_reward:-0.6072220206260681, mean_queue:3.277777671813965
intersection:1, mean_episode_reward:-4.6050004959106445, mean_queue:28.44444465637207
intersection:2, mean_episode_reward:-4.724929332733154, mean_queue:24.65833282470703
intersection:3, mean_episode_reward:-1.586492896080017, mean_queue:6.997222423553467
intersection:4, mean_episode_reward:-0.7109032273292542, mean_queue:3.9555554389953613
intersection:5, mean_episode_reward:-0.4930556118488312, mean_queue:3.075000047683716
intersection:6, mean_episode_reward:-1.5671526193618774, mean_queue:9.683333396911621
intersection:7, mean_episode_reward:-0.6260762810707092, mean_queue:3.3722221851348877
intersection:8, mean_episode_reward:-0.618715226650238, mean_queue:3.444444417953491
intersection:9, mean_episode_reward:-0.6283682584762573, mean_queue:2.961111068725586
intersection:10, mean_episode_reward:-0.12576395273208618, mean_queue:0.6888889074325562
intersection:11, mean_episode_reward:-2.426527738571167, mean_queue:10.552778244018555
intersection:12, mean_episode_reward:-6.799515247344971, mean_queue:43.161109924316406
intersection:13, mean_episode_reward:-4.790729522705078, mean_queue:26.22222137451172
intersection:14, mean_episode_reward:-0.5779860019683838, mean_queue:3.2333333492279053
intersection:15, mean_episode_reward:-1.8486459255218506, mean_queue:10.072221755981445
step:3600/3600, q_loss:3.1573540927933315, rewards:-34.681491427951386, queue:12.081770833333334, delay:0.41402414109971786, throughput:1788
episode:12/20, real avg travel time:412.5576062639821
intersection:0, mean_episode_reward:-0.6169096827507019, mean_queue:3.2249999046325684
intersection:1, mean_episode_reward:-5.09666633605957, mean_queue:30.813888549804688
intersection:2, mean_episode_reward:-4.689271450042725, mean_queue:24.436111450195312
intersection:3, mean_episode_reward:-1.724444031715393, mean_queue:7.516666889190674
intersection:4, mean_episode_reward:-0.5605553388595581, mean_queue:3.0611112117767334
intersection:5, mean_episode_reward:-0.49347224831581116, mean_queue:2.8611111640930176
intersection:6, mean_episode_reward:-1.0880557298660278, mean_queue:6.502777576446533
intersection:7, mean_episode_reward:-0.531006932258606, mean_queue:2.633333444595337
intersection:8, mean_episode_reward:-0.8152778744697571, mean_queue:4.755555629730225
intersection:9, mean_episode_reward:-0.44666674733161926, mean_queue:2.030555486679077
intersection:10, mean_episode_reward:-0.14809027314186096, mean_queue:0.7944444417953491
intersection:11, mean_episode_reward:-2.105417490005493, mean_queue:9.122221946716309
intersection:12, mean_episode_reward:-8.415485382080078, mean_queue:54.07777786254883
intersection:13, mean_episode_reward:-4.335416793823242, mean_queue:23.375
intersection:14, mean_episode_reward:-0.3598262369632721, mean_queue:2.030555486679077
intersection:15, mean_episode_reward:-3.2549307346343994, mean_queue:16.072221755981445
step:3600/3600, q_loss:3.2688971770968704, rewards:-19.86117892795139, queue:6.688715277777778, delay:0.36607318454318577, throughput:2182
episode:13/20, real avg travel time:281.11549037580204
intersection:0, mean_episode_reward:-0.38545119762420654, mean_queue:2.055555582046509
intersection:1, mean_episode_reward:-3.5269076824188232, mean_queue:20.627777099609375
intersection:2, mean_episode_reward:-2.8003478050231934, mean_queue:14.31944465637207
intersection:3, mean_episode_reward:-1.5906251668930054, mean_queue:6.838889122009277
intersection:4, mean_episode_reward:-0.48576366901397705, mean_queue:2.816666603088379
intersection:5, mean_episode_reward:-0.2578818202018738, mean_queue:1.6222221851348877
intersection:6, mean_episode_reward:-0.684270977973938, mean_queue:3.905555486679077
intersection:7, mean_episode_reward:-0.43826377391815186, mean_queue:2.308333396911621
intersection:8, mean_episode_reward:-0.40152767300605774, mean_queue:2.1083333492279053
intersection:9, mean_episode_reward:-0.32156234979629517, mean_queue:1.4777777194976807
intersection:10, mean_episode_reward:-0.11652783304452896, mean_queue:0.625
intersection:11, mean_episode_reward:-1.0276739597320557, mean_queue:5.1777777671813965
intersection:12, mean_episode_reward:-3.5052778720855713, mean_queue:19.47222137451172
intersection:13, mean_episode_reward:-2.696632146835327, mean_queue:14.491666793823242
intersection:14, mean_episode_reward:-0.45006924867630005, mean_queue:2.75
intersection:15, mean_episode_reward:-1.1723958253860474, mean_queue:6.422222137451172
step:3600/3600, q_loss:3.1008212989833623, rewards:-26.87468804253472, queue:9.421354166666667, delay:0.40004904005262587, throughput:1958
episode:14/20, real avg travel time:356.1644535240041
intersection:0, mean_episode_reward:-0.5801042914390564, mean_queue:3.1194443702697754
intersection:1, mean_episode_reward:-4.583992004394531, mean_queue:27.475000381469727
intersection:2, mean_episode_reward:-3.457397222518921, mean_queue:18.399999618530273
intersection:3, mean_episode_reward:-1.4594789743423462, mean_queue:6.39722204208374
intersection:4, mean_episode_reward:-0.4700694680213928, mean_queue:2.633333444595337
intersection:5, mean_episode_reward:-0.3848957419395447, mean_queue:2.2527778148651123
intersection:6, mean_episode_reward:-0.7971525192260742, mean_queue:4.5333333015441895
intersection:7, mean_episode_reward:-0.632742702960968, mean_queue:3.2527778148651123
intersection:8, mean_episode_reward:-0.5872917771339417, mean_queue:3.2055554389953613
intersection:9, mean_episode_reward:-0.5290971398353577, mean_queue:2.558333396911621
intersection:10, mean_episode_reward:-0.2104513794183731, mean_queue:1.0527777671813965
intersection:11, mean_episode_reward:-0.841111421585083, mean_queue:3.844444513320923
intersection:12, mean_episode_reward:-6.423889636993408, mean_queue:41.48055648803711
intersection:13, mean_episode_reward:-3.586076259613037, mean_queue:18.858333587646484
intersection:14, mean_episode_reward:-0.3279860317707062, mean_queue:1.869444489479065
intersection:15, mean_episode_reward:-2.002951145172119, mean_queue:9.808333396911621
step:3600/3600, q_loss:2.9976915646824573, rewards:-18.434583875868057, queue:6.2678819444444445, delay:0.3618377685546875, throughput:2195
episode:15/20, real avg travel time:265.50296127562643
intersection:0, mean_episode_reward:-0.4352775514125824, mean_queue:2.1861112117767334
intersection:1, mean_episode_reward:-2.760277271270752, mean_queue:16.683332443237305
intersection:2, mean_episode_reward:-3.641634225845337, mean_queue:18.375
intersection:3, mean_episode_reward:-1.5435421466827393, mean_queue:6.672222137451172
intersection:4, mean_episode_reward:-0.5243404507637024, mean_queue:3.0027778148651123
intersection:5, mean_episode_reward:-0.33072900772094727, mean_queue:1.9583333730697632
intersection:6, mean_episode_reward:-0.4892362356185913, mean_queue:2.7055554389953613
intersection:7, mean_episode_reward:-0.390485942363739, mean_queue:2.019444465637207
intersection:8, mean_episode_reward:-0.5385764837265015, mean_queue:3.0361111164093018
intersection:9, mean_episode_reward:-0.3455902636051178, mean_queue:1.5777777433395386
intersection:10, mean_episode_reward:-0.18753474950790405, mean_queue:0.9666666388511658
intersection:11, mean_episode_reward:-0.706736147403717, mean_queue:3.586111068725586
intersection:12, mean_episode_reward:-2.2770822048187256, mean_queue:13.594444274902344
intersection:13, mean_episode_reward:-2.387291193008423, mean_queue:14.147222518920898
intersection:14, mean_episode_reward:-0.38295140862464905, mean_queue:2.2166666984558105
intersection:15, mean_episode_reward:-1.4932985305786133, mean_queue:7.558333396911621
step:3600/3600, q_loss:3.0036927206317583, rewards:-37.344829644097224, queue:12.937847222222222, delay:0.4040248446994358, throughput:1525
episode:16/20, real avg travel time:327.67737704918034
intersection:0, mean_episode_reward:-0.5134375691413879, mean_queue:2.672222137451172
intersection:1, mean_episode_reward:-4.7567009925842285, mean_queue:28.33333396911621
intersection:2, mean_episode_reward:-5.975972652435303, mean_queue:37.372222900390625
intersection:3, mean_episode_reward:-3.363889217376709, mean_queue:13.941666603088379
intersection:4, mean_episode_reward:-0.8054167628288269, mean_queue:4.816666603088379
intersection:5, mean_episode_reward:-0.6505209803581238, mean_queue:4.06944465637207
intersection:6, mean_episode_reward:-1.3097567558288574, mean_queue:8.288888931274414
intersection:7, mean_episode_reward:-0.5493748784065247, mean_queue:2.950000047683716
intersection:8, mean_episode_reward:-0.5281596779823303, mean_queue:2.930555582046509
intersection:9, mean_episode_reward:-0.4475346803665161, mean_queue:2.1194443702697754
intersection:10, mean_episode_reward:-0.21468745172023773, mean_queue:1.0722222328186035
intersection:11, mean_episode_reward:-2.4128122329711914, mean_queue:10.441666603088379
intersection:12, mean_episode_reward:-5.472673416137695, mean_queue:34.57500076293945
intersection:13, mean_episode_reward:-5.698439598083496, mean_queue:31.766666412353516
intersection:14, mean_episode_reward:-0.6489582657814026, mean_queue:3.549999952316284
intersection:15, mean_episode_reward:-3.9964935779571533, mean_queue:18.10555648803711
step:3600/3600, q_loss:3.160013654275072, rewards:-20.464794921875, queue:6.822743055555556, delay:0.37296218872070314, throughput:2096
episode:17/20, real avg travel time:277.21708015267177
intersection:0, mean_episode_reward:-0.46885377168655396, mean_queue:2.4749999046325684
intersection:1, mean_episode_reward:-2.8094100952148438, mean_queue:16.988889694213867
intersection:2, mean_episode_reward:-4.06531286239624, mean_queue:19.113889694213867
intersection:3, mean_episode_reward:-1.5740978717803955, mean_queue:6.872222423553467
intersection:4, mean_episode_reward:-0.5201736688613892, mean_queue:2.902777671813965
intersection:5, mean_episode_reward:-0.322881817817688, mean_queue:1.9249999523162842
intersection:6, mean_episode_reward:-0.6385070085525513, mean_queue:3.6416666507720947
intersection:7, mean_episode_reward:-0.5489234328269958, mean_queue:3.027777671813965
intersection:8, mean_episode_reward:-0.6388887763023376, mean_queue:3.6083333492279053
intersection:9, mean_episode_reward:-0.386736124753952, mean_queue:1.7416666746139526
intersection:10, mean_episode_reward:-0.161041721701622, mean_queue:0.8527777791023254
intersection:11, mean_episode_reward:-0.8895487189292908, mean_queue:4.411110877990723
intersection:12, mean_episode_reward:-3.263160467147827, mean_queue:18.566667556762695
intersection:13, mean_episode_reward:-2.34767484664917, mean_queue:13.45555591583252
intersection:14, mean_episode_reward:-0.3587847948074341, mean_queue:2.11388897895813
intersection:15, mean_episode_reward:-1.4707987308502197, mean_queue:7.4666666984558105
step:3600/3600, q_loss:3.155832576284806, rewards:-34.00736219618056, queue:11.883159722222222, delay:0.40410647922092013, throughput:1756
episode:18/20, real avg travel time:383.66457858769934
intersection:0, mean_episode_reward:-0.63177090883255, mean_queue:3.200000047683716
intersection:1, mean_episode_reward:-5.213403701782227, mean_queue:30.505556106567383
intersection:2, mean_episode_reward:-6.107917785644531, mean_queue:34.45000076293945
intersection:3, mean_episode_reward:-2.4101386070251465, mean_queue:10.074999809265137
intersection:4, mean_episode_reward:-0.9156942367553711, mean_queue:5.449999809265137
intersection:5, mean_episode_reward:-0.8080556392669678, mean_queue:5.202777862548828
intersection:6, mean_episode_reward:-1.124235987663269, mean_queue:6.875
intersection:7, mean_episode_reward:-0.4767707288265228, mean_queue:2.4777777194976807
intersection:8, mean_episode_reward:-0.5883334875106812, mean_queue:3.191666603088379
intersection:9, mean_episode_reward:-0.4220832288265228, mean_queue:1.961111068725586
intersection:10, mean_episode_reward:-0.19350694119930267, mean_queue:0.9944444298744202
intersection:11, mean_episode_reward:-1.5980212688446045, mean_queue:7.277777671813965
intersection:12, mean_episode_reward:-5.060763835906982, mean_queue:33.90833282470703
intersection:13, mean_episode_reward:-5.01669979095459, mean_queue:27.91666603088379
intersection:14, mean_episode_reward:-0.5693056583404541, mean_queue:3.055555582046509
intersection:15, mean_episode_reward:-2.8706600666046143, mean_queue:13.588889122009277
step:3600/3600, q_loss:3.183240181909667, rewards:-23.749169921875, queue:8.373611111111112, delay:0.38450258043077257, throughput:1962
episode:19/20, real avg travel time:307.4959225280326
intersection:0, mean_episode_reward:-0.4875692129135132, mean_queue:2.469444513320923
intersection:1, mean_episode_reward:-4.196423530578613, mean_queue:25.51388931274414
intersection:2, mean_episode_reward:-3.492222785949707, mean_queue:18.316667556762695
intersection:3, mean_episode_reward:-1.5881246328353882, mean_queue:6.952777862548828
intersection:4, mean_episode_reward:-0.5380554795265198, mean_queue:3.0805554389953613
intersection:5, mean_episode_reward:-0.3695831596851349, mean_queue:2.1666667461395264
intersection:6, mean_episode_reward:-0.6689929366111755, mean_queue:3.922222137451172
intersection:7, mean_episode_reward:-0.5423263311386108, mean_queue:2.76111102104187
intersection:8, mean_episode_reward:-0.6662499904632568, mean_queue:3.508333444595337
intersection:9, mean_episode_reward:-0.4599655270576477, mean_queue:2.1305556297302246
intersection:10, mean_episode_reward:-0.14527784287929535, mean_queue:0.7777777910232544
intersection:11, mean_episode_reward:-1.08836829662323, mean_queue:5.219444274902344
intersection:12, mean_episode_reward:-4.484029293060303, mean_queue:28.755556106567383
intersection:13, mean_episode_reward:-3.1577110290527344, mean_queue:18.136110305786133
intersection:14, mean_episode_reward:-0.39718708395957947, mean_queue:2.280555486679077
intersection:15, mean_episode_reward:-1.4670835733413696, mean_queue:7.986111164093018
Final Travel Time is 343.9718, mean rewards: -26.1663, queue: 8.9274, delay: 0.3825, throughput: 2020
Total time taken: 405.0580358505249
