mplight	TRAIN_VERBOSE	0	202.9	nan	-15.97	5.17	0.35	425
mplight	TRAIN_VERBOSE	0	259.7	nan	-35.79	11.38	0.41	799
mplight	TRAIN_VERBOSE	0	421.2	nan	-55.20	18.14	0.47	1140
mplight	TRAIN_VERBOSE	0	524.9	nan	-77.70	25.57	0.51	1323
mplight	TRAIN	0	524.9	nan	-77.70	25.57	0.51	1323
mplight	TRAIN_VERBOSE	1	215.8	2.8	-18.10	5.88	0.36	398
mplight	TRAIN_VERBOSE	1	341.7	2.8	-36.67	12.24	0.42	847
mplight	TRAIN_VERBOSE	1	467.0	2.9	-56.01	18.65	0.47	1183
mplight	TRAIN_VERBOSE	1	527.5	2.9	-76.54	25.43	0.52	1310
mplight	TRAIN	1	527.5	2.9	-76.54	25.43	0.52	1310
mplight	TRAIN_VERBOSE	2	227.9	3.3	-17.88	5.88	0.36	414
mplight	TRAIN_VERBOSE	2	323.9	3.2	-30.73	10.32	0.41	959
mplight	TRAIN_VERBOSE	2	371.3	3.1	-39.56	13.57	0.44	1354
mplight	TRAIN_VERBOSE	2	402.2	3.1	-62.15	21.08	0.49	1432
mplight	TRAIN	2	402.2	3.1	-62.15	21.08	0.49	1432
mplight	TRAIN_VERBOSE	3	213.4	3.2	-15.92	5.32	0.34	425
mplight	TRAIN_VERBOSE	3	278.0	3.1	-27.56	9.14	0.40	966
mplight	TRAIN_VERBOSE	3	332.7	2.9	-39.40	13.25	0.43	1339
mplight	TRAIN_VERBOSE	3	444.0	2.9	-57.15	19.11	0.47	1646
mplight	TRAIN	3	444.0	2.9	-57.15	19.11	0.47	1646
mplight	TRAIN_VERBOSE	4	194.9	3.1	-17.06	5.57	0.34	397
mplight	TRAIN_VERBOSE	4	316.0	3.0	-30.69	10.19	0.41	937
mplight	TRAIN_VERBOSE	4	381.1	3.0	-39.54	13.25	0.44	1446
mplight	TRAIN_VERBOSE	4	429.3	3.0	-52.69	17.85	0.47	1710
mplight	TRAIN	4	429.3	3.0	-52.69	17.85	0.47	1710
mplight	TRAIN_VERBOSE	5	208.7	3.3	-15.05	5.15	0.33	425
mplight	TRAIN_VERBOSE	5	297.9	3.2	-28.88	9.75	0.40	1002
mplight	TRAIN_VERBOSE	5	352.9	3.2	-38.56	13.10	0.43	1432
mplight	TRAIN_VERBOSE	5	389.2	3.2	-57.32	19.69	0.47	1564
mplight	TRAIN	5	389.2	3.2	-57.32	19.69	0.47	1564
mplight	TRAIN_VERBOSE	6	215.2	3.4	-15.41	5.14	0.34	438
mplight	TRAIN_VERBOSE	6	311.7	3.4	-30.99	10.29	0.40	929
mplight	TRAIN_VERBOSE	6	362.1	3.3	-43.83	15.04	0.44	1219
mplight	TRAIN_VERBOSE	6	433.2	3.3	-66.95	22.70	0.50	1337
mplight	TRAIN	6	433.2	3.3	-66.95	22.70	0.50	1337
mplight	TRAIN_VERBOSE	7	204.5	3.6	-16.93	5.53	0.34	406
mplight	TRAIN_VERBOSE	7	305.2	3.5	-34.12	11.45	0.40	836
mplight	TRAIN_VERBOSE	7	446.3	3.4	-47.97	16.29	0.45	1284
mplight	TRAIN_VERBOSE	7	501.5	3.4	-66.06	22.53	0.49	1440
mplight	TRAIN	7	501.5	3.4	-66.06	22.53	0.49	1440
mplight	TRAIN_VERBOSE	8	214.5	3.7	-16.50	5.48	0.34	434
mplight	TRAIN_VERBOSE	8	278.8	3.8	-27.37	9.30	0.40	965
mplight	TRAIN_VERBOSE	8	367.4	3.9	-37.80	13.02	0.43	1430
mplight	TRAIN_VERBOSE	8	415.9	3.8	-56.21	19.20	0.47	1585
mplight	TRAIN	8	415.9	3.8	-56.21	19.20	0.47	1585
mplight	TRAIN_VERBOSE	9	222.2	3.9	-16.59	5.57	0.35	429
mplight	TRAIN_VERBOSE	9	298.0	3.8	-28.59	9.80	0.40	958
mplight	TRAIN_VERBOSE	9	381.2	3.7	-38.48	13.38	0.43	1398
mplight	TRAIN_VERBOSE	9	432.1	3.8	-57.93	19.85	0.48	1589
mplight	TRAIN	9	432.1	3.8	-57.93	19.85	0.48	1589
mplight	TRAIN_VERBOSE	10	195.9	3.8	-15.70	5.28	0.34	408
mplight	TRAIN_VERBOSE	10	296.7	3.8	-30.22	10.38	0.41	878
mplight	TRAIN_VERBOSE	10	413.0	3.8	-40.90	13.86	0.44	1423
mplight	TRAIN_VERBOSE	10	459.1	3.9	-57.27	19.39	0.48	1674
mplight	TRAIN	10	459.1	3.9	-57.27	19.39	0.48	1674
mplight	TRAIN_VERBOSE	11	210.5	4.3	-15.24	5.22	0.34	404
mplight	TRAIN_VERBOSE	11	281.1	4.3	-28.30	9.95	0.40	877
mplight	TRAIN_VERBOSE	11	398.0	4.2	-38.69	13.60	0.44	1483
mplight	TRAIN_VERBOSE	11	440.7	4.2	-51.29	18.00	0.47	1738
mplight	TRAIN	11	440.7	4.2	-51.29	18.00	0.47	1738
mplight	TRAIN_VERBOSE	12	205.1	4.4	-15.48	5.25	0.34	448
mplight	TRAIN_VERBOSE	12	277.4	4.4	-26.41	8.92	0.38	1019
mplight	TRAIN_VERBOSE	12	347.4	4.4	-43.60	14.72	0.43	1308
mplight	TRAIN_VERBOSE	12	416.5	4.4	-65.72	22.24	0.49	1462
mplight	TRAIN	12	416.5	4.4	-65.72	22.24	0.49	1462
mplight	TRAIN_VERBOSE	13	218.5	4.5	-16.44	5.49	0.34	436
mplight	TRAIN_VERBOSE	13	307.1	4.4	-30.82	10.38	0.40	965
mplight	TRAIN_VERBOSE	13	360.3	4.3	-43.52	14.96	0.44	1326
mplight	TRAIN_VERBOSE	13	443.0	4.3	-63.26	21.48	0.49	1588
mplight	TRAIN	13	443.0	4.3	-63.26	21.48	0.49	1588
mplight	TRAIN_VERBOSE	14	212.0	4.7	-15.32	5.33	0.34	437
mplight	TRAIN_VERBOSE	14	274.6	4.5	-24.93	8.64	0.38	1043
mplight	TRAIN_VERBOSE	14	326.3	4.4	-35.32	12.19	0.42	1471
mplight	TRAIN_VERBOSE	14	378.0	4.4	-53.78	18.51	0.47	1665
mplight	TRAIN	14	378.0	4.4	-53.78	18.51	0.47	1665
mplight	TRAIN_VERBOSE	15	208.0	4.7	-16.25	5.54	0.33	436
mplight	TRAIN_VERBOSE	15	284.7	4.8	-26.17	8.94	0.39	1029
mplight	TRAIN_VERBOSE	15	353.2	4.7	-34.02	11.78	0.43	1547
mplight	TRAIN_VERBOSE	15	407.1	4.7	-39.43	13.77	0.45	2172
mplight	TRAIN	15	407.1	4.7	-39.43	13.77	0.45	2172
mplight	TRAIN_VERBOSE	16	195.8	4.9	-15.91	5.38	0.36	445
mplight	TRAIN_VERBOSE	16	281.1	4.8	-27.56	9.26	0.41	992
mplight	TRAIN_VERBOSE	16	364.6	4.7	-37.33	12.46	0.44	1524
mplight	TRAIN_VERBOSE	16	396.6	4.7	-52.11	17.53	0.48	1775
mplight	TRAIN	16	396.6	4.7	-52.11	17.53	0.48	1775
mplight	TRAIN_VERBOSE	17	212.5	4.6	-16.80	5.64	0.35	429
mplight	TRAIN_VERBOSE	17	273.4	4.6	-26.64	9.07	0.41	994
mplight	TRAIN_VERBOSE	17	334.0	4.5	-36.30	12.50	0.43	1414
mplight	TRAIN_VERBOSE	17	386.0	4.5	-56.71	19.33	0.47	1564
mplight	TRAIN	17	386.0	4.5	-56.71	19.33	0.47	1564
mplight	TRAIN_VERBOSE	18	218.7	4.7	-18.16	5.90	0.34	407
mplight	TRAIN_VERBOSE	18	321.5	4.7	-31.33	10.57	0.41	948
mplight	TRAIN_VERBOSE	18	394.2	4.6	-40.22	13.65	0.43	1437
mplight	TRAIN_VERBOSE	18	461.9	4.6	-51.10	17.40	0.46	1826
mplight	TRAIN	18	461.9	4.6	-51.10	17.40	0.46	1826
mplight	TRAIN_VERBOSE	19	214.7	4.9	-16.24	5.38	0.36	408
mplight	TRAIN_VERBOSE	19	298.8	4.9	-30.33	10.08	0.41	947
mplight	TRAIN_VERBOSE	19	366.3	4.9	-41.64	13.99	0.44	1351
mplight	TRAIN_VERBOSE	19	446.0	4.9	-61.99	20.92	0.49	1516
mplight	TRAIN	19	446.0	4.9	-61.99	20.92	0.49	1516
