mplight	TRAIN_VERBOSE	0	174.3	nan	-17.88	3.60	0.37	440
mplight	TRAIN_VERBOSE	0	225.1	nan	-22.29	5.15	0.40	1062
mplight	TRAIN_VERBOSE	0	241.7	nan	-24.47	5.99	0.41	1663
mplight	TRAIN_VERBOSE	0	253.1	nan	-25.48	6.29	0.42	2324
mplight	TRAIN	0	253.1	nan	-25.48	6.29	0.42	2324
mplight	TRAIN_VERBOSE	1	174.8	1.1	-16.75	3.60	0.34	452
mplight	TRAIN_VERBOSE	1	225.4	1.0	-23.07	5.72	0.38	1031
mplight	TRAIN_VERBOSE	1	253.4	1.0	-24.60	6.44	0.40	1666
mplight	TRAIN_VERBOSE	1	251.5	1.1	-24.74	6.44	0.41	2344
mplight	TRAIN	1	251.5	1.1	-24.74	6.44	0.41	2344
mplight	TRAIN_VERBOSE	2	186.8	2.3	-17.19	3.82	0.37	445
mplight	TRAIN_VERBOSE	2	225.4	2.2	-21.54	5.45	0.41	1067
mplight	TRAIN_VERBOSE	2	225.8	2.1	-21.59	5.43	0.41	1714
mplight	TRAIN_VERBOSE	2	221.3	2.1	-21.19	5.32	0.41	2338
mplight	TRAIN	2	221.3	2.1	-21.19	5.32	0.41	2338
mplight	TRAIN_VERBOSE	3	177.4	2.1	-16.39	3.35	0.35	466
mplight	TRAIN_VERBOSE	3	197.1	2.0	-18.90	4.20	0.37	1124
mplight	TRAIN_VERBOSE	3	203.2	1.9	-19.50	4.43	0.38	1712
mplight	TRAIN_VERBOSE	3	206.9	1.9	-20.13	4.64	0.39	2360
mplight	TRAIN	3	206.9	1.9	-20.13	4.64	0.39	2360
mplight	TRAIN_VERBOSE	4	180.1	1.8	-16.94	3.35	0.36	472
mplight	TRAIN_VERBOSE	4	208.2	1.7	-20.09	4.58	0.38	1089
mplight	TRAIN_VERBOSE	4	210.7	1.7	-20.31	4.65	0.38	1729
mplight	TRAIN_VERBOSE	4	206.7	1.7	-20.01	4.55	0.39	2369
mplight	TRAIN	4	206.7	1.7	-20.01	4.55	0.39	2369
mplight	TRAIN_VERBOSE	5	173.7	1.7	-16.61	3.37	0.32	463
mplight	TRAIN_VERBOSE	5	194.3	1.7	-18.69	4.13	0.36	1098
mplight	TRAIN_VERBOSE	5	203.0	1.7	-19.97	4.60	0.36	1709
mplight	TRAIN_VERBOSE	5	213.9	1.7	-20.79	4.92	0.37	2344
mplight	TRAIN	5	213.9	1.7	-20.79	4.92	0.37	2344
mplight	TRAIN_VERBOSE	6	175.1	1.9	-16.22	3.15	0.33	483
mplight	TRAIN_VERBOSE	6	197.3	1.8	-19.46	4.28	0.37	1090
mplight	TRAIN_VERBOSE	6	206.0	1.8	-19.77	4.42	0.38	1722
mplight	TRAIN_VERBOSE	6	203.9	1.8	-19.55	4.38	0.38	2373
mplight	TRAIN	6	203.9	1.8	-19.55	4.38	0.38	2373
mplight	TRAIN_VERBOSE	7	181.0	1.9	-17.48	3.64	0.35	454
mplight	TRAIN_VERBOSE	7	204.5	1.9	-19.63	4.54	0.37	1091
mplight	TRAIN_VERBOSE	7	207.0	1.9	-19.62	4.54	0.38	1729
mplight	TRAIN_VERBOSE	7	208.1	1.9	-20.09	4.68	0.38	2346
mplight	TRAIN	7	208.1	1.9	-20.09	4.68	0.38	2346
mplight	TRAIN_VERBOSE	8	176.8	1.9	-16.72	3.35	0.33	468
mplight	TRAIN_VERBOSE	8	206.5	1.8	-19.95	4.61	0.36	1096
mplight	TRAIN_VERBOSE	8	211.5	1.8	-20.22	4.69	0.37	1713
mplight	TRAIN_VERBOSE	8	214.5	1.9	-20.86	4.94	0.38	2307
mplight	TRAIN	8	214.5	1.9	-20.86	4.94	0.38	2307
mplight	TRAIN_VERBOSE	9	172.8	2.0	-16.17	3.18	0.32	464
mplight	TRAIN_VERBOSE	9	203.4	1.9	-19.14	4.34	0.35	1097
mplight	TRAIN_VERBOSE	9	206.4	1.9	-19.85	4.60	0.37	1706
mplight	TRAIN_VERBOSE	9	211.8	1.9	-20.42	4.85	0.37	2335
mplight	TRAIN	9	211.8	1.9	-20.42	4.85	0.37	2335
mplight	TRAIN_VERBOSE	10	169.5	1.9	-16.23	3.25	0.33	465
mplight	TRAIN_VERBOSE	10	197.5	1.9	-19.38	4.36	0.38	1090
mplight	TRAIN_VERBOSE	10	206.7	1.9	-19.94	4.54	0.40	1711
mplight	TRAIN_VERBOSE	10	208.5	1.9	-19.97	4.56	0.40	2364
mplight	TRAIN	10	208.5	1.9	-19.97	4.56	0.40	2364
mplight	TRAIN_VERBOSE	11	178.6	2.0	-16.47	3.56	0.34	455
mplight	TRAIN_VERBOSE	11	231.4	1.9	-21.87	5.58	0.40	1038
mplight	TRAIN_VERBOSE	11	240.1	1.8	-22.40	5.75	0.41	1699
mplight	TRAIN_VERBOSE	11	233.5	1.9	-21.98	5.61	0.41	2347
mplight	TRAIN	11	233.5	1.9	-21.98	5.61	0.41	2347
mplight	TRAIN_VERBOSE	12	180.3	1.9	-16.04	3.53	0.34	464
mplight	TRAIN_VERBOSE	12	206.3	1.9	-19.94	4.78	0.38	1086
mplight	TRAIN_VERBOSE	12	221.4	1.9	-20.60	5.09	0.39	1705
mplight	TRAIN_VERBOSE	12	220.2	1.9	-20.65	5.10	0.39	2339
mplight	TRAIN	12	220.2	1.9	-20.65	5.10	0.39	2339
mplight	TRAIN_VERBOSE	13	173.3	1.9	-16.11	3.38	0.33	454
mplight	TRAIN_VERBOSE	13	210.7	1.9	-20.44	4.97	0.37	1060
mplight	TRAIN_VERBOSE	13	229.0	1.9	-21.11	5.28	0.39	1689
mplight	TRAIN_VERBOSE	13	235.4	1.9	-23.89	6.34	0.39	2120
mplight	TRAIN	13	235.4	1.9	-23.89	6.34	0.39	2120
mplight	TRAIN_VERBOSE	14	161.2	2.2	-15.55	2.97	0.32	469
mplight	TRAIN_VERBOSE	14	192.5	2.0	-18.71	4.10	0.35	1107
mplight	TRAIN_VERBOSE	14	198.3	2.0	-19.08	4.35	0.36	1721
mplight	TRAIN_VERBOSE	14	201.3	2.0	-19.34	4.42	0.36	2363
mplight	TRAIN	14	201.3	2.0	-19.34	4.42	0.36	2363
mplight	TRAIN_VERBOSE	15	168.6	2.0	-15.92	3.12	0.30	471
mplight	TRAIN_VERBOSE	15	195.5	2.0	-18.62	4.14	0.34	1108
mplight	TRAIN_VERBOSE	15	204.8	2.0	-19.37	4.41	0.36	1722
mplight	TRAIN_VERBOSE	15	209.8	2.0	-20.21	4.67	0.37	2328
mplight	TRAIN	15	209.8	2.0	-20.21	4.67	0.37	2328
mplight	TRAIN_VERBOSE	16	182.1	2.1	-17.81	3.76	0.37	443
mplight	TRAIN_VERBOSE	16	228.0	2.0	-21.80	5.23	0.41	1073
mplight	TRAIN_VERBOSE	16	229.1	2.0	-21.99	5.26	0.41	1709
mplight	TRAIN_VERBOSE	16	224.9	2.0	-22.10	5.38	0.40	2329
mplight	TRAIN	16	224.9	2.0	-22.10	5.38	0.40	2329
mplight	TRAIN_VERBOSE	17	179.5	2.0	-17.12	3.48	0.35	455
mplight	TRAIN_VERBOSE	17	204.9	1.9	-19.46	4.45	0.37	1104
mplight	TRAIN_VERBOSE	17	205.9	1.9	-19.92	4.59	0.37	1720
mplight	TRAIN_VERBOSE	17	215.7	1.9	-21.02	5.08	0.38	2325
mplight	TRAIN	17	215.7	1.9	-21.02	5.08	0.38	2325
mplight	TRAIN_VERBOSE	18	183.8	2.0	-17.37	3.60	0.32	453
mplight	TRAIN_VERBOSE	18	212.6	2.0	-20.83	4.94	0.36	1080
mplight	TRAIN_VERBOSE	18	220.1	1.9	-21.03	5.04	0.37	1721
mplight	TRAIN_VERBOSE	18	218.0	1.9	-20.93	4.99	0.38	2359
mplight	TRAIN	18	218.0	1.9	-20.93	4.99	0.38	2359
mplight	TRAIN_VERBOSE	19	173.2	1.9	-16.66	3.35	0.34	456
mplight	TRAIN_VERBOSE	19	203.7	1.9	-20.25	4.61	0.38	1071
mplight	TRAIN_VERBOSE	19	216.9	1.9	-21.05	4.96	0.40	1700
mplight	TRAIN_VERBOSE	19	224.3	1.9	-22.01	5.28	0.41	2347
mplight	TRAIN	19	224.3	1.9	-22.01	5.28	0.41	2347
