mplight	TRAIN_VERBOSE	0	177.4	nan	-12.56	4.20	0.35	544
mplight	TRAIN_VERBOSE	0	210.7	nan	-17.16	5.74	0.39	1279
mplight	TRAIN_VERBOSE	0	225.5	nan	-18.77	6.31	0.41	2040
mplight	TRAIN_VERBOSE	0	232.2	nan	-19.84	6.69	0.42	2781
mplight	TRAIN	0	232.2	nan	-19.84	6.69	0.42	2781
mplight	TRAIN_VERBOSE	1	168.6	2.4	-11.21	3.80	0.35	535
mplight	TRAIN_VERBOSE	1	197.9	2.3	-15.40	5.18	0.39	1307
mplight	TRAIN_VERBOSE	1	220.6	2.3	-18.05	6.14	0.41	1956
mplight	TRAIN_VERBOSE	1	263.2	2.3	-24.52	8.49	0.44	2534
mplight	TRAIN	1	263.2	2.3	-24.52	8.49	0.44	2534
mplight	TRAIN_VERBOSE	2	173.8	2.6	-11.42	3.83	0.35	542
mplight	TRAIN_VERBOSE	2	227.3	2.6	-19.60	6.61	0.42	1204
mplight	TRAIN_VERBOSE	2	263.2	2.5	-24.01	8.15	0.43	1946
mplight	TRAIN_VERBOSE	2	282.3	2.6	-25.55	8.77	0.45	2719
mplight	TRAIN	2	282.3	2.6	-25.55	8.77	0.45	2719
mplight	TRAIN_VERBOSE	3	168.9	2.8	-11.32	3.84	0.34	538
mplight	TRAIN_VERBOSE	3	202.7	2.8	-15.57	5.37	0.39	1279
mplight	TRAIN_VERBOSE	3	221.7	2.8	-17.75	6.10	0.41	2045
mplight	TRAIN_VERBOSE	3	226.5	2.7	-18.70	6.43	0.41	2783
mplight	TRAIN	3	226.5	2.7	-18.70	6.43	0.41	2783
mplight	TRAIN_VERBOSE	4	173.8	2.7	-10.76	3.68	0.35	556
mplight	TRAIN_VERBOSE	4	201.4	2.6	-15.27	5.32	0.38	1289
mplight	TRAIN_VERBOSE	4	219.4	2.5	-16.98	5.95	0.40	2018
mplight	TRAIN_VERBOSE	4	235.3	2.5	-19.41	6.80	0.42	2753
mplight	TRAIN	4	235.3	2.5	-19.41	6.80	0.42	2753
mplight	TRAIN_VERBOSE	5	165.7	2.5	-10.77	3.69	0.35	550
mplight	TRAIN_VERBOSE	5	200.2	2.5	-15.99	5.40	0.39	1292
mplight	TRAIN_VERBOSE	5	219.9	2.4	-18.05	6.18	0.41	1969
mplight	TRAIN_VERBOSE	5	238.3	2.4	-20.42	7.01	0.43	2736
mplight	TRAIN	5	238.3	2.4	-20.42	7.01	0.43	2736
mplight	TRAIN_VERBOSE	6	177.6	2.5	-11.51	3.95	0.35	546
mplight	TRAIN_VERBOSE	6	211.2	2.5	-16.11	5.61	0.41	1276
mplight	TRAIN_VERBOSE	6	229.4	2.5	-18.19	6.37	0.42	2034
mplight	TRAIN_VERBOSE	6	237.6	2.5	-19.61	6.87	0.42	2754
mplight	TRAIN	6	237.6	2.5	-19.61	6.87	0.42	2754
mplight	TRAIN_VERBOSE	7	167.7	2.5	-10.63	3.70	0.33	551
mplight	TRAIN_VERBOSE	7	197.0	2.5	-14.80	5.09	0.38	1316
mplight	TRAIN_VERBOSE	7	206.7	2.4	-16.05	5.54	0.39	2048
mplight	TRAIN_VERBOSE	7	217.5	2.4	-17.33	5.95	0.41	2811
mplight	TRAIN	7	217.5	2.4	-17.33	5.95	0.41	2811
mplight	TRAIN_VERBOSE	8	170.3	2.4	-10.37	3.60	0.35	548
mplight	TRAIN_VERBOSE	8	199.7	2.3	-15.74	5.37	0.39	1278
mplight	TRAIN_VERBOSE	8	218.8	2.3	-17.53	5.98	0.41	2013
mplight	TRAIN_VERBOSE	8	228.0	2.3	-18.30	6.27	0.42	2757
mplight	TRAIN	8	228.0	2.3	-18.30	6.27	0.42	2757
mplight	TRAIN_VERBOSE	9	175.9	2.3	-11.40	3.92	0.35	545
mplight	TRAIN_VERBOSE	9	202.9	2.3	-15.46	5.34	0.39	1298
mplight	TRAIN_VERBOSE	9	218.6	2.3	-17.52	6.10	0.40	1995
mplight	TRAIN_VERBOSE	9	232.6	2.3	-18.83	6.57	0.41	2790
mplight	TRAIN	9	232.6	2.3	-18.83	6.57	0.41	2790
mplight	TRAIN_VERBOSE	10	177.0	2.6	-10.90	3.73	0.35	549
mplight	TRAIN_VERBOSE	10	202.2	2.6	-14.48	5.05	0.39	1307
mplight	TRAIN_VERBOSE	10	211.4	2.5	-15.64	5.47	0.40	2048
mplight	TRAIN_VERBOSE	10	222.9	2.5	-17.59	6.14	0.42	2783
mplight	TRAIN	10	222.9	2.5	-17.59	6.14	0.42	2783
mplight	TRAIN_VERBOSE	11	166.7	2.5	-10.13	3.53	0.34	567
mplight	TRAIN_VERBOSE	11	197.0	2.4	-15.03	5.17	0.38	1281
mplight	TRAIN_VERBOSE	11	214.1	2.4	-16.79	5.76	0.40	2035
mplight	TRAIN_VERBOSE	11	224.0	2.4	-18.25	6.32	0.41	2753
mplight	TRAIN	11	224.0	2.4	-18.25	6.32	0.41	2753
mplight	TRAIN_VERBOSE	12	171.4	2.5	-10.55	3.65	0.35	542
mplight	TRAIN_VERBOSE	12	202.6	2.5	-14.74	5.08	0.39	1303
mplight	TRAIN_VERBOSE	12	212.3	2.5	-15.83	5.50	0.41	2039
mplight	TRAIN_VERBOSE	12	219.4	2.5	-16.91	5.87	0.42	2795
mplight	TRAIN	12	219.4	2.5	-16.91	5.87	0.42	2795
mplight	TRAIN_VERBOSE	13	165.0	2.9	-10.05	3.47	0.35	567
mplight	TRAIN_VERBOSE	13	200.7	2.8	-14.77	5.19	0.39	1301
mplight	TRAIN_VERBOSE	13	211.4	2.7	-15.99	5.61	0.41	2043
mplight	TRAIN_VERBOSE	13	222.3	2.7	-17.37	6.12	0.42	2786
mplight	TRAIN	13	222.3	2.7	-17.37	6.12	0.42	2786
mplight	TRAIN_VERBOSE	14	182.4	2.6	-11.77	4.08	0.34	529
mplight	TRAIN_VERBOSE	14	215.4	2.6	-15.95	5.57	0.39	1286
mplight	TRAIN_VERBOSE	14	224.8	2.6	-18.18	6.38	0.41	2018
mplight	TRAIN_VERBOSE	14	236.2	2.6	-19.13	6.75	0.42	2767
mplight	TRAIN	14	236.2	2.6	-19.13	6.75	0.42	2767
mplight	TRAIN_VERBOSE	15	179.5	2.8	-11.55	4.03	0.35	554
mplight	TRAIN_VERBOSE	15	199.5	2.7	-14.62	5.04	0.39	1306
mplight	TRAIN_VERBOSE	15	207.1	2.7	-15.67	5.43	0.40	2060
mplight	TRAIN_VERBOSE	15	215.3	2.7	-16.80	5.84	0.41	2787
mplight	TRAIN	15	215.3	2.7	-16.80	5.84	0.41	2787
mplight	TRAIN_VERBOSE	16	180.0	2.9	-11.27	3.97	0.34	531
mplight	TRAIN_VERBOSE	16	209.9	2.9	-15.88	5.48	0.39	1287
mplight	TRAIN_VERBOSE	16	252.2	2.8	-22.55	7.99	0.43	1875
mplight	TRAIN_VERBOSE	16	285.3	2.8	-25.13	8.92	0.44	2729
mplight	TRAIN	16	285.3	2.8	-25.13	8.92	0.44	2729
mplight	TRAIN_VERBOSE	17	182.2	3.2	-11.35	3.95	0.35	555
mplight	TRAIN_VERBOSE	17	201.5	3.1	-14.84	5.15	0.39	1303
mplight	TRAIN_VERBOSE	17	216.2	3.1	-16.72	5.84	0.40	2024
mplight	TRAIN_VERBOSE	17	226.7	3.1	-18.40	6.41	0.41	2778
mplight	TRAIN	17	226.7	3.1	-18.40	6.41	0.41	2778
mplight	TRAIN_VERBOSE	18	176.1	3.2	-11.07	3.83	0.34	567
mplight	TRAIN_VERBOSE	18	193.8	3.2	-14.16	4.87	0.38	1323
mplight	TRAIN_VERBOSE	18	200.1	3.1	-15.18	5.21	0.39	2042
mplight	TRAIN_VERBOSE	18	212.3	3.1	-16.80	5.81	0.41	2778
mplight	TRAIN	18	212.3	3.1	-16.80	5.81	0.41	2778
mplight	TRAIN_VERBOSE	19	169.0	3.0	-10.07	3.57	0.34	565
mplight	TRAIN_VERBOSE	19	190.9	2.9	-13.56	4.71	0.38	1286
mplight	TRAIN_VERBOSE	19	208.0	2.9	-15.86	5.48	0.40	2026
mplight	TRAIN_VERBOSE	19	220.0	2.9	-18.31	6.24	0.41	2776
mplight	TRAIN	19	220.0	2.9	-18.31	6.24	0.41	2776
