mplight	TRAIN_VERBOSE	0	201.5	nan	-16.99	5.41	0.40	580
mplight	TRAIN_VERBOSE	0	226.0	nan	-22.07	6.88	0.43	1356
mplight	TRAIN_VERBOSE	0	242.4	nan	-24.23	7.44	0.45	2082
mplight	TRAIN_VERBOSE	0	258.5	nan	-26.89	8.16	0.45	2812
mplight	TRAIN	0	258.5	nan	-26.89	8.16	0.45	2812
mplight	TRAIN_VERBOSE	1	198.0	3.1	-15.47	4.81	0.39	601
mplight	TRAIN_VERBOSE	1	221.5	3.1	-19.68	6.19	0.43	1372
mplight	TRAIN_VERBOSE	1	227.7	3.1	-20.80	6.57	0.44	2137
mplight	TRAIN_VERBOSE	1	239.3	3.1	-21.94	6.98	0.44	2856
mplight	TRAIN	1	239.3	3.1	-21.94	6.98	0.44	2856
mplight	TRAIN_VERBOSE	2	196.5	3.0	-14.99	4.74	0.38	604
mplight	TRAIN_VERBOSE	2	214.3	3.0	-19.27	6.11	0.42	1415
mplight	TRAIN_VERBOSE	2	218.7	3.0	-20.22	6.36	0.43	2174
mplight	TRAIN_VERBOSE	2	228.8	3.0	-21.88	6.79	0.44	2983
mplight	TRAIN	2	228.8	3.0	-21.88	6.79	0.44	2983
mplight	TRAIN_VERBOSE	3	199.9	2.8	-16.30	5.09	0.41	590
mplight	TRAIN_VERBOSE	3	222.5	2.8	-20.72	6.45	0.44	1384
mplight	TRAIN_VERBOSE	3	231.6	2.9	-22.09	6.87	0.45	2150
mplight	TRAIN_VERBOSE	3	233.0	2.9	-22.64	7.04	0.46	3007
mplight	TRAIN	3	233.0	2.9	-22.64	7.04	0.46	3007
mplight	TRAIN_VERBOSE	4	190.5	3.0	-14.94	4.66	0.38	599
mplight	TRAIN_VERBOSE	4	221.3	3.0	-19.89	6.22	0.42	1337
mplight	TRAIN_VERBOSE	4	227.8	3.0	-21.31	6.59	0.43	2133
mplight	TRAIN_VERBOSE	4	230.9	3.0	-21.90	6.80	0.44	2957
mplight	TRAIN	4	230.9	3.0	-21.90	6.80	0.44	2957
mplight	TRAIN_VERBOSE	5	191.5	3.0	-14.99	4.76	0.39	616
mplight	TRAIN_VERBOSE	5	219.7	3.0	-19.29	6.11	0.44	1386
mplight	TRAIN_VERBOSE	5	227.6	3.0	-20.72	6.53	0.44	2151
mplight	TRAIN_VERBOSE	5	229.0	3.0	-21.22	6.65	0.45	2971
mplight	TRAIN	5	229.0	3.0	-21.22	6.65	0.45	2971
mplight	TRAIN_VERBOSE	6	188.9	3.1	-15.27	4.77	0.39	617
mplight	TRAIN_VERBOSE	6	210.7	3.0	-19.71	6.13	0.43	1390
mplight	TRAIN_VERBOSE	6	222.8	3.0	-20.76	6.43	0.43	2153
mplight	TRAIN_VERBOSE	6	228.9	3.0	-21.60	6.68	0.44	3006
mplight	TRAIN	6	228.9	3.0	-21.60	6.68	0.44	3006
mplight	TRAIN_VERBOSE	7	186.5	3.1	-14.30	4.61	0.38	610
mplight	TRAIN_VERBOSE	7	205.0	3.0	-17.37	5.55	0.42	1405
mplight	TRAIN_VERBOSE	7	210.9	3.0	-18.23	5.78	0.42	2159
mplight	TRAIN_VERBOSE	7	216.7	3.0	-19.51	6.16	0.43	2974
mplight	TRAIN	7	216.7	3.0	-19.51	6.16	0.43	2974
mplight	TRAIN_VERBOSE	8	193.7	2.8	-15.52	4.86	0.40	609
mplight	TRAIN_VERBOSE	8	210.6	2.8	-19.21	6.00	0.43	1427
mplight	TRAIN_VERBOSE	8	214.4	2.8	-19.01	5.96	0.43	2212
mplight	TRAIN_VERBOSE	8	215.5	2.8	-19.79	6.22	0.43	3023
mplight	TRAIN	8	215.5	2.8	-19.79	6.22	0.43	3023
mplight	TRAIN_VERBOSE	9	183.8	2.7	-13.63	4.38	0.38	630
mplight	TRAIN_VERBOSE	9	206.0	2.7	-17.92	5.66	0.42	1407
mplight	TRAIN_VERBOSE	9	218.4	2.7	-19.32	6.07	0.42	2148
mplight	TRAIN_VERBOSE	9	222.1	2.6	-19.83	6.22	0.43	2918
mplight	TRAIN	9	222.1	2.6	-19.83	6.22	0.43	2918
mplight	TRAIN_VERBOSE	10	192.6	2.5	-16.04	5.00	0.39	627
mplight	TRAIN_VERBOSE	10	217.1	2.5	-19.27	6.07	0.42	1399
mplight	TRAIN_VERBOSE	10	220.0	2.5	-19.81	6.24	0.43	2188
mplight	TRAIN_VERBOSE	10	224.0	2.5	-21.15	6.61	0.44	2999
mplight	TRAIN	10	224.0	2.5	-21.15	6.61	0.44	2999
mplight	TRAIN_VERBOSE	11	181.4	2.6	-14.54	4.55	0.38	613
mplight	TRAIN_VERBOSE	11	212.0	2.6	-19.08	6.00	0.43	1445
mplight	TRAIN_VERBOSE	11	215.0	2.6	-19.31	6.10	0.43	2210
mplight	TRAIN_VERBOSE	11	223.1	2.7	-21.43	6.76	0.44	3031
mplight	TRAIN	11	223.1	2.7	-21.43	6.76	0.44	3031
mplight	TRAIN_VERBOSE	12	192.0	2.8	-14.61	4.64	0.39	618
mplight	TRAIN_VERBOSE	12	209.0	2.8	-18.42	5.81	0.42	1418
mplight	TRAIN_VERBOSE	12	217.3	2.7	-19.91	6.26	0.42	2192
mplight	TRAIN_VERBOSE	12	221.9	2.8	-20.67	6.48	0.43	2997
mplight	TRAIN	12	221.9	2.8	-20.67	6.48	0.43	2997
mplight	TRAIN_VERBOSE	13	198.4	2.8	-15.15	4.85	0.40	589
mplight	TRAIN_VERBOSE	13	212.6	2.8	-18.59	5.87	0.43	1429
mplight	TRAIN_VERBOSE	13	216.6	2.8	-19.07	6.02	0.44	2190
mplight	TRAIN_VERBOSE	13	222.9	2.8	-20.43	6.44	0.44	2992
mplight	TRAIN	13	222.9	2.8	-20.43	6.44	0.44	2992
mplight	TRAIN_VERBOSE	14	184.3	2.7	-14.47	4.56	0.39	621
mplight	TRAIN_VERBOSE	14	204.1	2.7	-17.96	5.69	0.42	1427
mplight	TRAIN_VERBOSE	14	208.5	2.7	-18.40	5.83	0.42	2233
mplight	TRAIN_VERBOSE	14	213.2	2.7	-19.61	6.18	0.43	3064
mplight	TRAIN	14	213.2	2.7	-19.61	6.18	0.43	3064
mplight	TRAIN_VERBOSE	15	180.2	2.8	-13.74	4.34	0.39	631
mplight	TRAIN_VERBOSE	15	204.6	2.7	-17.90	5.58	0.42	1427
mplight	TRAIN_VERBOSE	15	208.8	2.7	-18.50	5.78	0.43	2187
mplight	TRAIN_VERBOSE	15	215.0	2.6	-19.65	6.11	0.43	2978
mplight	TRAIN	15	215.0	2.6	-19.65	6.11	0.43	2978
mplight	TRAIN_VERBOSE	16	196.0	2.6	-15.53	4.88	0.39	588
mplight	TRAIN_VERBOSE	16	212.1	2.6	-19.03	5.93	0.42	1417
mplight	TRAIN_VERBOSE	16	214.5	2.6	-19.67	6.12	0.43	2223
mplight	TRAIN_VERBOSE	16	219.9	2.6	-20.86	6.45	0.43	3030
mplight	TRAIN	16	219.9	2.6	-20.86	6.45	0.43	3030
mplight	TRAIN_VERBOSE	17	203.4	2.5	-16.74	5.28	0.40	609
mplight	TRAIN_VERBOSE	17	218.7	2.5	-19.70	6.16	0.43	1421
mplight	TRAIN_VERBOSE	17	219.3	2.5	-19.68	6.16	0.43	2193
mplight	TRAIN_VERBOSE	17	219.0	2.5	-20.57	6.42	0.44	3024
mplight	TRAIN	17	219.0	2.5	-20.57	6.42	0.44	3024
mplight	TRAIN_VERBOSE	18	186.6	2.5	-14.50	4.54	0.38	615
mplight	TRAIN_VERBOSE	18	202.5	2.4	-17.66	5.47	0.41	1393
mplight	TRAIN_VERBOSE	18	210.0	2.4	-18.44	5.73	0.42	2153
mplight	TRAIN_VERBOSE	18	218.5	2.4	-20.21	6.24	0.43	2979
mplight	TRAIN	18	218.5	2.4	-20.21	6.24	0.43	2979
mplight	TRAIN_VERBOSE	19	193.9	2.4	-15.77	4.97	0.38	626
mplight	TRAIN_VERBOSE	19	211.5	2.3	-18.49	5.80	0.42	1400
mplight	TRAIN_VERBOSE	19	211.0	2.3	-18.32	5.73	0.42	2159
mplight	TRAIN_VERBOSE	19	216.2	2.3	-19.36	6.05	0.43	2957
mplight	TRAIN	19	216.2	2.3	-19.36	6.05	0.43	2957
