mplight	TRAIN_VERBOSE	0	157.4	nan	-6.16	2.04	0.27	391
mplight	TRAIN_VERBOSE	0	163.3	nan	-6.94	2.35	0.29	910
mplight	TRAIN_VERBOSE	0	169.4	nan	-7.63	2.57	0.31	1388
mplight	TRAIN_VERBOSE	0	172.2	nan	-7.78	2.60	0.31	1909
mplight	TRAIN	0	172.2	nan	-7.78	2.60	0.31	1909
mplight	TRAIN_VERBOSE	1	151.5	1.0	-5.85	1.98	0.27	389
mplight	TRAIN_VERBOSE	1	159.4	1.0	-6.71	2.28	0.29	893
mplight	TRAIN_VERBOSE	1	166.6	1.0	-7.09	2.42	0.30	1399
mplight	TRAIN_VERBOSE	1	165.1	0.9	-7.11	2.42	0.30	1897
mplight	TRAIN	1	165.1	0.9	-7.11	2.42	0.30	1897
mplight	TRAIN_VERBOSE	2	157.2	0.9	-6.41	2.15	0.29	370
mplight	TRAIN_VERBOSE	2	177.8	0.9	-8.09	2.70	0.32	905
mplight	TRAIN_VERBOSE	2	175.5	0.9	-7.93	2.67	0.32	1401
mplight	TRAIN_VERBOSE	2	174.3	0.9	-7.93	2.67	0.32	1894
mplight	TRAIN	2	174.3	0.9	-7.93	2.67	0.32	1894
mplight	TRAIN_VERBOSE	3	148.9	0.9	-5.65	1.93	0.27	392
mplight	TRAIN_VERBOSE	3	161.8	0.9	-6.78	2.33	0.29	907
mplight	TRAIN_VERBOSE	3	165.8	0.8	-7.11	2.43	0.30	1397
mplight	TRAIN_VERBOSE	3	167.5	0.8	-7.24	2.47	0.30	1900
mplight	TRAIN	3	167.5	0.8	-7.24	2.47	0.30	1900
mplight	TRAIN_VERBOSE	4	154.3	0.9	-5.52	1.91	0.27	390
mplight	TRAIN_VERBOSE	4	163.2	0.9	-6.69	2.29	0.29	911
mplight	TRAIN_VERBOSE	4	163.5	0.9	-6.85	2.34	0.30	1402
mplight	TRAIN_VERBOSE	4	168.5	0.9	-7.27	2.48	0.30	1900
mplight	TRAIN	4	168.5	0.9	-7.27	2.48	0.30	1900
mplight	TRAIN_VERBOSE	5	148.4	0.8	-5.37	1.85	0.27	391
mplight	TRAIN_VERBOSE	5	161.9	0.8	-6.90	2.35	0.30	906
mplight	TRAIN_VERBOSE	5	166.6	0.8	-7.12	2.43	0.30	1405
mplight	TRAIN_VERBOSE	5	167.3	0.8	-7.22	2.46	0.30	1897
mplight	TRAIN	5	167.3	0.8	-7.22	2.46	0.30	1897
mplight	TRAIN_VERBOSE	6	149.3	0.8	-5.28	1.83	0.26	390
mplight	TRAIN_VERBOSE	6	165.7	0.8	-6.83	2.38	0.29	907
mplight	TRAIN_VERBOSE	6	167.4	0.8	-7.03	2.44	0.29	1395
mplight	TRAIN_VERBOSE	6	164.4	0.8	-6.94	2.39	0.29	1920
mplight	TRAIN	6	164.4	0.8	-6.94	2.39	0.29	1920
mplight	TRAIN_VERBOSE	7	153.3	0.8	-5.53	1.92	0.28	391
mplight	TRAIN_VERBOSE	7	164.2	0.8	-6.87	2.36	0.30	908
mplight	TRAIN_VERBOSE	7	167.5	0.8	-7.14	2.44	0.30	1406
mplight	TRAIN_VERBOSE	7	168.8	0.8	-7.32	2.50	0.31	1906
mplight	TRAIN	7	168.8	0.8	-7.32	2.50	0.31	1906
mplight	TRAIN_VERBOSE	8	142.6	0.8	-5.26	1.81	0.26	383
mplight	TRAIN_VERBOSE	8	168.3	0.8	-7.12	2.43	0.30	906
mplight	TRAIN_VERBOSE	8	172.6	0.8	-7.49	2.55	0.30	1402
mplight	TRAIN_VERBOSE	8	176.7	0.8	-8.02	2.73	0.31	1899
mplight	TRAIN	8	176.7	0.8	-8.02	2.73	0.31	1899
mplight	TRAIN_VERBOSE	9	152.6	0.8	-5.51	1.89	0.26	401
mplight	TRAIN_VERBOSE	9	158.4	0.9	-6.34	2.18	0.29	911
mplight	TRAIN_VERBOSE	9	161.1	0.9	-6.57	2.27	0.29	1406
mplight	TRAIN_VERBOSE	9	159.5	0.8	-6.61	2.28	0.29	1911
mplight	TRAIN	9	159.5	0.8	-6.61	2.28	0.29	1911
mplight	TRAIN_VERBOSE	10	136.7	0.8	-4.83	1.69	0.24	399
mplight	TRAIN_VERBOSE	10	149.5	0.8	-5.99	2.08	0.27	915
mplight	TRAIN_VERBOSE	10	155.9	0.8	-6.45	2.22	0.28	1395
mplight	TRAIN_VERBOSE	10	157.4	0.8	-6.58	2.26	0.29	1915
mplight	TRAIN	10	157.4	0.8	-6.58	2.26	0.29	1915
mplight	TRAIN_VERBOSE	11	149.9	0.8	-5.78	1.98	0.27	387
mplight	TRAIN_VERBOSE	11	158.6	0.7	-6.50	2.22	0.30	913
mplight	TRAIN_VERBOSE	11	160.8	0.7	-6.56	2.25	0.30	1399
mplight	TRAIN_VERBOSE	11	163.1	0.7	-6.80	2.33	0.30	1907
mplight	TRAIN	11	163.1	0.7	-6.80	2.33	0.30	1907
mplight	TRAIN_VERBOSE	12	150.8	0.8	-5.47	1.89	0.27	384
mplight	TRAIN_VERBOSE	12	163.4	0.8	-6.63	2.30	0.29	910
mplight	TRAIN_VERBOSE	12	165.3	0.7	-6.88	2.39	0.29	1404
mplight	TRAIN_VERBOSE	12	168.0	0.7	-7.12	2.46	0.30	1906
mplight	TRAIN	12	168.0	0.7	-7.12	2.46	0.30	1906
mplight	TRAIN_VERBOSE	13	139.5	0.7	-4.76	1.65	0.25	392
mplight	TRAIN_VERBOSE	13	152.4	0.7	-6.00	2.08	0.28	909
mplight	TRAIN_VERBOSE	13	159.8	0.7	-6.65	2.31	0.29	1394
mplight	TRAIN_VERBOSE	13	160.9	0.7	-6.72	2.32	0.29	1919
mplight	TRAIN	13	160.9	0.7	-6.72	2.32	0.29	1919
mplight	TRAIN_VERBOSE	14	145.5	0.7	-5.12	1.79	0.26	394
mplight	TRAIN_VERBOSE	14	155.5	0.6	-6.19	2.17	0.28	907
mplight	TRAIN_VERBOSE	14	161.1	0.6	-6.54	2.29	0.29	1400
mplight	TRAIN_VERBOSE	14	164.2	0.6	-6.77	2.37	0.29	1909
mplight	TRAIN	14	164.2	0.6	-6.77	2.37	0.29	1909
mplight	TRAIN_VERBOSE	15	141.9	0.7	-5.00	1.75	0.26	385
mplight	TRAIN_VERBOSE	15	162.5	0.6	-6.68	2.33	0.29	906
mplight	TRAIN_VERBOSE	15	165.0	0.6	-6.86	2.38	0.30	1399
mplight	TRAIN_VERBOSE	15	164.2	0.6	-6.89	2.40	0.30	1904
mplight	TRAIN	15	164.2	0.6	-6.89	2.40	0.30	1904
mplight	TRAIN_VERBOSE	16	141.8	0.6	-5.04	1.76	0.26	396
mplight	TRAIN_VERBOSE	16	152.8	0.6	-6.09	2.12	0.29	912
mplight	TRAIN_VERBOSE	16	157.7	0.6	-6.48	2.26	0.29	1389
mplight	TRAIN_VERBOSE	16	162.1	0.6	-6.78	2.37	0.30	1915
mplight	TRAIN	16	162.1	0.6	-6.78	2.37	0.30	1915
mplight	TRAIN_VERBOSE	17	145.5	0.5	-5.16	1.82	0.27	389
mplight	TRAIN_VERBOSE	17	157.7	0.5	-6.28	2.17	0.29	911
mplight	TRAIN_VERBOSE	17	159.1	0.5	-6.54	2.28	0.29	1398
mplight	TRAIN_VERBOSE	17	158.7	0.5	-6.65	2.30	0.30	1912
mplight	TRAIN	17	158.7	0.5	-6.65	2.30	0.30	1912
mplight	TRAIN_VERBOSE	18	151.1	0.6	-5.63	1.96	0.28	388
mplight	TRAIN_VERBOSE	18	159.6	0.5	-6.60	2.32	0.29	905
mplight	TRAIN_VERBOSE	18	165.4	0.5	-7.05	2.46	0.30	1398
mplight	TRAIN_VERBOSE	18	167.8	0.5	-7.21	2.51	0.31	1897
mplight	TRAIN	18	167.8	0.5	-7.21	2.51	0.31	1897
mplight	TRAIN_VERBOSE	19	138.9	0.6	-4.72	1.63	0.27	390
mplight	TRAIN_VERBOSE	19	155.2	0.6	-6.08	2.12	0.29	908
mplight	TRAIN_VERBOSE	19	161.4	0.6	-6.50	2.27	0.30	1395
mplight	TRAIN_VERBOSE	19	160.6	0.6	-6.61	2.31	0.30	1899
mplight	TRAIN	19	160.6	0.6	-6.61	2.31	0.30	1899
