step:3600/3600, q_loss:nan, rewards:-77.70461154513889, queue:25.572569444444444, delay:0.514316897922092, throughput:1323
episode:0/20, real avg travel time:524.8518518518518
intersection:0, mean_episode_reward:-1.9486103057861328, mean_queue:10.422222137451172
intersection:1, mean_episode_reward:-5.497848033905029, mean_queue:32.84166717529297
intersection:2, mean_episode_reward:-10.588400840759277, mean_queue:60.863887786865234
intersection:3, mean_episode_reward:-8.138052940368652, mean_queue:34.17499923706055
intersection:4, mean_episode_reward:-2.4436118602752686, mean_queue:13.916666984558105
intersection:5, mean_episode_reward:-0.5729166865348816, mean_queue:3.305555582046509
intersection:6, mean_episode_reward:-2.2576050758361816, mean_queue:12.497221946716309
intersection:7, mean_episode_reward:-3.146700620651245, mean_queue:18.655555725097656
intersection:8, mean_episode_reward:-2.8916656970977783, mean_queue:17.947221755981445
intersection:9, mean_episode_reward:-2.300659418106079, mean_queue:12.502778053283691
intersection:10, mean_episode_reward:-0.130104199051857, mean_queue:0.7055555582046509
intersection:11, mean_episode_reward:-5.28125, mean_queue:23.113889694213867
intersection:12, mean_episode_reward:-9.930068969726562, mean_queue:59.011112213134766
intersection:13, mean_episode_reward:-10.25090217590332, mean_queue:52.90277862548828
intersection:14, mean_episode_reward:-2.832568645477295, mean_queue:13.922222137451172
intersection:15, mean_episode_reward:-9.493646621704102, mean_queue:42.377777099609375
step:3600/3600, q_loss:2.8773900301489563, rewards:-76.53940972222222, queue:25.43125, delay:0.5158910539415148, throughput:1310
episode:1/20, real avg travel time:527.5473282442748
intersection:0, mean_episode_reward:-1.301666259765625, mean_queue:7.633333206176758
intersection:1, mean_episode_reward:-5.521735191345215, mean_queue:33.905555725097656
intersection:2, mean_episode_reward:-10.311942100524902, mean_queue:57.77777862548828
intersection:3, mean_episode_reward:-6.177639484405518, mean_queue:26.34166717529297
intersection:4, mean_episode_reward:-2.0898609161376953, mean_queue:11.73611068725586
intersection:5, mean_episode_reward:-1.8930548429489136, mean_queue:11.800000190734863
intersection:6, mean_episode_reward:-4.020521640777588, mean_queue:25.122222900390625
intersection:7, mean_episode_reward:-1.6309376955032349, mean_queue:9.541666984558105
intersection:8, mean_episode_reward:-2.848055601119995, mean_queue:17.244443893432617
intersection:9, mean_episode_reward:-1.1288543939590454, mean_queue:5.577777862548828
intersection:10, mean_episode_reward:-0.15000008046627045, mean_queue:0.7805555462837219
intersection:11, mean_episode_reward:-6.478019714355469, mean_queue:28.872222900390625
intersection:12, mean_episode_reward:-9.652188301086426, mean_queue:56.161109924316406
intersection:13, mean_episode_reward:-9.439446449279785, mean_queue:49.477779388427734
intersection:14, mean_episode_reward:-5.625104904174805, mean_queue:26.938888549804688
intersection:15, mean_episode_reward:-8.270381927490234, mean_queue:37.988887786865234
step:3600/3600, q_loss:3.0688223492801185, rewards:-62.145274522569444, queue:21.083333333333332, delay:0.4871180640326606, throughput:1432
episode:2/20, real avg travel time:402.2004189944134
intersection:0, mean_episode_reward:-1.0231250524520874, mean_queue:5.6583333015441895
intersection:1, mean_episode_reward:-6.876492023468018, mean_queue:41.95833206176758
intersection:2, mean_episode_reward:-8.243820190429688, mean_queue:48.70277786254883
intersection:3, mean_episode_reward:-5.154894828796387, mean_queue:21.672222137451172
intersection:4, mean_episode_reward:-0.976944625377655, mean_queue:5.60277795791626
intersection:5, mean_episode_reward:-0.8515626788139343, mean_queue:5.338889122009277
intersection:6, mean_episode_reward:-1.9714932441711426, mean_queue:12.583333015441895
intersection:7, mean_episode_reward:-1.4799997806549072, mean_queue:8.030555725097656
intersection:8, mean_episode_reward:-2.1636459827423096, mean_queue:13.94444465637207
intersection:9, mean_episode_reward:-1.0617706775665283, mean_queue:5.383333206176758
intersection:10, mean_episode_reward:-0.14309029281139374, mean_queue:0.7416666746139526
intersection:11, mean_episode_reward:-4.737950801849365, mean_queue:20.11111068725586
intersection:12, mean_episode_reward:-10.099061965942383, mean_queue:62.21666717529297
intersection:13, mean_episode_reward:-9.10969066619873, mean_queue:47.55555725097656
intersection:14, mean_episode_reward:-3.03288197517395, mean_queue:14.311111450195312
intersection:15, mean_episode_reward:-5.2188520431518555, mean_queue:23.5222225189209
step:3600/3600, q_loss:2.917784632715914, rewards:-57.14520941840278, queue:19.106770833333332, delay:0.4728996276855469, throughput:1646
episode:3/20, real avg travel time:444.0255164034022
intersection:0, mean_episode_reward:-0.9382297992706299, mean_queue:5.258333206176758
intersection:1, mean_episode_reward:-5.235660076141357, mean_queue:31.344444274902344
intersection:2, mean_episode_reward:-8.79517650604248, mean_queue:47.30833435058594
intersection:3, mean_episode_reward:-3.363507032394409, mean_queue:14.58055591583252
intersection:4, mean_episode_reward:-1.2303471565246582, mean_queue:7.027777671813965
intersection:5, mean_episode_reward:-0.7115625739097595, mean_queue:4.133333206176758
intersection:6, mean_episode_reward:-2.489131450653076, mean_queue:15.219444274902344
intersection:7, mean_episode_reward:-1.6938886642456055, mean_queue:9.949999809265137
intersection:8, mean_episode_reward:-2.270937442779541, mean_queue:14.316666603088379
intersection:9, mean_episode_reward:-1.5373955965042114, mean_queue:8.425000190734863
intersection:10, mean_episode_reward:-0.15788200497627258, mean_queue:0.8083333373069763
intersection:11, mean_episode_reward:-3.393784999847412, mean_queue:14.858333587646484
intersection:12, mean_episode_reward:-8.57003402709961, mean_queue:52.17222213745117
intersection:13, mean_episode_reward:-7.045934200286865, mean_queue:35.94722366333008
intersection:14, mean_episode_reward:-3.24454927444458, mean_queue:15.402777671813965
intersection:15, mean_episode_reward:-6.46718692779541, mean_queue:28.955554962158203
step:3600/3600, q_loss:3.0219183894097803, rewards:-52.68597547743055, queue:17.852777777777778, delay:0.469466061062283, throughput:1710
episode:4/20, real avg travel time:429.28771929824563
intersection:0, mean_episode_reward:-0.9135420322418213, mean_queue:5.122222423553467
intersection:1, mean_episode_reward:-6.265485763549805, mean_queue:39.32777786254883
intersection:2, mean_episode_reward:-8.9725341796875, mean_queue:48.47222137451172
intersection:3, mean_episode_reward:-3.4417357444763184, mean_queue:14.994444847106934
intersection:4, mean_episode_reward:-0.8655903339385986, mean_queue:4.933333396911621
intersection:5, mean_episode_reward:-0.7000001668930054, mean_queue:4.672222137451172
intersection:6, mean_episode_reward:-1.7013200521469116, mean_queue:10.072221755981445
intersection:7, mean_episode_reward:-1.4948958158493042, mean_queue:7.722222328186035
intersection:8, mean_episode_reward:-0.9957989454269409, mean_queue:5.655555725097656
intersection:9, mean_episode_reward:-1.3626039028167725, mean_queue:6.963889122009277
intersection:10, mean_episode_reward:-0.12548616528511047, mean_queue:0.6611111164093018
intersection:11, mean_episode_reward:-3.337395191192627, mean_queue:14.93055534362793
intersection:12, mean_episode_reward:-8.677846908569336, mean_queue:50.64444351196289
intersection:13, mean_episode_reward:-7.282120227813721, mean_queue:40.099998474121094
intersection:14, mean_episode_reward:-1.9014931917190552, mean_queue:9.600000381469727
intersection:15, mean_episode_reward:-4.648125648498535, mean_queue:21.7722225189209
step:3600/3600, q_loss:3.1922780401574236, rewards:-57.315104166666664, queue:19.69184027777778, delay:0.4704674614800347, throughput:1564
episode:5/20, real avg travel time:389.1687979539642
intersection:0, mean_episode_reward:-2.3468403816223145, mean_queue:13.536110877990723
intersection:1, mean_episode_reward:-6.463611602783203, mean_queue:39.03888702392578
intersection:2, mean_episode_reward:-8.283509254455566, mean_queue:47.136112213134766
intersection:3, mean_episode_reward:-3.4793756008148193, mean_queue:14.788888931274414
intersection:4, mean_episode_reward:-1.4332290887832642, mean_queue:9.102777481079102
intersection:5, mean_episode_reward:-1.1508333683013916, mean_queue:6.8027777671813965
intersection:6, mean_episode_reward:-2.4606595039367676, mean_queue:15.416666984558105
intersection:7, mean_episode_reward:-0.7276044487953186, mean_queue:3.7333333492279053
intersection:8, mean_episode_reward:-1.0864237546920776, mean_queue:6.080555438995361
intersection:9, mean_episode_reward:-1.486562967300415, mean_queue:8.483333587646484
intersection:10, mean_episode_reward:-0.12774311006069183, mean_queue:0.6888889074325562
intersection:11, mean_episode_reward:-4.4159722328186035, mean_queue:19.61111068725586
intersection:12, mean_episode_reward:-7.875033378601074, mean_queue:50.391666412353516
intersection:13, mean_episode_reward:-7.765520095825195, mean_queue:42.08333206176758
intersection:14, mean_episode_reward:-2.2625341415405273, mean_queue:10.711111068725586
intersection:15, mean_episode_reward:-5.949652671813965, mean_queue:27.46388816833496
step:3600/3600, q_loss:3.2743028480211893, rewards:-66.94534505208334, queue:22.70347222222222, delay:0.4988059997558594, throughput:1337
episode:6/20, real avg travel time:433.22513089005236
intersection:0, mean_episode_reward:-1.7654860019683838, mean_queue:11.036110877990723
intersection:1, mean_episode_reward:-6.206319808959961, mean_queue:38.025001525878906
intersection:2, mean_episode_reward:-10.225728988647461, mean_queue:59.44444274902344
intersection:3, mean_episode_reward:-4.863193511962891, mean_queue:20.59166717529297
intersection:4, mean_episode_reward:-1.3936110734939575, mean_queue:8.26388931274414
intersection:5, mean_episode_reward:-0.9270833134651184, mean_queue:5.449999809265137
intersection:6, mean_episode_reward:-2.1452088356018066, mean_queue:12.70555591583252
intersection:7, mean_episode_reward:-1.7196182012557983, mean_queue:9.877778053283691
intersection:8, mean_episode_reward:-1.6376391649246216, mean_queue:9.022222518920898
intersection:9, mean_episode_reward:-1.5520834922790527, mean_queue:7.961111068725586
intersection:10, mean_episode_reward:-0.19281253218650818, mean_queue:1.0111111402511597
intersection:11, mean_episode_reward:-6.015139579772949, mean_queue:25.674999237060547
intersection:12, mean_episode_reward:-9.867670059204102, mean_queue:60.93055725097656
intersection:13, mean_episode_reward:-7.850033283233643, mean_queue:43.84722137451172
intersection:14, mean_episode_reward:-5.762603282928467, mean_queue:26.91666603088379
intersection:15, mean_episode_reward:-4.82111120223999, mean_queue:22.497222900390625
step:3600/3600, q_loss:3.422835824181636, rewards:-66.05770941840278, queue:22.52690972222222, delay:0.4867046780056424, throughput:1440
episode:7/20, real avg travel time:501.48333333333335
intersection:0, mean_episode_reward:-2.499687433242798, mean_queue:15.199999809265137
intersection:1, mean_episode_reward:-6.1868414878845215, mean_queue:38.344444274902344
intersection:2, mean_episode_reward:-8.429201126098633, mean_queue:47.82222366333008
intersection:3, mean_episode_reward:-3.7490267753601074, mean_queue:16.30555534362793
intersection:4, mean_episode_reward:-1.7040280103683472, mean_queue:9.991666793823242
intersection:5, mean_episode_reward:-1.1592708826065063, mean_queue:7.675000190734863
intersection:6, mean_episode_reward:-3.738055467605591, mean_queue:22.116666793823242
intersection:7, mean_episode_reward:-0.9134029746055603, mean_queue:4.672222137451172
intersection:8, mean_episode_reward:-0.8753818869590759, mean_queue:5.205555438995361
intersection:9, mean_episode_reward:-0.7324304580688477, mean_queue:3.277777671813965
intersection:10, mean_episode_reward:-0.1228473037481308, mean_queue:0.6666666865348816
intersection:11, mean_episode_reward:-5.9081950187683105, mean_queue:24.799999237060547
intersection:12, mean_episode_reward:-10.11784553527832, mean_queue:64.47777557373047
intersection:13, mean_episode_reward:-10.497048377990723, mean_queue:56.04166793823242
intersection:14, mean_episode_reward:-3.218576669692993, mean_queue:14.475000381469727
intersection:15, mean_episode_reward:-6.205868244171143, mean_queue:29.358333587646484
step:3600/3600, q_loss:3.849725807408492, rewards:-56.21437717013889, queue:19.19704861111111, delay:0.4674503326416016, throughput:1585
episode:8/20, real avg travel time:415.94826498422714
intersection:0, mean_episode_reward:-2.105173349380493, mean_queue:13.038888931274414
intersection:1, mean_episode_reward:-6.214688301086426, mean_queue:38.49166488647461
intersection:2, mean_episode_reward:-9.229826927185059, mean_queue:52.625
intersection:3, mean_episode_reward:-3.465902328491211, mean_queue:14.891666412353516
intersection:4, mean_episode_reward:-1.1291322708129883, mean_queue:6.630555629730225
intersection:5, mean_episode_reward:-0.948472261428833, mean_queue:6.136111259460449
intersection:6, mean_episode_reward:-2.108680486679077, mean_queue:13.202777862548828
intersection:7, mean_episode_reward:-0.9108679890632629, mean_queue:5.30555534362793
intersection:8, mean_episode_reward:-1.19857656955719, mean_queue:6.563889026641846
intersection:9, mean_episode_reward:-0.63385409116745, mean_queue:2.7472221851348877
intersection:10, mean_episode_reward:-0.13784725964069366, mean_queue:0.7055555582046509
intersection:11, mean_episode_reward:-4.190555095672607, mean_queue:18.052778244018555
intersection:12, mean_episode_reward:-8.498574256896973, mean_queue:50.391666412353516
intersection:13, mean_episode_reward:-8.728368759155273, mean_queue:46.81944274902344
intersection:14, mean_episode_reward:-1.684791922569275, mean_queue:7.8416666984558105
intersection:15, mean_episode_reward:-5.0290632247924805, mean_queue:23.70833396911621
step:3600/3600, q_loss:3.765204148107105, rewards:-57.93305121527778, queue:19.850520833333334, delay:0.4782825893825955, throughput:1589
episode:9/20, real avg travel time:432.14222781623664
intersection:0, mean_episode_reward:-1.9446876049041748, mean_queue:12.458333015441895
intersection:1, mean_episode_reward:-6.027743339538574, mean_queue:38.536109924316406
intersection:2, mean_episode_reward:-6.8944783210754395, mean_queue:39.49444580078125
intersection:3, mean_episode_reward:-3.025416851043701, mean_queue:13.066666603088379
intersection:4, mean_episode_reward:-1.3779863119125366, mean_queue:8.050000190734863
intersection:5, mean_episode_reward:-0.9560765027999878, mean_queue:6.383333206176758
intersection:6, mean_episode_reward:-1.6325691938400269, mean_queue:9.333333015441895
intersection:7, mean_episode_reward:-1.002638816833496, mean_queue:5.650000095367432
intersection:8, mean_episode_reward:-1.5112850666046143, mean_queue:8.79444408416748
intersection:9, mean_episode_reward:-1.52798593044281, mean_queue:7.936110973358154
intersection:10, mean_episode_reward:-0.1353124976158142, mean_queue:0.7055555582046509
intersection:11, mean_episode_reward:-4.773125648498535, mean_queue:20.60555648803711
intersection:12, mean_episode_reward:-10.456146240234375, mean_queue:62.26388931274414
intersection:13, mean_episode_reward:-8.700069427490234, mean_queue:47.372222900390625
intersection:14, mean_episode_reward:-2.535902976989746, mean_queue:12.019444465637207
intersection:15, mean_episode_reward:-5.431631088256836, mean_queue:24.938888549804688
step:3600/3600, q_loss:3.8605165447228487, rewards:-57.27281901041667, queue:19.391319444444445, delay:0.4797665066189236, throughput:1674
episode:10/20, real avg travel time:459.09976105137395
intersection:0, mean_episode_reward:-1.151632308959961, mean_queue:6.480555534362793
intersection:1, mean_episode_reward:-6.337117671966553, mean_queue:39.286109924316406
intersection:2, mean_episode_reward:-7.381251335144043, mean_queue:40.99444580078125
intersection:3, mean_episode_reward:-3.906806468963623, mean_queue:16.58333396911621
intersection:4, mean_episode_reward:-1.118542194366455, mean_queue:6.594444274902344
intersection:5, mean_episode_reward:-0.6740624904632568, mean_queue:4.161110877990723
intersection:6, mean_episode_reward:-1.9728471040725708, mean_queue:11.477777481079102
intersection:7, mean_episode_reward:-1.6043399572372437, mean_queue:9.152777671813965
intersection:8, mean_episode_reward:-1.1327778100967407, mean_queue:6.400000095367432
intersection:9, mean_episode_reward:-1.3834375143051147, mean_queue:7.2166666984558105
intersection:10, mean_episode_reward:-0.13718757033348083, mean_queue:0.7055555582046509
intersection:11, mean_episode_reward:-4.634027481079102, mean_queue:19.669445037841797
intersection:12, mean_episode_reward:-9.49843978881836, mean_queue:60.397220611572266
intersection:13, mean_episode_reward:-8.285107612609863, mean_queue:43.352779388427734
intersection:14, mean_episode_reward:-1.9603475332260132, mean_queue:9.625
intersection:15, mean_episode_reward:-6.09489631652832, mean_queue:28.163888931274414
step:3600/3600, q_loss:4.210926532801655, rewards:-51.28944227430556, queue:18.003819444444446, delay:0.4737458970811632, throughput:1738
episode:11/20, real avg travel time:440.7376294591484
intersection:0, mean_episode_reward:-1.7492358684539795, mean_queue:10.858333587646484
intersection:1, mean_episode_reward:-5.807534217834473, mean_queue:36.16666793823242
intersection:2, mean_episode_reward:-8.027883529663086, mean_queue:45.66666793823242
intersection:3, mean_episode_reward:-3.1166319847106934, mean_queue:13.822221755981445
intersection:4, mean_episode_reward:-1.2019093036651611, mean_queue:7.027777671813965
intersection:5, mean_episode_reward:-0.7193750143051147, mean_queue:4.505555629730225
intersection:6, mean_episode_reward:-1.5120488405227661, mean_queue:9.527777671813965
intersection:7, mean_episode_reward:-0.870278000831604, mean_queue:4.56944465637207
intersection:8, mean_episode_reward:-1.083854079246521, mean_queue:6.19444465637207
intersection:9, mean_episode_reward:-1.3672915697097778, mean_queue:7.125
intersection:10, mean_episode_reward:-0.1457986980676651, mean_queue:0.7777777910232544
intersection:11, mean_episode_reward:-2.9755215644836426, mean_queue:13.475000381469727
intersection:12, mean_episode_reward:-8.137947082519531, mean_queue:52.36111068725586
intersection:13, mean_episode_reward:-7.849205017089844, mean_queue:43.08333206176758
intersection:14, mean_episode_reward:-2.1405906677246094, mean_queue:10.48611068725586
intersection:15, mean_episode_reward:-4.584339141845703, mean_queue:22.413888931274414
step:3600/3600, q_loss:4.394529693411456, rewards:-65.71642252604167, queue:22.239930555555556, delay:0.48549139234754773, throughput:1462
episode:12/20, real avg travel time:416.46580027359784
intersection:0, mean_episode_reward:-0.890103816986084, mean_queue:4.888888835906982
intersection:1, mean_episode_reward:-6.2642693519592285, mean_queue:37.647220611572266
intersection:2, mean_episode_reward:-8.846113204956055, mean_queue:49.81111145019531
intersection:3, mean_episode_reward:-4.955347537994385, mean_queue:21.405555725097656
intersection:4, mean_episode_reward:-1.9441312551498413, mean_queue:12.18055534362793
intersection:5, mean_episode_reward:-0.7293751835823059, mean_queue:4.4083333015441895
intersection:6, mean_episode_reward:-2.247950553894043, mean_queue:13.83055591583252
intersection:7, mean_episode_reward:-1.4570486545562744, mean_queue:8.13611125946045
intersection:8, mean_episode_reward:-3.9766314029693604, mean_queue:26.433332443237305
intersection:9, mean_episode_reward:-1.875347375869751, mean_queue:8.48888874053955
intersection:10, mean_episode_reward:-0.13083338737487793, mean_queue:0.6861110925674438
intersection:11, mean_episode_reward:-5.061110496520996, mean_queue:22.077777862548828
intersection:12, mean_episode_reward:-9.569583892822266, mean_queue:57.377777099609375
intersection:13, mean_episode_reward:-9.50229263305664, mean_queue:50.90277862548828
intersection:14, mean_episode_reward:-2.6553125381469727, mean_queue:12.116666793823242
intersection:15, mean_episode_reward:-5.6109724044799805, mean_queue:25.447221755981445
step:3600/3600, q_loss:4.322012538320489, rewards:-63.25680338541667, queue:21.482291666666665, delay:0.49192784627278646, throughput:1588
episode:13/20, real avg travel time:442.97229219143577
intersection:0, mean_episode_reward:-1.6431947946548462, mean_queue:9.38611125946045
intersection:1, mean_episode_reward:-5.472639083862305, mean_queue:33.57222366333008
intersection:2, mean_episode_reward:-9.670552253723145, mean_queue:52.286109924316406
intersection:3, mean_episode_reward:-4.831354141235352, mean_queue:20.116666793823242
intersection:4, mean_episode_reward:-2.189131498336792, mean_queue:13.527777671813965
intersection:5, mean_episode_reward:-0.6097569465637207, mean_queue:3.6583333015441895
intersection:6, mean_episode_reward:-2.7687501907348633, mean_queue:16.544445037841797
intersection:7, mean_episode_reward:-1.990347146987915, mean_queue:11.933333396911621
intersection:8, mean_episode_reward:-1.8011455535888672, mean_queue:10.288888931274414
intersection:9, mean_episode_reward:-1.9015624523162842, mean_queue:11.927778244018555
intersection:10, mean_episode_reward:-0.1320139318704605, mean_queue:0.7055555582046509
intersection:11, mean_episode_reward:-5.083020210266113, mean_queue:21.433332443237305
intersection:12, mean_episode_reward:-9.383891105651855, mean_queue:59.375
intersection:13, mean_episode_reward:-8.336248397827148, mean_queue:44.002777099609375
intersection:14, mean_episode_reward:-2.095208168029785, mean_queue:9.83055591583252
intersection:15, mean_episode_reward:-5.347986221313477, mean_queue:25.127777099609375
step:3600/3600, q_loss:4.442743422634072, rewards:-53.77673611111111, queue:18.505208333333332, delay:0.46634301079644097, throughput:1665
episode:14/20, real avg travel time:378.03963963963963
intersection:0, mean_episode_reward:-1.456111192703247, mean_queue:8.550000190734863
intersection:1, mean_episode_reward:-6.083610534667969, mean_queue:37.48055648803711
intersection:2, mean_episode_reward:-9.087602615356445, mean_queue:50.00555419921875
intersection:3, mean_episode_reward:-3.367152214050293, mean_queue:14.933333396911621
intersection:4, mean_episode_reward:-1.4453473091125488, mean_queue:8.597222328186035
intersection:5, mean_episode_reward:-1.2935763597488403, mean_queue:8.658333778381348
intersection:6, mean_episode_reward:-2.1265625953674316, mean_queue:13.133333206176758
intersection:7, mean_episode_reward:-1.017812728881836, mean_queue:5.294444561004639
intersection:8, mean_episode_reward:-1.1884030103683472, mean_queue:6.086111068725586
intersection:9, mean_episode_reward:-0.5681943297386169, mean_queue:2.836111068725586
intersection:10, mean_episode_reward:-0.17059026658535004, mean_queue:0.9083333611488342
intersection:11, mean_episode_reward:-3.9380903244018555, mean_queue:18.077777862548828
intersection:12, mean_episode_reward:-7.074963569641113, mean_queue:43.963890075683594
intersection:13, mean_episode_reward:-7.503994941711426, mean_queue:42.23611068725586
intersection:14, mean_episode_reward:-2.3098957538604736, mean_queue:11.038888931274414
intersection:15, mean_episode_reward:-5.1448259353637695, mean_queue:24.28333282470703
step:3600/3600, q_loss:4.719330602427323, rewards:-39.428059895833336, queue:13.77170138888889, delay:0.4490384419759115, throughput:2172
episode:15/20, real avg travel time:407.097605893186
intersection:0, mean_episode_reward:-0.9215276837348938, mean_queue:5.02222204208374
intersection:1, mean_episode_reward:-5.268610954284668, mean_queue:33.05833435058594
intersection:2, mean_episode_reward:-5.912639141082764, mean_queue:30.363889694213867
intersection:3, mean_episode_reward:-2.785451650619507, mean_queue:12.19444465637207
intersection:4, mean_episode_reward:-0.796805739402771, mean_queue:4.366666793823242
intersection:5, mean_episode_reward:-0.6891318559646606, mean_queue:4.25
intersection:6, mean_episode_reward:-1.6538889408111572, mean_queue:10.647222518920898
intersection:7, mean_episode_reward:-0.7208681106567383, mean_queue:3.8888888359069824
intersection:8, mean_episode_reward:-1.0035067796707153, mean_queue:5.708333492279053
intersection:9, mean_episode_reward:-0.9485415816307068, mean_queue:4.452777862548828
intersection:10, mean_episode_reward:-0.20086804032325745, mean_queue:0.9916666746139526
intersection:11, mean_episode_reward:-1.6072577238082886, mean_queue:7.722222328186035
intersection:12, mean_episode_reward:-7.444899559020996, mean_queue:46.56111145019531
intersection:13, mean_episode_reward:-6.029932975769043, mean_queue:33.349998474121094
intersection:14, mean_episode_reward:-0.5822222232818604, mean_queue:3.180555582046509
intersection:15, mean_episode_reward:-2.861910343170166, mean_queue:14.588889122009277
step:3600/3600, q_loss:4.6720605395436285, rewards:-52.10618489583333, queue:17.52986111111111, delay:0.47640770806206595, throughput:1775
episode:16/20, real avg travel time:396.64676056338027
intersection:0, mean_episode_reward:-1.0539590120315552, mean_queue:6.30555534362793
intersection:1, mean_episode_reward:-5.586007118225098, mean_queue:32.0805549621582
intersection:2, mean_episode_reward:-8.040728569030762, mean_queue:42.497222900390625
intersection:3, mean_episode_reward:-2.942255973815918, mean_queue:12.458333015441895
intersection:4, mean_episode_reward:-1.0662500858306885, mean_queue:6.483333110809326
intersection:5, mean_episode_reward:-0.5197569727897644, mean_queue:3.019444465637207
intersection:6, mean_episode_reward:-2.953228712081909, mean_queue:18.06944465637207
intersection:7, mean_episode_reward:-0.8993054628372192, mean_queue:4.769444465637207
intersection:8, mean_episode_reward:-1.3195831775665283, mean_queue:7.4083333015441895
intersection:9, mean_episode_reward:-0.9895138144493103, mean_queue:4.7833333015441895
intersection:10, mean_episode_reward:-0.28538188338279724, mean_queue:1.3333333730697632
intersection:11, mean_episode_reward:-3.0423953533172607, mean_queue:13.175000190734863
intersection:12, mean_episode_reward:-8.385764122009277, mean_queue:51.15833282470703
intersection:13, mean_episode_reward:-5.286529064178467, mean_queue:29.65833282470703
intersection:14, mean_episode_reward:-2.102987051010132, mean_queue:11.772222518920898
intersection:15, mean_episode_reward:-7.632534503936768, mean_queue:35.50555419921875
step:3600/3600, q_loss:4.465510383546351, rewards:-56.707118055555554, queue:19.330729166666668, delay:0.4732540554470486, throughput:1564
episode:17/20, real avg travel time:385.97058823529414
intersection:0, mean_episode_reward:-2.2577426433563232, mean_queue:12.758333206176758
intersection:1, mean_episode_reward:-6.13482666015625, mean_queue:37.44444274902344
intersection:2, mean_episode_reward:-9.54690933227539, mean_queue:54.07500076293945
intersection:3, mean_episode_reward:-4.29923677444458, mean_queue:18.024999618530273
intersection:4, mean_episode_reward:-1.0203477144241333, mean_queue:6.005555629730225
intersection:5, mean_episode_reward:-0.7267361879348755, mean_queue:4.261111259460449
intersection:6, mean_episode_reward:-2.2502784729003906, mean_queue:13.563888549804688
intersection:7, mean_episode_reward:-1.4186111688613892, mean_queue:8.008333206176758
intersection:8, mean_episode_reward:-1.0728816986083984, mean_queue:5.786110877990723
intersection:9, mean_episode_reward:-0.9603122472763062, mean_queue:4.563889026641846
intersection:10, mean_episode_reward:-0.17989586293697357, mean_queue:0.9527778029441833
intersection:11, mean_episode_reward:-5.006040573120117, mean_queue:21.422222137451172
intersection:12, mean_episode_reward:-7.382708549499512, mean_queue:47.43888854980469
intersection:13, mean_episode_reward:-7.427984714508057, mean_queue:41.07500076293945
intersection:14, mean_episode_reward:-1.8143751621246338, mean_queue:9.402777671813965
intersection:15, mean_episode_reward:-5.2082295417785645, mean_queue:24.508333206176758
step:3600/3600, q_loss:4.635864275674026, rewards:-51.09534505208333, queue:17.397395833333334, delay:0.46291046142578124, throughput:1826
episode:18/20, real avg travel time:461.8855421686747
intersection:0, mean_episode_reward:-0.978263795375824, mean_queue:5.43055534362793
intersection:1, mean_episode_reward:-5.142222881317139, mean_queue:31.316667556762695
intersection:2, mean_episode_reward:-7.930275917053223, mean_queue:46.48611068725586
intersection:3, mean_episode_reward:-3.3445146083831787, mean_queue:14.26388931274414
intersection:4, mean_episode_reward:-1.3659372329711914, mean_queue:7.877777576446533
intersection:5, mean_episode_reward:-0.8039239048957825, mean_queue:4.622222423553467
intersection:6, mean_episode_reward:-1.5295133590698242, mean_queue:9.119444847106934
intersection:7, mean_episode_reward:-0.8784028887748718, mean_queue:4.547222137451172
intersection:8, mean_episode_reward:-0.9841318726539612, mean_queue:5.097222328186035
intersection:9, mean_episode_reward:-1.671562671661377, mean_queue:8.405555725097656
intersection:10, mean_episode_reward:-0.21836796402931213, mean_queue:1.0361111164093018
intersection:11, mean_episode_reward:-2.979374885559082, mean_queue:12.73611068725586
intersection:12, mean_episode_reward:-7.358853340148926, mean_queue:47.122222900390625
intersection:13, mean_episode_reward:-7.809651851654053, mean_queue:41.858333587646484
intersection:14, mean_episode_reward:-2.676388740539551, mean_queue:14.208333015441895
intersection:15, mean_episode_reward:-5.423959255218506, mean_queue:24.23055648803711
step:3600/3600, q_loss:4.920019579993355, rewards:-61.99264322916667, queue:20.9234375, delay:0.489007822672526, throughput:1516
episode:19/20, real avg travel time:446.04881266490764
intersection:0, mean_episode_reward:-1.1031254529953003, mean_queue:5.949999809265137
intersection:1, mean_episode_reward:-5.796910285949707, mean_queue:35.44722366333008
intersection:2, mean_episode_reward:-7.853785514831543, mean_queue:44.90833282470703
intersection:3, mean_episode_reward:-4.833400726318359, mean_queue:20.758333206176758
intersection:4, mean_episode_reward:-2.0937156677246094, mean_queue:12.380555152893066
intersection:5, mean_episode_reward:-0.7946528196334839, mean_queue:4.719444274902344
intersection:6, mean_episode_reward:-2.463228940963745, mean_queue:15.23888874053955
intersection:7, mean_episode_reward:-0.9103819727897644, mean_queue:4.761111259460449
intersection:8, mean_episode_reward:-1.4236109256744385, mean_queue:8.54444408416748
intersection:9, mean_episode_reward:-2.202465534210205, mean_queue:12.869444847106934
intersection:10, mean_episode_reward:-0.1929166167974472, mean_queue:0.9944444298744202
intersection:11, mean_episode_reward:-3.451111078262329, mean_queue:15.06944465637207
intersection:12, mean_episode_reward:-9.983819007873535, mean_queue:60.469444274902344
intersection:13, mean_episode_reward:-8.502501487731934, mean_queue:44.81388854980469
intersection:14, mean_episode_reward:-3.687117099761963, mean_queue:17.797222137451172
intersection:15, mean_episode_reward:-6.699896335601807, mean_queue:30.052778244018555
Final Travel Time is 391.4366, mean rewards: -43.5983, queue: 14.8929, delay: 0.4458, throughput: 1933
Total time taken: 479.23328948020935
