mplight	TRAIN_VERBOSE	0	171.9	nan	-9.37	3.15	0.34	478
mplight	TRAIN_VERBOSE	0	179.3	nan	-10.51	3.52	0.36	1109
mplight	TRAIN_VERBOSE	0	188.2	nan	-11.43	3.84	0.37	1720
mplight	TRAIN_VERBOSE	0	201.4	nan	-12.97	4.36	0.38	2324
mplight	TRAIN	0	201.4	nan	-12.97	4.36	0.38	2324
mplight	TRAIN_VERBOSE	1	157.9	1.5	-7.64	2.59	0.31	478
mplight	TRAIN_VERBOSE	1	174.7	1.5	-9.53	3.25	0.34	1117
mplight	TRAIN_VERBOSE	1	180.9	1.5	-10.26	3.51	0.35	1731
mplight	TRAIN_VERBOSE	1	186.2	1.5	-10.94	3.75	0.36	2365
mplight	TRAIN	1	186.2	1.5	-10.94	3.75	0.36	2365
mplight	TRAIN_VERBOSE	2	156.1	1.7	-7.54	2.58	0.32	489
mplight	TRAIN_VERBOSE	2	170.0	1.6	-9.38	3.20	0.35	1112
mplight	TRAIN_VERBOSE	2	182.0	1.6	-10.66	3.65	0.36	1734
mplight	TRAIN_VERBOSE	2	185.1	1.6	-11.03	3.78	0.36	2369
mplight	TRAIN	2	185.1	1.6	-11.03	3.78	0.36	2369
mplight	TRAIN_VERBOSE	3	155.8	1.6	-7.05	2.45	0.31	476
mplight	TRAIN_VERBOSE	3	172.3	1.5	-9.29	3.21	0.34	1122
mplight	TRAIN_VERBOSE	3	175.5	1.5	-9.77	3.36	0.35	1744
mplight	TRAIN_VERBOSE	3	184.3	1.5	-10.83	3.73	0.36	2367
mplight	TRAIN	3	184.3	1.5	-10.83	3.73	0.36	2367
mplight	TRAIN_VERBOSE	4	164.7	1.5	-7.98	2.74	0.33	483
mplight	TRAIN_VERBOSE	4	175.6	1.5	-9.71	3.34	0.35	1120
mplight	TRAIN_VERBOSE	4	181.7	1.5	-10.52	3.60	0.35	1727
mplight	TRAIN_VERBOSE	4	186.5	1.5	-10.85	3.71	0.36	2370
mplight	TRAIN	4	186.5	1.5	-10.85	3.71	0.36	2370
mplight	TRAIN_VERBOSE	5	161.1	1.5	-7.97	2.72	0.31	477
mplight	TRAIN_VERBOSE	5	171.4	1.4	-9.39	3.22	0.33	1119
mplight	TRAIN_VERBOSE	5	182.2	1.4	-10.62	3.62	0.35	1727
mplight	TRAIN_VERBOSE	5	186.2	1.5	-11.06	3.76	0.36	2371
mplight	TRAIN	5	186.2	1.5	-11.06	3.76	0.36	2371
mplight	TRAIN_VERBOSE	6	159.2	1.6	-7.64	2.57	0.31	472
mplight	TRAIN_VERBOSE	6	180.4	1.6	-10.19	3.44	0.34	1118
mplight	TRAIN_VERBOSE	6	184.1	1.6	-10.67	3.65	0.34	1736
mplight	TRAIN_VERBOSE	6	189.5	1.6	-11.35	3.87	0.35	2366
mplight	TRAIN	6	189.5	1.6	-11.35	3.87	0.35	2366
mplight	TRAIN_VERBOSE	7	164.4	1.6	-8.53	2.85	0.33	479
mplight	TRAIN_VERBOSE	7	180.7	1.7	-10.55	3.50	0.36	1131
mplight	TRAIN_VERBOSE	7	188.8	1.7	-11.56	3.88	0.36	1703
mplight	TRAIN_VERBOSE	7	194.8	1.6	-12.04	4.06	0.37	2370
mplight	TRAIN	7	194.8	1.6	-12.04	4.06	0.37	2370
mplight	TRAIN_VERBOSE	8	157.1	1.6	-8.17	2.76	0.31	475
mplight	TRAIN_VERBOSE	8	176.1	1.6	-10.03	3.48	0.34	1112
mplight	TRAIN_VERBOSE	8	182.8	1.6	-10.68	3.69	0.35	1727
mplight	TRAIN_VERBOSE	8	190.6	1.6	-11.39	3.95	0.36	2369
mplight	TRAIN	8	190.6	1.6	-11.39	3.95	0.36	2369
mplight	TRAIN_VERBOSE	9	162.0	1.7	-7.96	2.77	0.30	491
mplight	TRAIN_VERBOSE	9	172.8	1.6	-9.32	3.26	0.34	1121
mplight	TRAIN_VERBOSE	9	176.4	1.6	-9.87	3.42	0.35	1740
mplight	TRAIN_VERBOSE	9	179.6	1.6	-10.33	3.57	0.35	2369
mplight	TRAIN	9	179.6	1.6	-10.33	3.57	0.35	2369
mplight	TRAIN_VERBOSE	10	165.5	1.5	-8.45	2.92	0.31	457
mplight	TRAIN_VERBOSE	10	183.0	1.5	-10.37	3.54	0.35	1116
mplight	TRAIN_VERBOSE	10	186.6	1.5	-10.97	3.74	0.36	1719
mplight	TRAIN_VERBOSE	10	190.9	1.5	-11.39	3.89	0.37	2372
mplight	TRAIN	10	190.9	1.5	-11.39	3.89	0.37	2372
mplight	TRAIN_VERBOSE	11	162.2	1.5	-8.04	2.74	0.31	479
mplight	TRAIN_VERBOSE	11	195.3	1.5	-12.89	4.52	0.35	1048
mplight	TRAIN_VERBOSE	11	221.8	1.5	-14.48	5.01	0.37	1713
mplight	TRAIN_VERBOSE	11	213.5	1.6	-13.81	4.76	0.37	2371
mplight	TRAIN	11	213.5	1.6	-13.81	4.76	0.37	2371
mplight	TRAIN_VERBOSE	12	157.9	1.8	-7.70	2.63	0.31	483
mplight	TRAIN_VERBOSE	12	172.4	1.7	-9.61	3.27	0.35	1110
mplight	TRAIN_VERBOSE	12	179.9	1.7	-10.46	3.56	0.35	1728
mplight	TRAIN_VERBOSE	12	185.0	1.6	-11.15	3.79	0.36	2361
mplight	TRAIN	12	185.0	1.6	-11.15	3.79	0.36	2361
mplight	TRAIN_VERBOSE	13	164.6	1.5	-8.07	2.75	0.32	484
mplight	TRAIN_VERBOSE	13	175.7	1.5	-9.55	3.24	0.34	1130
mplight	TRAIN_VERBOSE	13	176.5	1.5	-9.78	3.34	0.35	1743
mplight	TRAIN_VERBOSE	13	180.0	1.4	-10.31	3.52	0.35	2369
mplight	TRAIN	13	180.0	1.4	-10.31	3.52	0.35	2369
mplight	TRAIN_VERBOSE	14	164.2	1.5	-7.73	2.71	0.31	484
mplight	TRAIN_VERBOSE	14	171.6	1.4	-9.11	3.18	0.34	1130
mplight	TRAIN_VERBOSE	14	176.0	1.4	-9.69	3.35	0.35	1726
mplight	TRAIN_VERBOSE	14	178.5	1.4	-10.17	3.48	0.35	2379
mplight	TRAIN	14	178.5	1.4	-10.17	3.48	0.35	2379
mplight	TRAIN_VERBOSE	15	167.5	1.3	-8.35	2.88	0.32	463
mplight	TRAIN_VERBOSE	15	185.0	1.3	-10.38	3.60	0.35	1104
mplight	TRAIN_VERBOSE	15	188.3	1.3	-10.76	3.74	0.36	1735
mplight	TRAIN_VERBOSE	15	188.7	1.3	-10.85	3.76	0.36	2374
mplight	TRAIN	15	188.7	1.3	-10.85	3.76	0.36	2374
mplight	TRAIN_VERBOSE	16	163.4	1.3	-8.07	2.73	0.32	472
mplight	TRAIN_VERBOSE	16	178.1	1.3	-9.91	3.35	0.36	1117
mplight	TRAIN_VERBOSE	16	186.5	1.3	-10.68	3.63	0.36	1723
mplight	TRAIN_VERBOSE	16	191.4	1.3	-11.25	3.80	0.37	2371
mplight	TRAIN	16	191.4	1.3	-11.25	3.80	0.37	2371
mplight	TRAIN_VERBOSE	17	159.9	1.3	-7.78	2.65	0.30	471
mplight	TRAIN_VERBOSE	17	178.7	1.3	-9.84	3.36	0.34	1123
mplight	TRAIN_VERBOSE	17	182.8	1.3	-10.28	3.52	0.35	1730
mplight	TRAIN_VERBOSE	17	192.4	1.3	-11.44	3.89	0.36	2354
mplight	TRAIN	17	192.4	1.3	-11.44	3.89	0.36	2354
mplight	TRAIN_VERBOSE	18	158.1	1.3	-7.73	2.64	0.31	472
mplight	TRAIN_VERBOSE	18	174.1	1.3	-9.75	3.35	0.34	1118
mplight	TRAIN_VERBOSE	18	190.7	1.2	-11.46	3.95	0.36	1724
mplight	TRAIN_VERBOSE	18	192.9	1.3	-11.66	3.97	0.36	2372
mplight	TRAIN	18	192.9	1.3	-11.66	3.97	0.36	2372
mplight	TRAIN_VERBOSE	19	159.2	1.3	-7.53	2.54	0.30	495
mplight	TRAIN_VERBOSE	19	173.7	1.3	-9.44	3.21	0.34	1116
mplight	TRAIN_VERBOSE	19	179.8	1.2	-10.19	3.42	0.35	1734
mplight	TRAIN_VERBOSE	19	188.2	1.3	-11.20	3.77	0.36	2351
mplight	TRAIN	19	188.2	1.3	-11.20	3.77	0.36	2351
