mplight	TRAIN_VERBOSE	0	205.5	nan	-12.99	4.25	0.32	385
mplight	TRAIN_VERBOSE	0	243.3	nan	-22.10	7.38	0.36	759
mplight	TRAIN_VERBOSE	0	385.7	nan	-34.72	11.70	0.40	1181
mplight	TRAIN_VERBOSE	0	445.5	nan	-46.65	15.63	0.44	1521
mplight	TRAIN	0	445.5	nan	-46.65	15.63	0.44	1521
mplight	TRAIN_VERBOSE	1	191.7	2.5	-13.37	4.33	0.32	362
mplight	TRAIN_VERBOSE	1	280.0	2.4	-23.39	7.51	0.36	862
mplight	TRAIN_VERBOSE	1	334.5	2.4	-29.00	9.46	0.39	1327
mplight	TRAIN_VERBOSE	1	368.3	2.5	-40.83	13.64	0.42	1524
mplight	TRAIN	1	368.3	2.5	-40.83	13.64	0.42	1524
mplight	TRAIN_VERBOSE	2	202.1	2.7	-11.83	3.86	0.31	396
mplight	TRAIN_VERBOSE	2	241.9	2.7	-16.34	5.39	0.34	969
mplight	TRAIN_VERBOSE	2	268.3	2.6	-19.61	6.58	0.37	1523
mplight	TRAIN_VERBOSE	2	295.8	2.6	-21.29	7.24	0.38	2083
mplight	TRAIN	2	295.8	2.6	-21.29	7.24	0.38	2083
mplight	TRAIN_VERBOSE	3	198.4	2.5	-12.73	4.15	0.30	378
mplight	TRAIN_VERBOSE	3	265.7	2.4	-18.93	6.35	0.35	912
mplight	TRAIN_VERBOSE	3	326.5	2.4	-23.92	8.31	0.38	1459
mplight	TRAIN_VERBOSE	3	348.4	2.3	-27.78	9.74	0.39	1902
mplight	TRAIN	3	348.4	2.3	-27.78	9.74	0.39	1902
mplight	TRAIN_VERBOSE	4	206.2	2.3	-11.33	3.77	0.31	408
mplight	TRAIN_VERBOSE	4	228.7	2.3	-15.67	5.19	0.34	965
mplight	TRAIN_VERBOSE	4	253.8	2.3	-18.68	6.31	0.36	1500
mplight	TRAIN_VERBOSE	4	295.6	2.4	-21.33	7.40	0.37	2046
mplight	TRAIN	4	295.6	2.4	-21.33	7.40	0.37	2046
mplight	TRAIN_VERBOSE	5	197.6	2.4	-11.62	3.79	0.32	395
mplight	TRAIN_VERBOSE	5	241.8	2.4	-17.12	5.64	0.35	951
mplight	TRAIN_VERBOSE	5	275.9	2.4	-22.68	7.66	0.37	1334
mplight	TRAIN_VERBOSE	5	317.9	2.4	-36.02	12.28	0.41	1550
mplight	TRAIN	5	317.9	2.4	-36.02	12.28	0.41	1550
mplight	TRAIN_VERBOSE	6	200.5	2.7	-12.11	4.00	0.32	352
mplight	TRAIN_VERBOSE	6	259.7	2.7	-18.96	6.41	0.35	869
mplight	TRAIN_VERBOSE	6	342.8	2.6	-26.89	9.44	0.39	1260
mplight	TRAIN_VERBOSE	6	440.2	2.7	-34.21	11.99	0.42	1824
mplight	TRAIN	6	440.2	2.7	-34.21	11.99	0.42	1824
mplight	TRAIN_VERBOSE	7	197.9	3.0	-12.61	4.14	0.31	381
mplight	TRAIN_VERBOSE	7	259.3	3.0	-17.91	6.08	0.36	940
mplight	TRAIN_VERBOSE	7	284.0	2.9	-20.15	6.93	0.38	1505
mplight	TRAIN_VERBOSE	7	301.1	2.9	-21.30	7.43	0.39	2079
mplight	TRAIN	7	301.1	2.9	-21.30	7.43	0.39	2079
mplight	TRAIN_VERBOSE	8	200.9	2.8	-12.69	4.20	0.31	381
mplight	TRAIN_VERBOSE	8	238.1	2.8	-15.92	5.32	0.34	986
mplight	TRAIN_VERBOSE	8	275.3	2.7	-20.53	7.00	0.36	1482
mplight	TRAIN_VERBOSE	8	309.5	2.7	-23.76	8.26	0.38	1995
mplight	TRAIN	8	309.5	2.7	-23.76	8.26	0.38	1995
mplight	TRAIN_VERBOSE	9	194.6	2.6	-12.23	4.10	0.31	380
mplight	TRAIN_VERBOSE	9	277.8	2.6	-19.29	6.61	0.36	924
mplight	TRAIN_VERBOSE	9	294.4	2.6	-22.02	7.58	0.37	1452
mplight	TRAIN_VERBOSE	9	310.6	2.6	-22.82	7.84	0.37	2140
mplight	TRAIN	9	310.6	2.6	-22.82	7.84	0.37	2140
mplight	TRAIN_VERBOSE	10	215.1	2.8	-13.59	4.49	0.32	382
mplight	TRAIN_VERBOSE	10	258.3	2.7	-17.81	6.04	0.36	934
mplight	TRAIN_VERBOSE	10	274.8	2.7	-20.07	6.93	0.38	1465
mplight	TRAIN_VERBOSE	10	305.8	2.7	-22.70	7.93	0.39	2035
mplight	TRAIN	10	305.8	2.7	-22.70	7.93	0.39	2035
mplight	TRAIN_VERBOSE	11	211.5	2.8	-12.42	4.22	0.31	374
mplight	TRAIN_VERBOSE	11	278.6	2.8	-20.51	7.22	0.36	834
mplight	TRAIN_VERBOSE	11	343.1	2.8	-25.44	8.83	0.39	1400
mplight	TRAIN_VERBOSE	11	405.1	2.8	-32.74	11.49	0.41	1871
mplight	TRAIN	11	405.1	2.8	-32.74	11.49	0.41	1871
mplight	TRAIN_VERBOSE	12	202.2	3.2	-11.66	3.91	0.32	380
mplight	TRAIN_VERBOSE	12	249.2	3.2	-21.14	7.34	0.35	794
mplight	TRAIN_VERBOSE	12	384.3	3.1	-28.92	10.24	0.39	1357
mplight	TRAIN_VERBOSE	12	412.6	3.2	-34.68	12.08	0.41	1788
mplight	TRAIN	12	412.6	3.2	-34.68	12.08	0.41	1788
mplight	TRAIN_VERBOSE	13	219.7	3.4	-13.27	4.30	0.31	372
mplight	TRAIN_VERBOSE	13	264.0	3.4	-17.74	5.87	0.34	942
mplight	TRAIN_VERBOSE	13	282.5	3.3	-20.14	6.78	0.36	1486
mplight	TRAIN_VERBOSE	13	281.1	3.3	-19.86	6.69	0.37	2182
mplight	TRAIN	13	281.1	3.3	-19.86	6.69	0.37	2182
mplight	TRAIN_VERBOSE	14	212.9	3.2	-12.82	4.23	0.32	378
mplight	TRAIN_VERBOSE	14	293.4	3.2	-21.22	7.20	0.37	893
mplight	TRAIN_VERBOSE	14	319.7	3.1	-23.65	8.16	0.39	1411
mplight	TRAIN_VERBOSE	14	356.2	3.1	-26.87	9.42	0.40	1958
mplight	TRAIN	14	356.2	3.1	-26.87	9.42	0.40	1958
mplight	TRAIN_VERBOSE	15	207.8	3.0	-12.51	4.05	0.31	393
mplight	TRAIN_VERBOSE	15	237.6	3.0	-17.63	5.80	0.35	937
mplight	TRAIN_VERBOSE	15	269.5	3.0	-19.25	6.45	0.36	1574
mplight	TRAIN_VERBOSE	15	265.5	3.0	-18.43	6.27	0.36	2195
mplight	TRAIN	15	265.5	3.0	-18.43	6.27	0.36	2195
mplight	TRAIN_VERBOSE	16	195.0	3.1	-10.94	3.66	0.30	392
mplight	TRAIN_VERBOSE	16	243.7	3.0	-17.26	5.69	0.34	953
mplight	TRAIN_VERBOSE	16	277.4	2.9	-23.26	7.94	0.37	1325
mplight	TRAIN_VERBOSE	16	327.7	3.0	-37.34	12.94	0.40	1525
mplight	TRAIN	16	327.7	3.0	-37.34	12.94	0.40	1525
mplight	TRAIN_VERBOSE	17	202.9	3.3	-12.05	3.97	0.32	380
mplight	TRAIN_VERBOSE	17	231.1	3.3	-15.99	5.31	0.35	969
mplight	TRAIN_VERBOSE	17	254.3	3.2	-18.22	6.06	0.36	1536
mplight	TRAIN_VERBOSE	17	277.2	3.2	-20.46	6.82	0.37	2096
mplight	TRAIN	17	277.2	3.2	-20.46	6.82	0.37	2096
mplight	TRAIN_VERBOSE	18	205.0	3.5	-12.90	4.25	0.30	381
mplight	TRAIN_VERBOSE	18	258.1	3.3	-21.43	6.95	0.36	863
mplight	TRAIN_VERBOSE	18	301.4	3.2	-25.87	8.68	0.38	1338
mplight	TRAIN_VERBOSE	18	383.7	3.2	-34.01	11.88	0.40	1756
mplight	TRAIN	18	383.7	3.2	-34.01	11.88	0.40	1756
mplight	TRAIN_VERBOSE	19	200.6	3.2	-11.79	3.88	0.30	394
mplight	TRAIN_VERBOSE	19	241.3	3.2	-16.07	5.51	0.34	944
mplight	TRAIN_VERBOSE	19	281.4	3.2	-20.45	7.19	0.36	1445
mplight	TRAIN_VERBOSE	19	307.5	3.2	-23.75	8.37	0.38	1962
mplight	TRAIN	19	307.5	3.2	-23.75	8.37	0.38	1962
