mplight	TRAIN_VERBOSE	0	170.6	nan	-9.10	2.94	0.32	468
mplight	TRAIN_VERBOSE	0	184.2	nan	-10.37	3.36	0.35	1114
mplight	TRAIN_VERBOSE	0	185.5	nan	-10.39	3.39	0.35	1707
mplight	TRAIN_VERBOSE	0	185.8	nan	-10.64	3.50	0.35	2351
mplight	TRAIN	0	185.8	nan	-10.64	3.50	0.35	2351
mplight	TRAIN_VERBOSE	1	169.2	1.6	-8.70	2.84	0.29	468
mplight	TRAIN_VERBOSE	1	182.4	1.6	-10.67	3.49	0.32	1118
mplight	TRAIN_VERBOSE	1	180.9	1.6	-10.21	3.34	0.33	1714
mplight	TRAIN_VERBOSE	1	181.5	1.6	-10.30	3.38	0.33	2371
mplight	TRAIN	1	181.5	1.6	-10.30	3.38	0.33	2371
mplight	TRAIN_VERBOSE	2	163.8	1.4	-8.68	2.87	0.30	476
mplight	TRAIN_VERBOSE	2	186.9	1.4	-10.23	3.37	0.33	1111
mplight	TRAIN_VERBOSE	2	185.0	1.4	-10.18	3.36	0.33	1709
mplight	TRAIN_VERBOSE	2	185.6	1.4	-10.58	3.49	0.34	2347
mplight	TRAIN	2	185.6	1.4	-10.58	3.49	0.34	2347
mplight	TRAIN_VERBOSE	3	168.1	1.4	-8.59	2.87	0.30	488
mplight	TRAIN_VERBOSE	3	188.3	1.4	-10.50	3.57	0.33	1095
mplight	TRAIN_VERBOSE	3	191.8	1.4	-10.90	3.67	0.34	1706
mplight	TRAIN_VERBOSE	3	191.2	1.5	-10.93	3.69	0.34	2351
mplight	TRAIN	3	191.2	1.5	-10.93	3.69	0.34	2351
mplight	TRAIN_VERBOSE	4	169.5	1.5	-8.54	2.81	0.31	467
mplight	TRAIN_VERBOSE	4	185.1	1.4	-10.25	3.40	0.34	1119
mplight	TRAIN_VERBOSE	4	183.8	1.4	-9.89	3.28	0.33	1716
mplight	TRAIN_VERBOSE	4	185.3	1.4	-10.34	3.43	0.34	2344
mplight	TRAIN	4	185.3	1.4	-10.34	3.43	0.34	2344
mplight	TRAIN_VERBOSE	5	170.3	1.4	-8.40	2.78	0.30	482
mplight	TRAIN_VERBOSE	5	184.1	1.4	-10.15	3.37	0.33	1133
mplight	TRAIN_VERBOSE	5	184.4	1.3	-10.09	3.35	0.33	1715
mplight	TRAIN_VERBOSE	5	185.5	1.3	-10.42	3.45	0.34	2350
mplight	TRAIN	5	185.5	1.3	-10.42	3.45	0.34	2350
mplight	TRAIN_VERBOSE	6	176.3	1.2	-9.13	3.04	0.32	477
mplight	TRAIN_VERBOSE	6	185.8	1.2	-10.54	3.45	0.33	1124
mplight	TRAIN_VERBOSE	6	183.5	1.2	-10.30	3.38	0.34	1718
mplight	TRAIN_VERBOSE	6	184.1	1.3	-10.44	3.44	0.34	2352
mplight	TRAIN	6	184.1	1.3	-10.44	3.44	0.34	2352
mplight	TRAIN_VERBOSE	7	161.6	1.2	-8.18	2.63	0.32	462
mplight	TRAIN_VERBOSE	7	179.3	1.1	-9.86	3.19	0.34	1113
mplight	TRAIN_VERBOSE	7	181.0	1.1	-9.96	3.25	0.34	1697
mplight	TRAIN_VERBOSE	7	185.2	1.1	-10.53	3.43	0.35	2328
mplight	TRAIN	7	185.2	1.1	-10.53	3.43	0.35	2328
mplight	TRAIN_VERBOSE	8	160.8	1.1	-8.59	2.78	0.31	477
mplight	TRAIN_VERBOSE	8	179.7	1.1	-10.45	3.36	0.33	1108
mplight	TRAIN_VERBOSE	8	182.2	1.1	-10.65	3.44	0.33	1712
mplight	TRAIN_VERBOSE	8	185.9	1.1	-11.25	3.63	0.34	2342
mplight	TRAIN	8	185.9	1.1	-11.25	3.63	0.34	2342
mplight	TRAIN_VERBOSE	9	159.0	1.2	-7.67	2.52	0.29	481
mplight	TRAIN_VERBOSE	9	178.2	1.2	-10.09	3.29	0.33	1121
mplight	TRAIN_VERBOSE	9	180.9	1.2	-10.15	3.30	0.33	1705
mplight	TRAIN_VERBOSE	9	181.1	1.2	-10.39	3.38	0.34	2335
mplight	TRAIN	9	181.1	1.2	-10.39	3.38	0.34	2335
mplight	TRAIN_VERBOSE	10	159.1	1.1	-8.35	2.73	0.30	474
mplight	TRAIN_VERBOSE	10	184.2	1.1	-10.66	3.45	0.33	1083
mplight	TRAIN_VERBOSE	10	189.3	1.1	-11.23	3.64	0.34	1704
mplight	TRAIN_VERBOSE	10	193.8	1.1	-11.83	3.84	0.35	2324
mplight	TRAIN	10	193.8	1.1	-11.83	3.84	0.35	2324
mplight	TRAIN_VERBOSE	11	164.1	1.1	-8.87	2.87	0.31	472
mplight	TRAIN_VERBOSE	11	184.5	1.1	-10.76	3.48	0.34	1117
mplight	TRAIN_VERBOSE	11	185.8	1.2	-10.57	3.44	0.34	1720
mplight	TRAIN_VERBOSE	11	188.6	1.2	-10.95	3.56	0.35	2360
mplight	TRAIN	11	188.6	1.2	-10.95	3.56	0.35	2360
mplight	TRAIN_VERBOSE	12	169.4	1.2	-8.60	2.75	0.30	480
mplight	TRAIN_VERBOSE	12	179.5	1.2	-9.74	3.15	0.32	1099
mplight	TRAIN_VERBOSE	12	180.4	1.2	-9.77	3.17	0.33	1720
mplight	TRAIN_VERBOSE	12	182.5	1.2	-10.20	3.33	0.33	2342
mplight	TRAIN	12	182.5	1.2	-10.20	3.33	0.33	2342
mplight	TRAIN_VERBOSE	13	173.0	1.1	-8.69	2.87	0.30	473
mplight	TRAIN_VERBOSE	13	187.8	1.1	-10.38	3.44	0.33	1116
mplight	TRAIN_VERBOSE	13	186.7	1.1	-10.24	3.41	0.33	1710
mplight	TRAIN_VERBOSE	13	188.8	1.1	-10.64	3.52	0.34	2349
mplight	TRAIN	13	188.8	1.1	-10.64	3.52	0.34	2349
mplight	TRAIN_VERBOSE	14	162.9	1.0	-8.30	2.69	0.30	487
mplight	TRAIN_VERBOSE	14	176.4	1.0	-9.88	3.21	0.32	1124
mplight	TRAIN_VERBOSE	14	180.1	0.9	-10.14	3.29	0.33	1721
mplight	TRAIN_VERBOSE	14	182.6	1.0	-10.63	3.45	0.34	2350
mplight	TRAIN	14	182.6	1.0	-10.63	3.45	0.34	2350
mplight	TRAIN_VERBOSE	15	164.3	1.0	-8.36	2.74	0.31	489
mplight	TRAIN_VERBOSE	15	181.9	0.9	-10.30	3.36	0.33	1127
mplight	TRAIN_VERBOSE	15	182.5	0.9	-10.18	3.33	0.33	1707
mplight	TRAIN_VERBOSE	15	189.4	0.9	-10.63	3.53	0.34	2287
mplight	TRAIN	15	189.4	0.9	-10.63	3.53	0.34	2287
mplight	TRAIN_VERBOSE	16	170.4	0.9	-8.60	2.87	0.31	477
mplight	TRAIN_VERBOSE	16	181.1	0.9	-10.30	3.37	0.34	1119
mplight	TRAIN_VERBOSE	16	181.9	0.9	-10.27	3.34	0.33	1727
mplight	TRAIN_VERBOSE	16	183.9	0.9	-10.62	3.47	0.34	2344
mplight	TRAIN	16	183.9	0.9	-10.62	3.47	0.34	2344
mplight	TRAIN_VERBOSE	17	157.7	0.9	-8.18	2.70	0.29	471
mplight	TRAIN_VERBOSE	17	179.1	0.9	-9.99	3.29	0.32	1106
mplight	TRAIN_VERBOSE	17	182.6	0.9	-10.02	3.30	0.33	1711
mplight	TRAIN_VERBOSE	17	183.5	0.9	-10.48	3.43	0.33	2344
mplight	TRAIN	17	183.5	0.9	-10.48	3.43	0.33	2344
mplight	TRAIN_VERBOSE	18	159.3	0.9	-7.64	2.49	0.30	506
mplight	TRAIN_VERBOSE	18	170.0	0.9	-8.99	2.93	0.32	1127
mplight	TRAIN_VERBOSE	18	174.5	0.9	-9.04	2.98	0.33	1707
mplight	TRAIN_VERBOSE	18	177.5	0.9	-9.59	3.15	0.34	2348
mplight	TRAIN	18	177.5	0.9	-9.59	3.15	0.34	2348
mplight	TRAIN_VERBOSE	19	160.9	0.9	-8.19	2.67	0.30	490
mplight	TRAIN_VERBOSE	19	181.7	0.9	-10.14	3.31	0.32	1108
mplight	TRAIN_VERBOSE	19	180.8	0.9	-10.05	3.27	0.33	1705
mplight	TRAIN_VERBOSE	19	182.8	0.9	-10.30	3.38	0.33	2338
mplight	TRAIN	19	182.8	0.9	-10.30	3.38	0.33	2338
