step:3600/3600, q_loss:nan, rewards:-7.776215277777778, queue:2.6039930555555557, delay:0.3114283243815104, throughput:1909
episode:0/20, real avg travel time:172.21843897328444
intersection:0, mean_episode_reward:-0.2322569489479065, mean_queue:1.2861111164093018
intersection:1, mean_episode_reward:-1.363229513168335, mean_queue:7.211111068725586
intersection:2, mean_episode_reward:-1.3141666650772095, mean_queue:6.686110973358154
intersection:3, mean_episode_reward:-0.5342710018157959, mean_queue:2.3777778148651123
intersection:4, mean_episode_reward:-0.20149299502372742, mean_queue:1.0944443941116333
intersection:5, mean_episode_reward:-0.2445138543844223, mean_queue:1.399999976158142
intersection:6, mean_episode_reward:-0.2294791340827942, mean_queue:1.2388888597488403
intersection:7, mean_episode_reward:-0.08781253546476364, mean_queue:0.4694444537162781
intersection:8, mean_episode_reward:-0.2453124225139618, mean_queue:1.3444443941116333
intersection:9, mean_episode_reward:-0.2897569537162781, mean_queue:1.505555510520935
intersection:10, mean_episode_reward:-0.14180558919906616, mean_queue:0.6833333373069763
intersection:11, mean_episode_reward:-0.4902777671813965, mean_queue:2.4361112117767334
intersection:12, mean_episode_reward:-1.1535414457321167, mean_queue:6.68055534362793
intersection:13, mean_episode_reward:-0.7487846612930298, mean_queue:4.416666507720947
intersection:14, mean_episode_reward:-0.21427080035209656, mean_queue:1.2333333492279053
intersection:15, mean_episode_reward:-0.28524306416511536, mean_queue:1.600000023841858
step:3600/3600, q_loss:0.945493078607652, rewards:-7.110624186197916, queue:2.4227430555555554, delay:0.3028082529703776, throughput:1897
episode:1/20, real avg travel time:165.1112282551397
intersection:0, mean_episode_reward:-0.22427071630954742, mean_queue:1.3055555820465088
intersection:1, mean_episode_reward:-1.388992190361023, mean_queue:7.291666507720947
intersection:2, mean_episode_reward:-1.0610764026641846, mean_queue:5.497222423553467
intersection:3, mean_episode_reward:-0.5304166078567505, mean_queue:2.3416666984558105
intersection:4, mean_episode_reward:-0.15131953358650208, mean_queue:0.8694444298744202
intersection:5, mean_episode_reward:-0.2357291579246521, mean_queue:1.394444465637207
intersection:6, mean_episode_reward:-0.19749997556209564, mean_queue:1.1083333492279053
intersection:7, mean_episode_reward:-0.10204866528511047, mean_queue:0.5027777552604675
intersection:8, mean_episode_reward:-0.29277774691581726, mean_queue:1.6555556058883667
intersection:9, mean_episode_reward:-0.24204860627651215, mean_queue:1.2583333253860474
intersection:10, mean_episode_reward:-0.10850698500871658, mean_queue:0.5527777671813965
intersection:11, mean_episode_reward:-0.4596528708934784, mean_queue:2.308333396911621
intersection:12, mean_episode_reward:-0.9715629816055298, mean_queue:5.663888931274414
intersection:13, mean_episode_reward:-0.7219445109367371, mean_queue:4.60277795791626
intersection:14, mean_episode_reward:-0.2221180647611618, mean_queue:1.2416666746139526
intersection:15, mean_episode_reward:-0.20065970718860626, mean_queue:1.1694444417953491
step:3600/3600, q_loss:0.8954459443274472, rewards:-7.928229437934028, queue:2.671875, delay:0.3203855938381619, throughput:1894
episode:2/20, real avg travel time:174.2750791974657
intersection:0, mean_episode_reward:-0.26430544257164, mean_queue:1.5611110925674438
intersection:1, mean_episode_reward:-1.5282981395721436, mean_queue:8.175000190734863
intersection:2, mean_episode_reward:-1.261458158493042, mean_queue:6.458333492279053
intersection:3, mean_episode_reward:-0.5488887429237366, mean_queue:2.383333444595337
intersection:4, mean_episode_reward:-0.1860416680574417, mean_queue:1.0027778148651123
intersection:5, mean_episode_reward:-0.21947914361953735, mean_queue:1.2916666269302368
intersection:6, mean_episode_reward:-0.279166579246521, mean_queue:1.4833333492279053
intersection:7, mean_episode_reward:-0.1329861581325531, mean_queue:0.6499999761581421
intersection:8, mean_episode_reward:-0.2693055272102356, mean_queue:1.4527777433395386
intersection:9, mean_episode_reward:-0.25298601388931274, mean_queue:1.3305555582046509
intersection:10, mean_episode_reward:-0.13649305701255798, mean_queue:0.6472222208976746
intersection:11, mean_episode_reward:-0.43576380610466003, mean_queue:2.1861112117767334
intersection:12, mean_episode_reward:-1.044792652130127, mean_queue:6.047222137451172
intersection:13, mean_episode_reward:-0.9038200378417969, mean_queue:5.349999904632568
intersection:14, mean_episode_reward:-0.19173608720302582, mean_queue:1.1166666746139526
intersection:15, mean_episode_reward:-0.27270838618278503, mean_queue:1.6138888597488403
step:3600/3600, q_loss:0.8499296074588265, rewards:-7.23861083984375, queue:2.4678819444444446, delay:0.30286199781629775, throughput:1900
episode:3/20, real avg travel time:167.53842105263158
intersection:0, mean_episode_reward:-0.16697917878627777, mean_queue:1.0027778148651123
intersection:1, mean_episode_reward:-1.433958888053894, mean_queue:7.586111068725586
intersection:2, mean_episode_reward:-1.100486159324646, mean_queue:5.699999809265137
intersection:3, mean_episode_reward:-0.48722195625305176, mean_queue:2.1972222328186035
intersection:4, mean_episode_reward:-0.1638888418674469, mean_queue:0.8972222208976746
intersection:5, mean_episode_reward:-0.22989585995674133, mean_queue:1.3666666746139526
intersection:6, mean_episode_reward:-0.2237846553325653, mean_queue:1.2361111640930176
intersection:7, mean_episode_reward:-0.0753125473856926, mean_queue:0.41111111640930176
intersection:8, mean_episode_reward:-0.28236085176467896, mean_queue:1.475000023841858
intersection:9, mean_episode_reward:-0.25124987959861755, mean_queue:1.3222222328186035
intersection:10, mean_episode_reward:-0.10086806863546371, mean_queue:0.5333333611488342
intersection:11, mean_episode_reward:-0.4588540494441986, mean_queue:2.3416666984558105
intersection:12, mean_episode_reward:-1.0287498235702515, mean_queue:5.972222328186035
intersection:13, mean_episode_reward:-0.801007091999054, mean_queue:4.949999809265137
intersection:14, mean_episode_reward:-0.1867361217737198, mean_queue:1.0472222566604614
intersection:15, mean_episode_reward:-0.24725693464279175, mean_queue:1.4472222328186035
step:3600/3600, q_loss:0.8552642848338519, rewards:-7.26920166015625, queue:2.4765625, delay:0.303475464714898, throughput:1900
episode:4/20, real avg travel time:168.53842105263158
intersection:0, mean_episode_reward:-0.2076735645532608, mean_queue:1.1583333015441895
intersection:1, mean_episode_reward:-1.3739579916000366, mean_queue:7.22777795791626
intersection:2, mean_episode_reward:-1.0553474426269531, mean_queue:5.4666666984558105
intersection:3, mean_episode_reward:-0.5382636785507202, mean_queue:2.366666555404663
intersection:4, mean_episode_reward:-0.15208333730697632, mean_queue:0.8500000238418579
intersection:5, mean_episode_reward:-0.20315973460674286, mean_queue:1.2194443941116333
intersection:6, mean_episode_reward:-0.2512153387069702, mean_queue:1.3611111640930176
intersection:7, mean_episode_reward:-0.10142365843057632, mean_queue:0.5222222208976746
intersection:8, mean_episode_reward:-0.2702430784702301, mean_queue:1.5138888359069824
intersection:9, mean_episode_reward:-0.26618045568466187, mean_queue:1.4194444417953491
intersection:10, mean_episode_reward:-0.13815975189208984, mean_queue:0.6833333373069763
intersection:11, mean_episode_reward:-0.3844444751739502, mean_queue:2.030555486679077
intersection:12, mean_episode_reward:-1.2002432346343994, mean_queue:7.0333333015441895
intersection:13, mean_episode_reward:-0.7176039814949036, mean_queue:4.413888931274414
intersection:14, mean_episode_reward:-0.21545137465000153, mean_queue:1.230555534362793
intersection:15, mean_episode_reward:-0.1937500238418579, mean_queue:1.1277778148651123
step:3600/3600, q_loss:0.8189848161430822, rewards:-7.22274169921875, queue:2.4581597222222222, delay:0.2995253456963433, throughput:1897
episode:5/20, real avg travel time:167.2709541381128
intersection:0, mean_episode_reward:-0.20416666567325592, mean_queue:1.2138888835906982
intersection:1, mean_episode_reward:-1.5318742990493774, mean_queue:8.066666603088379
intersection:2, mean_episode_reward:-1.0591320991516113, mean_queue:5.488888740539551
intersection:3, mean_episode_reward:-0.529826283454895, mean_queue:2.4000000953674316
intersection:4, mean_episode_reward:-0.14395830035209656, mean_queue:0.7944444417953491
intersection:5, mean_episode_reward:-0.21184024214744568, mean_queue:1.25
intersection:6, mean_episode_reward:-0.18225686252117157, mean_queue:1.019444465637207
intersection:7, mean_episode_reward:-0.08954863995313644, mean_queue:0.4833333194255829
intersection:8, mean_episode_reward:-0.27857640385627747, mean_queue:1.5527777671813965
intersection:9, mean_episode_reward:-0.24999991059303284, mean_queue:1.3111110925674438
intersection:10, mean_episode_reward:-0.10416670143604279, mean_queue:0.5333333611488342
intersection:11, mean_episode_reward:-0.3889930248260498, mean_queue:1.975000023841858
intersection:12, mean_episode_reward:-1.0884371995925903, mean_queue:6.338889122009277
intersection:13, mean_episode_reward:-0.728090226650238, mean_queue:4.44444465637207
intersection:14, mean_episode_reward:-0.22954866290092468, mean_queue:1.3055555820465088
intersection:15, mean_episode_reward:-0.20232637226581573, mean_queue:1.1527777910232544
step:3600/3600, q_loss:0.8216062995940446, rewards:-6.937464735243055, queue:2.393576388888889, delay:0.2921812693277995, throughput:1920
episode:6/20, real avg travel time:164.42135416666667
intersection:0, mean_episode_reward:-0.20743054151535034, mean_queue:1.274999976158142
intersection:1, mean_episode_reward:-1.426354169845581, mean_queue:7.588889122009277
intersection:2, mean_episode_reward:-1.16861093044281, mean_queue:6.127777576446533
intersection:3, mean_episode_reward:-0.5198612213134766, mean_queue:2.316666603088379
intersection:4, mean_episode_reward:-0.13479170203208923, mean_queue:0.7916666865348816
intersection:5, mean_episode_reward:-0.19809024035930634, mean_queue:1.211111068725586
intersection:6, mean_episode_reward:-0.16743049025535583, mean_queue:0.9638888835906982
intersection:7, mean_episode_reward:-0.07149306684732437, mean_queue:0.40833333134651184
intersection:8, mean_episode_reward:-0.2461804896593094, mean_queue:1.375
intersection:9, mean_episode_reward:-0.19624997675418854, mean_queue:1.0805555582046509
intersection:10, mean_episode_reward:-0.10798615217208862, mean_queue:0.5555555820465088
intersection:11, mean_episode_reward:-0.41604143381118774, mean_queue:2.144444465637207
intersection:12, mean_episode_reward:-1.002778172492981, mean_queue:5.883333206176758
intersection:13, mean_episode_reward:-0.6488194465637207, mean_queue:4.094444274902344
intersection:14, mean_episode_reward:-0.20093746483325958, mean_queue:1.1666666269302368
intersection:15, mean_episode_reward:-0.22440974414348602, mean_queue:1.3138889074325562
step:3600/3600, q_loss:0.8344395315887201, rewards:-7.31708238389757, queue:2.4956597222222223, delay:0.3119591606987847, throughput:1906
episode:7/20, real avg travel time:168.75341028331584
intersection:0, mean_episode_reward:-0.2381596714258194, mean_queue:1.3972222805023193
intersection:1, mean_episode_reward:-1.4751734733581543, mean_queue:7.675000190734863
intersection:2, mean_episode_reward:-0.9954512119293213, mean_queue:5.133333206176758
intersection:3, mean_episode_reward:-0.4563541114330292, mean_queue:2.066666603088379
intersection:4, mean_episode_reward:-0.14124999940395355, mean_queue:0.7777777910232544
intersection:5, mean_episode_reward:-0.22340267896652222, mean_queue:1.288888931274414
intersection:6, mean_episode_reward:-0.19576378166675568, mean_queue:1.1166666746139526
intersection:7, mean_episode_reward:-0.0740625411272049, mean_queue:0.4166666567325592
intersection:8, mean_episode_reward:-0.3632291257381439, mean_queue:1.994444489479065
intersection:9, mean_episode_reward:-0.27972206473350525, mean_queue:1.480555534362793
intersection:10, mean_episode_reward:-0.13857632875442505, mean_queue:0.699999988079071
intersection:11, mean_episode_reward:-0.3682290315628052, mean_queue:1.8444443941116333
intersection:12, mean_episode_reward:-1.1191667318344116, mean_queue:6.441666603088379
intersection:13, mean_episode_reward:-0.7632291913032532, mean_queue:4.688889026641846
intersection:14, mean_episode_reward:-0.22989588975906372, mean_queue:1.369444489479065
intersection:15, mean_episode_reward:-0.25541654229164124, mean_queue:1.538888931274414
step:3600/3600, q_loss:0.7966821660556727, rewards:-8.024131944444445, queue:2.7263888888888888, delay:0.3065010706583659, throughput:1899
episode:8/20, real avg travel time:176.65192206424433
intersection:0, mean_episode_reward:-0.21055549383163452, mean_queue:1.230555534362793
intersection:1, mean_episode_reward:-1.5115971565246582, mean_queue:8.019444465637207
intersection:2, mean_episode_reward:-1.2397218942642212, mean_queue:6.43055534362793
intersection:3, mean_episode_reward:-0.5835419297218323, mean_queue:2.605555534362793
intersection:4, mean_episode_reward:-0.16326387226581573, mean_queue:0.9194444417953491
intersection:5, mean_episode_reward:-0.22538186609745026, mean_queue:1.3111110925674438
intersection:6, mean_episode_reward:-0.1900346726179123, mean_queue:1.0805555582046509
intersection:7, mean_episode_reward:-0.09468752890825272, mean_queue:0.5027777552604675
intersection:8, mean_episode_reward:-0.2351735383272171, mean_queue:1.3777778148651123
intersection:9, mean_episode_reward:-0.27444443106651306, mean_queue:1.4361110925674438
intersection:10, mean_episode_reward:-0.12225693464279175, mean_queue:0.6388888955116272
intersection:11, mean_episode_reward:-0.4093403220176697, mean_queue:2.1611111164093018
intersection:12, mean_episode_reward:-1.4421873092651367, mean_queue:8.102777481079102
intersection:13, mean_episode_reward:-0.7730556130409241, mean_queue:4.641666889190674
intersection:14, mean_episode_reward:-0.2331944853067398, mean_queue:1.3277777433395386
intersection:15, mean_episode_reward:-0.31569427251815796, mean_queue:1.836111068725586
step:3600/3600, q_loss:0.8361353267340197, rewards:-6.606319173177083, queue:2.2760416666666665, delay:0.2929050021701389, throughput:1911
episode:9/20, real avg travel time:159.4960753532182
intersection:0, mean_episode_reward:-0.15163196623325348, mean_queue:0.9083333611488342
intersection:1, mean_episode_reward:-1.3717362880706787, mean_queue:7.25
intersection:2, mean_episode_reward:-1.039409875869751, mean_queue:5.402777671813965
intersection:3, mean_episode_reward:-0.48791664838790894, mean_queue:2.219444513320923
intersection:4, mean_episode_reward:-0.14781250059604645, mean_queue:0.8222222328186035
intersection:5, mean_episode_reward:-0.20329858362674713, mean_queue:1.2277777194976807
intersection:6, mean_episode_reward:-0.1776735484600067, mean_queue:1.0444444417953491
intersection:7, mean_episode_reward:-0.07725696265697479, mean_queue:0.41111111640930176
intersection:8, mean_episode_reward:-0.2173958420753479, mean_queue:1.269444465637207
intersection:9, mean_episode_reward:-0.23611098527908325, mean_queue:1.2944444417953491
intersection:10, mean_episode_reward:-0.10739587247371674, mean_queue:0.5805555582046509
intersection:11, mean_episode_reward:-0.35857635736465454, mean_queue:1.8583333492279053
intersection:12, mean_episode_reward:-0.9860764145851135, mean_queue:5.777777671813965
intersection:13, mean_episode_reward:-0.6155207753181458, mean_queue:3.797222137451172
intersection:14, mean_episode_reward:-0.19923610985279083, mean_queue:1.1833332777023315
intersection:15, mean_episode_reward:-0.22927068173885345, mean_queue:1.369444489479065
step:3600/3600, q_loss:0.8016437456376023, rewards:-6.575624593098959, queue:2.257465277777778, delay:0.2887484656439887, throughput:1915
episode:10/20, real avg travel time:157.39216710182768
intersection:0, mean_episode_reward:-0.1437152922153473, mean_queue:0.8611111044883728
intersection:1, mean_episode_reward:-1.3986809253692627, mean_queue:7.369444370269775
intersection:2, mean_episode_reward:-0.9791315793991089, mean_queue:5.130555629730225
intersection:3, mean_episode_reward:-0.5001389384269714, mean_queue:2.2722222805023193
intersection:4, mean_episode_reward:-0.14250001311302185, mean_queue:0.7805555462837219
intersection:5, mean_episode_reward:-0.20152774453163147, mean_queue:1.2055555582046509
intersection:6, mean_episode_reward:-0.216041699051857, mean_queue:1.149999976158142
intersection:7, mean_episode_reward:-0.06868056952953339, mean_queue:0.38055557012557983
intersection:8, mean_episode_reward:-0.2712845802307129, mean_queue:1.4833333492279053
intersection:9, mean_episode_reward:-0.26510411500930786, mean_queue:1.4111111164093018
intersection:10, mean_episode_reward:-0.0983680859208107, mean_queue:0.5111111402511597
intersection:11, mean_episode_reward:-0.3696525990962982, mean_queue:1.9472222328186035
intersection:12, mean_episode_reward:-0.896736204624176, mean_queue:5.347222328186035
intersection:13, mean_episode_reward:-0.6196873784065247, mean_queue:3.969444513320923
intersection:14, mean_episode_reward:-0.1923610270023346, mean_queue:1.1083333492279053
intersection:15, mean_episode_reward:-0.2120138555765152, mean_queue:1.1916667222976685
step:3600/3600, q_loss:0.701796075736483, rewards:-6.804408772786458, queue:2.326041666666667, delay:0.29843978881835936, throughput:1907
episode:11/20, real avg travel time:163.11221814368116
intersection:0, mean_episode_reward:-0.17888891696929932, mean_queue:1.1083333492279053
intersection:1, mean_episode_reward:-1.313576340675354, mean_queue:7.025000095367432
intersection:2, mean_episode_reward:-1.0544791221618652, mean_queue:5.480555534362793
intersection:3, mean_episode_reward:-0.5265276432037354, mean_queue:2.3694443702697754
intersection:4, mean_episode_reward:-0.14909718930721283, mean_queue:0.8416666388511658
intersection:5, mean_episode_reward:-0.19729161262512207, mean_queue:1.144444465637207
intersection:6, mean_episode_reward:-0.1710069477558136, mean_queue:0.9666666388511658
intersection:7, mean_episode_reward:-0.07645834237337112, mean_queue:0.42222222685813904
intersection:8, mean_episode_reward:-0.26385411620140076, mean_queue:1.505555510520935
intersection:9, mean_episode_reward:-0.23371514678001404, mean_queue:1.2722222805023193
intersection:10, mean_episode_reward:-0.12260417640209198, mean_queue:0.6166666746139526
intersection:11, mean_episode_reward:-0.4272221326828003, mean_queue:2.1500000953674316
intersection:12, mean_episode_reward:-0.9645835161209106, mean_queue:5.699999809265137
intersection:13, mean_episode_reward:-0.6456247568130493, mean_queue:3.8777778148651123
intersection:14, mean_episode_reward:-0.2121875137090683, mean_queue:1.2222222089767456
intersection:15, mean_episode_reward:-0.2672915756702423, mean_queue:1.5138888359069824
step:3600/3600, q_loss:0.7188616321351794, rewards:-7.1222215440538195, queue:2.4614583333333333, delay:0.29961734347873265, throughput:1906
episode:12/20, real avg travel time:168.03725078698847
intersection:0, mean_episode_reward:-0.2148263305425644, mean_queue:1.25
intersection:1, mean_episode_reward:-1.4427427053451538, mean_queue:7.6777777671813965
intersection:2, mean_episode_reward:-1.071631908416748, mean_queue:5.638888835906982
intersection:3, mean_episode_reward:-0.4996873140335083, mean_queue:2.288888931274414
intersection:4, mean_episode_reward:-0.16020828485488892, mean_queue:0.9222221970558167
intersection:5, mean_episode_reward:-0.19225697219371796, mean_queue:1.163888931274414
intersection:6, mean_episode_reward:-0.18291664123535156, mean_queue:1.0166666507720947
intersection:7, mean_episode_reward:-0.06416667252779007, mean_queue:0.3722222149372101
intersection:8, mean_episode_reward:-0.3162153363227844, mean_queue:1.75
intersection:9, mean_episode_reward:-0.2673611044883728, mean_queue:1.4555555582046509
intersection:10, mean_episode_reward:-0.09645836800336838, mean_queue:0.550000011920929
intersection:11, mean_episode_reward:-0.42302078008651733, mean_queue:2.13611102104187
intersection:12, mean_episode_reward:-1.0269099473953247, mean_queue:6.116666793823242
intersection:13, mean_episode_reward:-0.731215238571167, mean_queue:4.541666507720947
intersection:14, mean_episode_reward:-0.20354169607162476, mean_queue:1.1833332777023315
intersection:15, mean_episode_reward:-0.22906248271465302, mean_queue:1.3194444179534912
step:3600/3600, q_loss:0.7023215302228928, rewards:-6.71972181532118, queue:2.3241319444444444, delay:0.2893811967637804, throughput:1919
episode:13/20, real avg travel time:160.86920270974466
intersection:0, mean_episode_reward:-0.16548606753349304, mean_queue:0.9527778029441833
intersection:1, mean_episode_reward:-1.3494445085525513, mean_queue:7.224999904632568
intersection:2, mean_episode_reward:-1.0046870708465576, mean_queue:5.269444465637207
intersection:3, mean_episode_reward:-0.521041750907898, mean_queue:2.36388897895813
intersection:4, mean_episode_reward:-0.14559029042720795, mean_queue:0.8083333373069763
intersection:5, mean_episode_reward:-0.2096874862909317, mean_queue:1.2527778148651123
intersection:6, mean_episode_reward:-0.16940972208976746, mean_queue:0.9916666746139526
intersection:7, mean_episode_reward:-0.07881948351860046, mean_queue:0.4138889014720917
intersection:8, mean_episode_reward:-0.24322906136512756, mean_queue:1.4194444417953491
intersection:9, mean_episode_reward:-0.2571873664855957, mean_queue:1.3305555582046509
intersection:10, mean_episode_reward:-0.09729170054197311, mean_queue:0.49444442987442017
intersection:11, mean_episode_reward:-0.3250693380832672, mean_queue:1.7166666984558105
intersection:12, mean_episode_reward:-0.8898611068725586, mean_queue:5.313889026641846
intersection:13, mean_episode_reward:-0.806666910648346, mean_queue:4.963889122009277
intersection:14, mean_episode_reward:-0.22253462672233582, mean_queue:1.3027777671813965
intersection:15, mean_episode_reward:-0.2337152063846588, mean_queue:1.3666666746139526
step:3600/3600, q_loss:0.617343533164925, rewards:-6.7671522352430555, queue:2.36875, delay:0.29438533782958987, throughput:1909
episode:14/20, real avg travel time:164.2289156626506
intersection:0, mean_episode_reward:-0.1906944066286087, mean_queue:1.1277778148651123
intersection:1, mean_episode_reward:-1.422708511352539, mean_queue:7.672222137451172
intersection:2, mean_episode_reward:-1.0040626525878906, mean_queue:5.35277795791626
intersection:3, mean_episode_reward:-0.49770817160606384, mean_queue:2.325000047683716
intersection:4, mean_episode_reward:-0.1422569304704666, mean_queue:0.7749999761581421
intersection:5, mean_episode_reward:-0.20190966129302979, mean_queue:1.230555534362793
intersection:6, mean_episode_reward:-0.16524305939674377, mean_queue:0.9194444417953491
intersection:7, mean_episode_reward:-0.07875001430511475, mean_queue:0.4583333432674408
intersection:8, mean_episode_reward:-0.2662152051925659, mean_queue:1.5305556058883667
intersection:9, mean_episode_reward:-0.23166672885417938, mean_queue:1.2777777910232544
intersection:10, mean_episode_reward:-0.10100694000720978, mean_queue:0.5444444417953491
intersection:11, mean_episode_reward:-0.33555540442466736, mean_queue:1.774999976158142
intersection:12, mean_episode_reward:-0.9527085423469543, mean_queue:5.816666603088379
intersection:13, mean_episode_reward:-0.8028124570846558, mean_queue:4.891666889190674
intersection:14, mean_episode_reward:-0.1559375822544098, mean_queue:0.9111111164093018
intersection:15, mean_episode_reward:-0.2179165482521057, mean_queue:1.2916666269302368
step:3600/3600, q_loss:0.6055362777370545, rewards:-6.889791531032986, queue:2.397222222222222, delay:0.30227313571506076, throughput:1904
episode:15/20, real avg travel time:164.22584033613447
intersection:0, mean_episode_reward:-0.19690971076488495, mean_queue:1.1361111402511597
intersection:1, mean_episode_reward:-1.3752779960632324, mean_queue:7.288888931274414
intersection:2, mean_episode_reward:-0.9553471207618713, mean_queue:5.06944465637207
intersection:3, mean_episode_reward:-0.5094443559646606, mean_queue:2.280555486679077
intersection:4, mean_episode_reward:-0.13461804389953613, mean_queue:0.7638888955116272
intersection:5, mean_episode_reward:-0.23218752443790436, mean_queue:1.3777778148651123
intersection:6, mean_episode_reward:-0.16114582121372223, mean_queue:0.9916666746139526
intersection:7, mean_episode_reward:-0.07864584028720856, mean_queue:0.4194444417953491
intersection:8, mean_episode_reward:-0.31437498331069946, mean_queue:1.7999999523162842
intersection:9, mean_episode_reward:-0.2801041901111603, mean_queue:1.524999976158142
intersection:10, mean_episode_reward:-0.14847218990325928, mean_queue:0.7361111044883728
intersection:11, mean_episode_reward:-0.36732643842697144, mean_queue:1.899999976158142
intersection:12, mean_episode_reward:-1.0166665315628052, mean_queue:6.0916666984558105
intersection:13, mean_episode_reward:-0.6861806511878967, mean_queue:4.330555438995361
intersection:14, mean_episode_reward:-0.20871533453464508, mean_queue:1.2805556058883667
intersection:15, mean_episode_reward:-0.22437500953674316, mean_queue:1.3638888597488403
step:3600/3600, q_loss:0.5812004939582612, rewards:-6.780520968967014, queue:2.3671875, delay:0.29866881900363496, throughput:1915
episode:16/20, real avg travel time:162.07258485639687
intersection:0, mean_episode_reward:-0.2094443440437317, mean_queue:1.2166666984558105
intersection:1, mean_episode_reward:-1.3725005388259888, mean_queue:7.530555725097656
intersection:2, mean_episode_reward:-0.9747220277786255, mean_queue:5.105555534362793
intersection:3, mean_episode_reward:-0.5525001287460327, mean_queue:2.469444513320923
intersection:4, mean_episode_reward:-0.14315974712371826, mean_queue:0.8055555820465088
intersection:5, mean_episode_reward:-0.20784708857536316, mean_queue:1.2166666984558105
intersection:6, mean_episode_reward:-0.17579858005046844, mean_queue:1.005555510520935
intersection:7, mean_episode_reward:-0.08840282261371613, mean_queue:0.4888888895511627
intersection:8, mean_episode_reward:-0.3073262870311737, mean_queue:1.7027777433395386
intersection:9, mean_episode_reward:-0.24993039667606354, mean_queue:1.3583333492279053
intersection:10, mean_episode_reward:-0.08663196861743927, mean_queue:0.4583333432674408
intersection:11, mean_episode_reward:-0.3201735317707062, mean_queue:1.6888889074325562
intersection:12, mean_episode_reward:-0.9351041913032532, mean_queue:5.650000095367432
intersection:13, mean_episode_reward:-0.7390970587730408, mean_queue:4.747222423553467
intersection:14, mean_episode_reward:-0.22374995052814484, mean_queue:1.3027777671813965
intersection:15, mean_episode_reward:-0.19413195550441742, mean_queue:1.1277778148651123
step:3600/3600, q_loss:0.5175383275838361, rewards:-6.646215142144097, queue:2.301388888888889, delay:0.29775882297092016, throughput:1912
episode:17/20, real avg travel time:158.73221757322176
intersection:0, mean_episode_reward:-0.18996529281139374, mean_queue:1.0805555582046509
intersection:1, mean_episode_reward:-1.237534999847412, mean_queue:6.5722222328186035
intersection:2, mean_episode_reward:-0.9057639241218567, mean_queue:4.780555725097656
intersection:3, mean_episode_reward:-0.45607614517211914, mean_queue:2.066666603088379
intersection:4, mean_episode_reward:-0.1682291477918625, mean_queue:0.9305555820465088
intersection:5, mean_episode_reward:-0.2118055373430252, mean_queue:1.2611111402511597
intersection:6, mean_episode_reward:-0.21017365157604218, mean_queue:1.2000000476837158
intersection:7, mean_episode_reward:-0.10729172080755234, mean_queue:0.5361111164093018
intersection:8, mean_episode_reward:-0.2975694239139557, mean_queue:1.6555556058883667
intersection:9, mean_episode_reward:-0.28354164958000183, mean_queue:1.519444465637207
intersection:10, mean_episode_reward:-0.11680557578802109, mean_queue:0.5944444537162781
intersection:11, mean_episode_reward:-0.38472214341163635, mean_queue:1.9861111640930176
intersection:12, mean_episode_reward:-0.9578473567962646, mean_queue:5.780555725097656
intersection:13, mean_episode_reward:-0.7051735520362854, mean_queue:4.469444274902344
intersection:14, mean_episode_reward:-0.22295133769512177, mean_queue:1.2999999523162842
intersection:15, mean_episode_reward:-0.190763920545578, mean_queue:1.0888888835906982
step:3600/3600, q_loss:0.5413938605934381, rewards:-7.214133029513889, queue:2.5079861111111112, delay:0.30886366102430557, throughput:1897
episode:18/20, real avg travel time:167.7817606747496
intersection:0, mean_episode_reward:-0.2187499850988388, mean_queue:1.2333333492279053
intersection:1, mean_episode_reward:-1.3494795560836792, mean_queue:7.35277795791626
intersection:2, mean_episode_reward:-1.0542014837265015, mean_queue:5.436110973358154
intersection:3, mean_episode_reward:-0.49045154452323914, mean_queue:2.2055554389953613
intersection:4, mean_episode_reward:-0.17465278506278992, mean_queue:0.9666666388511658
intersection:5, mean_episode_reward:-0.1817360520362854, mean_queue:1.1472222805023193
intersection:6, mean_episode_reward:-0.23211801052093506, mean_queue:1.2944444417953491
intersection:7, mean_episode_reward:-0.1073264554142952, mean_queue:0.5444444417953491
intersection:8, mean_episode_reward:-0.3360068202018738, mean_queue:1.7999999523162842
intersection:9, mean_episode_reward:-0.2668055593967438, mean_queue:1.4694443941116333
intersection:10, mean_episode_reward:-0.1352083534002304, mean_queue:0.6833333373069763
intersection:11, mean_episode_reward:-0.3704167306423187, mean_queue:1.9861111640930176
intersection:12, mean_episode_reward:-1.1543406248092651, mean_queue:6.824999809265137
intersection:13, mean_episode_reward:-0.7005554437637329, mean_queue:4.5527777671813965
intersection:14, mean_episode_reward:-0.2181943655014038, mean_queue:1.3250000476837158
intersection:15, mean_episode_reward:-0.22388888895511627, mean_queue:1.3055555820465088
step:3600/3600, q_loss:0.5550080013407601, rewards:-6.613575575086806, queue:2.310416666666667, delay:0.2969318389892578, throughput:1899
episode:19/20, real avg travel time:160.62506582411797
intersection:0, mean_episode_reward:-0.1571180820465088, mean_queue:0.9722222089767456
intersection:1, mean_episode_reward:-1.4388540983200073, mean_queue:7.713889122009277
intersection:2, mean_episode_reward:-0.9989933371543884, mean_queue:5.172222137451172
intersection:3, mean_episode_reward:-0.48006948828697205, mean_queue:2.241666555404663
intersection:4, mean_episode_reward:-0.1691666841506958, mean_queue:0.9166666865348816
intersection:5, mean_episode_reward:-0.252187579870224, mean_queue:1.4833333492279053
intersection:6, mean_episode_reward:-0.18888889253139496, mean_queue:1.0750000476837158
intersection:7, mean_episode_reward:-0.06479167193174362, mean_queue:0.36944442987442017
intersection:8, mean_episode_reward:-0.27753475308418274, mean_queue:1.619444489479065
intersection:9, mean_episode_reward:-0.25357624888420105, mean_queue:1.3777778148651123
intersection:10, mean_episode_reward:-0.10749999433755875, mean_queue:0.5888888835906982
intersection:11, mean_episode_reward:-0.33749982714653015, mean_queue:1.7861111164093018
intersection:12, mean_episode_reward:-0.8665974140167236, mean_queue:5.277777671813965
intersection:13, mean_episode_reward:-0.6342360377311707, mean_queue:4.016666889190674
intersection:14, mean_episode_reward:-0.17600691318511963, mean_queue:1.1083333492279053
intersection:15, mean_episode_reward:-0.21055547893047333, mean_queue:1.2472221851348877
Final Travel Time is 165.9607, mean rewards: -6.8485, queue: 2.3823, delay: 0.3041, throughput: 1910
Total time taken: 303.4783833026886
