mplight	TRAIN_VERBOSE	0	227.5	nan	-17.67	5.65	0.38	401
mplight	TRAIN_VERBOSE	0	286.5	nan	-25.31	8.00	0.41	964
mplight	TRAIN_VERBOSE	0	319.4	nan	-30.08	9.35	0.44	1566
mplight	TRAIN_VERBOSE	0	353.6	nan	-34.71	10.82	0.44	2168
mplight	TRAIN	0	353.6	nan	-34.71	10.82	0.44	2168
mplight	TRAIN_VERBOSE	1	217.6	0.5	-17.57	5.60	0.36	388
mplight	TRAIN_VERBOSE	1	277.7	0.5	-24.23	7.76	0.41	994
mplight	TRAIN_VERBOSE	1	301.1	0.5	-26.86	8.57	0.42	1625
mplight	TRAIN_VERBOSE	1	314.6	0.5	-29.30	9.26	0.44	2240
mplight	TRAIN	1	314.6	0.5	-29.30	9.26	0.44	2240
mplight	TRAIN_VERBOSE	2	223.6	0.5	-18.13	5.72	0.37	404
mplight	TRAIN_VERBOSE	2	297.0	0.5	-26.33	8.42	0.42	957
mplight	TRAIN_VERBOSE	2	345.6	0.4	-31.80	10.16	0.43	1518
mplight	TRAIN_VERBOSE	2	370.0	0.4	-36.24	11.53	0.45	2139
mplight	TRAIN	2	370.0	0.4	-36.24	11.53	0.45	2139
mplight	TRAIN_VERBOSE	3	214.4	0.6	-16.68	5.24	0.36	413
mplight	TRAIN_VERBOSE	3	264.7	0.6	-22.65	7.26	0.40	998
mplight	TRAIN_VERBOSE	3	296.2	0.6	-27.33	8.54	0.42	1596
mplight	TRAIN_VERBOSE	3	320.9	0.6	-30.55	9.58	0.44	2194
mplight	TRAIN	3	320.9	0.6	-30.55	9.58	0.44	2194
mplight	TRAIN_VERBOSE	4	216.2	0.6	-16.41	5.20	0.37	406
mplight	TRAIN_VERBOSE	4	278.2	0.7	-24.47	7.68	0.41	971
mplight	TRAIN_VERBOSE	4	303.9	0.7	-26.38	8.37	0.43	1633
mplight	TRAIN_VERBOSE	4	319.8	0.7	-29.10	9.24	0.44	2234
mplight	TRAIN	4	319.8	0.7	-29.10	9.24	0.44	2234
mplight	TRAIN_VERBOSE	5	206.8	0.7	-15.07	4.76	0.37	424
mplight	TRAIN_VERBOSE	5	251.3	0.7	-22.18	6.97	0.41	997
mplight	TRAIN_VERBOSE	5	288.6	0.7	-25.25	8.05	0.43	1642
mplight	TRAIN_VERBOSE	5	306.5	0.7	-28.38	9.04	0.43	2206
mplight	TRAIN	5	306.5	0.7	-28.38	9.04	0.43	2206
mplight	TRAIN_VERBOSE	6	214.2	0.9	-16.93	5.37	0.36	403
mplight	TRAIN_VERBOSE	6	274.4	0.9	-23.94	7.58	0.41	996
mplight	TRAIN_VERBOSE	6	302.8	0.9	-26.91	8.64	0.42	1618
mplight	TRAIN_VERBOSE	6	322.1	0.9	-30.22	9.59	0.43	2225
mplight	TRAIN	6	322.1	0.9	-30.22	9.59	0.43	2225
mplight	TRAIN_VERBOSE	7	231.3	1.0	-17.60	5.83	0.37	388
mplight	TRAIN_VERBOSE	7	278.5	1.0	-24.04	7.72	0.40	1016
mplight	TRAIN_VERBOSE	7	307.2	1.0	-28.47	9.12	0.42	1549
mplight	TRAIN_VERBOSE	7	339.8	1.0	-31.80	10.21	0.43	2207
mplight	TRAIN	7	339.8	1.0	-31.80	10.21	0.43	2207
mplight	TRAIN_VERBOSE	8	204.4	1.0	-14.10	4.80	0.37	416
mplight	TRAIN_VERBOSE	8	270.7	1.1	-23.27	7.50	0.41	981
mplight	TRAIN_VERBOSE	8	319.4	1.1	-28.96	9.18	0.43	1582
mplight	TRAIN_VERBOSE	8	337.5	1.1	-31.33	9.97	0.44	2247
mplight	TRAIN	8	337.5	1.1	-31.33	9.97	0.44	2247
mplight	TRAIN_VERBOSE	9	211.5	1.2	-15.86	5.18	0.35	408
mplight	TRAIN_VERBOSE	9	258.5	1.2	-22.04	7.06	0.39	1016
mplight	TRAIN_VERBOSE	9	284.9	1.2	-25.43	8.06	0.41	1625
mplight	TRAIN_VERBOSE	9	304.6	1.2	-28.84	9.10	0.42	2216
mplight	TRAIN	9	304.6	1.2	-28.84	9.10	0.42	2216
mplight	TRAIN_VERBOSE	10	222.9	1.4	-16.76	5.34	0.36	408
mplight	TRAIN_VERBOSE	10	265.9	1.3	-22.27	7.26	0.40	1023
mplight	TRAIN_VERBOSE	10	285.5	1.3	-24.28	7.94	0.41	1650
mplight	TRAIN_VERBOSE	10	296.5	1.2	-26.14	8.50	0.42	2261
mplight	TRAIN	10	296.5	1.2	-26.14	8.50	0.42	2261
mplight	TRAIN_VERBOSE	11	216.1	1.2	-15.19	5.01	0.36	421
mplight	TRAIN_VERBOSE	11	250.1	1.2	-20.11	6.58	0.40	1032
mplight	TRAIN_VERBOSE	11	280.8	1.2	-23.64	7.74	0.42	1636
mplight	TRAIN_VERBOSE	11	288.9	1.3	-25.02	8.06	0.42	2291
mplight	TRAIN	11	288.9	1.3	-25.02	8.06	0.42	2291
mplight	TRAIN_VERBOSE	12	222.8	1.3	-17.03	5.43	0.36	391
mplight	TRAIN_VERBOSE	12	264.1	1.3	-21.73	7.03	0.41	1043
mplight	TRAIN_VERBOSE	12	279.1	1.3	-23.33	7.58	0.42	1649
mplight	TRAIN_VERBOSE	12	284.7	1.3	-24.42	7.89	0.42	2290
mplight	TRAIN	12	284.7	1.3	-24.42	7.89	0.42	2290
mplight	TRAIN_VERBOSE	13	218.6	1.3	-15.80	5.06	0.36	426
mplight	TRAIN_VERBOSE	13	255.8	1.3	-21.44	6.95	0.39	1018
mplight	TRAIN_VERBOSE	13	279.0	1.3	-23.79	7.67	0.41	1636
mplight	TRAIN_VERBOSE	13	297.8	1.3	-26.54	8.50	0.42	2240
mplight	TRAIN	13	297.8	1.3	-26.54	8.50	0.42	2240
mplight	TRAIN_VERBOSE	14	216.0	1.4	-16.12	5.23	0.36	419
mplight	TRAIN_VERBOSE	14	261.4	1.5	-22.15	7.20	0.40	1017
mplight	TRAIN_VERBOSE	14	287.0	1.4	-24.60	7.99	0.41	1623
mplight	TRAIN_VERBOSE	14	294.3	1.4	-26.09	8.40	0.41	2259
mplight	TRAIN	14	294.3	1.4	-26.09	8.40	0.41	2259
mplight	TRAIN_VERBOSE	15	205.5	1.4	-14.32	4.65	0.36	427
mplight	TRAIN_VERBOSE	15	245.0	1.4	-19.96	6.44	0.40	1036
mplight	TRAIN_VERBOSE	15	268.4	1.4	-22.45	7.29	0.41	1656
mplight	TRAIN_VERBOSE	15	282.6	1.4	-24.72	7.94	0.42	2262
mplight	TRAIN	15	282.6	1.4	-24.72	7.94	0.42	2262
mplight	TRAIN_VERBOSE	16	215.3	1.5	-15.30	5.05	0.35	421
mplight	TRAIN_VERBOSE	16	245.6	1.5	-19.44	6.37	0.39	1065
mplight	TRAIN_VERBOSE	16	254.7	1.4	-20.99	6.82	0.40	1672
mplight	TRAIN_VERBOSE	16	268.5	1.4	-23.09	7.41	0.41	2284
mplight	TRAIN	16	268.5	1.4	-23.09	7.41	0.41	2284
mplight	TRAIN_VERBOSE	17	184.1	1.5	-11.99	4.00	0.34	451
mplight	TRAIN_VERBOSE	17	213.8	1.5	-16.11	5.32	0.38	1066
mplight	TRAIN_VERBOSE	17	234.4	1.5	-18.61	6.05	0.39	1695
mplight	TRAIN_VERBOSE	17	247.1	1.4	-20.98	6.71	0.40	2287
mplight	TRAIN	17	247.1	1.4	-20.98	6.71	0.40	2287
mplight	TRAIN_VERBOSE	18	206.4	1.4	-15.00	4.86	0.37	412
mplight	TRAIN_VERBOSE	18	256.7	1.4	-21.46	6.81	0.40	1019
mplight	TRAIN_VERBOSE	18	275.4	1.4	-23.27	7.47	0.41	1660
mplight	TRAIN_VERBOSE	18	276.8	1.4	-23.85	7.59	0.42	2315
mplight	TRAIN	18	276.8	1.4	-23.85	7.59	0.42	2315
mplight	TRAIN_VERBOSE	19	205.9	1.5	-13.80	4.50	0.35	442
mplight	TRAIN_VERBOSE	19	252.6	1.5	-21.50	6.77	0.39	989
mplight	TRAIN_VERBOSE	19	295.6	1.5	-26.35	8.40	0.41	1601
mplight	TRAIN_VERBOSE	19	316.7	1.5	-28.22	9.02	0.42	2263
mplight	TRAIN	19	316.7	1.5	-28.22	9.02	0.42	2263
mplight	TRAIN_VERBOSE	20	193.7	1.8	-12.50	4.11	0.36	442
mplight	TRAIN_VERBOSE	20	219.5	1.7	-16.63	5.44	0.39	1048
mplight	TRAIN_VERBOSE	20	245.6	1.7	-19.49	6.35	0.40	1673
mplight	TRAIN_VERBOSE	20	258.2	1.7	-21.81	6.98	0.41	2277
mplight	TRAIN	20	258.2	1.7	-21.81	6.98	0.41	2277
mplight	TRAIN_VERBOSE	21	230.4	1.6	-16.80	5.37	0.37	428
mplight	TRAIN_VERBOSE	21	250.4	1.6	-21.31	6.78	0.40	992
mplight	TRAIN_VERBOSE	21	278.1	1.6	-23.93	7.61	0.41	1652
mplight	TRAIN_VERBOSE	21	291.9	1.6	-26.11	8.23	0.42	2269
mplight	TRAIN	21	291.9	1.6	-26.11	8.23	0.42	2269
mplight	TRAIN_VERBOSE	22	199.8	1.5	-12.95	4.33	0.36	454
mplight	TRAIN_VERBOSE	22	231.6	1.5	-17.98	5.88	0.39	1044
mplight	TRAIN_VERBOSE	22	260.4	1.5	-21.36	6.91	0.41	1660
mplight	TRAIN_VERBOSE	22	269.4	1.5	-23.81	7.57	0.41	2250
mplight	TRAIN	22	269.4	1.5	-23.81	7.57	0.41	2250
mplight	TRAIN_VERBOSE	23	200.1	1.6	-14.67	4.72	0.35	427
mplight	TRAIN_VERBOSE	23	236.1	1.5	-19.38	6.21	0.38	1029
mplight	TRAIN_VERBOSE	23	258.1	1.5	-21.44	6.85	0.40	1672
mplight	TRAIN_VERBOSE	23	263.0	1.5	-22.53	7.12	0.41	2308
mplight	TRAIN	23	263.0	1.5	-22.53	7.12	0.41	2308
mplight	TRAIN_VERBOSE	24	207.2	1.6	-13.80	4.55	0.36	436
mplight	TRAIN_VERBOSE	24	231.4	1.5	-17.74	5.86	0.38	1058
mplight	TRAIN_VERBOSE	24	257.8	1.5	-21.17	6.87	0.41	1653
mplight	TRAIN_VERBOSE	24	270.4	1.5	-23.09	7.39	0.42	2312
mplight	TRAIN	24	270.4	1.5	-23.09	7.39	0.42	2312
mplight	TRAIN_VERBOSE	25	213.0	1.6	-14.82	4.77	0.36	435
mplight	TRAIN_VERBOSE	25	246.3	1.6	-19.34	6.31	0.39	1046
mplight	TRAIN_VERBOSE	25	275.7	1.5	-22.81	7.37	0.41	1610
mplight	TRAIN_VERBOSE	25	286.5	1.5	-24.65	7.94	0.42	2260
mplight	TRAIN	25	286.5	1.5	-24.65	7.94	0.42	2260
mplight	TRAIN_VERBOSE	26	210.2	1.6	-14.81	4.84	0.35	425
mplight	TRAIN_VERBOSE	26	227.0	1.6	-17.64	5.77	0.39	1060
mplight	TRAIN_VERBOSE	26	243.6	1.5	-19.56	6.41	0.39	1664
mplight	TRAIN_VERBOSE	26	249.9	1.5	-20.48	6.66	0.40	2311
mplight	TRAIN	26	249.9	1.5	-20.48	6.66	0.40	2311
mplight	TRAIN_VERBOSE	27	196.1	1.6	-13.38	4.43	0.36	426
mplight	TRAIN_VERBOSE	27	240.7	1.6	-19.99	6.46	0.39	1020
mplight	TRAIN_VERBOSE	27	257.5	1.6	-21.05	6.85	0.40	1686
mplight	TRAIN_VERBOSE	27	262.5	1.6	-21.86	7.14	0.41	2311
mplight	TRAIN	27	262.5	1.6	-21.86	7.14	0.41	2311
mplight	TRAIN_VERBOSE	28	198.0	1.6	-13.86	4.46	0.36	435
mplight	TRAIN_VERBOSE	28	238.4	1.5	-18.93	6.17	0.40	1032
mplight	TRAIN_VERBOSE	28	256.3	1.5	-21.70	6.99	0.41	1645
mplight	TRAIN_VERBOSE	28	270.5	1.5	-23.26	7.46	0.42	2310
mplight	TRAIN	28	270.5	1.5	-23.26	7.46	0.42	2310
mplight	TRAIN_VERBOSE	29	213.0	1.6	-14.47	4.86	0.37	430
mplight	TRAIN_VERBOSE	29	241.8	1.5	-18.33	6.02	0.40	1065
mplight	TRAIN_VERBOSE	29	250.3	1.5	-19.71	6.43	0.40	1673
mplight	TRAIN_VERBOSE	29	257.0	1.5	-20.59	6.72	0.41	2335
mplight	TRAIN	29	257.0	1.5	-20.59	6.72	0.41	2335
mplight	TRAIN_VERBOSE	30	201.1	1.5	-13.35	4.40	0.35	448
mplight	TRAIN_VERBOSE	30	216.8	1.5	-16.08	5.36	0.38	1062
mplight	TRAIN_VERBOSE	30	241.2	1.5	-19.10	6.22	0.39	1676
mplight	TRAIN_VERBOSE	30	246.7	1.5	-19.90	6.47	0.40	2317
mplight	TRAIN	30	246.7	1.5	-19.90	6.47	0.40	2317
mplight	TRAIN_VERBOSE	31	199.2	1.5	-13.10	4.25	0.36	439
mplight	TRAIN_VERBOSE	31	227.1	1.5	-16.93	5.57	0.39	1065
mplight	TRAIN_VERBOSE	31	243.8	1.5	-19.28	6.25	0.40	1658
mplight	TRAIN_VERBOSE	31	253.9	1.5	-20.56	6.72	0.41	2317
mplight	TRAIN	31	253.9	1.5	-20.56	6.72	0.41	2317
mplight	TRAIN_VERBOSE	32	205.2	1.5	-13.44	4.50	0.36	448
mplight	TRAIN_VERBOSE	32	217.4	1.5	-15.93	5.29	0.38	1094
mplight	TRAIN_VERBOSE	32	235.6	1.5	-18.47	6.12	0.39	1637
mplight	TRAIN_VERBOSE	32	249.9	1.5	-19.72	6.55	0.40	2325
mplight	TRAIN	32	249.9	1.5	-19.72	6.55	0.40	2325
mplight	TRAIN_VERBOSE	33	193.1	1.6	-12.77	4.15	0.35	444
mplight	TRAIN_VERBOSE	33	221.3	1.6	-16.91	5.55	0.38	1066
mplight	TRAIN_VERBOSE	33	233.2	1.5	-17.97	5.89	0.39	1678
mplight	TRAIN_VERBOSE	33	239.2	1.5	-18.73	6.13	0.40	2340
mplight	TRAIN	33	239.2	1.5	-18.73	6.13	0.40	2340
mplight	TRAIN_VERBOSE	34	182.0	1.6	-11.76	3.85	0.35	448
mplight	TRAIN_VERBOSE	34	216.6	1.6	-15.68	5.14	0.37	1087
mplight	TRAIN_VERBOSE	34	228.1	1.5	-17.32	5.74	0.39	1678
mplight	TRAIN_VERBOSE	34	240.9	1.5	-18.83	6.26	0.40	2327
mplight	TRAIN	34	240.9	1.5	-18.83	6.26	0.40	2327
mplight	TRAIN_VERBOSE	35	193.0	1.5	-12.26	4.14	0.34	458
mplight	TRAIN_VERBOSE	35	217.8	1.4	-15.85	5.33	0.37	1069
mplight	TRAIN_VERBOSE	35	225.0	1.4	-16.64	5.59	0.38	1693
mplight	TRAIN_VERBOSE	35	227.7	1.4	-17.12	5.73	0.39	2360
mplight	TRAIN	35	227.7	1.4	-17.12	5.73	0.39	2360
mplight	TRAIN_VERBOSE	36	200.7	1.5	-14.26	4.66	0.36	431
mplight	TRAIN_VERBOSE	36	224.5	1.4	-16.81	5.50	0.38	1075
mplight	TRAIN_VERBOSE	36	230.3	1.4	-17.47	5.73	0.39	1701
mplight	TRAIN_VERBOSE	36	235.7	1.4	-18.34	5.99	0.40	2347
mplight	TRAIN	36	235.7	1.4	-18.34	5.99	0.40	2347
mplight	TRAIN_VERBOSE	37	193.4	1.4	-11.89	4.08	0.35	460
mplight	TRAIN_VERBOSE	37	221.2	1.4	-16.03	5.40	0.38	1075
mplight	TRAIN_VERBOSE	37	230.6	1.4	-17.36	5.77	0.39	1674
mplight	TRAIN_VERBOSE	37	236.1	1.4	-18.08	5.98	0.39	2342
mplight	TRAIN	37	236.1	1.4	-18.08	5.98	0.39	2342
mplight	TRAIN_VERBOSE	38	202.7	1.5	-13.06	4.37	0.35	458
mplight	TRAIN_VERBOSE	38	230.6	1.5	-17.86	5.86	0.38	1040
mplight	TRAIN_VERBOSE	38	249.5	1.5	-19.93	6.52	0.40	1678
mplight	TRAIN_VERBOSE	38	253.0	1.5	-20.58	6.67	0.40	2324
mplight	TRAIN	38	253.0	1.5	-20.58	6.67	0.40	2324
mplight	TRAIN_VERBOSE	39	191.8	1.6	-12.24	4.11	0.35	454
mplight	TRAIN_VERBOSE	39	219.1	1.5	-15.68	5.32	0.38	1072
mplight	TRAIN_VERBOSE	39	226.2	1.5	-16.40	5.53	0.39	1704
mplight	TRAIN_VERBOSE	39	232.3	1.5	-17.44	5.81	0.40	2348
mplight	TRAIN	39	232.3	1.5	-17.44	5.81	0.40	2348
mplight	TRAIN_VERBOSE	40	203.6	1.5	-14.70	4.72	0.35	428
mplight	TRAIN_VERBOSE	40	227.4	1.5	-17.33	5.76	0.38	1057
mplight	TRAIN_VERBOSE	40	242.2	1.5	-18.43	6.20	0.39	1681
mplight	TRAIN_VERBOSE	40	253.4	1.5	-20.27	6.75	0.40	2310
mplight	TRAIN	40	253.4	1.5	-20.27	6.75	0.40	2310
mplight	TRAIN_VERBOSE	41	200.7	1.5	-13.59	4.58	0.35	426
mplight	TRAIN_VERBOSE	41	237.1	1.5	-17.61	5.90	0.38	1071
mplight	TRAIN_VERBOSE	41	241.3	1.5	-18.02	6.03	0.39	1684
mplight	TRAIN_VERBOSE	41	245.8	1.6	-18.71	6.25	0.40	2351
mplight	TRAIN	41	245.8	1.6	-18.71	6.25	0.40	2351
mplight	TRAIN_VERBOSE	42	195.9	1.6	-12.79	4.26	0.34	447
mplight	TRAIN_VERBOSE	42	213.3	1.6	-15.86	5.25	0.37	1054
mplight	TRAIN_VERBOSE	42	234.0	1.6	-17.92	5.92	0.39	1695
mplight	TRAIN_VERBOSE	42	234.7	1.6	-17.96	5.94	0.39	2360
mplight	TRAIN	42	234.7	1.6	-17.96	5.94	0.39	2360
mplight	TRAIN_VERBOSE	43	199.8	1.6	-12.46	4.19	0.36	457
mplight	TRAIN_VERBOSE	43	222.7	1.6	-16.14	5.38	0.39	1083
mplight	TRAIN_VERBOSE	43	227.9	1.6	-16.96	5.62	0.39	1707
mplight	TRAIN_VERBOSE	43	230.8	1.6	-17.31	5.77	0.40	2361
mplight	TRAIN	43	230.8	1.6	-17.31	5.77	0.40	2361
mplight	TRAIN_VERBOSE	44	189.9	1.6	-11.49	3.93	0.33	446
mplight	TRAIN_VERBOSE	44	225.4	1.6	-15.94	5.44	0.38	1082
mplight	TRAIN_VERBOSE	44	227.9	1.6	-16.31	5.54	0.39	1705
mplight	TRAIN_VERBOSE	44	231.5	1.5	-17.20	5.77	0.40	2338
mplight	TRAIN	44	231.5	1.5	-17.20	5.77	0.40	2338
mplight	TRAIN_VERBOSE	45	193.3	1.6	-12.75	4.08	0.36	443
mplight	TRAIN_VERBOSE	45	229.3	1.6	-18.03	6.03	0.39	1013
mplight	TRAIN_VERBOSE	45	264.3	1.5	-20.90	6.95	0.40	1674
mplight	TRAIN_VERBOSE	45	259.9	1.6	-20.68	6.89	0.41	2325
mplight	TRAIN	45	259.9	1.6	-20.68	6.89	0.41	2325
mplight	TRAIN_VERBOSE	46	197.5	1.7	-12.31	4.23	0.35	440
mplight	TRAIN_VERBOSE	46	222.3	1.7	-16.11	5.43	0.38	1057
mplight	TRAIN_VERBOSE	46	231.7	1.7	-17.25	5.74	0.39	1703
mplight	TRAIN_VERBOSE	46	234.3	1.7	-17.69	5.89	0.39	2347
mplight	TRAIN	46	234.3	1.7	-17.69	5.89	0.39	2347
mplight	TRAIN_VERBOSE	47	192.8	1.8	-12.32	4.04	0.35	445
mplight	TRAIN_VERBOSE	47	214.7	1.7	-15.50	5.06	0.38	1080
mplight	TRAIN_VERBOSE	47	227.4	1.7	-17.18	5.59	0.38	1715
mplight	TRAIN_VERBOSE	47	222.6	1.7	-16.81	5.47	0.39	2365
mplight	TRAIN	47	222.6	1.7	-16.81	5.47	0.39	2365
mplight	TRAIN_VERBOSE	48	181.3	1.5	-12.17	4.03	0.34	456
mplight	TRAIN_VERBOSE	48	220.0	1.4	-16.52	5.43	0.38	1072
mplight	TRAIN_VERBOSE	48	229.3	1.4	-17.66	5.74	0.39	1701
mplight	TRAIN_VERBOSE	48	236.6	1.5	-18.65	6.05	0.40	2354
mplight	TRAIN	48	236.6	1.5	-18.65	6.05	0.40	2354
mplight	TRAIN_VERBOSE	49	190.6	1.6	-11.37	3.90	0.35	457
mplight	TRAIN_VERBOSE	49	212.4	1.6	-14.82	5.02	0.38	1078
mplight	TRAIN_VERBOSE	49	216.6	1.6	-15.35	5.16	0.38	1721
mplight	TRAIN_VERBOSE	49	220.6	1.6	-15.91	5.38	0.39	2351
mplight	TRAIN	49	220.6	1.6	-15.91	5.38	0.39	2351
mplight	TRAIN_VERBOSE	50	194.9	1.7	-11.40	3.89	0.35	469
mplight	TRAIN_VERBOSE	50	204.8	1.6	-13.57	4.63	0.37	1107
mplight	TRAIN_VERBOSE	50	205.0	1.6	-13.77	4.69	0.37	1724
mplight	TRAIN_VERBOSE	50	209.4	1.6	-14.61	4.93	0.38	2360
mplight	TRAIN	50	209.4	1.6	-14.61	4.93	0.38	2360
mplight	TRAIN_VERBOSE	51	194.5	1.6	-12.37	4.14	0.35	456
mplight	TRAIN_VERBOSE	51	211.3	1.6	-14.72	4.97	0.38	1094
mplight	TRAIN_VERBOSE	51	226.5	1.6	-16.58	5.56	0.39	1700
mplight	TRAIN_VERBOSE	51	229.5	1.6	-17.26	5.72	0.40	2331
mplight	TRAIN	51	229.5	1.6	-17.26	5.72	0.40	2331
mplight	TRAIN_VERBOSE	52	179.6	1.7	-10.59	3.58	0.34	474
mplight	TRAIN_VERBOSE	52	213.3	1.6	-15.29	5.18	0.38	1038
mplight	TRAIN_VERBOSE	52	235.0	1.7	-17.62	5.86	0.39	1693
mplight	TRAIN_VERBOSE	52	249.6	1.7	-20.05	6.60	0.40	2273
mplight	TRAIN	52	249.6	1.7	-20.05	6.60	0.40	2273
mplight	TRAIN_VERBOSE	53	183.6	1.8	-11.42	3.72	0.34	458
mplight	TRAIN_VERBOSE	53	206.8	1.8	-14.80	4.92	0.38	1082
mplight	TRAIN_VERBOSE	53	220.7	1.8	-16.14	5.38	0.39	1701
mplight	TRAIN_VERBOSE	53	226.5	1.8	-16.83	5.61	0.39	2356
mplight	TRAIN	53	226.5	1.8	-16.83	5.61	0.39	2356
mplight	TRAIN_VERBOSE	54	179.3	1.8	-10.50	3.59	0.33	475
mplight	TRAIN_VERBOSE	54	197.6	1.8	-13.52	4.55	0.36	1086
mplight	TRAIN_VERBOSE	54	209.2	1.7	-14.42	4.85	0.38	1715
mplight	TRAIN_VERBOSE	54	210.1	1.7	-14.73	4.95	0.38	2353
mplight	TRAIN	54	210.1	1.7	-14.73	4.95	0.38	2353
mplight	TRAIN_VERBOSE	55	185.8	1.6	-12.19	4.03	0.34	457
mplight	TRAIN_VERBOSE	55	213.7	1.6	-15.15	5.01	0.38	1097
mplight	TRAIN_VERBOSE	55	216.9	1.7	-15.66	5.20	0.38	1701
mplight	TRAIN_VERBOSE	55	220.1	1.7	-16.22	5.37	0.39	2348
mplight	TRAIN	55	220.1	1.7	-16.22	5.37	0.39	2348
mplight	TRAIN_VERBOSE	56	181.7	1.9	-10.85	3.67	0.34	465
mplight	TRAIN_VERBOSE	56	204.6	1.8	-14.00	4.70	0.37	1068
mplight	TRAIN_VERBOSE	56	213.4	1.8	-14.96	5.00	0.38	1713
mplight	TRAIN_VERBOSE	56	213.2	1.7	-15.23	5.08	0.39	2358
mplight	TRAIN	56	213.2	1.7	-15.23	5.08	0.39	2358
mplight	TRAIN_VERBOSE	57	188.9	1.7	-11.46	3.76	0.35	455
mplight	TRAIN_VERBOSE	57	211.0	1.6	-14.51	4.84	0.38	1084
mplight	TRAIN_VERBOSE	57	216.0	1.6	-15.02	5.05	0.39	1736
mplight	TRAIN_VERBOSE	57	215.6	1.6	-15.14	5.08	0.39	2351
mplight	TRAIN	57	215.6	1.6	-15.14	5.08	0.39	2351
mplight	TRAIN_VERBOSE	58	168.6	1.5	-9.51	3.27	0.33	465
mplight	TRAIN_VERBOSE	58	196.2	1.5	-13.13	4.41	0.36	1099
mplight	TRAIN_VERBOSE	58	206.9	1.5	-14.32	4.81	0.38	1705
mplight	TRAIN_VERBOSE	58	215.9	1.5	-15.46	5.21	0.38	2348
mplight	TRAIN	58	215.9	1.5	-15.46	5.21	0.38	2348
mplight	TRAIN_VERBOSE	59	171.0	1.5	-9.71	3.27	0.34	470
mplight	TRAIN_VERBOSE	59	203.2	1.5	-14.52	4.83	0.37	1070
mplight	TRAIN_VERBOSE	59	225.7	1.5	-16.66	5.50	0.38	1693
mplight	TRAIN_VERBOSE	59	230.7	1.5	-17.08	5.66	0.39	2349
mplight	TRAIN	59	230.7	1.5	-17.08	5.66	0.39	2349
mplight	TRAIN_VERBOSE	60	194.5	1.5	-12.08	4.03	0.35	472
mplight	TRAIN_VERBOSE	60	203.8	1.5	-13.77	4.71	0.37	1100
mplight	TRAIN_VERBOSE	60	212.7	1.5	-14.68	5.03	0.38	1699
mplight	TRAIN_VERBOSE	60	218.9	1.5	-15.75	5.29	0.39	2351
mplight	TRAIN	60	218.9	1.5	-15.75	5.29	0.39	2351
mplight	TRAIN_VERBOSE	61	185.5	1.6	-11.34	3.82	0.36	459
mplight	TRAIN_VERBOSE	61	205.1	1.6	-13.83	4.62	0.39	1104
mplight	TRAIN_VERBOSE	61	209.1	1.5	-14.55	4.85	0.39	1713
mplight	TRAIN_VERBOSE	61	214.6	1.5	-15.61	5.19	0.39	2334
mplight	TRAIN	61	214.6	1.5	-15.61	5.19	0.39	2334
mplight	TRAIN_VERBOSE	62	184.8	1.5	-11.05	3.66	0.34	469
mplight	TRAIN_VERBOSE	62	204.6	1.4	-14.09	4.63	0.37	1096
mplight	TRAIN_VERBOSE	62	213.2	1.4	-14.76	4.89	0.38	1711
mplight	TRAIN_VERBOSE	62	219.0	1.4	-15.60	5.17	0.39	2347
mplight	TRAIN	62	219.0	1.4	-15.60	5.17	0.39	2347
mplight	TRAIN_VERBOSE	63	184.2	1.4	-10.81	3.76	0.34	469
mplight	TRAIN_VERBOSE	63	200.7	1.4	-13.56	4.59	0.36	1096
mplight	TRAIN_VERBOSE	63	206.7	1.4	-14.21	4.77	0.37	1727
mplight	TRAIN_VERBOSE	63	204.7	1.5	-14.18	4.76	0.37	2358
mplight	TRAIN	63	204.7	1.5	-14.18	4.76	0.37	2358
mplight	TRAIN_VERBOSE	64	194.6	1.5	-11.84	4.00	0.34	440
mplight	TRAIN_VERBOSE	64	221.2	1.5	-15.91	5.35	0.37	1039
mplight	TRAIN_VERBOSE	64	236.4	1.5	-17.15	5.77	0.39	1717
mplight	TRAIN_VERBOSE	64	230.4	1.5	-16.85	5.66	0.38	2350
mplight	TRAIN	64	230.4	1.5	-16.85	5.66	0.38	2350
mplight	TRAIN_VERBOSE	65	178.7	1.5	-10.62	3.54	0.33	463
mplight	TRAIN_VERBOSE	65	206.2	1.5	-14.08	4.74	0.37	1068
mplight	TRAIN_VERBOSE	65	216.6	1.5	-15.30	5.14	0.38	1716
mplight	TRAIN_VERBOSE	65	223.0	1.5	-16.26	5.45	0.39	2345
mplight	TRAIN	65	223.0	1.5	-16.26	5.45	0.39	2345
mplight	TRAIN_VERBOSE	66	186.3	1.6	-10.81	3.66	0.35	471
mplight	TRAIN_VERBOSE	66	204.2	1.5	-13.62	4.62	0.38	1089
mplight	TRAIN_VERBOSE	66	210.4	1.5	-14.34	4.85	0.38	1716
mplight	TRAIN_VERBOSE	66	209.9	1.5	-14.49	4.87	0.39	2374
mplight	TRAIN	66	209.9	1.5	-14.49	4.87	0.39	2374
mplight	TRAIN_VERBOSE	67	185.3	1.5	-10.90	3.66	0.33	466
mplight	TRAIN_VERBOSE	67	196.3	1.4	-13.30	4.43	0.36	1099
mplight	TRAIN_VERBOSE	67	205.2	1.4	-14.17	4.70	0.37	1708
mplight	TRAIN_VERBOSE	67	207.1	1.4	-14.51	4.79	0.38	2371
mplight	TRAIN	67	207.1	1.4	-14.51	4.79	0.38	2371
mplight	TRAIN_VERBOSE	68	181.2	1.3	-10.86	3.63	0.33	468
mplight	TRAIN_VERBOSE	68	199.7	1.3	-13.78	4.62	0.36	1086
mplight	TRAIN_VERBOSE	68	211.2	1.3	-14.86	4.92	0.38	1721
mplight	TRAIN_VERBOSE	68	210.5	1.3	-14.79	4.91	0.38	2362
mplight	TRAIN	68	210.5	1.3	-14.79	4.91	0.38	2362
mplight	TRAIN_VERBOSE	69	182.3	1.3	-9.83	3.41	0.33	473
mplight	TRAIN_VERBOSE	69	197.5	1.4	-12.46	4.25	0.36	1095
mplight	TRAIN_VERBOSE	69	206.1	1.4	-13.41	4.56	0.37	1722
mplight	TRAIN_VERBOSE	69	205.7	1.4	-13.72	4.65	0.38	2366
mplight	TRAIN	69	205.7	1.4	-13.72	4.65	0.38	2366
mplight	TRAIN_VERBOSE	70	190.4	1.5	-11.96	3.98	0.34	441
mplight	TRAIN_VERBOSE	70	216.9	1.4	-15.29	5.22	0.37	1081
mplight	TRAIN_VERBOSE	70	218.2	1.4	-15.25	5.20	0.37	1721
mplight	TRAIN_VERBOSE	70	218.4	1.4	-15.50	5.28	0.38	2369
mplight	TRAIN	70	218.4	1.4	-15.50	5.28	0.38	2369
mplight	TRAIN_VERBOSE	71	177.5	1.4	-10.20	3.54	0.33	454
mplight	TRAIN_VERBOSE	71	200.1	1.4	-13.34	4.61	0.36	1086
mplight	TRAIN_VERBOSE	71	208.1	1.5	-13.84	4.78	0.37	1723
mplight	TRAIN_VERBOSE	71	210.3	1.5	-14.40	4.91	0.38	2363
mplight	TRAIN	71	210.3	1.5	-14.40	4.91	0.38	2363
mplight	TRAIN_VERBOSE	72	185.1	1.6	-10.91	3.66	0.35	453
mplight	TRAIN_VERBOSE	72	209.8	1.6	-14.44	4.87	0.37	1075
mplight	TRAIN_VERBOSE	72	216.6	1.6	-15.02	5.03	0.38	1714
mplight	TRAIN_VERBOSE	72	219.4	1.6	-15.42	5.18	0.39	2362
mplight	TRAIN	72	219.4	1.6	-15.42	5.18	0.39	2362
mplight	TRAIN_VERBOSE	73	182.3	1.8	-10.97	3.70	0.33	460
mplight	TRAIN_VERBOSE	73	206.4	1.7	-14.23	4.86	0.36	1070
mplight	TRAIN_VERBOSE	73	213.0	1.7	-14.60	4.97	0.36	1726
mplight	TRAIN_VERBOSE	73	211.1	1.7	-14.79	5.01	0.37	2352
mplight	TRAIN	73	211.1	1.7	-14.79	5.01	0.37	2352
mplight	TRAIN_VERBOSE	74	188.6	1.8	-11.21	3.75	0.35	467
mplight	TRAIN_VERBOSE	74	194.8	1.8	-12.50	4.21	0.36	1101
mplight	TRAIN_VERBOSE	74	203.4	1.7	-13.42	4.55	0.37	1713
mplight	TRAIN_VERBOSE	74	205.3	1.7	-13.92	4.68	0.37	2359
mplight	TRAIN	74	205.3	1.7	-13.92	4.68	0.37	2359
mplight	TRAIN_VERBOSE	75	190.9	1.7	-11.46	3.90	0.35	447
mplight	TRAIN_VERBOSE	75	212.6	1.6	-14.27	4.83	0.38	1085
mplight	TRAIN_VERBOSE	75	218.7	1.6	-14.90	5.05	0.38	1707
mplight	TRAIN_VERBOSE	75	221.1	1.6	-15.18	5.14	0.39	2357
mplight	TRAIN	75	221.1	1.6	-15.18	5.14	0.39	2357
mplight	TRAIN_VERBOSE	76	187.6	1.8	-10.98	3.76	0.34	462
mplight	TRAIN_VERBOSE	76	207.3	1.7	-13.51	4.63	0.37	1077
mplight	TRAIN_VERBOSE	76	212.1	1.7	-13.82	4.74	0.38	1727
mplight	TRAIN_VERBOSE	76	209.2	1.7	-13.92	4.79	0.38	2357
mplight	TRAIN	76	209.2	1.7	-13.92	4.79	0.38	2357
mplight	TRAIN_VERBOSE	77	180.3	1.7	-10.72	3.60	0.35	472
mplight	TRAIN_VERBOSE	77	197.5	1.7	-13.01	4.42	0.37	1095
mplight	TRAIN_VERBOSE	77	201.0	1.6	-13.24	4.48	0.37	1716
mplight	TRAIN_VERBOSE	77	203.8	1.6	-13.71	4.61	0.38	2373
mplight	TRAIN	77	203.8	1.6	-13.71	4.61	0.38	2373
mplight	TRAIN_VERBOSE	78	185.9	1.5	-11.43	3.84	0.35	459
mplight	TRAIN_VERBOSE	78	196.7	1.5	-13.20	4.39	0.37	1111
mplight	TRAIN_VERBOSE	78	204.1	1.5	-13.80	4.63	0.37	1717
mplight	TRAIN_VERBOSE	78	206.6	1.5	-14.17	4.74	0.38	2365
mplight	TRAIN	78	206.6	1.5	-14.17	4.74	0.38	2365
mplight	TRAIN_VERBOSE	79	192.5	1.5	-11.20	3.73	0.35	481
mplight	TRAIN_VERBOSE	79	200.3	1.5	-13.53	4.53	0.36	1088
mplight	TRAIN_VERBOSE	79	207.5	1.5	-14.11	4.74	0.37	1716
mplight	TRAIN_VERBOSE	79	210.4	1.5	-14.51	4.87	0.38	2366
mplight	TRAIN	79	210.4	1.5	-14.51	4.87	0.38	2366
mplight	TRAIN_VERBOSE	80	168.8	1.6	-9.43	3.14	0.32	478
mplight	TRAIN_VERBOSE	80	179.8	1.6	-10.96	3.70	0.35	1105
mplight	TRAIN_VERBOSE	80	193.0	1.5	-12.11	4.12	0.36	1709
mplight	TRAIN_VERBOSE	80	202.1	1.5	-13.11	4.45	0.37	2375
mplight	TRAIN	80	202.1	1.5	-13.11	4.45	0.37	2375
mplight	TRAIN_VERBOSE	81	188.0	1.4	-11.09	3.75	0.35	469
mplight	TRAIN_VERBOSE	81	197.6	1.4	-13.15	4.38	0.38	1098
mplight	TRAIN_VERBOSE	81	204.3	1.4	-13.69	4.58	0.38	1721
mplight	TRAIN_VERBOSE	81	207.7	1.4	-14.24	4.74	0.39	2360
mplight	TRAIN	81	207.7	1.4	-14.24	4.74	0.39	2360
mplight	TRAIN_VERBOSE	82	193.5	1.6	-11.79	3.93	0.34	460
mplight	TRAIN_VERBOSE	82	205.9	1.6	-13.76	4.62	0.37	1087
mplight	TRAIN_VERBOSE	82	211.7	1.5	-14.53	4.86	0.38	1715
mplight	TRAIN_VERBOSE	82	208.5	1.5	-14.33	4.78	0.38	2372
mplight	TRAIN	82	208.5	1.5	-14.33	4.78	0.38	2372
mplight	TRAIN_VERBOSE	83	171.5	1.5	-10.04	3.39	0.33	480
mplight	TRAIN_VERBOSE	83	192.3	1.5	-12.89	4.30	0.36	1110
mplight	TRAIN_VERBOSE	83	195.5	1.5	-13.03	4.35	0.36	1725
mplight	TRAIN_VERBOSE	83	195.7	1.6	-13.11	4.38	0.36	2369
mplight	TRAIN	83	195.7	1.6	-13.11	4.38	0.36	2369
mplight	TRAIN_VERBOSE	84	171.6	1.7	-10.23	3.44	0.32	460
mplight	TRAIN_VERBOSE	84	196.0	1.7	-12.80	4.33	0.37	1100
mplight	TRAIN_VERBOSE	84	201.5	1.6	-13.35	4.51	0.37	1726
mplight	TRAIN_VERBOSE	84	200.6	1.6	-13.46	4.53	0.38	2372
mplight	TRAIN	84	200.6	1.6	-13.46	4.53	0.38	2372
mplight	TRAIN_VERBOSE	85	175.3	1.5	-10.09	3.42	0.33	466
mplight	TRAIN_VERBOSE	85	207.9	1.5	-14.05	4.77	0.36	1071
mplight	TRAIN_VERBOSE	85	214.0	1.6	-14.89	4.96	0.37	1717
mplight	TRAIN_VERBOSE	85	216.5	1.6	-15.22	5.09	0.38	2365
mplight	TRAIN	85	216.5	1.6	-15.22	5.09	0.38	2365
mplight	TRAIN_VERBOSE	86	187.9	1.6	-10.82	3.72	0.34	457
mplight	TRAIN_VERBOSE	86	217.3	1.6	-14.60	4.96	0.38	1079
mplight	TRAIN_VERBOSE	86	231.5	1.6	-16.22	5.48	0.39	1701
mplight	TRAIN_VERBOSE	86	229.1	1.7	-16.22	5.46	0.39	2354
mplight	TRAIN	86	229.1	1.7	-16.22	5.46	0.39	2354
mplight	TRAIN_VERBOSE	87	181.1	1.7	-10.39	3.45	0.34	480
mplight	TRAIN_VERBOSE	87	189.2	1.7	-11.98	4.05	0.35	1107
mplight	TRAIN_VERBOSE	87	195.2	1.7	-12.61	4.27	0.36	1728
mplight	TRAIN_VERBOSE	87	196.9	1.7	-12.82	4.35	0.37	2361
mplight	TRAIN	87	196.9	1.7	-12.82	4.35	0.37	2361
mplight	TRAIN_VERBOSE	88	171.8	1.6	-9.54	3.25	0.33	476
mplight	TRAIN_VERBOSE	88	193.0	1.5	-12.62	4.27	0.37	1089
mplight	TRAIN_VERBOSE	88	206.3	1.5	-13.92	4.65	0.38	1731
mplight	TRAIN_VERBOSE	88	203.2	1.5	-13.80	4.61	0.38	2367
mplight	TRAIN	88	203.2	1.5	-13.80	4.61	0.38	2367
mplight	TRAIN_VERBOSE	89	173.7	1.5	-10.11	3.39	0.33	457
mplight	TRAIN_VERBOSE	89	189.8	1.4	-12.36	4.15	0.36	1096
mplight	TRAIN_VERBOSE	89	206.4	1.5	-14.20	4.77	0.37	1696
mplight	TRAIN_VERBOSE	89	210.7	1.5	-14.76	4.93	0.38	2370
mplight	TRAIN	89	210.7	1.5	-14.76	4.93	0.38	2370
mplight	TRAIN_VERBOSE	90	183.0	1.7	-10.98	3.73	0.34	459
mplight	TRAIN_VERBOSE	90	198.6	1.6	-12.93	4.38	0.36	1109
mplight	TRAIN_VERBOSE	90	203.0	1.6	-13.22	4.52	0.37	1732
mplight	TRAIN_VERBOSE	90	203.3	1.6	-13.52	4.60	0.38	2372
mplight	TRAIN	90	203.3	1.6	-13.52	4.60	0.38	2372
mplight	TRAIN_VERBOSE	91	167.6	1.6	-9.66	3.28	0.34	459
mplight	TRAIN_VERBOSE	91	192.6	1.6	-12.26	4.17	0.37	1097
mplight	TRAIN_VERBOSE	91	203.9	1.5	-13.20	4.49	0.38	1740
mplight	TRAIN_VERBOSE	91	198.3	1.5	-12.76	4.35	0.37	2387
mplight	TRAIN	91	198.3	1.5	-12.76	4.35	0.37	2387
mplight	TRAIN_VERBOSE	92	172.8	1.5	-9.18	3.15	0.33	477
mplight	TRAIN_VERBOSE	92	192.3	1.5	-11.79	4.02	0.36	1109
mplight	TRAIN_VERBOSE	92	195.7	1.5	-12.36	4.21	0.37	1717
mplight	TRAIN_VERBOSE	92	196.9	1.5	-12.67	4.30	0.37	2372
mplight	TRAIN	92	196.9	1.5	-12.67	4.30	0.37	2372
mplight	TRAIN_VERBOSE	93	173.1	1.6	-9.42	3.21	0.33	480
mplight	TRAIN_VERBOSE	93	187.0	1.5	-11.55	3.96	0.35	1108
mplight	TRAIN_VERBOSE	93	194.1	1.4	-12.14	4.16	0.36	1725
mplight	TRAIN_VERBOSE	93	196.4	1.4	-12.68	4.31	0.37	2361
mplight	TRAIN	93	196.4	1.4	-12.68	4.31	0.37	2361
mplight	TRAIN_VERBOSE	94	179.6	1.5	-10.30	3.48	0.35	468
mplight	TRAIN_VERBOSE	94	197.4	1.5	-12.95	4.39	0.38	1088
mplight	TRAIN_VERBOSE	94	205.1	1.4	-14.00	4.70	0.39	1707
mplight	TRAIN_VERBOSE	94	206.8	1.4	-13.92	4.69	0.39	2377
mplight	TRAIN	94	206.8	1.4	-13.92	4.69	0.39	2377
mplight	TRAIN_VERBOSE	95	176.2	1.5	-9.90	3.41	0.33	482
mplight	TRAIN_VERBOSE	95	188.0	1.5	-11.80	4.03	0.36	1101
mplight	TRAIN_VERBOSE	95	195.0	1.5	-12.73	4.30	0.37	1729
mplight	TRAIN_VERBOSE	95	195.4	1.5	-12.98	4.37	0.38	2360
mplight	TRAIN	95	195.4	1.5	-12.98	4.37	0.38	2360
mplight	TRAIN_VERBOSE	96	173.9	1.5	-9.83	3.31	0.33	481
mplight	TRAIN_VERBOSE	96	191.1	1.5	-12.78	4.30	0.36	1095
mplight	TRAIN_VERBOSE	96	199.3	1.5	-13.28	4.47	0.36	1729
mplight	TRAIN_VERBOSE	96	205.6	1.5	-14.11	4.75	0.37	2353
mplight	TRAIN	96	205.6	1.5	-14.11	4.75	0.37	2353
mplight	TRAIN_VERBOSE	97	186.3	1.6	-10.22	3.54	0.35	466
mplight	TRAIN_VERBOSE	97	197.3	1.6	-12.48	4.25	0.37	1092
mplight	TRAIN_VERBOSE	97	200.9	1.6	-12.89	4.39	0.38	1730
mplight	TRAIN_VERBOSE	97	202.9	1.6	-13.16	4.48	0.38	2368
mplight	TRAIN	97	202.9	1.6	-13.16	4.48	0.38	2368
mplight	TRAIN_VERBOSE	98	181.3	1.8	-10.20	3.51	0.33	475
mplight	TRAIN_VERBOSE	98	193.9	1.7	-12.12	4.11	0.36	1107
mplight	TRAIN_VERBOSE	98	200.4	1.7	-12.82	4.36	0.38	1722
mplight	TRAIN_VERBOSE	98	202.7	1.7	-13.23	4.49	0.38	2357
mplight	TRAIN	98	202.7	1.7	-13.23	4.49	0.38	2357
mplight	TRAIN_VERBOSE	99	178.1	1.6	-9.85	3.28	0.34	488
mplight	TRAIN_VERBOSE	99	193.0	1.6	-12.33	4.17	0.36	1090
mplight	TRAIN_VERBOSE	99	205.0	1.6	-13.67	4.51	0.37	1712
mplight	TRAIN_VERBOSE	99	209.9	1.6	-14.41	4.76	0.38	2364
mplight	TRAIN	99	209.9	1.6	-14.41	4.76	0.38	2364
mplight	TRAIN_VERBOSE	100	188.8	1.6	-11.40	3.81	0.35	468
mplight	TRAIN_VERBOSE	100	204.2	1.6	-13.72	4.54	0.37	1108
mplight	TRAIN_VERBOSE	100	205.5	1.6	-13.68	4.55	0.37	1734
mplight	TRAIN_VERBOSE	100	202.7	1.6	-13.46	4.49	0.38	2376
mplight	TRAIN	100	202.7	1.6	-13.46	4.49	0.38	2376
mplight	TRAIN_VERBOSE	101	182.0	1.6	-10.53	3.57	0.34	462
mplight	TRAIN_VERBOSE	101	208.4	1.6	-14.25	4.77	0.38	1077
mplight	TRAIN_VERBOSE	101	216.2	1.6	-14.68	4.95	0.38	1719
mplight	TRAIN_VERBOSE	101	212.5	1.7	-14.32	4.82	0.38	2377
mplight	TRAIN	101	212.5	1.7	-14.32	4.82	0.38	2377
mplight	TRAIN_VERBOSE	102	166.5	1.7	-8.80	3.06	0.32	466
mplight	TRAIN_VERBOSE	102	189.0	1.7	-11.65	4.02	0.36	1106
mplight	TRAIN_VERBOSE	102	196.8	1.7	-12.32	4.23	0.37	1715
mplight	TRAIN_VERBOSE	102	201.0	1.7	-12.92	4.42	0.38	2368
mplight	TRAIN	102	201.0	1.7	-12.92	4.42	0.38	2368
mplight	TRAIN_VERBOSE	103	179.7	1.7	-10.38	3.51	0.33	479
mplight	TRAIN_VERBOSE	103	199.2	1.6	-13.18	4.46	0.37	1102
mplight	TRAIN_VERBOSE	103	204.8	1.6	-13.81	4.66	0.38	1724
mplight	TRAIN_VERBOSE	103	205.5	1.6	-13.99	4.72	0.38	2369
mplight	TRAIN	103	205.5	1.6	-13.99	4.72	0.38	2369
mplight	TRAIN_VERBOSE	104	176.7	1.7	-9.97	3.40	0.35	462
mplight	TRAIN_VERBOSE	104	203.9	1.7	-13.46	4.67	0.38	1069
mplight	TRAIN_VERBOSE	104	220.6	1.7	-15.31	5.21	0.39	1689
mplight	TRAIN_VERBOSE	104	220.3	1.7	-15.49	5.25	0.39	2360
mplight	TRAIN	104	220.3	1.7	-15.49	5.25	0.39	2360
mplight	TRAIN_VERBOSE	105	177.1	1.9	-9.79	3.28	0.34	475
mplight	TRAIN_VERBOSE	105	197.2	1.8	-12.92	4.29	0.37	1096
mplight	TRAIN_VERBOSE	105	202.5	1.8	-13.28	4.43	0.38	1734
mplight	TRAIN_VERBOSE	105	202.1	1.8	-13.33	4.47	0.38	2371
mplight	TRAIN	105	202.1	1.8	-13.33	4.47	0.38	2371
mplight	TRAIN_VERBOSE	106	170.7	1.8	-9.09	3.16	0.33	486
mplight	TRAIN_VERBOSE	106	185.8	1.8	-11.48	3.95	0.36	1105
mplight	TRAIN_VERBOSE	106	200.7	1.8	-12.89	4.40	0.37	1720
mplight	TRAIN_VERBOSE	106	202.5	1.8	-13.22	4.50	0.38	2383
mplight	TRAIN	106	202.5	1.8	-13.22	4.50	0.38	2383
mplight	TRAIN_VERBOSE	107	173.7	1.5	-9.43	3.23	0.33	472
mplight	TRAIN_VERBOSE	107	200.6	1.5	-14.18	4.82	0.37	1011
mplight	TRAIN_VERBOSE	107	243.6	1.5	-17.47	5.92	0.39	1699
mplight	TRAIN_VERBOSE	107	239.3	1.5	-17.15	5.83	0.40	2364
mplight	TRAIN	107	239.3	1.5	-17.15	5.83	0.40	2364
mplight	TRAIN_VERBOSE	108	176.7	1.6	-10.28	3.48	0.34	462
mplight	TRAIN_VERBOSE	108	200.0	1.6	-12.62	4.31	0.37	1100
mplight	TRAIN_VERBOSE	108	203.3	1.6	-12.89	4.39	0.38	1735
mplight	TRAIN_VERBOSE	108	202.7	1.6	-13.13	4.46	0.38	2369
mplight	TRAIN	108	202.7	1.6	-13.13	4.46	0.38	2369
mplight	TRAIN_VERBOSE	109	168.8	1.6	-9.47	3.22	0.32	473
mplight	TRAIN_VERBOSE	109	191.1	1.5	-12.33	4.17	0.35	1083
mplight	TRAIN_VERBOSE	109	208.1	1.5	-14.12	4.81	0.37	1712
mplight	TRAIN_VERBOSE	109	213.3	1.5	-14.66	4.95	0.38	2355
mplight	TRAIN	109	213.3	1.5	-14.66	4.95	0.38	2355
mplight	TRAIN_VERBOSE	110	177.9	1.5	-9.58	3.33	0.33	476
mplight	TRAIN_VERBOSE	110	189.3	1.5	-11.73	4.02	0.37	1121
mplight	TRAIN_VERBOSE	110	190.8	1.4	-11.95	4.07	0.37	1721
mplight	TRAIN_VERBOSE	110	198.1	1.4	-12.91	4.39	0.38	2369
mplight	TRAIN	110	198.1	1.4	-12.91	4.39	0.38	2369
mplight	TRAIN_VERBOSE	111	189.7	1.6	-11.34	3.81	0.36	452
mplight	TRAIN_VERBOSE	111	221.9	1.6	-16.03	5.38	0.39	1017
mplight	TRAIN_VERBOSE	111	278.3	1.6	-20.84	7.26	0.41	1607
mplight	TRAIN_VERBOSE	111	289.0	1.7	-21.72	7.52	0.42	2319
mplight	TRAIN	111	289.0	1.7	-21.72	7.52	0.42	2319
mplight	TRAIN_VERBOSE	112	170.1	1.9	-9.23	3.19	0.34	468
mplight	TRAIN_VERBOSE	112	194.1	1.9	-12.18	4.15	0.37	1109
mplight	TRAIN_VERBOSE	112	200.4	1.9	-12.88	4.35	0.38	1722
mplight	TRAIN_VERBOSE	112	208.8	1.8	-14.14	4.73	0.39	2358
mplight	TRAIN	112	208.8	1.8	-14.14	4.73	0.39	2358
mplight	TRAIN_VERBOSE	113	178.4	1.8	-10.19	3.42	0.33	474
mplight	TRAIN_VERBOSE	113	190.1	1.8	-12.15	4.11	0.36	1099
mplight	TRAIN_VERBOSE	113	194.4	1.7	-12.25	4.15	0.36	1745
mplight	TRAIN_VERBOSE	113	194.9	1.7	-12.50	4.24	0.36	2379
mplight	TRAIN	113	194.9	1.7	-12.50	4.24	0.36	2379
mplight	TRAIN_VERBOSE	114	172.9	1.5	-9.17	3.14	0.33	474
mplight	TRAIN_VERBOSE	114	190.3	1.5	-11.59	3.96	0.36	1105
mplight	TRAIN_VERBOSE	114	198.4	1.5	-12.45	4.25	0.36	1736
mplight	TRAIN_VERBOSE	114	196.9	1.5	-12.56	4.26	0.37	2372
mplight	TRAIN	114	196.9	1.5	-12.56	4.26	0.37	2372
mplight	TRAIN_VERBOSE	115	177.9	1.5	-10.01	3.32	0.32	465
mplight	TRAIN_VERBOSE	115	190.1	1.5	-12.05	4.04	0.35	1110
mplight	TRAIN_VERBOSE	115	196.9	1.5	-12.59	4.26	0.36	1731
mplight	TRAIN_VERBOSE	115	198.0	1.5	-12.81	4.32	0.37	2374
mplight	TRAIN	115	198.0	1.5	-12.81	4.32	0.37	2374
mplight	TRAIN_VERBOSE	116	178.1	1.6	-9.50	3.29	0.32	475
mplight	TRAIN_VERBOSE	116	184.9	1.5	-10.93	3.73	0.35	1101
mplight	TRAIN_VERBOSE	116	193.4	1.5	-11.87	4.03	0.36	1731
mplight	TRAIN_VERBOSE	116	196.4	1.5	-12.46	4.21	0.37	2365
mplight	TRAIN	116	196.4	1.5	-12.46	4.21	0.37	2365
mplight	TRAIN_VERBOSE	117	193.8	1.6	-12.08	3.96	0.36	443
mplight	TRAIN_VERBOSE	117	207.8	1.6	-13.89	4.64	0.37	1102
mplight	TRAIN_VERBOSE	117	210.4	1.6	-13.82	4.67	0.38	1716
mplight	TRAIN_VERBOSE	117	210.3	1.6	-13.78	4.68	0.38	2384
mplight	TRAIN	117	210.3	1.6	-13.78	4.68	0.38	2384
mplight	TRAIN_VERBOSE	118	177.2	1.6	-10.14	3.41	0.35	487
mplight	TRAIN_VERBOSE	118	181.2	1.6	-11.42	3.82	0.37	1107
mplight	TRAIN_VERBOSE	118	186.1	1.5	-11.69	3.93	0.37	1718
mplight	TRAIN_VERBOSE	118	193.8	1.5	-12.72	4.22	0.38	2358
mplight	TRAIN	118	193.8	1.5	-12.72	4.22	0.38	2358
mplight	TRAIN_VERBOSE	119	170.1	1.5	-9.18	3.10	0.33	490
mplight	TRAIN_VERBOSE	119	183.6	1.5	-11.12	3.79	0.36	1106
mplight	TRAIN_VERBOSE	119	195.5	1.5	-12.11	4.13	0.37	1733
mplight	TRAIN_VERBOSE	119	197.5	1.5	-12.58	4.25	0.38	2362
mplight	TRAIN	119	197.5	1.5	-12.58	4.25	0.38	2362
mplight	TRAIN_VERBOSE	120	180.7	1.4	-10.41	3.48	0.34	469
mplight	TRAIN_VERBOSE	120	204.5	1.4	-14.21	4.75	0.37	1080
mplight	TRAIN_VERBOSE	120	215.1	1.5	-15.05	5.01	0.39	1710
mplight	TRAIN_VERBOSE	120	215.3	1.5	-15.17	5.05	0.39	2348
mplight	TRAIN	120	215.3	1.5	-15.17	5.05	0.39	2348
mplight	TRAIN_VERBOSE	121	182.7	1.7	-10.63	3.57	0.35	473
mplight	TRAIN_VERBOSE	121	200.9	1.7	-13.37	4.50	0.37	1103
mplight	TRAIN_VERBOSE	121	202.4	1.7	-13.62	4.54	0.37	1740
mplight	TRAIN_VERBOSE	121	200.9	1.7	-13.54	4.51	0.37	2392
mplight	TRAIN	121	200.9	1.7	-13.54	4.51	0.37	2392
mplight	TRAIN_VERBOSE	122	171.9	1.7	-9.09	3.11	0.32	476
mplight	TRAIN_VERBOSE	122	185.7	1.7	-11.62	3.89	0.36	1092
mplight	TRAIN_VERBOSE	122	191.4	1.6	-12.23	4.07	0.36	1731
mplight	TRAIN_VERBOSE	122	196.8	1.6	-13.32	4.40	0.37	2367
mplight	TRAIN	122	196.8	1.6	-13.32	4.40	0.37	2367
mplight	TRAIN_VERBOSE	123	173.0	1.5	-9.76	3.27	0.33	476
mplight	TRAIN_VERBOSE	123	189.2	1.5	-12.08	4.01	0.36	1105
mplight	TRAIN_VERBOSE	123	198.6	1.5	-13.17	4.36	0.38	1719
mplight	TRAIN_VERBOSE	123	204.2	1.6	-14.06	4.61	0.38	2373
mplight	TRAIN	123	204.2	1.6	-14.06	4.61	0.38	2373
mplight	TRAIN_VERBOSE	124	175.0	1.7	-9.65	3.29	0.34	465
mplight	TRAIN_VERBOSE	124	193.2	1.6	-12.10	4.09	0.36	1104
mplight	TRAIN_VERBOSE	124	194.4	1.6	-12.17	4.10	0.37	1718
mplight	TRAIN_VERBOSE	124	196.3	1.6	-12.69	4.24	0.37	2374
mplight	TRAIN	124	196.3	1.6	-12.69	4.24	0.37	2374
mplight	TRAIN_VERBOSE	125	179.5	1.7	-10.03	3.45	0.33	476
mplight	TRAIN_VERBOSE	125	184.1	1.7	-11.04	3.80	0.35	1100
mplight	TRAIN_VERBOSE	125	192.0	1.6	-11.85	4.06	0.36	1738
mplight	TRAIN_VERBOSE	125	193.2	1.6	-12.09	4.14	0.37	2380
mplight	TRAIN	125	193.2	1.6	-12.09	4.14	0.37	2380
mplight	TRAIN_VERBOSE	126	169.3	1.6	-9.25	3.10	0.33	469
mplight	TRAIN_VERBOSE	126	192.1	1.6	-11.68	3.95	0.37	1104
mplight	TRAIN_VERBOSE	126	194.4	1.5	-11.91	4.08	0.37	1733
mplight	TRAIN_VERBOSE	126	198.7	1.5	-12.55	4.28	0.38	2375
mplight	TRAIN	126	198.7	1.5	-12.55	4.28	0.38	2375
mplight	TRAIN_VERBOSE	127	168.7	1.5	-8.96	3.04	0.33	483
mplight	TRAIN_VERBOSE	127	186.9	1.5	-11.64	3.96	0.36	1113
mplight	TRAIN_VERBOSE	127	189.6	1.5	-11.97	4.03	0.36	1710
mplight	TRAIN_VERBOSE	127	197.1	1.5	-13.19	4.48	0.37	2308
mplight	TRAIN	127	197.1	1.5	-13.19	4.48	0.37	2308
mplight	TRAIN_VERBOSE	128	172.6	1.6	-9.29	3.10	0.33	469
mplight	TRAIN_VERBOSE	128	187.1	1.6	-11.92	3.97	0.35	1086
mplight	TRAIN_VERBOSE	128	203.7	1.6	-13.31	4.43	0.37	1711
mplight	TRAIN_VERBOSE	128	201.6	1.6	-13.08	4.36	0.38	2379
mplight	TRAIN	128	201.6	1.6	-13.08	4.36	0.38	2379
mplight	TRAIN_VERBOSE	129	166.2	1.6	-8.42	2.93	0.32	479
mplight	TRAIN_VERBOSE	129	187.3	1.6	-11.53	3.92	0.35	1102
mplight	TRAIN_VERBOSE	129	189.7	1.7	-11.59	3.95	0.36	1732
mplight	TRAIN_VERBOSE	129	196.3	1.6	-12.40	4.18	0.37	2359
mplight	TRAIN	129	196.3	1.6	-12.40	4.18	0.37	2359
mplight	TRAIN_VERBOSE	130	177.2	1.7	-10.62	3.55	0.33	457
mplight	TRAIN_VERBOSE	130	210.7	1.7	-14.16	4.73	0.37	1086
mplight	TRAIN_VERBOSE	130	214.2	1.7	-14.26	4.79	0.38	1732
mplight	TRAIN_VERBOSE	130	209.9	1.8	-13.85	4.68	0.39	2374
mplight	TRAIN	130	209.9	1.8	-13.85	4.68	0.39	2374
mplight	TRAIN_VERBOSE	131	172.0	1.9	-8.50	2.92	0.34	474
mplight	TRAIN_VERBOSE	131	187.8	1.8	-11.36	3.86	0.37	1097
mplight	TRAIN_VERBOSE	131	194.2	1.8	-12.02	4.09	0.38	1717
mplight	TRAIN_VERBOSE	131	198.9	1.8	-12.71	4.29	0.39	2359
mplight	TRAIN	131	198.9	1.8	-12.71	4.29	0.39	2359
mplight	TRAIN_VERBOSE	132	171.3	1.7	-9.30	3.12	0.33	485
mplight	TRAIN_VERBOSE	132	182.2	1.6	-11.24	3.75	0.36	1104
mplight	TRAIN_VERBOSE	132	193.3	1.6	-12.61	4.17	0.37	1719
mplight	TRAIN_VERBOSE	132	197.2	1.6	-13.08	4.30	0.38	2364
mplight	TRAIN	132	197.2	1.6	-13.08	4.30	0.38	2364
mplight	TRAIN_VERBOSE	133	177.6	1.7	-10.20	3.44	0.33	463
mplight	TRAIN_VERBOSE	133	206.9	1.7	-14.02	4.65	0.37	1042
mplight	TRAIN_VERBOSE	133	239.8	1.7	-16.26	5.47	0.39	1664
mplight	TRAIN_VERBOSE	133	242.4	1.7	-17.67	5.83	0.40	2326
mplight	TRAIN	133	242.4	1.7	-17.67	5.83	0.40	2326
mplight	TRAIN_VERBOSE	134	178.1	1.9	-9.71	3.26	0.33	480
mplight	TRAIN_VERBOSE	134	198.4	1.9	-13.13	4.39	0.37	1067
mplight	TRAIN_VERBOSE	134	221.9	1.9	-15.11	5.05	0.39	1695
mplight	TRAIN_VERBOSE	134	220.2	1.9	-15.31	5.10	0.39	2353
mplight	TRAIN	134	220.2	1.9	-15.31	5.10	0.39	2353
mplight	TRAIN_VERBOSE	135	191.8	2.1	-11.78	3.99	0.35	450
mplight	TRAIN_VERBOSE	135	205.2	2.0	-13.48	4.66	0.38	1092
mplight	TRAIN_VERBOSE	135	204.3	2.0	-13.36	4.57	0.38	1732
mplight	TRAIN_VERBOSE	135	213.4	2.0	-14.48	5.00	0.39	2336
mplight	TRAIN	135	213.4	2.0	-14.48	5.00	0.39	2336
mplight	TRAIN_VERBOSE	136	171.0	1.9	-8.82	3.07	0.32	485
mplight	TRAIN_VERBOSE	136	179.0	1.9	-10.46	3.57	0.35	1123
mplight	TRAIN_VERBOSE	136	184.1	1.9	-11.00	3.75	0.36	1712
mplight	TRAIN_VERBOSE	136	190.3	1.9	-11.65	3.95	0.37	2377
mplight	TRAIN	136	190.3	1.9	-11.65	3.95	0.37	2377
mplight	TRAIN_VERBOSE	137	188.5	1.9	-11.14	3.77	0.34	462
mplight	TRAIN_VERBOSE	137	196.4	1.9	-12.54	4.24	0.37	1098
mplight	TRAIN_VERBOSE	137	206.7	1.9	-13.56	4.59	0.38	1722
mplight	TRAIN_VERBOSE	137	211.0	1.8	-14.48	4.86	0.39	2359
mplight	TRAIN	137	211.0	1.8	-14.48	4.86	0.39	2359
mplight	TRAIN_VERBOSE	138	186.7	1.7	-10.54	3.54	0.37	451
mplight	TRAIN_VERBOSE	138	201.7	1.7	-12.46	4.20	0.38	1109
mplight	TRAIN_VERBOSE	138	205.3	1.8	-13.14	4.43	0.39	1710
mplight	TRAIN_VERBOSE	138	206.6	1.8	-14.17	4.70	0.39	2344
mplight	TRAIN	138	206.6	1.8	-14.17	4.70	0.39	2344
mplight	TRAIN_VERBOSE	139	169.7	1.9	-9.09	3.11	0.34	478
mplight	TRAIN_VERBOSE	139	181.4	1.9	-10.78	3.68	0.37	1113
mplight	TRAIN_VERBOSE	139	189.8	1.9	-11.63	3.97	0.38	1713
mplight	TRAIN_VERBOSE	139	200.2	1.9	-12.94	4.38	0.39	2365
mplight	TRAIN	139	200.2	1.9	-12.94	4.38	0.39	2365
mplight	TRAIN_VERBOSE	140	172.5	1.8	-9.38	3.08	0.34	484
mplight	TRAIN_VERBOSE	140	192.0	1.8	-12.05	4.04	0.36	1099
mplight	TRAIN_VERBOSE	140	200.2	1.8	-13.10	4.36	0.37	1712
mplight	TRAIN_VERBOSE	140	197.6	1.9	-12.91	4.29	0.38	2380
mplight	TRAIN	140	197.6	1.9	-12.91	4.29	0.38	2380
mplight	TRAIN_VERBOSE	141	175.7	1.9	-10.16	3.33	0.35	461
mplight	TRAIN_VERBOSE	141	199.5	1.9	-12.71	4.37	0.37	1087
mplight	TRAIN_VERBOSE	141	203.4	1.9	-12.82	4.37	0.38	1727
mplight	TRAIN_VERBOSE	141	202.3	1.9	-12.90	4.38	0.38	2384
mplight	TRAIN	141	202.3	1.9	-12.90	4.38	0.38	2384
mplight	TRAIN_VERBOSE	142	176.4	2.0	-10.10	3.43	0.32	470
mplight	TRAIN_VERBOSE	142	187.4	1.9	-11.39	3.89	0.35	1118
mplight	TRAIN_VERBOSE	142	189.6	1.9	-11.73	3.99	0.36	1720
mplight	TRAIN_VERBOSE	142	194.9	1.9	-12.67	4.24	0.37	2351
mplight	TRAIN	142	194.9	1.9	-12.67	4.24	0.37	2351
mplight	TRAIN_VERBOSE	143	179.1	2.0	-10.17	3.38	0.33	453
mplight	TRAIN_VERBOSE	143	238.3	1.9	-17.15	5.78	0.38	978
mplight	TRAIN_VERBOSE	143	277.3	1.9	-20.40	7.05	0.40	1623
mplight	TRAIN_VERBOSE	143	278.0	2.0	-20.74	7.12	0.41	2329
mplight	TRAIN	143	278.0	2.0	-20.74	7.12	0.41	2329
mplight	TRAIN_VERBOSE	144	183.5	2.1	-9.75	3.30	0.34	473
mplight	TRAIN_VERBOSE	144	197.4	2.0	-12.02	4.08	0.37	1096
mplight	TRAIN_VERBOSE	144	199.6	2.1	-12.35	4.18	0.37	1729
mplight	TRAIN_VERBOSE	144	203.6	2.1	-13.07	4.41	0.38	2377
mplight	TRAIN	144	203.6	2.1	-13.07	4.41	0.38	2377
mplight	TRAIN_VERBOSE	145	168.9	2.1	-8.58	2.94	0.32	488
mplight	TRAIN_VERBOSE	145	192.5	2.0	-12.03	4.10	0.36	1080
mplight	TRAIN_VERBOSE	145	202.5	2.0	-12.97	4.40	0.37	1728
mplight	TRAIN_VERBOSE	145	204.5	2.0	-13.17	4.47	0.38	2373
mplight	TRAIN	145	204.5	2.0	-13.17	4.47	0.38	2373
mplight	TRAIN_VERBOSE	146	171.1	2.0	-8.92	3.04	0.34	474
mplight	TRAIN_VERBOSE	146	188.6	1.9	-11.46	3.90	0.37	1095
mplight	TRAIN_VERBOSE	146	195.3	1.9	-11.75	4.00	0.38	1735
mplight	TRAIN_VERBOSE	146	199.8	1.9	-12.47	4.23	0.39	2358
mplight	TRAIN	146	199.8	1.9	-12.47	4.23	0.39	2358
mplight	TRAIN_VERBOSE	147	164.3	1.9	-8.92	2.99	0.32	469
mplight	TRAIN_VERBOSE	147	192.0	1.9	-11.96	4.03	0.36	1096
mplight	TRAIN_VERBOSE	147	196.8	1.9	-12.35	4.15	0.37	1734
mplight	TRAIN_VERBOSE	147	199.6	1.9	-12.73	4.29	0.37	2369
mplight	TRAIN	147	199.6	1.9	-12.73	4.29	0.37	2369
mplight	TRAIN_VERBOSE	148	173.4	1.9	-9.89	3.30	0.32	466
mplight	TRAIN_VERBOSE	148	183.6	1.9	-11.33	3.77	0.35	1107
mplight	TRAIN_VERBOSE	148	187.8	1.9	-11.49	3.83	0.36	1736
mplight	TRAIN_VERBOSE	148	195.4	1.9	-12.75	4.19	0.37	2356
mplight	TRAIN	148	195.4	1.9	-12.75	4.19	0.37	2356
mplight	TRAIN_VERBOSE	149	179.3	1.9	-9.42	3.22	0.35	473
mplight	TRAIN_VERBOSE	149	215.4	1.9	-14.03	4.66	0.38	1085
mplight	TRAIN_VERBOSE	149	222.6	1.9	-15.92	5.23	0.39	1689
mplight	TRAIN_VERBOSE	149	235.4	1.9	-17.66	5.79	0.40	2338
mplight	TRAIN	149	235.4	1.9	-17.66	5.79	0.40	2338
mplight	TRAIN_VERBOSE	150	176.0	2.1	-9.74	3.28	0.34	465
mplight	TRAIN_VERBOSE	150	196.5	2.1	-12.24	4.11	0.37	1101
mplight	TRAIN_VERBOSE	150	195.7	2.1	-12.29	4.12	0.37	1741
mplight	TRAIN_VERBOSE	150	199.5	2.1	-12.92	4.31	0.37	2356
mplight	TRAIN	150	199.5	2.1	-12.92	4.31	0.37	2356
mplight	TRAIN_VERBOSE	151	167.5	2.1	-9.15	3.10	0.32	476
mplight	TRAIN_VERBOSE	151	207.7	2.1	-13.87	4.67	0.36	1026
mplight	TRAIN_VERBOSE	151	231.1	2.0	-15.64	5.31	0.39	1683
mplight	TRAIN_VERBOSE	151	232.9	2.0	-16.30	5.51	0.39	2364
mplight	TRAIN	151	232.9	2.0	-16.30	5.51	0.39	2364
mplight	TRAIN_VERBOSE	152	169.6	2.1	-9.21	3.14	0.33	469
mplight	TRAIN_VERBOSE	152	188.7	2.1	-11.70	3.96	0.36	1108
mplight	TRAIN_VERBOSE	152	192.0	2.1	-11.98	4.04	0.37	1726
mplight	TRAIN_VERBOSE	152	193.4	2.1	-12.18	4.11	0.37	2373
mplight	TRAIN	152	193.4	2.1	-12.18	4.11	0.37	2373
mplight	TRAIN_VERBOSE	153	173.8	2.3	-8.67	2.97	0.33	485
mplight	TRAIN_VERBOSE	153	188.9	2.3	-11.25	3.83	0.36	1099
mplight	TRAIN_VERBOSE	153	195.6	2.3	-11.83	4.03	0.37	1729
mplight	TRAIN_VERBOSE	153	195.3	2.3	-12.12	4.10	0.37	2377
mplight	TRAIN	153	195.3	2.3	-12.12	4.10	0.37	2377
mplight	TRAIN_VERBOSE	154	172.0	2.2	-8.86	2.93	0.33	477
mplight	TRAIN_VERBOSE	154	186.3	2.1	-11.58	3.81	0.36	1096
mplight	TRAIN_VERBOSE	154	198.7	2.0	-12.83	4.23	0.37	1722
mplight	TRAIN_VERBOSE	154	203.3	2.0	-13.29	4.38	0.38	2372
mplight	TRAIN	154	203.3	2.0	-13.29	4.38	0.38	2372
mplight	TRAIN_VERBOSE	155	166.3	2.0	-8.57	2.87	0.32	481
mplight	TRAIN_VERBOSE	155	182.0	2.0	-10.86	3.62	0.36	1112
mplight	TRAIN_VERBOSE	155	194.0	2.1	-12.17	4.04	0.37	1713
mplight	TRAIN_VERBOSE	155	197.7	2.1	-12.60	4.18	0.38	2380
mplight	TRAIN	155	197.7	2.1	-12.60	4.18	0.38	2380
mplight	TRAIN_VERBOSE	156	173.0	2.0	-9.67	3.16	0.34	472
mplight	TRAIN_VERBOSE	156	187.8	2.1	-11.17	3.69	0.37	1109
mplight	TRAIN_VERBOSE	156	190.9	2.0	-11.67	3.88	0.38	1723
mplight	TRAIN_VERBOSE	156	196.8	2.0	-12.29	4.09	0.39	2374
mplight	TRAIN	156	196.8	2.0	-12.29	4.09	0.39	2374
mplight	TRAIN_VERBOSE	157	171.9	2.1	-9.26	3.13	0.34	477
mplight	TRAIN_VERBOSE	157	198.4	2.0	-12.77	4.26	0.37	1087
mplight	TRAIN_VERBOSE	157	210.4	2.0	-13.92	4.64	0.38	1721
mplight	TRAIN_VERBOSE	157	208.8	2.0	-13.96	4.63	0.39	2373
mplight	TRAIN	157	208.8	2.0	-13.96	4.63	0.39	2373
mplight	TRAIN_VERBOSE	158	174.7	2.0	-9.57	3.22	0.34	473
mplight	TRAIN_VERBOSE	158	190.2	2.0	-11.54	3.86	0.37	1119
mplight	TRAIN_VERBOSE	158	192.3	2.0	-11.68	3.92	0.37	1735
mplight	TRAIN_VERBOSE	158	197.6	2.0	-12.43	4.16	0.38	2362
mplight	TRAIN	158	197.6	2.0	-12.43	4.16	0.38	2362
mplight	TRAIN_VERBOSE	159	174.1	2.0	-9.95	3.33	0.33	456
mplight	TRAIN_VERBOSE	159	201.4	2.0	-13.38	4.43	0.37	1105
mplight	TRAIN_VERBOSE	159	205.4	2.0	-14.00	4.58	0.38	1719
mplight	TRAIN_VERBOSE	159	212.2	2.0	-15.26	4.93	0.38	2348
mplight	TRAIN	159	212.2	2.0	-15.26	4.93	0.38	2348
mplight	TRAIN_VERBOSE	160	171.9	2.1	-9.22	3.08	0.34	475
mplight	TRAIN_VERBOSE	160	188.7	2.1	-12.02	4.07	0.37	1086
mplight	TRAIN_VERBOSE	160	198.0	2.1	-12.63	4.25	0.38	1738
mplight	TRAIN_VERBOSE	160	198.1	2.0	-12.75	4.29	0.39	2375
mplight	TRAIN	160	198.1	2.0	-12.75	4.29	0.39	2375
mplight	TRAIN_VERBOSE	161	171.7	1.9	-9.37	3.16	0.35	474
mplight	TRAIN_VERBOSE	161	181.3	2.0	-10.65	3.60	0.37	1109
mplight	TRAIN_VERBOSE	161	190.7	2.0	-11.70	3.93	0.38	1714
mplight	TRAIN_VERBOSE	161	195.9	2.0	-12.26	4.12	0.39	2368
mplight	TRAIN	161	195.9	2.0	-12.26	4.12	0.39	2368
mplight	TRAIN_VERBOSE	162	169.4	2.0	-9.37	3.20	0.34	471
mplight	TRAIN_VERBOSE	162	192.4	1.9	-12.05	4.06	0.37	1117
mplight	TRAIN_VERBOSE	162	194.8	1.9	-12.32	4.14	0.38	1715
mplight	TRAIN_VERBOSE	162	199.8	1.8	-12.97	4.32	0.39	2367
mplight	TRAIN	162	199.8	1.8	-12.97	4.32	0.39	2367
mplight	TRAIN_VERBOSE	163	176.2	1.8	-9.73	3.35	0.36	458
mplight	TRAIN_VERBOSE	163	193.2	1.8	-11.92	4.01	0.39	1096
mplight	TRAIN_VERBOSE	163	201.3	1.9	-12.85	4.30	0.40	1710
mplight	TRAIN_VERBOSE	163	207.3	1.9	-13.75	4.60	0.40	2360
mplight	TRAIN	163	207.3	1.9	-13.75	4.60	0.40	2360
mplight	TRAIN_VERBOSE	164	176.4	2.1	-9.57	3.19	0.34	471
mplight	TRAIN_VERBOSE	164	186.4	2.0	-11.15	3.76	0.37	1099
mplight	TRAIN_VERBOSE	164	194.8	2.0	-12.18	4.11	0.38	1711
mplight	TRAIN_VERBOSE	164	205.6	2.0	-13.26	4.50	0.39	2371
mplight	TRAIN	164	205.6	2.0	-13.26	4.50	0.39	2371
mplight	TRAIN_VERBOSE	165	159.4	2.0	-8.11	2.76	0.33	472
mplight	TRAIN_VERBOSE	165	185.7	2.0	-11.17	3.78	0.36	1101
mplight	TRAIN_VERBOSE	165	190.4	2.0	-11.61	3.93	0.37	1738
mplight	TRAIN_VERBOSE	165	191.2	2.0	-11.84	4.00	0.38	2379
mplight	TRAIN	165	191.2	2.0	-11.84	4.00	0.38	2379
mplight	TRAIN_VERBOSE	166	187.3	2.0	-10.47	3.50	0.36	463
mplight	TRAIN_VERBOSE	166	191.1	2.0	-11.70	3.94	0.38	1114
mplight	TRAIN_VERBOSE	166	193.8	2.0	-12.02	4.04	0.38	1731
mplight	TRAIN_VERBOSE	166	194.6	2.0	-12.42	4.16	0.38	2375
mplight	TRAIN	166	194.6	2.0	-12.42	4.16	0.38	2375
mplight	TRAIN_VERBOSE	167	168.3	1.9	-9.01	3.04	0.33	472
mplight	TRAIN_VERBOSE	167	187.7	1.9	-11.54	3.91	0.37	1086
mplight	TRAIN_VERBOSE	167	196.3	1.9	-12.43	4.19	0.38	1730
mplight	TRAIN_VERBOSE	167	207.0	1.9	-14.07	4.70	0.38	2342
mplight	TRAIN	167	207.0	1.9	-14.07	4.70	0.38	2342
mplight	TRAIN_VERBOSE	168	182.5	2.0	-10.99	3.64	0.35	474
mplight	TRAIN_VERBOSE	168	194.0	1.9	-12.18	4.06	0.37	1100
mplight	TRAIN_VERBOSE	168	198.4	1.9	-12.78	4.26	0.38	1729
mplight	TRAIN_VERBOSE	168	199.5	1.9	-12.82	4.28	0.38	2381
mplight	TRAIN	168	199.5	1.9	-12.82	4.28	0.38	2381
mplight	TRAIN_VERBOSE	169	172.2	2.0	-9.32	3.17	0.34	474
mplight	TRAIN_VERBOSE	169	184.7	1.9	-11.28	3.82	0.37	1106
mplight	TRAIN_VERBOSE	169	192.4	1.9	-11.99	4.04	0.37	1712
mplight	TRAIN_VERBOSE	169	197.4	2.0	-12.64	4.24	0.38	2365
mplight	TRAIN	169	197.4	2.0	-12.64	4.24	0.38	2365
mplight	TRAIN_VERBOSE	170	172.0	2.0	-9.53	3.20	0.35	478
mplight	TRAIN_VERBOSE	170	183.0	2.0	-11.05	3.77	0.37	1114
mplight	TRAIN_VERBOSE	170	191.0	2.0	-11.79	3.99	0.38	1722
mplight	TRAIN_VERBOSE	170	193.0	2.0	-12.01	4.07	0.38	2372
mplight	TRAIN	170	193.0	2.0	-12.01	4.07	0.38	2372
mplight	TRAIN_VERBOSE	171	176.7	2.0	-8.94	3.02	0.35	468
mplight	TRAIN_VERBOSE	171	187.9	2.0	-11.15	3.75	0.37	1119
mplight	TRAIN_VERBOSE	171	189.3	2.0	-11.31	3.82	0.37	1735
mplight	TRAIN_VERBOSE	171	188.7	2.0	-11.38	3.84	0.37	2372
mplight	TRAIN	171	188.7	2.0	-11.38	3.84	0.37	2372
mplight	TRAIN_VERBOSE	172	177.7	1.9	-9.80	3.36	0.33	468
mplight	TRAIN_VERBOSE	172	192.3	1.9	-12.06	4.03	0.36	1095
mplight	TRAIN_VERBOSE	172	201.6	1.8	-12.94	4.33	0.38	1726
mplight	TRAIN_VERBOSE	172	199.9	1.8	-12.85	4.29	0.38	2376
mplight	TRAIN	172	199.9	1.8	-12.85	4.29	0.38	2376
mplight	TRAIN_VERBOSE	173	171.4	1.8	-9.33	3.11	0.35	485
mplight	TRAIN_VERBOSE	173	178.4	1.8	-11.46	3.83	0.37	1080
mplight	TRAIN_VERBOSE	173	195.4	1.8	-12.43	4.18	0.38	1740
mplight	TRAIN_VERBOSE	173	193.0	1.8	-12.25	4.12	0.38	2383
mplight	TRAIN	173	193.0	1.8	-12.25	4.12	0.38	2383
mplight	TRAIN_VERBOSE	174	172.1	1.7	-9.17	3.10	0.35	468
mplight	TRAIN_VERBOSE	174	186.1	1.7	-10.86	3.69	0.37	1105
mplight	TRAIN_VERBOSE	174	193.2	1.7	-11.77	3.99	0.38	1734
mplight	TRAIN_VERBOSE	174	195.7	1.7	-12.28	4.16	0.38	2376
mplight	TRAIN	174	195.7	1.7	-12.28	4.16	0.38	2376
mplight	TRAIN_VERBOSE	175	166.5	1.9	-8.63	2.94	0.32	473
mplight	TRAIN_VERBOSE	175	193.1	1.9	-11.74	3.97	0.36	1095
mplight	TRAIN_VERBOSE	175	199.2	1.8	-12.15	4.12	0.37	1736
mplight	TRAIN_VERBOSE	175	198.9	1.8	-12.47	4.19	0.38	2367
mplight	TRAIN	175	198.9	1.8	-12.47	4.19	0.38	2367
mplight	TRAIN_VERBOSE	176	159.7	1.9	-7.99	2.73	0.33	485
mplight	TRAIN_VERBOSE	176	177.5	1.8	-10.08	3.45	0.35	1120
mplight	TRAIN_VERBOSE	176	182.2	1.8	-10.57	3.62	0.36	1740
mplight	TRAIN_VERBOSE	176	187.0	1.7	-11.08	3.76	0.37	2367
mplight	TRAIN	176	187.0	1.7	-11.08	3.76	0.37	2367
mplight	TRAIN_VERBOSE	177	168.9	1.7	-8.87	3.01	0.33	489
mplight	TRAIN_VERBOSE	177	180.0	1.6	-10.57	3.59	0.36	1123
mplight	TRAIN_VERBOSE	177	184.6	1.6	-11.10	3.76	0.37	1722
mplight	TRAIN_VERBOSE	177	190.7	1.6	-11.73	3.97	0.38	2361
mplight	TRAIN	177	190.7	1.6	-11.73	3.97	0.38	2361
mplight	TRAIN_VERBOSE	178	170.2	1.7	-9.15	3.07	0.33	494
mplight	TRAIN_VERBOSE	178	190.4	1.6	-12.16	4.10	0.35	1110
mplight	TRAIN_VERBOSE	178	193.8	1.6	-12.41	4.21	0.36	1723
mplight	TRAIN_VERBOSE	178	193.0	1.6	-12.23	4.17	0.36	2374
mplight	TRAIN	178	193.0	1.6	-12.23	4.17	0.36	2374
mplight	TRAIN_VERBOSE	179	165.7	1.6	-8.60	2.96	0.33	479
mplight	TRAIN_VERBOSE	179	172.5	1.6	-9.97	3.42	0.36	1121
mplight	TRAIN_VERBOSE	179	179.7	1.6	-10.61	3.66	0.36	1733
mplight	TRAIN_VERBOSE	179	183.0	1.6	-11.07	3.77	0.37	2379
mplight	TRAIN	179	183.0	1.6	-11.07	3.77	0.37	2379
mplight	TRAIN_VERBOSE	180	170.3	1.6	-8.46	2.93	0.32	476
mplight	TRAIN_VERBOSE	180	195.2	1.6	-12.04	4.16	0.36	1079
mplight	TRAIN_VERBOSE	180	203.6	1.6	-12.82	4.41	0.37	1735
mplight	TRAIN_VERBOSE	180	202.8	1.6	-12.99	4.44	0.38	2375
mplight	TRAIN	180	202.8	1.6	-12.99	4.44	0.38	2375
mplight	TRAIN_VERBOSE	181	171.8	1.6	-8.35	2.90	0.34	475
mplight	TRAIN_VERBOSE	181	188.1	1.6	-11.02	3.76	0.37	1092
mplight	TRAIN_VERBOSE	181	195.4	1.6	-11.52	3.94	0.37	1722
mplight	TRAIN_VERBOSE	181	195.8	1.6	-11.86	4.03	0.38	2376
mplight	TRAIN	181	195.8	1.6	-11.86	4.03	0.38	2376
mplight	TRAIN_VERBOSE	182	171.6	1.6	-8.89	3.10	0.33	478
mplight	TRAIN_VERBOSE	182	181.6	1.6	-10.45	3.62	0.36	1122
mplight	TRAIN_VERBOSE	182	186.0	1.6	-11.06	3.80	0.37	1731
mplight	TRAIN_VERBOSE	182	187.6	1.6	-11.34	3.88	0.37	2367
mplight	TRAIN	182	187.6	1.6	-11.34	3.88	0.37	2367
mplight	TRAIN_VERBOSE	183	183.3	1.4	-10.24	3.54	0.32	471
mplight	TRAIN_VERBOSE	183	193.0	1.4	-11.63	4.02	0.35	1113
mplight	TRAIN_VERBOSE	183	197.1	1.4	-12.27	4.22	0.37	1724
mplight	TRAIN_VERBOSE	183	202.9	1.4	-12.94	4.45	0.38	2358
mplight	TRAIN	183	202.9	1.4	-12.94	4.45	0.38	2358
mplight	TRAIN_VERBOSE	184	171.9	1.5	-8.86	3.06	0.33	480
mplight	TRAIN_VERBOSE	184	178.0	1.5	-10.33	3.53	0.35	1098
mplight	TRAIN_VERBOSE	184	186.2	1.5	-11.06	3.78	0.37	1728
mplight	TRAIN_VERBOSE	184	191.1	1.5	-11.60	3.96	0.38	2376
mplight	TRAIN	184	191.1	1.5	-11.60	3.96	0.38	2376
mplight	TRAIN_VERBOSE	185	179.6	1.5	-9.55	3.30	0.34	471
mplight	TRAIN_VERBOSE	185	191.5	1.5	-11.58	3.95	0.37	1094
mplight	TRAIN_VERBOSE	185	200.2	1.5	-12.57	4.29	0.38	1714
mplight	TRAIN_VERBOSE	185	204.2	1.5	-13.23	4.51	0.38	2361
mplight	TRAIN	185	204.2	1.5	-13.23	4.51	0.38	2361
mplight	TRAIN_VERBOSE	186	170.4	1.5	-8.82	3.02	0.33	485
mplight	TRAIN_VERBOSE	186	176.1	1.5	-10.14	3.47	0.35	1124
mplight	TRAIN_VERBOSE	186	183.8	1.5	-10.97	3.78	0.36	1731
mplight	TRAIN_VERBOSE	186	187.6	1.6	-11.58	3.96	0.37	2366
mplight	TRAIN	186	187.6	1.6	-11.58	3.96	0.37	2366
mplight	TRAIN_VERBOSE	187	167.2	1.6	-8.79	2.98	0.33	482
mplight	TRAIN_VERBOSE	187	184.1	1.6	-11.01	3.75	0.35	1123
mplight	TRAIN_VERBOSE	187	188.1	1.6	-11.27	3.84	0.36	1718
mplight	TRAIN_VERBOSE	187	190.2	1.6	-11.59	3.93	0.37	2375
mplight	TRAIN	187	190.2	1.6	-11.59	3.93	0.37	2375
mplight	TRAIN_VERBOSE	188	173.4	1.7	-9.49	3.20	0.33	476
mplight	TRAIN_VERBOSE	188	183.2	1.7	-11.01	3.77	0.35	1119
mplight	TRAIN_VERBOSE	188	185.7	1.6	-11.21	3.81	0.36	1725
mplight	TRAIN_VERBOSE	188	189.2	1.6	-11.75	3.98	0.37	2374
mplight	TRAIN	188	189.2	1.6	-11.75	3.98	0.37	2374
mplight	TRAIN_VERBOSE	189	169.3	1.6	-8.52	2.95	0.33	480
mplight	TRAIN_VERBOSE	189	180.0	1.5	-10.49	3.65	0.35	1106
mplight	TRAIN_VERBOSE	189	192.0	1.5	-11.90	4.10	0.36	1721
mplight	TRAIN_VERBOSE	189	194.4	1.5	-12.19	4.17	0.37	2380
mplight	TRAIN	189	194.4	1.5	-12.19	4.17	0.37	2380
mplight	TRAIN_VERBOSE	190	175.1	1.6	-9.47	3.26	0.33	482
mplight	TRAIN_VERBOSE	190	185.7	1.6	-10.95	3.75	0.37	1111
mplight	TRAIN_VERBOSE	190	190.6	1.6	-11.39	3.88	0.37	1728
mplight	TRAIN_VERBOSE	190	188.7	1.6	-11.54	3.93	0.37	2380
mplight	TRAIN	190	188.7	1.6	-11.54	3.93	0.37	2380
mplight	TRAIN_VERBOSE	191	165.6	1.6	-8.24	2.77	0.33	484
mplight	TRAIN_VERBOSE	191	183.8	1.6	-10.59	3.61	0.36	1120
mplight	TRAIN_VERBOSE	191	185.8	1.6	-10.82	3.71	0.36	1720
mplight	TRAIN_VERBOSE	191	188.2	1.6	-11.16	3.81	0.37	2378
mplight	TRAIN	191	188.2	1.6	-11.16	3.81	0.37	2378
mplight	TRAIN_VERBOSE	192	178.3	1.4	-9.56	3.31	0.35	466
mplight	TRAIN_VERBOSE	192	192.5	1.4	-11.31	3.89	0.37	1107
mplight	TRAIN_VERBOSE	192	194.8	1.4	-11.61	4.01	0.37	1733
mplight	TRAIN_VERBOSE	192	195.5	1.4	-11.82	4.07	0.37	2372
mplight	TRAIN	192	195.5	1.4	-11.82	4.07	0.37	2372
mplight	TRAIN_VERBOSE	193	165.6	1.5	-8.65	3.00	0.32	475
mplight	TRAIN_VERBOSE	193	183.5	1.5	-10.76	3.71	0.35	1110
mplight	TRAIN_VERBOSE	193	187.6	1.4	-11.19	3.87	0.36	1722
mplight	TRAIN_VERBOSE	193	190.3	1.4	-11.58	4.01	0.37	2380
mplight	TRAIN	193	190.3	1.4	-11.58	4.01	0.37	2380
mplight	TRAIN_VERBOSE	194	190.5	1.5	-10.80	3.72	0.36	460
mplight	TRAIN_VERBOSE	194	198.3	1.5	-12.01	4.17	0.37	1117
mplight	TRAIN_VERBOSE	194	193.4	1.4	-11.42	3.96	0.38	1738
mplight	TRAIN_VERBOSE	194	188.2	1.5	-11.19	3.87	0.37	2395
mplight	TRAIN	194	188.2	1.5	-11.19	3.87	0.37	2395
mplight	TRAIN_VERBOSE	195	165.9	1.5	-8.43	2.94	0.32	482
mplight	TRAIN_VERBOSE	195	180.0	1.5	-10.27	3.55	0.35	1109
mplight	TRAIN_VERBOSE	195	184.8	1.5	-10.78	3.72	0.36	1738
mplight	TRAIN_VERBOSE	195	186.9	1.5	-11.07	3.80	0.37	2391
mplight	TRAIN	195	186.9	1.5	-11.07	3.80	0.37	2391
mplight	TRAIN_VERBOSE	196	166.3	1.6	-8.61	2.91	0.33	489
mplight	TRAIN_VERBOSE	196	173.6	1.5	-10.35	3.48	0.35	1099
mplight	TRAIN_VERBOSE	196	180.2	1.5	-10.71	3.62	0.36	1745
mplight	TRAIN_VERBOSE	196	183.0	1.5	-11.04	3.74	0.36	2384
mplight	TRAIN	196	183.0	1.5	-11.04	3.74	0.36	2384
mplight	TRAIN_VERBOSE	197	165.4	1.5	-8.51	2.90	0.32	485
mplight	TRAIN_VERBOSE	197	185.5	1.5	-10.86	3.70	0.35	1114
mplight	TRAIN_VERBOSE	197	190.9	1.5	-11.48	3.93	0.36	1734
mplight	TRAIN_VERBOSE	197	194.8	1.5	-11.80	4.03	0.37	2376
mplight	TRAIN	197	194.8	1.5	-11.80	4.03	0.37	2376
mplight	TRAIN_VERBOSE	198	163.0	1.5	-8.14	2.82	0.32	475
mplight	TRAIN_VERBOSE	198	180.8	1.5	-10.47	3.61	0.35	1103
mplight	TRAIN_VERBOSE	198	190.3	1.5	-11.56	3.93	0.37	1712
mplight	TRAIN_VERBOSE	198	195.9	1.5	-12.35	4.18	0.37	2372
mplight	TRAIN	198	195.9	1.5	-12.35	4.18	0.37	2372
mplight	TRAIN_VERBOSE	199	169.0	1.6	-9.14	3.08	0.32	475
mplight	TRAIN_VERBOSE	199	182.4	1.5	-11.07	3.73	0.35	1112
mplight	TRAIN_VERBOSE	199	191.0	1.5	-12.12	4.08	0.36	1700
mplight	TRAIN_VERBOSE	199	200.7	1.5	-13.20	4.42	0.37	2367
mplight	TRAIN	199	200.7	1.5	-13.20	4.42	0.37	2367
