step:3600/3600, q_loss:1.1108996868133545, rewards:-796.7923611111111, queue:16.891290018832393, delay:0.2565534746130532, throughput:2825
episode:0/10, real avg travel time:667.455575221239
intersection:0, mean_episode_reward:-8.942917823791504, mean_queue:16.399999618530273
intersection:1, mean_episode_reward:-11.666558265686035, mean_queue:11.033333778381348
intersection:2, mean_episode_reward:-26.513336181640625, mean_queue:28.6472225189209
intersection:3, mean_episode_reward:-11.121875762939453, mean_queue:8.347222328186035
intersection:4, mean_episode_reward:-7.82000732421875, mean_queue:8.697221755981445
intersection:5, mean_episode_reward:-4.75892972946167, mean_queue:9.561111450195312
intersection:6, mean_episode_reward:-5.019993782043457, mean_queue:6.574999809265137
intersection:7, mean_episode_reward:-5.936249256134033, mean_queue:11.913888931274414
intersection:8, mean_episode_reward:-8.715923309326172, mean_queue:14.747221946716309
intersection:9, mean_episode_reward:-8.449075698852539, mean_queue:4.27222204208374
intersection:10, mean_episode_reward:-6.683967590332031, mean_queue:4.708333492279053
intersection:11, mean_episode_reward:-8.317639350891113, mean_queue:5.733333110809326
intersection:12, mean_episode_reward:-7.206552505493164, mean_queue:5.641666889190674
intersection:13, mean_episode_reward:-21.72028160095215, mean_queue:31.575000762939453
intersection:14, mean_episode_reward:-19.01944351196289, mean_queue:9.541666984558105
intersection:15, mean_episode_reward:-18.57393455505371, mean_queue:49.602779388427734
intersection:16, mean_episode_reward:-6.662663459777832, mean_queue:8.297222137451172
intersection:17, mean_episode_reward:-8.318886756896973, mean_queue:12.313888549804688
intersection:18, mean_episode_reward:-10.03499984741211, mean_queue:12.019444465637207
intersection:19, mean_episode_reward:-8.431390762329102, mean_queue:10.963889122009277
intersection:20, mean_episode_reward:-16.69965362548828, mean_queue:24.447221755981445
intersection:21, mean_episode_reward:-4.430140018463135, mean_queue:9.063888549804688
intersection:22, mean_episode_reward:-7.953923225402832, mean_queue:15.966666221618652
intersection:23, mean_episode_reward:-32.33687210083008, mean_queue:33.53888702392578
intersection:24, mean_episode_reward:-3.862361431121826, mean_queue:7.594444274902344
intersection:25, mean_episode_reward:-18.980167388916016, mean_queue:28.2277774810791
intersection:26, mean_episode_reward:-13.803149223327637, mean_queue:7.06944465637207
intersection:27, mean_episode_reward:-5.405616760253906, mean_queue:9.161110877990723
intersection:28, mean_episode_reward:-60.35826110839844, mean_queue:57.483333587646484
intersection:29, mean_episode_reward:-27.17073631286621, mean_queue:20.450000762939453
intersection:30, mean_episode_reward:-31.677501678466797, mean_queue:37.02777862548828
intersection:31, mean_episode_reward:-12.90174388885498, mean_queue:22.33888816833496
intersection:32, mean_episode_reward:-16.585649490356445, mean_queue:13.702777862548828
intersection:33, mean_episode_reward:-22.38033103942871, mean_queue:56.00555419921875
intersection:34, mean_episode_reward:-7.867974281311035, mean_queue:22.058332443237305
intersection:35, mean_episode_reward:-10.070551872253418, mean_queue:15.133333206176758
intersection:36, mean_episode_reward:-3.881333351135254, mean_queue:3.2333333492279053
intersection:37, mean_episode_reward:-11.603839874267578, mean_queue:14.508333206176758
intersection:38, mean_episode_reward:-9.30258560180664, mean_queue:12.997221946716309
intersection:39, mean_episode_reward:-8.671438217163086, mean_queue:20.2722225189209
intersection:40, mean_episode_reward:-3.181774854660034, mean_queue:3.2722222805023193
intersection:41, mean_episode_reward:-12.319907188415527, mean_queue:19.991666793823242
intersection:42, mean_episode_reward:-6.368332386016846, mean_queue:4.711111068725586
intersection:43, mean_episode_reward:-12.3267240524292, mean_queue:28.78611183166504
intersection:44, mean_episode_reward:-6.504929542541504, mean_queue:22.18055534362793
intersection:45, mean_episode_reward:-19.412822723388672, mean_queue:39.06944274902344
intersection:46, mean_episode_reward:-8.63277816772461, mean_queue:7.983333110809326
intersection:47, mean_episode_reward:-19.76344871520996, mean_queue:20.700000762939453
intersection:48, mean_episode_reward:-7.49980354309082, mean_queue:16.969444274902344
intersection:49, mean_episode_reward:-10.68639087677002, mean_queue:10.73611068725586
intersection:50, mean_episode_reward:-14.211478233337402, mean_queue:21.336111068725586
intersection:51, mean_episode_reward:-1.815000057220459, mean_queue:1.8222222328186035
intersection:52, mean_episode_reward:-0.6016666293144226, mean_queue:0.5972222089767456
intersection:53, mean_episode_reward:-3.2679989337921143, mean_queue:2.683333396911621
intersection:54, mean_episode_reward:-6.977222442626953, mean_queue:2.9194445610046387
intersection:55, mean_episode_reward:-34.62125015258789, mean_queue:24.141666412353516
intersection:56, mean_episode_reward:-8.597099304199219, mean_queue:14.163888931274414
intersection:57, mean_episode_reward:-7.617394924163818, mean_queue:17.330554962158203
intersection:58, mean_episode_reward:-72.52778625488281, mean_queue:36.31944274902344
step:3600/3600, q_loss:0.6741897463798523, rewards:-797.8485243055555, queue:15.888512241054613, delay:0.24689877037723634, throughput:3354
episode:1/10, real avg travel time:693.5333929636255
intersection:0, mean_episode_reward:-9.666147232055664, mean_queue:25.552778244018555
intersection:1, mean_episode_reward:-7.414561748504639, mean_queue:6.980555534362793
intersection:2, mean_episode_reward:-25.811363220214844, mean_queue:27.77777862548828
intersection:3, mean_episode_reward:-15.416460037231445, mean_queue:11.33055591583252
intersection:4, mean_episode_reward:-0.2978571057319641, mean_queue:0.3166666626930237
intersection:5, mean_episode_reward:-4.527857780456543, mean_queue:8.280555725097656
intersection:6, mean_episode_reward:-5.138521194458008, mean_queue:6.936110973358154
intersection:7, mean_episode_reward:-4.866389274597168, mean_queue:9.769444465637207
intersection:8, mean_episode_reward:-7.049132823944092, mean_queue:11.63611125946045
intersection:9, mean_episode_reward:-49.5551872253418, mean_queue:24.811111450195312
intersection:10, mean_episode_reward:-45.35361862182617, mean_queue:29.197221755981445
intersection:11, mean_episode_reward:-4.732916831970215, mean_queue:3.469444513320923
intersection:12, mean_episode_reward:-5.450112342834473, mean_queue:4.400000095367432
intersection:13, mean_episode_reward:-33.657779693603516, mean_queue:52.29166793823242
intersection:14, mean_episode_reward:-28.94110870361328, mean_queue:14.452777862548828
intersection:15, mean_episode_reward:-17.842708587646484, mean_queue:47.20000076293945
intersection:16, mean_episode_reward:-7.5400071144104, mean_queue:9.411110877990723
intersection:17, mean_episode_reward:-7.09648323059082, mean_queue:10.644444465637207
intersection:18, mean_episode_reward:-3.730451822280884, mean_queue:7.505555629730225
intersection:19, mean_episode_reward:-8.639721870422363, mean_queue:10.45555591583252
intersection:20, mean_episode_reward:-8.420624732971191, mean_queue:11.747221946716309
intersection:21, mean_episode_reward:-2.2876853942871094, mean_queue:4.883333206176758
intersection:22, mean_episode_reward:-6.437016010284424, mean_queue:13.147222518920898
intersection:23, mean_episode_reward:-40.49833297729492, mean_queue:40.07500076293945
intersection:24, mean_episode_reward:-3.3729169368743896, mean_queue:6.497222423553467
intersection:25, mean_episode_reward:-17.858741760253906, mean_queue:27.424999237060547
intersection:26, mean_episode_reward:-18.919279098510742, mean_queue:8.88888931274414
intersection:27, mean_episode_reward:-8.867340087890625, mean_queue:16.172222137451172
intersection:28, mean_episode_reward:-40.87396240234375, mean_queue:35.358333587646484
intersection:29, mean_episode_reward:-48.38444519042969, mean_queue:36.375
intersection:30, mean_episode_reward:-11.100475311279297, mean_queue:13.933333396911621
intersection:31, mean_episode_reward:-13.003809928894043, mean_queue:22.26944351196289
intersection:32, mean_episode_reward:-11.713555335998535, mean_queue:7.866666793823242
intersection:33, mean_episode_reward:-15.439688682556152, mean_queue:38.67499923706055
intersection:34, mean_episode_reward:-11.988333702087402, mean_queue:33.474998474121094
intersection:35, mean_episode_reward:-3.1996285915374756, mean_queue:4.8222222328186035
intersection:36, mean_episode_reward:-0.5853334069252014, mean_queue:0.36666667461395264
intersection:37, mean_episode_reward:-10.886841773986816, mean_queue:10.297222137451172
intersection:38, mean_episode_reward:-7.128520965576172, mean_queue:9.883333206176758
intersection:39, mean_episode_reward:-8.063568115234375, mean_queue:18.827777862548828
intersection:40, mean_episode_reward:-1.717334270477295, mean_queue:1.8138889074325562
intersection:41, mean_episode_reward:-12.714432716369629, mean_queue:21.28333282470703
intersection:42, mean_episode_reward:-4.469166278839111, mean_queue:3.2527778148651123
intersection:43, mean_episode_reward:-13.171953201293945, mean_queue:35.69722366333008
intersection:44, mean_episode_reward:-6.449304103851318, mean_queue:19.186111450195312
intersection:45, mean_episode_reward:-20.34665870666504, mean_queue:41.8305549621582
intersection:46, mean_episode_reward:-8.852222442626953, mean_queue:8.322221755981445
intersection:47, mean_episode_reward:-15.39765739440918, mean_queue:16.438888549804688
intersection:48, mean_episode_reward:-6.106745719909668, mean_queue:13.405555725097656
intersection:49, mean_episode_reward:-0.411389023065567, mean_queue:0.4555555582046509
intersection:50, mean_episode_reward:-0.15259261429309845, mean_queue:0.28611111640930176
intersection:51, mean_episode_reward:-1.4288889169692993, mean_queue:1.4416667222976685
intersection:52, mean_episode_reward:-0.3291666805744171, mean_queue:0.32777777314186096
intersection:53, mean_episode_reward:-3.9039974212646484, mean_queue:3.2361111640930176
intersection:54, mean_episode_reward:-3.797222137451172, mean_queue:1.2638888359069824
intersection:55, mean_episode_reward:-3.8088884353637695, mean_queue:2.6972222328186035
intersection:56, mean_episode_reward:-4.841424942016602, mean_queue:8.527777671813965
intersection:57, mean_episode_reward:-13.8465576171875, mean_queue:27.302778244018555
intersection:58, mean_episode_reward:-94.34444427490234, mean_queue:47.247222900390625
step:3600/3600, q_loss:0.6665793657302856, rewards:-691.4224392361111, queue:14.142843691148776, delay:0.2294603940457274, throughput:3720
episode:2/10, real avg travel time:668.0610215053763
intersection:0, mean_episode_reward:-13.306875228881836, mean_queue:35.511112213134766
intersection:1, mean_episode_reward:-9.15966510772705, mean_queue:6.044444561004639
intersection:2, mean_episode_reward:-43.09330368041992, mean_queue:47.3305549621582
intersection:3, mean_episode_reward:-12.672500610351562, mean_queue:9.594444274902344
intersection:4, mean_episode_reward:-1.7566661834716797, mean_queue:2.0361111164093018
intersection:5, mean_episode_reward:-7.553215980529785, mean_queue:14.813888549804688
intersection:6, mean_episode_reward:-12.017035484313965, mean_queue:17.988889694213867
intersection:7, mean_episode_reward:-3.638889789581299, mean_queue:7.261111259460449
intersection:8, mean_episode_reward:-8.050372123718262, mean_queue:13.333333015441895
intersection:9, mean_episode_reward:-54.41685485839844, mean_queue:28.061111450195312
intersection:10, mean_episode_reward:-60.615089416503906, mean_queue:39.20833206176758
intersection:11, mean_episode_reward:-11.142638206481934, mean_queue:7.963889122009277
intersection:12, mean_episode_reward:-3.0275559425354004, mean_queue:2.4638888835906982
intersection:13, mean_episode_reward:-20.733224868774414, mean_queue:27.78333282470703
intersection:14, mean_episode_reward:-27.135560989379883, mean_queue:13.572221755981445
intersection:15, mean_episode_reward:-7.791120529174805, mean_queue:19.53611183166504
intersection:16, mean_episode_reward:-8.31999397277832, mean_queue:10.405555725097656
intersection:17, mean_episode_reward:-8.44259262084961, mean_queue:12.586111068725586
intersection:18, mean_episode_reward:-7.778507709503174, mean_queue:15.56944465637207
intersection:19, mean_episode_reward:-8.280488967895508, mean_queue:10.822221755981445
intersection:20, mean_episode_reward:-6.77166748046875, mean_queue:9.688888549804688
intersection:21, mean_episode_reward:-2.435229778289795, mean_queue:5.400000095367432
intersection:22, mean_episode_reward:-7.591006278991699, mean_queue:15.783333778381348
intersection:23, mean_episode_reward:-25.386667251586914, mean_queue:25.452777862548828
intersection:24, mean_episode_reward:-3.684861183166504, mean_queue:6.480555534362793
intersection:25, mean_episode_reward:-17.037445068359375, mean_queue:26.97222137451172
intersection:26, mean_episode_reward:-8.55851936340332, mean_queue:4.422222137451172
intersection:27, mean_episode_reward:-10.518582344055176, mean_queue:19.130556106567383
intersection:28, mean_episode_reward:-10.053267478942871, mean_queue:10.380555152893066
intersection:29, mean_episode_reward:-30.11631202697754, mean_queue:22.655555725097656
intersection:30, mean_episode_reward:-5.655474662780762, mean_queue:7.233333110809326
intersection:31, mean_episode_reward:-10.033968925476074, mean_queue:17.188888549804688
intersection:32, mean_episode_reward:-3.090999126434326, mean_queue:2.8916666507720947
intersection:33, mean_episode_reward:-15.3286714553833, mean_queue:38.375
intersection:34, mean_episode_reward:-9.778641700744629, mean_queue:26.75
intersection:35, mean_episode_reward:-2.69240665435791, mean_queue:4.094444274902344
intersection:36, mean_episode_reward:-4.537667274475098, mean_queue:3.797222137451172
intersection:37, mean_episode_reward:-18.97081756591797, mean_queue:16.71666717529297
intersection:38, mean_episode_reward:-8.947222709655762, mean_queue:12.83055591583252
intersection:39, mean_episode_reward:-5.337140083312988, mean_queue:12.491666793823242
intersection:40, mean_episode_reward:-4.450221538543701, mean_queue:4.672222137451172
intersection:41, mean_episode_reward:-5.180786609649658, mean_queue:7.238888740539551
intersection:42, mean_episode_reward:-5.107639312744141, mean_queue:3.7472221851348877
intersection:43, mean_episode_reward:-11.23120403289795, mean_queue:24.608333587646484
intersection:44, mean_episode_reward:-5.624653339385986, mean_queue:18.738889694213867
intersection:45, mean_episode_reward:-20.54512596130371, mean_queue:39.82777786254883
intersection:46, mean_episode_reward:-8.707505226135254, mean_queue:8.622221946716309
intersection:47, mean_episode_reward:-13.668096542358398, mean_queue:13.941666603088379
intersection:48, mean_episode_reward:-6.066346645355225, mean_queue:13.18055534362793
intersection:49, mean_episode_reward:-0.14416660368442535, mean_queue:0.18888889253139496
intersection:50, mean_episode_reward:-0.15981481969356537, mean_queue:0.29722222685813904
intersection:51, mean_episode_reward:-3.8719441890716553, mean_queue:3.883333444595337
intersection:52, mean_episode_reward:-0.4594445824623108, mean_queue:0.43888887763023376
intersection:53, mean_episode_reward:-4.447327136993408, mean_queue:3.702777862548828
intersection:54, mean_episode_reward:-8.443889617919922, mean_queue:3.8027777671813965
intersection:55, mean_episode_reward:-13.980969429016113, mean_queue:7.222222328186035
intersection:56, mean_episode_reward:-6.061033248901367, mean_queue:10.366666793823242
intersection:57, mean_episode_reward:-13.519682884216309, mean_queue:27.100000381469727
intersection:58, mean_episode_reward:-24.293888092041016, mean_queue:12.225000381469727
step:3600/3600, q_loss:0.7333648800849915, rewards:-705.3088541666667, queue:14.10268361581921, delay:0.22693209028513417, throughput:3915
episode:3/10, real avg travel time:653.0227330779055
intersection:0, mean_episode_reward:-12.630311012268066, mean_queue:33.70833206176758
intersection:1, mean_episode_reward:-1.8286670446395874, mean_queue:1.5416666269302368
intersection:2, mean_episode_reward:-24.67665672302246, mean_queue:28.05555534362793
intersection:3, mean_episode_reward:-13.541875839233398, mean_queue:9.883333206176758
intersection:4, mean_episode_reward:-2.4664294719696045, mean_queue:2.8777778148651123
intersection:5, mean_episode_reward:-5.637380599975586, mean_queue:11.827777862548828
intersection:6, mean_episode_reward:-5.94500207901001, mean_queue:8.563888549804688
intersection:7, mean_episode_reward:-2.3155548572540283, mean_queue:4.6972222328186035
intersection:8, mean_episode_reward:-8.185173034667969, mean_queue:13.149999618530273
intersection:9, mean_episode_reward:-43.24370574951172, mean_queue:22.636110305786133
intersection:10, mean_episode_reward:-51.13206481933594, mean_queue:33.50555419921875
intersection:11, mean_episode_reward:-7.4722208976745605, mean_queue:5.538888931274414
intersection:12, mean_episode_reward:-2.1412229537963867, mean_queue:1.380555510520935
intersection:13, mean_episode_reward:-17.90316390991211, mean_queue:25.383333206176758
intersection:14, mean_episode_reward:-23.835004806518555, mean_queue:11.94444465637207
intersection:15, mean_episode_reward:-10.448689460754395, mean_queue:27.241666793823242
intersection:16, mean_episode_reward:-10.78667163848877, mean_queue:13.494444847106934
intersection:17, mean_episode_reward:-3.7161104679107666, mean_queue:5.511111259460449
intersection:18, mean_episode_reward:-4.808089733123779, mean_queue:10.052778244018555
intersection:19, mean_episode_reward:-9.169235229492188, mean_queue:12.202777862548828
intersection:20, mean_episode_reward:-3.4212496280670166, mean_queue:5.280555725097656
intersection:21, mean_episode_reward:-3.5575013160705566, mean_queue:7.780555725097656
intersection:22, mean_episode_reward:-6.923853397369385, mean_queue:14.23611068725586
intersection:23, mean_episode_reward:-29.51702117919922, mean_queue:28.46666717529297
intersection:24, mean_episode_reward:-1.7737499475479126, mean_queue:3.325000047683716
intersection:25, mean_episode_reward:-15.65810775756836, mean_queue:23.16111183166504
intersection:26, mean_episode_reward:-11.619439125061035, mean_queue:5.891666889190674
intersection:27, mean_episode_reward:-8.003335952758789, mean_queue:14.769444465637207
intersection:28, mean_episode_reward:-14.421599388122559, mean_queue:11.813888549804688
intersection:29, mean_episode_reward:-21.320377349853516, mean_queue:15.98611068725586
intersection:30, mean_episode_reward:-5.245234966278076, mean_queue:8.163888931274414
intersection:31, mean_episode_reward:-18.724451065063477, mean_queue:32.65833282470703
intersection:32, mean_episode_reward:-9.217560768127441, mean_queue:6.038888931274414
intersection:33, mean_episode_reward:-16.06922149658203, mean_queue:40.227779388427734
intersection:34, mean_episode_reward:-10.57317066192627, mean_queue:29.247222900390625
intersection:35, mean_episode_reward:-0.8205552101135254, mean_queue:1.3027777671813965
intersection:36, mean_episode_reward:-3.5220015048980713, mean_queue:2.9388887882232666
intersection:37, mean_episode_reward:-17.751670837402344, mean_queue:15.79444408416748
intersection:38, mean_episode_reward:-7.50666618347168, mean_queue:10.741666793823242
intersection:39, mean_episode_reward:-5.420714378356934, mean_queue:12.716666221618652
intersection:40, mean_episode_reward:-1.8891112804412842, mean_queue:2.075000047683716
intersection:41, mean_episode_reward:-11.368424415588379, mean_queue:18.91111183166504
intersection:42, mean_episode_reward:-11.644027709960938, mean_queue:9.813888549804688
intersection:43, mean_episode_reward:-11.284646034240723, mean_queue:24.725000381469727
intersection:44, mean_episode_reward:-6.244443893432617, mean_queue:21.422222137451172
intersection:45, mean_episode_reward:-17.712982177734375, mean_queue:39.7055549621582
intersection:46, mean_episode_reward:-7.773887634277344, mean_queue:7.594444274902344
intersection:47, mean_episode_reward:-12.82433032989502, mean_queue:13.702777862548828
intersection:48, mean_episode_reward:-5.211236953735352, mean_queue:11.38611125946045
intersection:49, mean_episode_reward:-0.2608332335948944, mean_queue:0.32499998807907104
intersection:50, mean_episode_reward:-0.26129627227783203, mean_queue:0.43888887763023376
intersection:51, mean_episode_reward:-1.9491665363311768, mean_queue:1.961111068725586
intersection:52, mean_episode_reward:-0.0013888889225199819, mean_queue:0.0027777778450399637
intersection:53, mean_episode_reward:-4.048333168029785, mean_queue:3.3694443702697754
intersection:54, mean_episode_reward:-16.33944320678711, mean_queue:4.986111164093018
intersection:55, mean_episode_reward:-31.424449920654297, mean_queue:19.14444351196289
intersection:56, mean_episode_reward:-10.340988159179688, mean_queue:16.141666412353516
intersection:57, mean_episode_reward:-15.144685745239258, mean_queue:29.252777099609375
intersection:58, mean_episode_reward:-66.63445281982422, mean_queue:33.36111068725586
step:3600/3600, q_loss:0.6569200158119202, rewards:-558.25859375, queue:11.935404896421845, delay:0.21123564122086863, throughput:4643
episode:4/10, real avg travel time:588.9088951109196
intersection:0, mean_episode_reward:-12.602917671203613, mean_queue:33.61666488647461
intersection:1, mean_episode_reward:-3.411776065826416, mean_queue:2.5333333015441895
intersection:2, mean_episode_reward:-29.99485206604004, mean_queue:31.299999237060547
intersection:3, mean_episode_reward:-12.382918357849121, mean_queue:8.997221946716309
intersection:4, mean_episode_reward:-3.3411920070648193, mean_queue:3.866666555404663
intersection:5, mean_episode_reward:-4.445833206176758, mean_queue:8.66944408416748
intersection:6, mean_episode_reward:-5.607032775878906, mean_queue:8.186111450195312
intersection:7, mean_episode_reward:-2.968750238418579, mean_queue:5.994444370269775
intersection:8, mean_episode_reward:-8.130722045898438, mean_queue:13.13888931274414
intersection:9, mean_episode_reward:-3.852407217025757, mean_queue:1.9472222328186035
intersection:10, mean_episode_reward:-10.722865104675293, mean_queue:6.916666507720947
intersection:11, mean_episode_reward:-3.858332395553589, mean_queue:2.8222222328186035
intersection:12, mean_episode_reward:-1.326777696609497, mean_queue:1.0750000476837158
intersection:13, mean_episode_reward:-20.315946578979492, mean_queue:29.51944351196289
intersection:14, mean_episode_reward:-6.947221755981445, mean_queue:3.4638888835906982
intersection:15, mean_episode_reward:-13.072565078735352, mean_queue:34.86944580078125
intersection:16, mean_episode_reward:-3.39622163772583, mean_queue:4.269444465637207
intersection:17, mean_episode_reward:-6.2166666984558105, mean_queue:9.322221755981445
intersection:18, mean_episode_reward:-2.394653081893921, mean_queue:3.6388888359069824
intersection:19, mean_episode_reward:-8.519514083862305, mean_queue:11.51111125946045
intersection:20, mean_episode_reward:-2.7010419368743896, mean_queue:4.794444561004639
intersection:21, mean_episode_reward:-0.6691205501556396, mean_queue:1.394444465637207
intersection:22, mean_episode_reward:-6.367672920227051, mean_queue:12.766666412353516
intersection:23, mean_episode_reward:-29.916799545288086, mean_queue:29.16111183166504
intersection:24, mean_episode_reward:-0.6969444751739502, mean_queue:1.1916667222976685
intersection:25, mean_episode_reward:-15.133771896362305, mean_queue:22.075000762939453
intersection:26, mean_episode_reward:-12.013328552246094, mean_queue:6.2166666984558105
intersection:27, mean_episode_reward:-9.459512710571289, mean_queue:17.738889694213867
intersection:28, mean_episode_reward:-14.808610916137695, mean_queue:11.383333206176758
intersection:29, mean_episode_reward:-6.600743293762207, mean_queue:4.980555534362793
intersection:30, mean_episode_reward:-10.306426048278809, mean_queue:14.333333015441895
intersection:31, mean_episode_reward:-5.1717424392700195, mean_queue:8.605555534362793
intersection:32, mean_episode_reward:-10.52232551574707, mean_queue:5.094444274902344
intersection:33, mean_episode_reward:-15.211763381958008, mean_queue:38.06944274902344
intersection:34, mean_episode_reward:-11.75664234161377, mean_queue:32.04166793823242
intersection:35, mean_episode_reward:-0.9192585349082947, mean_queue:1.4833333492279053
intersection:36, mean_episode_reward:-0.060333337634801865, mean_queue:0.05277777835726738
intersection:37, mean_episode_reward:-18.171337127685547, mean_queue:16.633333206176758
intersection:38, mean_episode_reward:-6.154629230499268, mean_queue:8.877778053283691
intersection:39, mean_episode_reward:-5.692379951477051, mean_queue:13.322221755981445
intersection:40, mean_episode_reward:-2.0124433040618896, mean_queue:2.2527778148651123
intersection:41, mean_episode_reward:-4.155230522155762, mean_queue:5.880555629730225
intersection:42, mean_episode_reward:-4.1263885498046875, mean_queue:3.069444417953491
intersection:43, mean_episode_reward:-11.5868558883667, mean_queue:23.780555725097656
intersection:44, mean_episode_reward:-6.088125228881836, mean_queue:20.700000762939453
intersection:45, mean_episode_reward:-18.601299285888672, mean_queue:39.397220611572266
intersection:46, mean_episode_reward:-7.274721145629883, mean_queue:6.869444370269775
intersection:47, mean_episode_reward:-14.219223022460938, mean_queue:14.88611125946045
intersection:48, mean_episode_reward:-4.257342338562012, mean_queue:9.413888931274414
intersection:49, mean_episode_reward:-0.3213888704776764, mean_queue:0.4055555462837219
intersection:50, mean_episode_reward:-0.07962962985038757, mean_queue:0.17222222685813904
intersection:51, mean_episode_reward:-1.7552775144577026, mean_queue:1.7611111402511597
intersection:52, mean_episode_reward:0.0, mean_queue:0.0
intersection:53, mean_episode_reward:-5.011003017425537, mean_queue:4.155555725097656
intersection:54, mean_episode_reward:-11.95888900756836, mean_queue:4.199999809265137
intersection:55, mean_episode_reward:-33.707366943359375, mean_queue:21.491666793823242
intersection:56, mean_episode_reward:-5.095954895019531, mean_queue:8.772222518920898
intersection:57, mean_episode_reward:-14.521699905395508, mean_queue:27.211111068725586
intersection:58, mean_episode_reward:-67.6422348022461, mean_queue:33.89444351196289
step:3600/3600, q_loss:0.6549921631813049, rewards:-608.2642361111111, queue:12.770621468926553, delay:0.2142497204566855, throughput:4296
episode:5/10, real avg travel time:600.8517225325885
intersection:0, mean_episode_reward:-14.868122100830078, mean_queue:39.713890075683594
intersection:1, mean_episode_reward:-1.756777286529541, mean_queue:1.2583333253860474
intersection:2, mean_episode_reward:-49.41436004638672, mean_queue:52.477779388427734
intersection:3, mean_episode_reward:-12.186043739318848, mean_queue:9.241666793823242
intersection:4, mean_episode_reward:-12.571672439575195, mean_queue:14.655555725097656
intersection:5, mean_episode_reward:-6.806788444519043, mean_queue:9.766666412353516
intersection:6, mean_episode_reward:-7.57259464263916, mean_queue:10.877778053283691
intersection:7, mean_episode_reward:-2.7263896465301514, mean_queue:5.449999809265137
intersection:8, mean_episode_reward:-7.941100597381592, mean_queue:12.816666603088379
intersection:9, mean_episode_reward:-18.192590713500977, mean_queue:9.147222518920898
intersection:10, mean_episode_reward:-25.49570655822754, mean_queue:16.130556106567383
intersection:11, mean_episode_reward:-6.977222442626953, mean_queue:5.097222328186035
intersection:12, mean_episode_reward:-1.3390003442764282, mean_queue:1.1083333492279053
intersection:13, mean_episode_reward:-13.759726524353027, mean_queue:18.419445037841797
intersection:14, mean_episode_reward:-13.067778587341309, mean_queue:6.527777671813965
intersection:15, mean_episode_reward:-12.208906173706055, mean_queue:32.91666793823242
intersection:16, mean_episode_reward:-3.321998357772827, mean_queue:4.138888835906982
intersection:17, mean_episode_reward:-1.7029632329940796, mean_queue:2.547222137451172
intersection:18, mean_episode_reward:-2.078749656677246, mean_queue:3.094444513320923
intersection:19, mean_episode_reward:-8.649723052978516, mean_queue:11.552778244018555
intersection:20, mean_episode_reward:-1.850416898727417, mean_queue:3.305555582046509
intersection:21, mean_episode_reward:-1.0940735340118408, mean_queue:2.2166666984558105
intersection:22, mean_episode_reward:-5.685139179229736, mean_queue:11.288888931274414
intersection:23, mean_episode_reward:-12.994651794433594, mean_queue:16.627777099609375
intersection:24, mean_episode_reward:-0.6983332633972168, mean_queue:1.1388888359069824
intersection:25, mean_episode_reward:-14.366393089294434, mean_queue:20.149999618530273
intersection:26, mean_episode_reward:-9.606852531433105, mean_queue:4.969444274902344
intersection:27, mean_episode_reward:-8.831475257873535, mean_queue:16.563888549804688
intersection:28, mean_episode_reward:-14.843819618225098, mean_queue:11.813888549804688
intersection:29, mean_episode_reward:-21.033323287963867, mean_queue:15.800000190734863
intersection:30, mean_episode_reward:-9.48892593383789, mean_queue:12.23888874053955
intersection:31, mean_episode_reward:-9.682855606079102, mean_queue:16.172222137451172
intersection:32, mean_episode_reward:-20.344554901123047, mean_queue:12.016666412353516
intersection:33, mean_episode_reward:-15.380799293518066, mean_queue:38.477779388427734
intersection:34, mean_episode_reward:-12.27399730682373, mean_queue:33.136112213134766
intersection:35, mean_episode_reward:-0.8401860594749451, mean_queue:1.355555534362793
intersection:36, mean_episode_reward:-0.07366666942834854, mean_queue:0.06111111119389534
intersection:37, mean_episode_reward:-25.298511505126953, mean_queue:20.3972225189209
intersection:38, mean_episode_reward:-5.584811687469482, mean_queue:7.952777862548828
intersection:39, mean_episode_reward:-4.085475444793701, mean_queue:9.541666984558105
intersection:40, mean_episode_reward:-5.210221290588379, mean_queue:5.513888835906982
intersection:41, mean_episode_reward:-12.907561302185059, mean_queue:20.58888816833496
intersection:42, mean_episode_reward:-3.9051384925842285, mean_queue:3.23888897895813
intersection:43, mean_episode_reward:-12.73416519165039, mean_queue:27.802778244018555
intersection:44, mean_episode_reward:-4.347500324249268, mean_queue:13.274999618530273
intersection:45, mean_episode_reward:-19.28404998779297, mean_queue:40.95000076293945
intersection:46, mean_episode_reward:-6.805835723876953, mean_queue:6.64722204208374
intersection:47, mean_episode_reward:-14.89577865600586, mean_queue:15.336111068725586
intersection:48, mean_episode_reward:-3.8690056800842285, mean_queue:8.55555534362793
intersection:49, mean_episode_reward:-0.21972215175628662, mean_queue:0.27222222089767456
intersection:50, mean_episode_reward:-0.10814817249774933, mean_queue:0.21944443881511688
intersection:51, mean_episode_reward:-4.121944427490234, mean_queue:4.127777576446533
intersection:52, mean_episode_reward:-0.17527778446674347, mean_queue:0.17222222685813904
intersection:53, mean_episode_reward:-4.310665607452393, mean_queue:3.566666603088379
intersection:54, mean_episode_reward:-1.8755556344985962, mean_queue:0.8805555701255798
intersection:55, mean_episode_reward:-32.191673278808594, mean_queue:20.344444274902344
intersection:56, mean_episode_reward:-5.194087028503418, mean_queue:9.433333396911621
intersection:57, mean_episode_reward:-15.123647689819336, mean_queue:28.16111183166504
intersection:58, mean_episode_reward:-44.28778076171875, mean_queue:22.21666717529297
step:3600/3600, q_loss:0.5998989343643188, rewards:-674.9220920138889, queue:13.319256120527307, delay:0.210396965299847, throughput:4582
episode:6/10, real avg travel time:671.6807071147971
intersection:0, mean_episode_reward:-14.698229789733887, mean_queue:39.24166488647461
intersection:1, mean_episode_reward:-4.170555591583252, mean_queue:3.780555486679077
intersection:2, mean_episode_reward:-32.135536193847656, mean_queue:35.82222366333008
intersection:3, mean_episode_reward:-11.128543853759766, mean_queue:8.088889122009277
intersection:4, mean_episode_reward:-49.331634521484375, mean_queue:57.48611068725586
intersection:5, mean_episode_reward:-4.476309299468994, mean_queue:8.327777862548828
intersection:6, mean_episode_reward:-6.2346272468566895, mean_queue:9.097222328186035
intersection:7, mean_episode_reward:-3.71944522857666, mean_queue:7.505555629730225
intersection:8, mean_episode_reward:-7.372472286224365, mean_queue:11.402777671813965
intersection:9, mean_episode_reward:-51.79779052734375, mean_queue:27.811111450195312
intersection:10, mean_episode_reward:-54.23728942871094, mean_queue:35.08333206176758
intersection:11, mean_episode_reward:-11.914165496826172, mean_queue:8.719444274902344
intersection:12, mean_episode_reward:-2.1239993572235107, mean_queue:1.769444465637207
intersection:13, mean_episode_reward:-17.405162811279297, mean_queue:23.997222900390625
intersection:14, mean_episode_reward:-27.370561599731445, mean_queue:13.75
intersection:15, mean_episode_reward:-11.698258399963379, mean_queue:30.933332443237305
intersection:16, mean_episode_reward:-8.542440414428711, mean_queue:10.686111450195312
intersection:17, mean_episode_reward:-3.01240611076355, mean_queue:4.433333396911621
intersection:18, mean_episode_reward:-7.481873989105225, mean_queue:15.219444274902344
intersection:19, mean_episode_reward:-9.438959121704102, mean_queue:12.68055534362793
intersection:20, mean_episode_reward:-4.951527118682861, mean_queue:7.377777576446533
intersection:21, mean_episode_reward:-0.6549074053764343, mean_queue:1.3583333492279053
intersection:22, mean_episode_reward:-7.804652690887451, mean_queue:16.116666793823242
intersection:23, mean_episode_reward:-9.705138206481934, mean_queue:10.524999618530273
intersection:24, mean_episode_reward:-0.9269447326660156, mean_queue:1.6666666269302368
intersection:25, mean_episode_reward:-12.37907886505127, mean_queue:17.23055648803711
intersection:26, mean_episode_reward:-7.088508605957031, mean_queue:3.469444513320923
intersection:27, mean_episode_reward:-5.913524627685547, mean_queue:10.833333015441895
intersection:28, mean_episode_reward:-18.240137100219727, mean_queue:13.461111068725586
intersection:29, mean_episode_reward:-47.399234771728516, mean_queue:35.57777786254883
intersection:30, mean_episode_reward:-5.8138108253479, mean_queue:9.48611068725586
intersection:31, mean_episode_reward:-2.826348066329956, mean_queue:4.608333110809326
intersection:32, mean_episode_reward:-8.497106552124023, mean_queue:4.558333396911621
intersection:33, mean_episode_reward:-14.801444053649902, mean_queue:37.04999923706055
intersection:34, mean_episode_reward:-10.253301620483398, mean_queue:27.619443893432617
intersection:35, mean_episode_reward:-0.8324083685874939, mean_queue:1.336111068725586
intersection:36, mean_episode_reward:-3.381667137145996, mean_queue:2.819444417953491
intersection:37, mean_episode_reward:-14.427335739135742, mean_queue:13.897222518920898
intersection:38, mean_episode_reward:-4.985185623168945, mean_queue:7.277777671813965
intersection:39, mean_episode_reward:-5.569283485412598, mean_queue:12.98888874053955
intersection:40, mean_episode_reward:-1.2037781476974487, mean_queue:1.2833333015441895
intersection:41, mean_episode_reward:-5.072873592376709, mean_queue:7.574999809265137
intersection:42, mean_episode_reward:-3.535276174545288, mean_queue:2.6222221851348877
intersection:43, mean_episode_reward:-8.921911239624023, mean_queue:21.063888549804688
intersection:44, mean_episode_reward:-5.086318492889404, mean_queue:16.64444351196289
intersection:45, mean_episode_reward:-18.364606857299805, mean_queue:39.55833435058594
intersection:46, mean_episode_reward:-4.357499599456787, mean_queue:4.169444561004639
intersection:47, mean_episode_reward:-11.239665985107422, mean_queue:11.016666412353516
intersection:48, mean_episode_reward:-3.9058315753936768, mean_queue:8.683333396911621
intersection:49, mean_episode_reward:-0.16333328187465668, mean_queue:0.21944443881511688
intersection:50, mean_episode_reward:-0.07407407462596893, mean_queue:0.16111111640930176
intersection:51, mean_episode_reward:-1.0180555582046509, mean_queue:1.019444465637207
intersection:52, mean_episode_reward:-0.10138888657093048, mean_queue:0.10000000149011612
intersection:53, mean_episode_reward:-4.472335338592529, mean_queue:3.683333396911621
intersection:54, mean_episode_reward:-4.472777843475342, mean_queue:2.1583333015441895
intersection:55, mean_episode_reward:-10.659720420837402, mean_queue:5.5333333015441895
intersection:56, mean_episode_reward:-1.9698810577392578, mean_queue:3.538888931274414
intersection:57, mean_episode_reward:-13.8715238571167, mean_queue:25.83333396911621
intersection:58, mean_episode_reward:-51.689453125, mean_queue:25.877777099609375
step:3600/3600, q_loss:0.5647695064544678, rewards:-487.1376736111111, queue:11.125564971751412, delay:0.20213712703036724, throughput:5334
episode:7/10, real avg travel time:570.8640794900638
intersection:0, mean_episode_reward:-14.68083667755127, mean_queue:39.19166564941406
intersection:1, mean_episode_reward:-1.4537767171859741, mean_queue:0.7472222447395325
intersection:2, mean_episode_reward:-40.669288635253906, mean_queue:43.286109924316406
intersection:3, mean_episode_reward:-1.8568753004074097, mean_queue:1.5083333253860474
intersection:4, mean_episode_reward:-36.21907043457031, mean_queue:42.08333206176758
intersection:5, mean_episode_reward:-4.64440393447876, mean_queue:7.963889122009277
intersection:6, mean_episode_reward:-7.834638595581055, mean_queue:11.23611068725586
intersection:7, mean_episode_reward:-2.5574989318847656, mean_queue:5.136111259460449
intersection:8, mean_episode_reward:-7.539736747741699, mean_queue:11.702777862548828
intersection:9, mean_episode_reward:-4.048333644866943, mean_queue:2.0611112117767334
intersection:10, mean_episode_reward:-7.254763603210449, mean_queue:4.769444465637207
intersection:11, mean_episode_reward:-4.185277462005615, mean_queue:3.152777671813965
intersection:12, mean_episode_reward:-1.4544438123703003, mean_queue:1.0888888835906982
intersection:13, mean_episode_reward:-23.107717514038086, mean_queue:31.705554962158203
intersection:14, mean_episode_reward:-12.090557098388672, mean_queue:6.030555725097656
intersection:15, mean_episode_reward:-14.888696670532227, mean_queue:40.224998474121094
intersection:16, mean_episode_reward:-5.422889709472656, mean_queue:6.761111259460449
intersection:17, mean_episode_reward:-3.862964153289795, mean_queue:5.8416666984558105
intersection:18, mean_episode_reward:-2.772951602935791, mean_queue:3.6194443702697754
intersection:19, mean_episode_reward:-10.312431335449219, mean_queue:13.730555534362793
intersection:20, mean_episode_reward:-2.694305181503296, mean_queue:4.613888740539551
intersection:21, mean_episode_reward:-1.6588424444198608, mean_queue:3.450000047683716
intersection:22, mean_episode_reward:-5.258439540863037, mean_queue:10.619444847106934
intersection:23, mean_episode_reward:-11.715968132019043, mean_queue:13.76111125946045
intersection:24, mean_episode_reward:-0.566527783870697, mean_queue:0.8638888597488403
intersection:25, mean_episode_reward:-10.080982208251953, mean_queue:13.744444847106934
intersection:26, mean_episode_reward:-5.820373058319092, mean_queue:2.9861111640930176
intersection:27, mean_episode_reward:-6.430550575256348, mean_queue:12.561111450195312
intersection:28, mean_episode_reward:-13.251317024230957, mean_queue:10.26111125946045
intersection:29, mean_episode_reward:-11.162591934204102, mean_queue:8.427778244018555
intersection:30, mean_episode_reward:-5.963929653167725, mean_queue:9.033333778381348
intersection:31, mean_episode_reward:-6.359046936035156, mean_queue:10.641666412353516
intersection:32, mean_episode_reward:-5.472111701965332, mean_queue:2.547222137451172
intersection:33, mean_episode_reward:-14.213553428649902, mean_queue:35.53888702392578
intersection:34, mean_episode_reward:-11.8749418258667, mean_queue:32.32777786254883
intersection:35, mean_episode_reward:-0.9151852130889893, mean_queue:1.4777777194976807
intersection:36, mean_episode_reward:-0.04533332586288452, mean_queue:0.03888889029622078
intersection:37, mean_episode_reward:-24.970003128051758, mean_queue:20.78611183166504
intersection:38, mean_episode_reward:-6.486289978027344, mean_queue:9.155555725097656
intersection:39, mean_episode_reward:-4.760001182556152, mean_queue:11.152777671813965
intersection:40, mean_episode_reward:-3.2213335037231445, mean_queue:3.491666555404663
intersection:41, mean_episode_reward:-3.6735196113586426, mean_queue:5.416666507720947
intersection:42, mean_episode_reward:-4.216667175292969, mean_queue:3.191666603088379
intersection:43, mean_episode_reward:-9.022665023803711, mean_queue:19.755556106567383
intersection:44, mean_episode_reward:-3.5291659832000732, mean_queue:10.697221755981445
intersection:45, mean_episode_reward:-12.033814430236816, mean_queue:22.90277862548828
intersection:46, mean_episode_reward:-5.335277080535889, mean_queue:5.083333492279053
intersection:47, mean_episode_reward:-13.282219886779785, mean_queue:13.70555591583252
intersection:48, mean_episode_reward:-3.803410768508911, mean_queue:8.41944408416748
intersection:49, mean_episode_reward:-0.13555553555488586, mean_queue:0.17777778208255768
intersection:50, mean_episode_reward:-0.054259251803159714, mean_queue:0.125
intersection:51, mean_episode_reward:-2.9247219562530518, mean_queue:2.924999952316284
intersection:52, mean_episode_reward:-0.022777777165174484, mean_queue:0.02222222276031971
intersection:53, mean_episode_reward:-2.839998960494995, mean_queue:2.2833333015441895
intersection:54, mean_episode_reward:-3.6550002098083496, mean_queue:1.7777777910232544
intersection:55, mean_episode_reward:-34.498477935791016, mean_queue:20.688888549804688
intersection:56, mean_episode_reward:-2.7088897228240967, mean_queue:4.855555534362793
intersection:57, mean_episode_reward:-15.764130592346191, mean_queue:30.116666793823242
intersection:58, mean_episode_reward:-9.858332633972168, mean_queue:4.941666603088379
step:3600/3600, q_loss:0.6861386895179749, rewards:-479.1405815972222, queue:10.830178907721281, delay:0.1972876252427613, throughput:5620
episode:8/10, real avg travel time:587.0818505338078
intersection:0, mean_episode_reward:-14.007295608520508, mean_queue:37.411109924316406
intersection:1, mean_episode_reward:-0.8729996681213379, mean_queue:0.48055556416511536
intersection:2, mean_episode_reward:-17.108884811401367, mean_queue:18.866666793823242
intersection:3, mean_episode_reward:-3.482916831970215, mean_queue:2.5999999046325684
intersection:4, mean_episode_reward:-29.149503707885742, mean_queue:33.84722137451172
intersection:5, mean_episode_reward:-4.767378807067871, mean_queue:8.06944465637207
intersection:6, mean_episode_reward:-4.267405033111572, mean_queue:6.338889122009277
intersection:7, mean_episode_reward:-2.6423606872558594, mean_queue:5.25
intersection:8, mean_episode_reward:-7.746525287628174, mean_queue:12.661110877990723
intersection:9, mean_episode_reward:-3.6755566596984863, mean_queue:1.8638888597488403
intersection:10, mean_episode_reward:-6.275392055511475, mean_queue:4.202777862548828
intersection:11, mean_episode_reward:-4.622360706329346, mean_queue:3.4388887882232666
intersection:12, mean_episode_reward:-1.1303327083587646, mean_queue:0.8472222089767456
intersection:13, mean_episode_reward:-28.68960189819336, mean_queue:42.13333511352539
intersection:14, mean_episode_reward:-11.208333969116211, mean_queue:5.644444465637207
intersection:15, mean_episode_reward:-14.060933113098145, mean_queue:36.844444274902344
intersection:16, mean_episode_reward:-5.642890930175781, mean_queue:7.047222137451172
intersection:17, mean_episode_reward:-3.3983347415924072, mean_queue:5.088889122009277
intersection:18, mean_episode_reward:-4.295590400695801, mean_queue:7.113888740539551
intersection:19, mean_episode_reward:-10.360344886779785, mean_queue:13.788888931274414
intersection:20, mean_episode_reward:-2.206319808959961, mean_queue:3.913888931274414
intersection:21, mean_episode_reward:-0.8117589950561523, mean_queue:1.8333333730697632
intersection:22, mean_episode_reward:-6.382291793823242, mean_queue:12.730555534362793
intersection:23, mean_episode_reward:-13.883330345153809, mean_queue:14.502778053283691
intersection:24, mean_episode_reward:-0.8336110711097717, mean_queue:1.0972222089767456
intersection:25, mean_episode_reward:-6.97773551940918, mean_queue:9.36388874053955
intersection:26, mean_episode_reward:-9.66999340057373, mean_queue:4.894444465637207
intersection:27, mean_episode_reward:-6.5969767570495605, mean_queue:12.38611125946045
intersection:28, mean_episode_reward:-6.210693836212158, mean_queue:5.275000095367432
intersection:29, mean_episode_reward:-19.313329696655273, mean_queue:14.441666603088379
intersection:30, mean_episode_reward:-6.396662712097168, mean_queue:9.397222518920898
intersection:31, mean_episode_reward:-13.25348949432373, mean_queue:22.741666793823242
intersection:32, mean_episode_reward:-1.716666340827942, mean_queue:1.2805556058883667
intersection:33, mean_episode_reward:-15.752435684204102, mean_queue:39.39444351196289
intersection:34, mean_episode_reward:-9.437578201293945, mean_queue:25.936111450195312
intersection:35, mean_episode_reward:-0.8959259986877441, mean_queue:1.4500000476837158
intersection:36, mean_episode_reward:-2.2866663932800293, mean_queue:1.8916666507720947
intersection:37, mean_episode_reward:-23.98417091369629, mean_queue:19.827777862548828
intersection:38, mean_episode_reward:-5.779070854187012, mean_queue:8.350000381469727
intersection:39, mean_episode_reward:-4.455714702606201, mean_queue:10.391666412353516
intersection:40, mean_episode_reward:-0.8995552659034729, mean_queue:1.0499999523162842
intersection:41, mean_episode_reward:-2.982407569885254, mean_queue:4.063889026641846
intersection:42, mean_episode_reward:-2.552222967147827, mean_queue:1.9083333015441895
intersection:43, mean_episode_reward:-7.550872325897217, mean_queue:17.0222225189209
intersection:44, mean_episode_reward:-4.397777080535889, mean_queue:14.272222518920898
intersection:45, mean_episode_reward:-13.030906677246094, mean_queue:23.780555725097656
intersection:46, mean_episode_reward:-4.520833492279053, mean_queue:4.347222328186035
intersection:47, mean_episode_reward:-13.822657585144043, mean_queue:13.93055534362793
intersection:48, mean_episode_reward:-3.658252716064453, mean_queue:8.175000190734863
intersection:49, mean_episode_reward:-0.40583336353302, mean_queue:0.45277777314186096
intersection:50, mean_episode_reward:-0.11574075371026993, mean_queue:0.2222222238779068
intersection:51, mean_episode_reward:-0.3633333444595337, mean_queue:0.3722222149372101
intersection:52, mean_episode_reward:0.0, mean_queue:0.0
intersection:53, mean_episode_reward:-2.815335273742676, mean_queue:2.26111102104187
intersection:54, mean_episode_reward:-5.205555438995361, mean_queue:2.566666603088379
intersection:55, mean_episode_reward:-30.751941680908203, mean_queue:18.19444465637207
intersection:56, mean_episode_reward:-4.174841403961182, mean_queue:7.141666889190674
intersection:57, mean_episode_reward:-15.092082023620605, mean_queue:28.241666793823242
intersection:58, mean_episode_reward:-32.55110549926758, mean_queue:16.33888816833496
step:3600/3600, q_loss:0.8666600584983826, rewards:-475.95434027777776, queue:10.336629001883239, delay:0.19304219908633474, throughput:5761
episode:9/10, real avg travel time:519.3858705085922
intersection:0, mean_episode_reward:-13.929272651672363, mean_queue:37.17499923706055
intersection:1, mean_episode_reward:-1.646776795387268, mean_queue:0.9777777791023254
intersection:2, mean_episode_reward:-12.619775772094727, mean_queue:14.766666412353516
intersection:3, mean_episode_reward:-0.8545837998390198, mean_queue:0.7083333134651184
intersection:4, mean_episode_reward:-9.368095397949219, mean_queue:10.816666603088379
intersection:5, mean_episode_reward:-5.43035888671875, mean_queue:9.033333778381348
intersection:6, mean_episode_reward:-2.8798162937164307, mean_queue:4.1972222328186035
intersection:7, mean_episode_reward:-2.761528491973877, mean_queue:5.505555629730225
intersection:8, mean_episode_reward:-6.289011478424072, mean_queue:11.047222137451172
intersection:9, mean_episode_reward:-4.869629383087158, mean_queue:2.4583332538604736
intersection:10, mean_episode_reward:-5.968571662902832, mean_queue:4.10277795791626
intersection:11, mean_episode_reward:-2.1561119556427, mean_queue:1.769444465637207
intersection:12, mean_episode_reward:-1.7546659708023071, mean_queue:1.4083333015441895
intersection:13, mean_episode_reward:-22.160497665405273, mean_queue:29.780555725097656
intersection:14, mean_episode_reward:-10.979446411132812, mean_queue:5.461111068725586
intersection:15, mean_episode_reward:-14.079647064208984, mean_queue:37.99444580078125
intersection:16, mean_episode_reward:-3.1464452743530273, mean_queue:3.8916666507720947
intersection:17, mean_episode_reward:-5.723335266113281, mean_queue:8.45555591583252
intersection:18, mean_episode_reward:-3.0148966312408447, mean_queue:4.844444274902344
intersection:19, mean_episode_reward:-9.338125228881836, mean_queue:12.897222518920898
intersection:20, mean_episode_reward:-3.1135404109954834, mean_queue:5.22777795791626
intersection:21, mean_episode_reward:-1.3388426303863525, mean_queue:3.269444465637207
intersection:22, mean_episode_reward:-6.476597309112549, mean_queue:13.13888931274414
intersection:23, mean_episode_reward:-32.41805648803711, mean_queue:32.55555725097656
intersection:24, mean_episode_reward:-0.6250001192092896, mean_queue:1.0472222566604614
intersection:25, mean_episode_reward:-7.201900959014893, mean_queue:9.202777862548828
intersection:26, mean_episode_reward:-13.042956352233887, mean_queue:6.666666507720947
intersection:27, mean_episode_reward:-5.6698784828186035, mean_queue:11.102777481079102
intersection:28, mean_episode_reward:-12.166105270385742, mean_queue:9.502778053283691
intersection:29, mean_episode_reward:-12.885931015014648, mean_queue:9.719444274902344
intersection:30, mean_episode_reward:-6.79583215713501, mean_queue:9.966666221618652
intersection:31, mean_episode_reward:-4.174447059631348, mean_queue:6.849999904632568
intersection:32, mean_episode_reward:-2.5797767639160156, mean_queue:1.7166666984558105
intersection:33, mean_episode_reward:-14.123891830444336, mean_queue:35.344444274902344
intersection:34, mean_episode_reward:-7.071939945220947, mean_queue:19.47222137451172
intersection:35, mean_episode_reward:-0.5435187816619873, mean_queue:0.8916666507720947
intersection:36, mean_episode_reward:-0.11433334648609161, mean_queue:0.09166666865348816
intersection:37, mean_episode_reward:-19.29250144958496, mean_queue:17.566667556762695
intersection:38, mean_episode_reward:-5.131852149963379, mean_queue:7.469444274902344
intersection:39, mean_episode_reward:-4.869163513183594, mean_queue:11.38611125946045
intersection:40, mean_episode_reward:-0.8117778301239014, mean_queue:0.8916666507720947
intersection:41, mean_episode_reward:-6.32152795791626, mean_queue:9.61388874053955
intersection:42, mean_episode_reward:-4.456665992736816, mean_queue:3.555555582046509
intersection:43, mean_episode_reward:-10.560450553894043, mean_queue:23.924999237060547
intersection:44, mean_episode_reward:-5.322917461395264, mean_queue:17.55555534362793
intersection:45, mean_episode_reward:-12.017671585083008, mean_queue:24.313888549804688
intersection:46, mean_episode_reward:-4.548611640930176, mean_queue:4.4083333015441895
intersection:47, mean_episode_reward:-11.802445411682129, mean_queue:11.472222328186035
intersection:48, mean_episode_reward:-3.568845510482788, mean_queue:7.9666666984558105
intersection:49, mean_episode_reward:-0.16972219944000244, mean_queue:0.24166665971279144
intersection:50, mean_episode_reward:-0.08888889104127884, mean_queue:0.19166666269302368
intersection:51, mean_episode_reward:-0.37777772545814514, mean_queue:0.38055557012557983
intersection:52, mean_episode_reward:0.0, mean_queue:0.0
intersection:53, mean_episode_reward:-2.866332769393921, mean_queue:2.3583333492279053
intersection:54, mean_episode_reward:-1.806666612625122, mean_queue:0.8527777791023254
intersection:55, mean_episode_reward:-33.912357330322266, mean_queue:20.22222137451172
intersection:56, mean_episode_reward:-3.203807830810547, mean_queue:5.997222423553467
intersection:57, mean_episode_reward:-13.716772079467773, mean_queue:25.436111450195312
intersection:58, mean_episode_reward:-61.79444885253906, mean_queue:30.997222900390625
Final Travel Time is 535.7130, mean rewards: -533.4030, queue: 11.4298, delay: 0.2012, throughput: 5306
Total time taken: 2512.121797800064
