step:3600/3600, q_loss:0.6211162805557251, rewards:-714.8736979166666, queue:15.133804143126177, delay:0.25350606167608286, throughput:4075
episode:0/10, real avg travel time:798.638773006135
intersection:0, mean_episode_reward:-11.671354293823242, mean_queue:31.08888816833496
intersection:1, mean_episode_reward:-12.57555103302002, mean_queue:11.33055591583252
intersection:2, mean_episode_reward:-22.892457962036133, mean_queue:21.255556106567383
intersection:3, mean_episode_reward:-15.394582748413086, mean_queue:11.941666603088379
intersection:4, mean_episode_reward:-2.767857313156128, mean_queue:3.0361111164093018
intersection:5, mean_episode_reward:-3.2229769229888916, mean_queue:5.047222137451172
intersection:6, mean_episode_reward:-8.743330001831055, mean_queue:12.911110877990723
intersection:7, mean_episode_reward:-8.031250953674316, mean_queue:16.09166717529297
intersection:8, mean_episode_reward:-6.719386100769043, mean_queue:10.313888549804688
intersection:9, mean_episode_reward:-10.28370475769043, mean_queue:5.358333110809326
intersection:10, mean_episode_reward:-9.683176040649414, mean_queue:5.936110973358154
intersection:11, mean_episode_reward:-13.602779388427734, mean_queue:9.177778244018555
intersection:12, mean_episode_reward:-6.6757683753967285, mean_queue:5.188889026641846
intersection:13, mean_episode_reward:-35.088985443115234, mean_queue:51.19722366333008
intersection:14, mean_episode_reward:-18.422229766845703, mean_queue:9.208333015441895
intersection:15, mean_episode_reward:-10.429716110229492, mean_queue:28.288888931274414
intersection:16, mean_episode_reward:-18.099546432495117, mean_queue:22.622222900390625
intersection:17, mean_episode_reward:-1.3288886547088623, mean_queue:2.019444465637207
intersection:18, mean_episode_reward:-9.758891105651855, mean_queue:13.302778244018555
intersection:19, mean_episode_reward:-9.571320533752441, mean_queue:12.377778053283691
intersection:20, mean_episode_reward:-9.115351676940918, mean_queue:14.572221755981445
intersection:21, mean_episode_reward:-6.674769401550293, mean_queue:14.188888549804688
intersection:22, mean_episode_reward:-7.292950630187988, mean_queue:14.644444465637207
intersection:23, mean_episode_reward:-11.21423625946045, mean_queue:12.072221755981445
intersection:24, mean_episode_reward:-2.445833683013916, mean_queue:4.10277795791626
intersection:25, mean_episode_reward:-17.91721534729004, mean_queue:23.48055648803711
intersection:26, mean_episode_reward:-14.16315746307373, mean_queue:6.813889026641846
intersection:27, mean_episode_reward:-6.92031717300415, mean_queue:12.05555534362793
intersection:28, mean_episode_reward:-25.5620059967041, mean_queue:21.7277774810791
intersection:29, mean_episode_reward:-37.124820709228516, mean_queue:27.863889694213867
intersection:30, mean_episode_reward:-12.229762077331543, mean_queue:15.94444465637207
intersection:31, mean_episode_reward:-11.555078506469727, mean_queue:19.225000381469727
intersection:32, mean_episode_reward:-2.490556240081787, mean_queue:2.2083332538604736
intersection:33, mean_episode_reward:-40.56700897216797, mean_queue:101.5111083984375
intersection:34, mean_episode_reward:-8.064083099365234, mean_queue:21.98611068725586
intersection:35, mean_episode_reward:-1.730739712715149, mean_queue:2.63611102104187
intersection:36, mean_episode_reward:-4.270333290100098, mean_queue:3.5527777671813965
intersection:37, mean_episode_reward:-14.060491561889648, mean_queue:12.566666603088379
intersection:38, mean_episode_reward:-5.698335647583008, mean_queue:8.100000381469727
intersection:39, mean_episode_reward:-11.59298324584961, mean_queue:27.077777862548828
intersection:40, mean_episode_reward:-6.3826727867126465, mean_queue:7.7833333015441895
intersection:41, mean_episode_reward:-6.771572589874268, mean_queue:9.36388874053955
intersection:42, mean_episode_reward:-2.39097261428833, mean_queue:1.9277777671813965
intersection:43, mean_episode_reward:-11.165410995483398, mean_queue:25.922222137451172
intersection:44, mean_episode_reward:-4.043402671813965, mean_queue:11.061111450195312
intersection:45, mean_episode_reward:-5.0968241691589355, mean_queue:8.04444408416748
intersection:46, mean_episode_reward:-11.393888473510742, mean_queue:8.144444465637207
intersection:47, mean_episode_reward:-17.89121437072754, mean_queue:17.53611183166504
intersection:48, mean_episode_reward:-5.807940483093262, mean_queue:11.152777671813965
intersection:49, mean_episode_reward:-11.346110343933105, mean_queue:11.38888931274414
intersection:50, mean_episode_reward:-24.812036514282227, mean_queue:37.31388854980469
intersection:51, mean_episode_reward:0.0, mean_queue:0.0
intersection:52, mean_episode_reward:-0.8238887190818787, mean_queue:0.8222222328186035
intersection:53, mean_episode_reward:-2.3866705894470215, mean_queue:1.9972221851348877
intersection:54, mean_episode_reward:-7.831112384796143, mean_queue:3.058333396911621
intersection:55, mean_episode_reward:-43.0916633605957, mean_queue:27.725000381469727
intersection:56, mean_episode_reward:-5.7240471839904785, mean_queue:9.019444465637207
intersection:57, mean_episode_reward:-9.699374198913574, mean_queue:20.244443893432617
intersection:58, mean_episode_reward:-52.56111145019531, mean_queue:26.363889694213867
step:3600/3600, q_loss:0.5696132183074951, rewards:-593.6014322916667, queue:12.639924670433144, delay:0.2231134504472693, throughput:5332
episode:1/10, real avg travel time:616.630720180045
intersection:0, mean_episode_reward:-11.97500228881836, mean_queue:31.936111450195312
intersection:1, mean_episode_reward:-25.60434913635254, mean_queue:16.919445037841797
intersection:2, mean_episode_reward:-50.23920822143555, mean_queue:52.266666412353516
intersection:3, mean_episode_reward:-8.078957557678223, mean_queue:6.122222423553467
intersection:4, mean_episode_reward:-0.5030953884124756, mean_queue:0.36944442987442017
intersection:5, mean_episode_reward:-5.813570976257324, mean_queue:9.163888931274414
intersection:6, mean_episode_reward:-8.05628490447998, mean_queue:11.94444465637207
intersection:7, mean_episode_reward:-6.438610076904297, mean_queue:12.875
intersection:8, mean_episode_reward:-6.926673889160156, mean_queue:10.627778053283691
intersection:9, mean_episode_reward:-2.385925531387329, mean_queue:1.380555510520935
intersection:10, mean_episode_reward:-6.553497314453125, mean_queue:4.016666889190674
intersection:11, mean_episode_reward:-3.404582977294922, mean_queue:2.805555582046509
intersection:12, mean_episode_reward:-8.97221565246582, mean_queue:7.191666603088379
intersection:13, mean_episode_reward:-19.29306411743164, mean_queue:27.799999237060547
intersection:14, mean_episode_reward:-5.918887615203857, mean_queue:2.9666666984558105
intersection:15, mean_episode_reward:-12.80849838256836, mean_queue:35.01944351196289
intersection:16, mean_episode_reward:-5.8933329582214355, mean_queue:7.3222222328186035
intersection:17, mean_episode_reward:-2.0309255123138428, mean_queue:3.055555582046509
intersection:18, mean_episode_reward:-4.949721813201904, mean_queue:8.827777862548828
intersection:19, mean_episode_reward:-11.891595840454102, mean_queue:14.708333015441895
intersection:20, mean_episode_reward:-2.962916851043701, mean_queue:5.47777795791626
intersection:21, mean_episode_reward:-10.109678268432617, mean_queue:20.549999237060547
intersection:22, mean_episode_reward:-2.7959015369415283, mean_queue:5.652777671813965
intersection:23, mean_episode_reward:-11.35611343383789, mean_queue:12.425000190734863
intersection:24, mean_episode_reward:-3.03291654586792, mean_queue:5.280555725097656
intersection:25, mean_episode_reward:-26.728151321411133, mean_queue:35.29166793823242
intersection:26, mean_episode_reward:-9.605551719665527, mean_queue:4.80555534362793
intersection:27, mean_episode_reward:-4.964135646820068, mean_queue:9.383333206176758
intersection:28, mean_episode_reward:-5.386876106262207, mean_queue:4.861111164093018
intersection:29, mean_episode_reward:-28.85111427307129, mean_queue:21.686111450195312
intersection:30, mean_episode_reward:-11.711785316467285, mean_queue:15.058333396911621
intersection:31, mean_episode_reward:-7.453174591064453, mean_queue:12.533333778381348
intersection:32, mean_episode_reward:-6.881890773773193, mean_queue:5.594444274902344
intersection:33, mean_episode_reward:-19.168664932250977, mean_queue:47.80555725097656
intersection:34, mean_episode_reward:-8.894165992736816, mean_queue:25.119443893432617
intersection:35, mean_episode_reward:-1.0592596530914307, mean_queue:1.7027777433395386
intersection:36, mean_episode_reward:-6.057004928588867, mean_queue:4.64722204208374
intersection:37, mean_episode_reward:-23.809955596923828, mean_queue:17.6027774810791
intersection:38, mean_episode_reward:-6.820925712585449, mean_queue:9.505555152893066
intersection:39, mean_episode_reward:-10.310358047485352, mean_queue:24.08333396911621
intersection:40, mean_episode_reward:-6.476666450500488, mean_queue:7.688889026641846
intersection:41, mean_episode_reward:-10.770879745483398, mean_queue:16.48611068725586
intersection:42, mean_episode_reward:-2.992360830307007, mean_queue:2.5999999046325684
intersection:43, mean_episode_reward:-13.857457160949707, mean_queue:32.70833206176758
intersection:44, mean_episode_reward:-4.008749008178711, mean_queue:13.36388874053955
intersection:45, mean_episode_reward:-4.08313512802124, mean_queue:4.550000190734863
intersection:46, mean_episode_reward:-5.981389045715332, mean_queue:4.019444465637207
intersection:47, mean_episode_reward:-18.982114791870117, mean_queue:19.405555725097656
intersection:48, mean_episode_reward:-4.252976417541504, mean_queue:8.747221946716309
intersection:49, mean_episode_reward:-2.8713877201080322, mean_queue:2.9083333015441895
intersection:50, mean_episode_reward:-2.392221689224243, mean_queue:3.6222221851348877
intersection:51, mean_episode_reward:-1.835278034210205, mean_queue:1.8444443941116333
intersection:52, mean_episode_reward:-0.7674998641014099, mean_queue:0.7638888955116272
intersection:53, mean_episode_reward:-1.1039985418319702, mean_queue:0.8722222447395325
intersection:54, mean_episode_reward:-4.937221527099609, mean_queue:2.4638888835906982
intersection:55, mean_episode_reward:-27.845415115356445, mean_queue:16.674999237060547
intersection:56, mean_episode_reward:-3.372579574584961, mean_queue:5.711111068725586
intersection:57, mean_episode_reward:-7.041039943695068, mean_queue:17.705554962158203
intersection:58, mean_episode_reward:-54.3305549621582, mean_queue:27.233333587646484
step:3600/3600, q_loss:0.5784671902656555, rewards:-552.7214409722222, queue:12.085263653483992, delay:0.21813985533633476, throughput:5297
episode:2/10, real avg travel time:706.8459505380404
intersection:0, mean_episode_reward:-10.18947982788086, mean_queue:25.649999618530273
intersection:1, mean_episode_reward:-9.422892570495605, mean_queue:9.377778053283691
intersection:2, mean_episode_reward:-38.735774993896484, mean_queue:40.31944274902344
intersection:3, mean_episode_reward:-10.49062442779541, mean_queue:7.9277777671813965
intersection:4, mean_episode_reward:-0.8023812770843506, mean_queue:0.49166667461395264
intersection:5, mean_episode_reward:-4.67202091217041, mean_queue:7.455555438995361
intersection:6, mean_episode_reward:-6.571482181549072, mean_queue:9.850000381469727
intersection:7, mean_episode_reward:-6.5873637199401855, mean_queue:13.186111450195312
intersection:8, mean_episode_reward:-6.464313507080078, mean_queue:10.422222137451172
intersection:9, mean_episode_reward:-3.134814739227295, mean_queue:1.711111068725586
intersection:10, mean_episode_reward:-7.51238489151001, mean_queue:4.5722222328186035
intersection:11, mean_episode_reward:-2.039583921432495, mean_queue:1.7805556058883667
intersection:12, mean_episode_reward:-7.844000339508057, mean_queue:6.699999809265137
intersection:13, mean_episode_reward:-20.900108337402344, mean_queue:31.688888549804688
intersection:14, mean_episode_reward:-4.265555381774902, mean_queue:2.1027777194976807
intersection:15, mean_episode_reward:-12.858478546142578, mean_queue:35.05833435058594
intersection:16, mean_episode_reward:-8.93000602722168, mean_queue:11.102777481079102
intersection:17, mean_episode_reward:-2.445554256439209, mean_queue:3.652777671813965
intersection:18, mean_episode_reward:-5.9990620613098145, mean_queue:10.175000190734863
intersection:19, mean_episode_reward:-11.331807136535645, mean_queue:13.797222137451172
intersection:20, mean_episode_reward:-4.305417060852051, mean_queue:7.56944465637207
intersection:21, mean_episode_reward:-9.062687873840332, mean_queue:18.663888931274414
intersection:22, mean_episode_reward:-4.11184024810791, mean_queue:8.269444465637207
intersection:23, mean_episode_reward:-6.365762710571289, mean_queue:6.702777862548828
intersection:24, mean_episode_reward:-3.974721908569336, mean_queue:7.244444370269775
intersection:25, mean_episode_reward:-22.71842384338379, mean_queue:31.7722225189209
intersection:26, mean_episode_reward:-9.264629364013672, mean_queue:4.736111164093018
intersection:27, mean_episode_reward:-6.553521633148193, mean_queue:11.436111450195312
intersection:28, mean_episode_reward:-8.32874870300293, mean_queue:7.6777777671813965
intersection:29, mean_episode_reward:-31.122224807739258, mean_queue:23.350000381469727
intersection:30, mean_episode_reward:-15.552974700927734, mean_queue:19.96666717529297
intersection:31, mean_episode_reward:-10.932695388793945, mean_queue:18.177778244018555
intersection:32, mean_episode_reward:-4.265995502471924, mean_queue:3.280555486679077
intersection:33, mean_episode_reward:-18.84333038330078, mean_queue:47.01944351196289
intersection:34, mean_episode_reward:-7.644860744476318, mean_queue:22.54166603088379
intersection:35, mean_episode_reward:-1.2811131477355957, mean_queue:2.008333444595337
intersection:36, mean_episode_reward:-6.381997108459473, mean_queue:5.327777862548828
intersection:37, mean_episode_reward:-8.98949909210205, mean_queue:10.850000381469727
intersection:38, mean_episode_reward:-5.327775001525879, mean_queue:7.505555629730225
intersection:39, mean_episode_reward:-11.174410820007324, mean_queue:26.113889694213867
intersection:40, mean_episode_reward:-5.027781009674072, mean_queue:6.263888835906982
intersection:41, mean_episode_reward:-3.040046215057373, mean_queue:3.930555582046509
intersection:42, mean_episode_reward:-1.2433335781097412, mean_queue:1.024999976158142
intersection:43, mean_episode_reward:-12.275773048400879, mean_queue:29.866666793823242
intersection:44, mean_episode_reward:-3.3684730529785156, mean_queue:8.161110877990723
intersection:45, mean_episode_reward:-3.9469847679138184, mean_queue:5.047222137451172
intersection:46, mean_episode_reward:-6.110275745391846, mean_queue:4.094444274902344
intersection:47, mean_episode_reward:-18.898788452148438, mean_queue:19.822221755981445
intersection:48, mean_episode_reward:-5.766584396362305, mean_queue:10.969444274902344
intersection:49, mean_episode_reward:-2.8311095237731934, mean_queue:2.847222328186035
intersection:50, mean_episode_reward:-4.01574182510376, mean_queue:6.0722222328186035
intersection:51, mean_episode_reward:-0.28583332896232605, mean_queue:0.2944444417953491
intersection:52, mean_episode_reward:-0.7824999690055847, mean_queue:0.7888888716697693
intersection:53, mean_episode_reward:-2.0066699981689453, mean_queue:1.6527777910232544
intersection:54, mean_episode_reward:-2.4472219944000244, mean_queue:1.2166666984558105
intersection:55, mean_episode_reward:-31.274599075317383, mean_queue:19.802778244018555
intersection:56, mean_episode_reward:-4.885040283203125, mean_queue:7.699999809265137
intersection:57, mean_episode_reward:-6.272707939147949, mean_queue:15.755555152893066
intersection:58, mean_episode_reward:-60.84165954589844, mean_queue:30.483333587646484
step:3600/3600, q_loss:0.4573155641555786, rewards:-655.0219618055555, queue:13.221421845574389, delay:0.23738742404513888, throughput:5456
episode:3/10, real avg travel time:638.1321480938417
intersection:0, mean_episode_reward:-8.932291984558105, mean_queue:16.983333587646484
intersection:1, mean_episode_reward:-5.143890857696533, mean_queue:5.436110973358154
intersection:2, mean_episode_reward:-39.00371551513672, mean_queue:40.036109924316406
intersection:3, mean_episode_reward:-8.009376525878906, mean_queue:6.05555534362793
intersection:4, mean_episode_reward:-2.6835715770721436, mean_queue:2.9083333015441895
intersection:5, mean_episode_reward:-2.62511944770813, mean_queue:3.2750000953674316
intersection:6, mean_episode_reward:-6.599068641662598, mean_queue:9.54444408416748
intersection:7, mean_episode_reward:-6.613053321838379, mean_queue:13.18055534362793
intersection:8, mean_episode_reward:-6.745925426483154, mean_queue:10.377778053283691
intersection:9, mean_episode_reward:-16.13315200805664, mean_queue:8.163888931274414
intersection:10, mean_episode_reward:-18.80491828918457, mean_queue:11.897222518920898
intersection:11, mean_episode_reward:-1.4474997520446777, mean_queue:1.2861111164093018
intersection:12, mean_episode_reward:-7.448331832885742, mean_queue:6.144444465637207
intersection:13, mean_episode_reward:-26.50339126586914, mean_queue:39.95277786254883
intersection:14, mean_episode_reward:-11.590557098388672, mean_queue:5.808333396911621
intersection:15, mean_episode_reward:-16.78455352783203, mean_queue:44.3305549621582
intersection:16, mean_episode_reward:-8.416664123535156, mean_queue:10.522222518920898
intersection:17, mean_episode_reward:-0.9077778458595276, mean_queue:1.375
intersection:18, mean_episode_reward:-15.091314315795898, mean_queue:26.18055534362793
intersection:19, mean_episode_reward:-11.178678512573242, mean_queue:13.302778244018555
intersection:20, mean_episode_reward:-5.4081244468688965, mean_queue:7.994444370269775
intersection:21, mean_episode_reward:-5.665831089019775, mean_queue:11.855555534362793
intersection:22, mean_episode_reward:-5.057048320770264, mean_queue:10.252778053283691
intersection:23, mean_episode_reward:-20.322643280029297, mean_queue:24.48055648803711
intersection:24, mean_episode_reward:-2.614027976989746, mean_queue:3.7055554389953613
intersection:25, mean_episode_reward:-15.34740924835205, mean_queue:15.774999618530273
intersection:26, mean_episode_reward:-17.845012664794922, mean_queue:7.833333492279053
intersection:27, mean_episode_reward:-6.9582133293151855, mean_queue:12.800000190734863
intersection:28, mean_episode_reward:-7.252430438995361, mean_queue:5.705555438995361
intersection:29, mean_episode_reward:-39.697750091552734, mean_queue:29.808332443237305
intersection:30, mean_episode_reward:-8.783452033996582, mean_queue:11.36111068725586
intersection:31, mean_episode_reward:-8.866351127624512, mean_queue:14.463889122009277
intersection:32, mean_episode_reward:-12.447771072387695, mean_queue:9.941666603088379
intersection:33, mean_episode_reward:-10.161554336547852, mean_queue:25.28333282470703
intersection:34, mean_episode_reward:-6.729974269866943, mean_queue:19.52777862548828
intersection:35, mean_episode_reward:-2.440925359725952, mean_queue:3.7833333015441895
intersection:36, mean_episode_reward:-6.572334289550781, mean_queue:5.400000095367432
intersection:37, mean_episode_reward:-5.931004524230957, mean_queue:3.144444465637207
intersection:38, mean_episode_reward:-4.82944393157959, mean_queue:7.005555629730225
intersection:39, mean_episode_reward:-12.968698501586914, mean_queue:30.29166603088379
intersection:40, mean_episode_reward:-4.753338813781738, mean_queue:5.925000190734863
intersection:41, mean_episode_reward:-6.161388397216797, mean_queue:9.233333587646484
intersection:42, mean_episode_reward:-1.8758329153060913, mean_queue:1.7805556058883667
intersection:43, mean_episode_reward:-11.811554908752441, mean_queue:29.15833282470703
intersection:44, mean_episode_reward:-4.108889579772949, mean_queue:10.547222137451172
intersection:45, mean_episode_reward:-31.37018585205078, mean_queue:56.20000076293945
intersection:46, mean_episode_reward:-7.540555000305176, mean_queue:5.275000095367432
intersection:47, mean_episode_reward:-16.264999389648438, mean_queue:15.23888874053955
intersection:48, mean_episode_reward:-4.90639066696167, mean_queue:9.88611125946045
intersection:49, mean_episode_reward:-0.15999993681907654, mean_queue:0.19166666269302368
intersection:50, mean_episode_reward:-0.23407405614852905, mean_queue:0.38333332538604736
intersection:51, mean_episode_reward:-0.24888888001441956, mean_queue:0.25833332538604736
intersection:52, mean_episode_reward:-0.8583333492279053, mean_queue:0.8611111044883728
intersection:53, mean_episode_reward:-1.5279994010925293, mean_queue:1.2638888359069824
intersection:54, mean_episode_reward:-7.187222480773926, mean_queue:1.630555510520935
intersection:55, mean_episode_reward:-51.07221603393555, mean_queue:34.60555648803711
intersection:56, mean_episode_reward:-4.920835494995117, mean_queue:7.722222328186035
intersection:57, mean_episode_reward:-7.859202861785889, mean_queue:19.850000381469727
intersection:58, mean_episode_reward:-65.59723663330078, mean_queue:32.877777099609375
step:3600/3600, q_loss:0.5613409876823425, rewards:-522.61171875, queue:10.7015065913371, delay:0.21013289342043315, throughput:6277
episode:4/10, real avg travel time:526.9638362274973
intersection:0, mean_episode_reward:-5.322813034057617, mean_queue:11.94444465637207
intersection:1, mean_episode_reward:-3.3382229804992676, mean_queue:3.6222221851348877
intersection:2, mean_episode_reward:-37.59770965576172, mean_queue:38.477779388427734
intersection:3, mean_episode_reward:-6.1593756675720215, mean_queue:4.616666793823242
intersection:4, mean_episode_reward:-0.2764286398887634, mean_queue:0.1805555522441864
intersection:5, mean_episode_reward:-5.223808288574219, mean_queue:8.600000381469727
intersection:6, mean_episode_reward:-5.944626808166504, mean_queue:8.905555725097656
intersection:7, mean_episode_reward:-5.8629150390625, mean_queue:11.644444465637207
intersection:8, mean_episode_reward:-6.506550312042236, mean_queue:9.758333206176758
intersection:9, mean_episode_reward:-4.343517780303955, mean_queue:2.2361111640930176
intersection:10, mean_episode_reward:-7.700476169586182, mean_queue:4.77222204208374
intersection:11, mean_episode_reward:-4.161805629730225, mean_queue:3.297222137451172
intersection:12, mean_episode_reward:-3.8752224445343018, mean_queue:3.0444445610046387
intersection:13, mean_episode_reward:-21.5791072845459, mean_queue:32.41666793823242
intersection:14, mean_episode_reward:-5.431667804718018, mean_queue:2.7138888835906982
intersection:15, mean_episode_reward:-18.577709197998047, mean_queue:49.219444274902344
intersection:16, mean_episode_reward:-4.988889694213867, mean_queue:6.213889122009277
intersection:17, mean_episode_reward:-1.3399999141693115, mean_queue:2.0166666507720947
intersection:18, mean_episode_reward:-4.958887577056885, mean_queue:8.719444274902344
intersection:19, mean_episode_reward:-11.740070343017578, mean_queue:13.844444274902344
intersection:20, mean_episode_reward:-2.384791851043701, mean_queue:3.7444443702697754
intersection:21, mean_episode_reward:-4.665877819061279, mean_queue:9.844444274902344
intersection:22, mean_episode_reward:-2.0005552768707275, mean_queue:4.244444370269775
intersection:23, mean_episode_reward:-10.26569652557373, mean_queue:8.51388931274414
intersection:24, mean_episode_reward:-1.980972170829773, mean_queue:3.030555486679077
intersection:25, mean_episode_reward:-15.829341888427734, mean_queue:17.119443893432617
intersection:26, mean_episode_reward:-15.265741348266602, mean_queue:7.422222137451172
intersection:27, mean_episode_reward:-5.671544075012207, mean_queue:10.769444465637207
intersection:28, mean_episode_reward:-11.734795570373535, mean_queue:8.722222328186035
intersection:29, mean_episode_reward:-36.54408645629883, mean_queue:27.441667556762695
intersection:30, mean_episode_reward:-9.290239334106445, mean_queue:11.791666984558105
intersection:31, mean_episode_reward:-7.578253269195557, mean_queue:12.43055534362793
intersection:32, mean_episode_reward:-2.6368906497955322, mean_queue:1.9083333015441895
intersection:33, mean_episode_reward:-8.559889793395996, mean_queue:21.377777099609375
intersection:34, mean_episode_reward:-5.582834243774414, mean_queue:17.14444351196289
intersection:35, mean_episode_reward:-1.450925350189209, mean_queue:2.2916667461395264
intersection:36, mean_episode_reward:-4.418333530426025, mean_queue:3.625
intersection:37, mean_episode_reward:-4.289669990539551, mean_queue:3.4111111164093018
intersection:38, mean_episode_reward:-4.546110153198242, mean_queue:6.652777671813965
intersection:39, mean_episode_reward:-12.448342323303223, mean_queue:29.06944465637207
intersection:40, mean_episode_reward:-4.940221309661865, mean_queue:5.988888740539551
intersection:41, mean_episode_reward:-11.76805591583252, mean_queue:18.850000381469727
intersection:42, mean_episode_reward:-1.9613884687423706, mean_queue:1.6222221851348877
intersection:43, mean_episode_reward:-12.471940040588379, mean_queue:33.21666717529297
intersection:44, mean_episode_reward:-4.127848148345947, mean_queue:10.43055534362793
intersection:45, mean_episode_reward:-6.659048080444336, mean_queue:9.313888549804688
intersection:46, mean_episode_reward:-4.565000534057617, mean_queue:3.1666667461395264
intersection:47, mean_episode_reward:-14.43366813659668, mean_queue:13.841666221618652
intersection:48, mean_episode_reward:-4.090912342071533, mean_queue:8.81944465637207
intersection:49, mean_episode_reward:-0.2730556130409241, mean_queue:0.3055555522441864
intersection:50, mean_episode_reward:-0.13018520176410675, mean_queue:0.24722221493721008
intersection:51, mean_episode_reward:-1.1538888216018677, mean_queue:1.1611111164093018
intersection:52, mean_episode_reward:-0.8191665410995483, mean_queue:0.8111110925674438
intersection:53, mean_episode_reward:-1.7236685752868652, mean_queue:1.4305555820465088
intersection:54, mean_episode_reward:-0.455000102519989, mean_queue:0.20555555820465088
intersection:55, mean_episode_reward:-30.73749542236328, mean_queue:21.774999618530273
intersection:56, mean_episode_reward:-3.551629066467285, mean_queue:5.875
intersection:57, mean_episode_reward:-7.01093864440918, mean_queue:17.619443893432617
intersection:58, mean_episode_reward:-79.66389465332031, mean_queue:39.90833282470703
step:3600/3600, q_loss:0.5975281000137329, rewards:-709.2469618055555, queue:12.881214689265537, delay:0.2328606154734581, throughput:5666
episode:5/10, real avg travel time:507.0195905400635
intersection:0, mean_episode_reward:-4.491980075836182, mean_queue:10.63888931274414
intersection:1, mean_episode_reward:-5.801890850067139, mean_queue:5.711111068725586
intersection:2, mean_episode_reward:-38.99528121948242, mean_queue:39.655555725097656
intersection:3, mean_episode_reward:-8.864166259765625, mean_queue:6.644444465637207
intersection:4, mean_episode_reward:-1.3445237874984741, mean_queue:1.413888931274414
intersection:5, mean_episode_reward:-2.04083251953125, mean_queue:3.7555556297302246
intersection:6, mean_episode_reward:-6.50147819519043, mean_queue:9.383333206176758
intersection:7, mean_episode_reward:-6.371944904327393, mean_queue:12.686111450195312
intersection:8, mean_episode_reward:-6.778889179229736, mean_queue:10.213889122009277
intersection:9, mean_episode_reward:-43.59923553466797, mean_queue:24.744443893432617
intersection:10, mean_episode_reward:-48.96458435058594, mean_queue:31.677778244018555
intersection:11, mean_episode_reward:-1.9854170083999634, mean_queue:1.630555510520935
intersection:12, mean_episode_reward:-8.018006324768066, mean_queue:6.763888835906982
intersection:13, mean_episode_reward:-32.66793441772461, mean_queue:50.286109924316406
intersection:14, mean_episode_reward:-30.153884887695312, mean_queue:15.086111068725586
intersection:15, mean_episode_reward:-19.27866554260254, mean_queue:50.86111068725586
intersection:16, mean_episode_reward:-8.673778533935547, mean_queue:10.81944465637207
intersection:17, mean_episode_reward:-1.2937039136886597, mean_queue:1.9194444417953491
intersection:18, mean_episode_reward:-11.330594062805176, mean_queue:21.73055648803711
intersection:19, mean_episode_reward:-11.089305877685547, mean_queue:13.26388931274414
intersection:20, mean_episode_reward:-5.741179943084717, mean_queue:8.61111068725586
intersection:21, mean_episode_reward:-5.101529121398926, mean_queue:10.891666412353516
intersection:22, mean_episode_reward:-3.463958978652954, mean_queue:7.402777671813965
intersection:23, mean_episode_reward:-33.44708251953125, mean_queue:31.18055534362793
intersection:24, mean_episode_reward:-2.909444570541382, mean_queue:4.266666889190674
intersection:25, mean_episode_reward:-18.038467407226562, mean_queue:18.125
intersection:26, mean_episode_reward:-26.722412109375, mean_queue:11.36111068725586
intersection:27, mean_episode_reward:-4.943332195281982, mean_queue:9.44444465637207
intersection:28, mean_episode_reward:-17.44541358947754, mean_queue:12.691666603088379
intersection:29, mean_episode_reward:-46.53369140625, mean_queue:34.99444580078125
intersection:30, mean_episode_reward:-3.1896467208862305, mean_queue:4.669444561004639
intersection:31, mean_episode_reward:-6.256826400756836, mean_queue:10.36388874053955
intersection:32, mean_episode_reward:-5.413112640380859, mean_queue:3.6500000953674316
intersection:33, mean_episode_reward:-7.840667247772217, mean_queue:19.488889694213867
intersection:34, mean_episode_reward:-5.137112617492676, mean_queue:15.449999809265137
intersection:35, mean_episode_reward:-0.30981478095054626, mean_queue:0.6138888597488403
intersection:36, mean_episode_reward:-6.379000663757324, mean_queue:5.316666603088379
intersection:37, mean_episode_reward:-4.202169418334961, mean_queue:2.6277778148651123
intersection:38, mean_episode_reward:-4.682226181030273, mean_queue:6.933333396911621
intersection:39, mean_episode_reward:-10.843210220336914, mean_queue:25.31944465637207
intersection:40, mean_episode_reward:-4.977774620056152, mean_queue:6.086111068725586
intersection:41, mean_episode_reward:-4.452685356140137, mean_queue:6.9277777671813965
intersection:42, mean_episode_reward:-1.359861135482788, mean_queue:1.3083332777023315
intersection:43, mean_episode_reward:-13.31422233581543, mean_queue:34.91388702392578
intersection:44, mean_episode_reward:-3.9067373275756836, mean_queue:10.449999809265137
intersection:45, mean_episode_reward:-4.143808841705322, mean_queue:5.616666793823242
intersection:46, mean_episode_reward:-5.201944828033447, mean_queue:3.780555486679077
intersection:47, mean_episode_reward:-9.115891456604004, mean_queue:8.51111125946045
intersection:48, mean_episode_reward:-5.248530387878418, mean_queue:10.102777481079102
intersection:49, mean_episode_reward:-0.10388888418674469, mean_queue:0.15833333134651184
intersection:50, mean_episode_reward:-0.06314815580844879, mean_queue:0.14444445073604584
intersection:51, mean_episode_reward:-1.456944465637207, mean_queue:1.4583333730697632
intersection:52, mean_episode_reward:-0.8113889098167419, mean_queue:0.8027777671813965
intersection:53, mean_episode_reward:-2.811336040496826, mean_queue:2.2861111164093018
intersection:54, mean_episode_reward:-0.6405556201934814, mean_queue:0.29722222685813904
intersection:55, mean_episode_reward:-32.22041702270508, mean_queue:22.524999618530273
intersection:56, mean_episode_reward:-4.395240783691406, mean_queue:7.738888740539551
intersection:57, mean_episode_reward:-7.626213073730469, mean_queue:19.261110305786133
intersection:58, mean_episode_reward:-90.55000305175781, mean_queue:45.33333206176758
step:3600/3600, q_loss:0.6384777426719666, rewards:-559.3579861111111, queue:10.830838041431262, delay:0.21830024791078154, throughput:6586
episode:6/10, real avg travel time:510.25523838445184
intersection:0, mean_episode_reward:-5.950625419616699, mean_queue:10.563888549804688
intersection:1, mean_episode_reward:-3.0088884830474854, mean_queue:2.277777671813965
intersection:2, mean_episode_reward:-35.82929992675781, mean_queue:36.655555725097656
intersection:3, mean_episode_reward:-6.019792556762695, mean_queue:4.349999904632568
intersection:4, mean_episode_reward:-7.2823805809021, mean_queue:8.280555725097656
intersection:5, mean_episode_reward:-4.433333873748779, mean_queue:7.497222423553467
intersection:6, mean_episode_reward:-6.502223014831543, mean_queue:9.422222137451172
intersection:7, mean_episode_reward:-5.078473091125488, mean_queue:10.019444465637207
intersection:8, mean_episode_reward:-6.753087520599365, mean_queue:10.04444408416748
intersection:9, mean_episode_reward:-17.091297149658203, mean_queue:8.605555534362793
intersection:10, mean_episode_reward:-17.36841583251953, mean_queue:11.472222328186035
intersection:11, mean_episode_reward:-2.035416841506958, mean_queue:1.8777778148651123
intersection:12, mean_episode_reward:-5.890774726867676, mean_queue:4.6972222328186035
intersection:13, mean_episode_reward:-27.32505989074707, mean_queue:40.522220611572266
intersection:14, mean_episode_reward:-13.567218780517578, mean_queue:6.75
intersection:15, mean_episode_reward:-14.342472076416016, mean_queue:38.363887786865234
intersection:16, mean_episode_reward:-6.431331157684326, mean_queue:7.986111164093018
intersection:17, mean_episode_reward:-1.2140733003616333, mean_queue:1.8472222089767456
intersection:18, mean_episode_reward:-5.330207824707031, mean_queue:9.408333778381348
intersection:19, mean_episode_reward:-12.389440536499023, mean_queue:14.588889122009277
intersection:20, mean_episode_reward:-3.3779842853546143, mean_queue:5.358333110809326
intersection:21, mean_episode_reward:-4.353660583496094, mean_queue:9.283333778381348
intersection:22, mean_episode_reward:-2.3385062217712402, mean_queue:4.833333492279053
intersection:23, mean_episode_reward:-6.32221794128418, mean_queue:7.4472222328186035
intersection:24, mean_episode_reward:-2.358888864517212, mean_queue:3.3111112117767334
intersection:25, mean_episode_reward:-16.46111297607422, mean_queue:16.686111450195312
intersection:26, mean_episode_reward:-19.944454193115234, mean_queue:8.991666793823242
intersection:27, mean_episode_reward:-5.365866661071777, mean_queue:10.702777862548828
intersection:28, mean_episode_reward:-7.628124237060547, mean_queue:5.794444561004639
intersection:29, mean_episode_reward:-34.86482620239258, mean_queue:26.186111450195312
intersection:30, mean_episode_reward:-6.684286117553711, mean_queue:9.20555591583252
intersection:31, mean_episode_reward:-8.573967933654785, mean_queue:14.291666984558105
intersection:32, mean_episode_reward:-1.9324449300765991, mean_queue:1.3722221851348877
intersection:33, mean_episode_reward:-9.53310775756836, mean_queue:23.688888549804688
intersection:34, mean_episode_reward:-4.469029903411865, mean_queue:13.702777862548828
intersection:35, mean_episode_reward:-0.7224072217941284, mean_queue:1.2000000476837158
intersection:36, mean_episode_reward:-5.870665073394775, mean_queue:4.661110877990723
intersection:37, mean_episode_reward:-2.9018352031707764, mean_queue:2.3138887882232666
intersection:38, mean_episode_reward:-3.333146572113037, mean_queue:4.89722204208374
intersection:39, mean_episode_reward:-11.505595207214355, mean_queue:26.863889694213867
intersection:40, mean_episode_reward:-4.929333209991455, mean_queue:6.005555629730225
intersection:41, mean_episode_reward:-5.863427639007568, mean_queue:8.958333015441895
intersection:42, mean_episode_reward:-1.5188888311386108, mean_queue:1.350000023841858
intersection:43, mean_episode_reward:-13.181778907775879, mean_queue:33.18611145019531
intersection:44, mean_episode_reward:-4.150416374206543, mean_queue:11.297222137451172
intersection:45, mean_episode_reward:-3.655158042907715, mean_queue:5.719444274902344
intersection:46, mean_episode_reward:-8.098611831665039, mean_queue:5.511111259460449
intersection:47, mean_episode_reward:-14.312679290771484, mean_queue:13.105555534362793
intersection:48, mean_episode_reward:-4.372264385223389, mean_queue:9.008333206176758
intersection:49, mean_episode_reward:-0.7025003433227539, mean_queue:0.7388888597488403
intersection:50, mean_episode_reward:-0.14685186743736267, mean_queue:0.2611111104488373
intersection:51, mean_episode_reward:-1.2858333587646484, mean_queue:1.2916666269302368
intersection:52, mean_episode_reward:-0.8374999761581421, mean_queue:0.8305555582046509
intersection:53, mean_episode_reward:-1.2363331317901611, mean_queue:1.038888931274414
intersection:54, mean_episode_reward:-1.6561105251312256, mean_queue:0.7555555701255798
intersection:55, mean_episode_reward:-44.67165756225586, mean_queue:31.30555534362793
intersection:56, mean_episode_reward:-4.320398807525635, mean_queue:7.105555534362793
intersection:57, mean_episode_reward:-7.157849311828613, mean_queue:18.008333206176758
intersection:58, mean_episode_reward:-74.87445068359375, mean_queue:37.51944351196289
step:3600/3600, q_loss:0.5811793804168701, rewards:-499.8599826388889, queue:9.92584745762712, delay:0.20219657596221752, throughput:6800
episode:7/10, real avg travel time:520.7038235294118
intersection:0, mean_episode_reward:-2.4121878147125244, mean_queue:6.005555629730225
intersection:1, mean_episode_reward:-2.9418866634368896, mean_queue:2.2666666507720947
intersection:2, mean_episode_reward:-42.53348159790039, mean_queue:43.280555725097656
intersection:3, mean_episode_reward:-5.579374313354492, mean_queue:4.18055534362793
intersection:4, mean_episode_reward:-3.1323819160461426, mean_queue:3.461111068725586
intersection:5, mean_episode_reward:-4.829766750335693, mean_queue:9.01111125946045
intersection:6, mean_episode_reward:-6.861307144165039, mean_queue:9.747221946716309
intersection:7, mean_episode_reward:-4.041667461395264, mean_queue:7.955555438995361
intersection:8, mean_episode_reward:-7.103584289550781, mean_queue:10.561111450195312
intersection:9, mean_episode_reward:-17.007028579711914, mean_queue:8.591666221618652
intersection:10, mean_episode_reward:-7.522070407867432, mean_queue:4.666666507720947
intersection:11, mean_episode_reward:-1.437778353691101, mean_queue:1.2944444417953491
intersection:12, mean_episode_reward:-3.8814425468444824, mean_queue:3.086111068725586
intersection:13, mean_episode_reward:-19.709728240966797, mean_queue:29.413888931274414
intersection:14, mean_episode_reward:-9.075002670288086, mean_queue:4.4472222328186035
intersection:15, mean_episode_reward:-14.816784858703613, mean_queue:39.275001525878906
intersection:16, mean_episode_reward:-5.499777317047119, mean_queue:6.830555438995361
intersection:17, mean_episode_reward:-1.0212961435317993, mean_queue:1.5499999523162842
intersection:18, mean_episode_reward:-4.853958606719971, mean_queue:8.769444465637207
intersection:19, mean_episode_reward:-14.416943550109863, mean_queue:18.075000762939453
intersection:20, mean_episode_reward:-2.666597843170166, mean_queue:4.316666603088379
intersection:21, mean_episode_reward:-4.6263885498046875, mean_queue:9.941666603088379
intersection:22, mean_episode_reward:-2.46958327293396, mean_queue:5.116666793823242
intersection:23, mean_episode_reward:-5.790345668792725, mean_queue:7.744444370269775
intersection:24, mean_episode_reward:-2.7045836448669434, mean_queue:3.9277777671813965
intersection:25, mean_episode_reward:-17.76189613342285, mean_queue:17.133333206176758
intersection:26, mean_episode_reward:-11.583699226379395, mean_queue:5.886111259460449
intersection:27, mean_episode_reward:-6.54228401184082, mean_queue:12.747221946716309
intersection:28, mean_episode_reward:-11.587846755981445, mean_queue:9.508333206176758
intersection:29, mean_episode_reward:-23.6944522857666, mean_queue:17.711111068725586
intersection:30, mean_episode_reward:-4.330119609832764, mean_queue:5.666666507720947
intersection:31, mean_episode_reward:-7.6342854499816895, mean_queue:12.897222518920898
intersection:32, mean_episode_reward:-1.4539998769760132, mean_queue:1.038888931274414
intersection:33, mean_episode_reward:-9.61044692993164, mean_queue:23.961111068725586
intersection:34, mean_episode_reward:-4.277139663696289, mean_queue:12.922222137451172
intersection:35, mean_episode_reward:-0.4390740394592285, mean_queue:0.8027777671813965
intersection:36, mean_episode_reward:-5.743002891540527, mean_queue:4.788888931274414
intersection:37, mean_episode_reward:-3.5356686115264893, mean_queue:2.9972221851348877
intersection:38, mean_episode_reward:-3.4574084281921387, mean_queue:4.811110973358154
intersection:39, mean_episode_reward:-12.917136192321777, mean_queue:30.155555725097656
intersection:40, mean_episode_reward:-4.730000972747803, mean_queue:5.699999809265137
intersection:41, mean_episode_reward:-2.57412052154541, mean_queue:3.6111111640930176
intersection:42, mean_episode_reward:-1.056249976158142, mean_queue:0.9944444298744202
intersection:43, mean_episode_reward:-8.547388076782227, mean_queue:18.71388816833496
intersection:44, mean_episode_reward:-3.953819513320923, mean_queue:11.166666984558105
intersection:45, mean_episode_reward:-4.620121002197266, mean_queue:6.580555438995361
intersection:46, mean_episode_reward:-11.14194393157959, mean_queue:7.7833333015441895
intersection:47, mean_episode_reward:-14.35245132446289, mean_queue:13.966666221618652
intersection:48, mean_episode_reward:-5.675239562988281, mean_queue:11.183333396911621
intersection:49, mean_episode_reward:-0.12361107021570206, mean_queue:0.15833333134651184
intersection:50, mean_episode_reward:-0.056111108511686325, mean_queue:0.15555556118488312
intersection:51, mean_episode_reward:-1.67472243309021, mean_queue:1.6749999523162842
intersection:52, mean_episode_reward:-0.8333331346511841, mean_queue:0.8277778029441833
intersection:53, mean_episode_reward:-6.034332275390625, mean_queue:5.044444561004639
intersection:54, mean_episode_reward:-0.8550001382827759, mean_queue:0.4194444417953491
intersection:55, mean_episode_reward:-25.817502975463867, mean_queue:18.302778244018555
intersection:56, mean_episode_reward:-4.196071147918701, mean_queue:6.8027777671813965
intersection:57, mean_episode_reward:-7.36958122253418, mean_queue:18.55555534362793
intersection:58, mean_episode_reward:-74.7449951171875, mean_queue:37.43888854980469
step:3600/3600, q_loss:0.6076094508171082, rewards:-493.04952256944443, queue:9.856920903954803, delay:0.20222333487817798, throughput:7561
episode:8/10, real avg travel time:511.03359344002115
intersection:0, mean_episode_reward:-6.948020935058594, mean_queue:12.649999618530273
intersection:1, mean_episode_reward:-2.6594433784484863, mean_queue:2.1583333015441895
intersection:2, mean_episode_reward:-46.347267150878906, mean_queue:48.155555725097656
intersection:3, mean_episode_reward:-8.227084159851074, mean_queue:5.963889122009277
intersection:4, mean_episode_reward:-4.603808403015137, mean_queue:4.988888740539551
intersection:5, mean_episode_reward:-2.3865482807159424, mean_queue:3.6583333015441895
intersection:6, mean_episode_reward:-6.569622039794922, mean_queue:9.286110877990723
intersection:7, mean_episode_reward:-4.947779655456543, mean_queue:9.79444408416748
intersection:8, mean_episode_reward:-5.357643127441406, mean_queue:6.808333396911621
intersection:9, mean_episode_reward:-6.448145389556885, mean_queue:3.36388897895813
intersection:10, mean_episode_reward:-8.095403671264648, mean_queue:5.008333206176758
intersection:11, mean_episode_reward:-1.4505558013916016, mean_queue:1.3527777194976807
intersection:12, mean_episode_reward:-5.302000045776367, mean_queue:4.5916666984558105
intersection:13, mean_episode_reward:-18.60044288635254, mean_queue:27.758333206176758
intersection:14, mean_episode_reward:-8.085555076599121, mean_queue:4.016666889190674
intersection:15, mean_episode_reward:-16.29764175415039, mean_queue:42.74444580078125
intersection:16, mean_episode_reward:-4.189333438873291, mean_queue:5.211111068725586
intersection:17, mean_episode_reward:-1.31148099899292, mean_queue:1.961111068725586
intersection:18, mean_episode_reward:-4.701704025268555, mean_queue:8.672222137451172
intersection:19, mean_episode_reward:-10.631806373596191, mean_queue:13.377778053283691
intersection:20, mean_episode_reward:-2.876667022705078, mean_queue:4.872222423553467
intersection:21, mean_episode_reward:-3.543426513671875, mean_queue:7.513888835906982
intersection:22, mean_episode_reward:-1.7694096565246582, mean_queue:3.7249999046325684
intersection:23, mean_episode_reward:-13.539794921875, mean_queue:14.788888931274414
intersection:24, mean_episode_reward:-2.4384725093841553, mean_queue:3.4944443702697754
intersection:25, mean_episode_reward:-20.62439727783203, mean_queue:19.60555648803711
intersection:26, mean_episode_reward:-10.917217254638672, mean_queue:5.458333492279053
intersection:27, mean_episode_reward:-7.142962455749512, mean_queue:13.425000190734863
intersection:28, mean_episode_reward:-16.462364196777344, mean_queue:11.375
intersection:29, mean_episode_reward:-20.719263076782227, mean_queue:15.458333015441895
intersection:30, mean_episode_reward:-7.738211631774902, mean_queue:10.18055534362793
intersection:31, mean_episode_reward:-6.373013019561768, mean_queue:10.341666221618652
intersection:32, mean_episode_reward:-3.910886526107788, mean_queue:2.819444417953491
intersection:33, mean_episode_reward:-6.726442337036133, mean_queue:16.761110305786133
intersection:34, mean_episode_reward:-5.428414821624756, mean_queue:16.266666412353516
intersection:35, mean_episode_reward:-1.3644449710845947, mean_queue:2.1972222328186035
intersection:36, mean_episode_reward:-6.024998188018799, mean_queue:4.761111259460449
intersection:37, mean_episode_reward:-3.275834083557129, mean_queue:2.655555486679077
intersection:38, mean_episode_reward:-4.926296710968018, mean_queue:7.330555438995361
intersection:39, mean_episode_reward:-8.59261703491211, mean_queue:20.03333282470703
intersection:40, mean_episode_reward:-5.543100833892822, mean_queue:6.097222328186035
intersection:41, mean_episode_reward:-3.123194456100464, mean_queue:4.244444370269775
intersection:42, mean_episode_reward:-1.2362502813339233, mean_queue:1.0333333015441895
intersection:43, mean_episode_reward:-13.435251235961914, mean_queue:33.01944351196289
intersection:44, mean_episode_reward:-4.6445817947387695, mean_queue:12.81944465637207
intersection:45, mean_episode_reward:-3.675875186920166, mean_queue:4.744444370269775
intersection:46, mean_episode_reward:-3.915555715560913, mean_queue:2.7083332538604736
intersection:47, mean_episode_reward:-13.100210189819336, mean_queue:12.73611068725586
intersection:48, mean_episode_reward:-4.582659721374512, mean_queue:8.716666221618652
intersection:49, mean_episode_reward:-0.10722221434116364, mean_queue:0.1527777761220932
intersection:50, mean_episode_reward:-0.05574074387550354, mean_queue:0.12222222238779068
intersection:51, mean_episode_reward:-3.0986111164093018, mean_queue:3.1083333492279053
intersection:52, mean_episode_reward:-0.3852778971195221, mean_queue:0.3611111044883728
intersection:53, mean_episode_reward:-0.9559993147850037, mean_queue:0.7749999761581421
intersection:54, mean_episode_reward:-1.1722222566604614, mean_queue:0.5638889074325562
intersection:55, mean_episode_reward:-18.50819969177246, mean_queue:13.163888931274414
intersection:56, mean_episode_reward:-3.455793619155884, mean_queue:5.983333110809326
intersection:57, mean_episode_reward:-7.075728893280029, mean_queue:17.8527774810791
intersection:58, mean_episode_reward:-77.42166137695312, mean_queue:38.76944351196289
step:3600/3600, q_loss:0.5323299169540405, rewards:-502.93090277777776, queue:10.870338983050848, delay:0.20286612358021422, throughput:5804
episode:9/10, real avg travel time:562.2226050999311
intersection:0, mean_episode_reward:-4.32322883605957, mean_queue:9.48611068725586
intersection:1, mean_episode_reward:-3.706554889678955, mean_queue:4.061110973358154
intersection:2, mean_episode_reward:-42.11793518066406, mean_queue:43.463890075683594
intersection:3, mean_episode_reward:-3.141458511352539, mean_queue:2.180555582046509
intersection:4, mean_episode_reward:-0.28428584337234497, mean_queue:0.1666666716337204
intersection:5, mean_episode_reward:-0.8958330154418945, mean_queue:1.480555534362793
intersection:6, mean_episode_reward:-6.219439506530762, mean_queue:9.20555591583252
intersection:7, mean_episode_reward:-6.25610876083374, mean_queue:12.447221755981445
intersection:8, mean_episode_reward:-5.111722946166992, mean_queue:6.39722204208374
intersection:9, mean_episode_reward:-4.799069881439209, mean_queue:2.5611112117767334
intersection:10, mean_episode_reward:-7.671428203582764, mean_queue:4.916666507720947
intersection:11, mean_episode_reward:-1.4431946277618408, mean_queue:1.350000023841858
intersection:12, mean_episode_reward:-3.669663190841675, mean_queue:2.855555534362793
intersection:13, mean_episode_reward:-17.787445068359375, mean_queue:26.13888931274414
intersection:14, mean_episode_reward:-5.122220039367676, mean_queue:2.4944443702697754
intersection:15, mean_episode_reward:-14.705617904663086, mean_queue:38.488887786865234
intersection:16, mean_episode_reward:-4.008001327514648, mean_queue:5.016666889190674
intersection:17, mean_episode_reward:-1.2340738773345947, mean_queue:1.8583333492279053
intersection:18, mean_episode_reward:-6.723748683929443, mean_queue:10.780555725097656
intersection:19, mean_episode_reward:-11.216943740844727, mean_queue:14.43055534362793
intersection:20, mean_episode_reward:-5.017292022705078, mean_queue:9.166666984558105
intersection:21, mean_episode_reward:-5.822226524353027, mean_queue:12.188888549804688
intersection:22, mean_episode_reward:-4.584270477294922, mean_queue:9.322221755981445
intersection:23, mean_episode_reward:-6.868263244628906, mean_queue:7.0333333015441895
intersection:24, mean_episode_reward:-2.520277738571167, mean_queue:3.9472222328186035
intersection:25, mean_episode_reward:-15.83259391784668, mean_queue:16.191667556762695
intersection:26, mean_episode_reward:-10.68055248260498, mean_queue:5.391666889190674
intersection:27, mean_episode_reward:-8.664888381958008, mean_queue:15.824999809265137
intersection:28, mean_episode_reward:-15.507842063903809, mean_queue:10.699999809265137
intersection:29, mean_episode_reward:-16.588153839111328, mean_queue:12.411110877990723
intersection:30, mean_episode_reward:-11.847497940063477, mean_queue:15.86111068725586
intersection:31, mean_episode_reward:-8.104448318481445, mean_queue:13.461111068725586
intersection:32, mean_episode_reward:-2.769556760787964, mean_queue:1.8888888359069824
intersection:33, mean_episode_reward:-15.512776374816895, mean_queue:38.79999923706055
intersection:34, mean_episode_reward:-11.395804405212402, mean_queue:32.49166488647461
intersection:35, mean_episode_reward:-6.863326072692871, mean_queue:10.36388874053955
intersection:36, mean_episode_reward:-6.933669090270996, mean_queue:5.411110877990723
intersection:37, mean_episode_reward:-4.05100154876709, mean_queue:3.9166667461395264
intersection:38, mean_episode_reward:-4.95759391784668, mean_queue:7.255555629730225
intersection:39, mean_episode_reward:-9.385950088500977, mean_queue:21.91666603088379
intersection:40, mean_episode_reward:-4.914888381958008, mean_queue:5.80555534362793
intersection:41, mean_episode_reward:-5.446112632751465, mean_queue:8.022222518920898
intersection:42, mean_episode_reward:-0.4579165577888489, mean_queue:0.38333332538604736
intersection:43, mean_episode_reward:-12.833067893981934, mean_queue:29.01388931274414
intersection:44, mean_episode_reward:-4.739584922790527, mean_queue:12.269444465637207
intersection:45, mean_episode_reward:-3.2521448135375977, mean_queue:4.516666889190674
intersection:46, mean_episode_reward:-1.4008331298828125, mean_queue:1.0027778148651123
intersection:47, mean_episode_reward:-11.707335472106934, mean_queue:11.024999618530273
intersection:48, mean_episode_reward:-8.678488731384277, mean_queue:19.672222137451172
intersection:49, mean_episode_reward:-6.9063897132873535, mean_queue:6.949999809265137
intersection:50, mean_episode_reward:-8.061665534973145, mean_queue:12.13888931274414
intersection:51, mean_episode_reward:-2.233888864517212, mean_queue:2.2444443702697754
intersection:52, mean_episode_reward:-0.060555554926395416, mean_queue:0.05833333358168602
intersection:53, mean_episode_reward:-4.376995086669922, mean_queue:3.6583333015441895
intersection:54, mean_episode_reward:-1.3083332777023315, mean_queue:0.6222222447395325
intersection:55, mean_episode_reward:-20.098752975463867, mean_queue:12.405555725097656
intersection:56, mean_episode_reward:-4.963176250457764, mean_queue:8.155555725097656
intersection:57, mean_episode_reward:-5.777572154998779, mean_queue:14.311111450195312
intersection:58, mean_episode_reward:-71.36722564697266, mean_queue:35.76944351196289
Final Travel Time is 536.0745, mean rewards: -510.8943, queue: 11.0737, delay: 0.2047, throughput: 5702
Total time taken: 2592.205137014389
