colight	TRAIN_VERBOSE	0	334.0	6.2	-382.45	7.34	0.17	561
colight	TRAIN_VERBOSE	0	581.0	2.4	-579.92	11.06	0.20	2060
colight	TRAIN_VERBOSE	0	730.5	2.0	-666.75	12.66	0.22	3492
colight	TRAIN_VERBOSE	0	847.8	1.9	-717.43	13.60	0.23	5093
colight	TRAIN	0	847.8	1.9	-717.43	13.60	0.23	5093
colight	TRAIN_VERBOSE	1	314.7	1.5	-330.41	6.76	0.16	954
colight	TRAIN_VERBOSE	1	475.1	1.6	-486.30	9.64	0.20	2513
colight	TRAIN_VERBOSE	1	620.6	1.8	-628.24	12.01	0.22	3954
colight	TRAIN_VERBOSE	1	753.9	1.9	-740.81	13.85	0.24	5240
colight	TRAIN	1	753.9	1.9	-740.81	13.85	0.24	5240
colight	TRAIN_VERBOSE	2	319.7	1.6	-312.15	6.48	0.16	723
colight	TRAIN_VERBOSE	2	501.7	1.7	-503.41	10.19	0.20	1778
colight	TRAIN_VERBOSE	2	659.2	1.7	-625.30	12.43	0.22	2762
colight	TRAIN_VERBOSE	2	830.7	1.8	-707.10	14.10	0.24	3801
colight	TRAIN	2	830.7	1.8	-707.10	14.10	0.24	3801
colight	TRAIN_VERBOSE	3	297.4	1.6	-294.63	6.24	0.15	800
colight	TRAIN_VERBOSE	3	480.8	1.6	-470.09	9.82	0.19	1949
colight	TRAIN_VERBOSE	3	630.3	1.6	-605.52	12.18	0.22	2929
colight	TRAIN_VERBOSE	3	783.7	1.7	-714.39	13.96	0.24	3878
colight	TRAIN	3	783.7	1.7	-714.39	13.96	0.24	3878
colight	TRAIN_VERBOSE	4	279.4	2.2	-342.69	6.93	0.16	793
colight	TRAIN_VERBOSE	4	463.3	2.2	-519.24	10.16	0.20	1863
colight	TRAIN_VERBOSE	4	599.6	2.3	-627.11	12.30	0.22	2744
colight	TRAIN_VERBOSE	4	717.4	2.2	-722.29	14.08	0.24	3521
colight	TRAIN	4	717.4	2.2	-722.29	14.08	0.24	3521
colight	TRAIN_VERBOSE	5	274.5	1.4	-329.30	6.74	0.15	777
colight	TRAIN_VERBOSE	5	494.1	1.5	-456.10	9.65	0.19	2122
colight	TRAIN_VERBOSE	5	605.7	1.4	-579.88	11.96	0.22	3010
colight	TRAIN_VERBOSE	5	717.8	1.4	-691.45	13.89	0.24	3823
colight	TRAIN	5	717.8	1.4	-691.45	13.89	0.24	3823
colight	TRAIN_VERBOSE	6	236.2	1.2	-320.74	6.71	0.15	803
colight	TRAIN_VERBOSE	6	404.5	1.2	-466.82	9.69	0.20	1937
colight	TRAIN_VERBOSE	6	553.0	1.2	-582.37	11.84	0.22	2817
colight	TRAIN_VERBOSE	6	724.8	1.2	-697.55	13.89	0.24	3727
colight	TRAIN	6	724.8	1.2	-697.55	13.89	0.24	3727
colight	TRAIN_VERBOSE	7	275.2	1.1	-324.88	6.64	0.16	760
colight	TRAIN_VERBOSE	7	468.6	1.1	-484.40	9.98	0.20	1693
colight	TRAIN_VERBOSE	7	662.5	1.5	-596.97	12.10	0.22	2773
colight	TRAIN_VERBOSE	7	837.3	1.5	-695.14	13.88	0.24	3772
colight	TRAIN	7	837.3	1.5	-695.14	13.88	0.24	3772
colight	TRAIN_VERBOSE	8	257.1	1.2	-309.26	6.39	0.15	877
colight	TRAIN_VERBOSE	8	444.8	1.3	-483.63	9.86	0.20	2167
colight	TRAIN_VERBOSE	8	607.5	1.2	-612.57	12.28	0.23	3404
colight	TRAIN_VERBOSE	8	769.9	1.2	-710.96	14.01	0.25	4715
colight	TRAIN	8	769.9	1.2	-710.96	14.01	0.25	4715
colight	TRAIN_VERBOSE	9	273.8	1.1	-307.39	6.69	0.15	853
colight	TRAIN_VERBOSE	9	457.5	1.1	-453.22	9.49	0.20	2312
colight	TRAIN_VERBOSE	9	588.2	1.1	-565.37	11.41	0.22	3617
colight	TRAIN_VERBOSE	9	646.6	1.2	-646.28	12.66	0.24	5074
colight	TRAIN	9	646.6	1.2	-646.28	12.66	0.24	5074
colight	TRAIN_VERBOSE	10	247.0	1.5	-307.68	6.28	0.15	960
colight	TRAIN_VERBOSE	10	425.8	1.5	-470.54	9.27	0.20	2467
colight	TRAIN_VERBOSE	10	551.8	1.7	-552.58	11.03	0.22	4140
colight	TRAIN_VERBOSE	10	590.9	1.7	-631.67	12.43	0.24	5415
colight	TRAIN	10	590.9	1.7	-631.67	12.43	0.24	5415
colight	TRAIN_VERBOSE	11	263.5	2.0	-326.10	6.65	0.16	961
colight	TRAIN_VERBOSE	11	378.5	2.1	-442.30	9.24	0.19	2370
colight	TRAIN_VERBOSE	11	515.8	2.1	-527.13	10.84	0.21	3787
colight	TRAIN_VERBOSE	11	607.4	2.2	-634.16	12.53	0.24	5159
colight	TRAIN	11	607.4	2.2	-634.16	12.53	0.24	5159
colight	TRAIN_VERBOSE	12	271.0	3.5	-315.42	6.46	0.16	1011
colight	TRAIN_VERBOSE	12	423.8	2.5	-465.61	9.57	0.19	2397
colight	TRAIN_VERBOSE	12	526.9	2.1	-528.36	11.01	0.21	3806
colight	TRAIN_VERBOSE	12	639.7	1.8	-603.28	12.20	0.24	5356
colight	TRAIN	12	639.7	1.8	-603.28	12.20	0.24	5356
colight	TRAIN_VERBOSE	13	265.0	1.2	-286.64	6.36	0.15	902
colight	TRAIN_VERBOSE	13	444.0	1.2	-429.78	9.25	0.19	2355
colight	TRAIN_VERBOSE	13	533.1	1.3	-523.96	11.06	0.22	3746
colight	TRAIN_VERBOSE	13	626.4	1.4	-601.25	12.41	0.24	5137
colight	TRAIN	13	626.4	1.4	-601.25	12.41	0.24	5137
colight	TRAIN_VERBOSE	14	252.6	1.7	-301.26	6.46	0.15	939
colight	TRAIN_VERBOSE	14	421.7	1.5	-449.35	9.18	0.20	2454
colight	TRAIN_VERBOSE	14	578.8	1.4	-543.40	10.77	0.22	4094
colight	TRAIN_VERBOSE	14	636.6	1.3	-609.08	12.06	0.24	5400
colight	TRAIN	14	636.6	1.3	-609.08	12.06	0.24	5400
colight	TRAIN_VERBOSE	15	259.2	1.5	-304.71	6.43	0.16	759
colight	TRAIN_VERBOSE	15	485.9	1.5	-448.98	9.43	0.19	1991
colight	TRAIN_VERBOSE	15	582.4	1.5	-587.96	11.38	0.22	3327
colight	TRAIN_VERBOSE	15	696.0	1.5	-661.03	12.66	0.24	4729
colight	TRAIN	15	696.0	1.5	-661.03	12.66	0.24	4729
colight	TRAIN_VERBOSE	16	276.6	1.6	-286.22	5.97	0.16	880
colight	TRAIN_VERBOSE	16	469.8	1.5	-398.47	8.48	0.19	2086
colight	TRAIN_VERBOSE	16	568.3	1.5	-496.19	10.27	0.21	3073
colight	TRAIN_VERBOSE	16	759.6	1.5	-578.70	11.71	0.23	4846
colight	TRAIN	16	759.6	1.5	-578.70	11.71	0.23	4846
colight	TRAIN_VERBOSE	17	264.2	1.4	-263.25	5.62	0.15	922
colight	TRAIN_VERBOSE	17	440.1	1.4	-416.92	8.54	0.19	1966
colight	TRAIN_VERBOSE	17	615.4	1.4	-554.86	10.95	0.22	3035
colight	TRAIN_VERBOSE	17	816.5	1.5	-661.54	12.74	0.23	4203
colight	TRAIN	17	816.5	1.5	-661.54	12.74	0.23	4203
colight	TRAIN_VERBOSE	18	250.2	1.7	-278.20	5.69	0.15	893
colight	TRAIN_VERBOSE	18	497.9	1.6	-494.65	9.21	0.20	2266
colight	TRAIN_VERBOSE	18	610.5	1.6	-601.28	10.97	0.22	3924
colight	TRAIN_VERBOSE	18	669.3	1.5	-693.91	12.66	0.24	5205
colight	TRAIN	18	669.3	1.5	-693.91	12.66	0.24	5205
colight	TRAIN_VERBOSE	19	267.4	1.1	-272.28	5.78	0.16	942
colight	TRAIN_VERBOSE	19	423.9	1.1	-446.90	9.01	0.20	2467
colight	TRAIN_VERBOSE	19	515.0	1.0	-568.95	11.01	0.22	3739
colight	TRAIN_VERBOSE	19	612.4	1.0	-664.83	12.68	0.24	4810
colight	TRAIN	19	612.4	1.0	-664.83	12.68	0.24	4810
colight	TRAIN_VERBOSE	20	270.7	1.0	-263.41	5.74	0.15	865
colight	TRAIN_VERBOSE	20	487.9	1.0	-396.37	8.37	0.19	2235
colight	TRAIN_VERBOSE	20	572.8	1.0	-490.35	9.88	0.21	3665
colight	TRAIN_VERBOSE	20	646.4	1.0	-578.61	11.32	0.23	4768
colight	TRAIN	20	646.4	1.0	-578.61	11.32	0.23	4768
colight	TRAIN_VERBOSE	21	267.6	1.0	-275.68	5.79	0.15	724
colight	TRAIN_VERBOSE	21	466.3	1.1	-442.00	8.89	0.20	1797
colight	TRAIN_VERBOSE	21	622.9	1.1	-570.67	10.83	0.22	3035
colight	TRAIN_VERBOSE	21	868.6	1.0	-662.24	12.52	0.24	4370
colight	TRAIN	21	868.6	1.0	-662.24	12.52	0.24	4370
colight	TRAIN_VERBOSE	22	288.3	1.0	-246.95	5.47	0.14	953
colight	TRAIN_VERBOSE	22	437.3	1.0	-375.48	8.10	0.18	2359
colight	TRAIN_VERBOSE	22	547.0	1.0	-466.66	9.74	0.20	3372
colight	TRAIN_VERBOSE	22	654.7	1.0	-565.04	11.55	0.22	4350
colight	TRAIN	22	654.7	1.0	-565.04	11.55	0.22	4350
colight	TRAIN_VERBOSE	23	291.1	1.0	-244.19	5.47	0.14	930
colight	TRAIN_VERBOSE	23	457.5	1.0	-377.74	8.51	0.18	2108
colight	TRAIN_VERBOSE	23	582.0	1.0	-481.69	10.52	0.20	3197
colight	TRAIN_VERBOSE	23	730.5	1.0	-559.47	12.09	0.22	4251
colight	TRAIN	23	730.5	1.0	-559.47	12.09	0.22	4251
colight	TRAIN_VERBOSE	24	303.6	1.0	-242.20	5.14	0.14	938
colight	TRAIN_VERBOSE	24	468.0	1.0	-370.46	8.11	0.17	2273
colight	TRAIN_VERBOSE	24	598.4	1.1	-473.97	10.15	0.20	3584
colight	TRAIN_VERBOSE	24	666.7	1.1	-568.65	11.98	0.21	4419
colight	TRAIN	24	666.7	1.1	-568.65	11.98	0.21	4419
colight	TRAIN_VERBOSE	25	289.2	1.2	-232.10	5.16	0.14	947
colight	TRAIN_VERBOSE	25	443.7	1.2	-373.50	8.15	0.18	2297
colight	TRAIN_VERBOSE	25	581.7	1.1	-444.91	9.63	0.20	3773
colight	TRAIN_VERBOSE	25	641.3	1.1	-517.32	10.88	0.22	5232
colight	TRAIN	25	641.3	1.1	-517.32	10.88	0.22	5232
colight	TRAIN_VERBOSE	26	304.8	1.0	-233.62	5.09	0.14	1025
colight	TRAIN_VERBOSE	26	444.2	1.0	-357.76	7.71	0.18	2495
colight	TRAIN_VERBOSE	26	576.4	1.0	-456.26	9.65	0.20	3820
colight	TRAIN_VERBOSE	26	665.2	1.0	-522.83	11.01	0.21	5272
colight	TRAIN	26	665.2	1.0	-522.83	11.01	0.21	5272
colight	TRAIN_VERBOSE	27	301.6	0.9	-249.30	5.31	0.14	1003
colight	TRAIN_VERBOSE	27	466.5	1.0	-388.31	7.93	0.18	2841
colight	TRAIN_VERBOSE	27	575.8	1.1	-498.53	9.84	0.21	4384
colight	TRAIN_VERBOSE	27	661.7	1.2	-578.05	11.22	0.22	5836
colight	TRAIN	27	661.7	1.2	-578.05	11.22	0.22	5836
colight	TRAIN_VERBOSE	28	290.9	1.2	-225.55	4.75	0.14	1103
colight	TRAIN_VERBOSE	28	425.9	1.2	-343.26	7.26	0.18	2806
colight	TRAIN_VERBOSE	28	540.6	1.2	-436.92	9.05	0.20	4393
colight	TRAIN_VERBOSE	28	638.9	1.2	-504.61	10.44	0.22	6009
colight	TRAIN	28	638.9	1.2	-504.61	10.44	0.22	6009
colight	TRAIN_VERBOSE	29	279.9	1.4	-237.08	4.89	0.14	1097
colight	TRAIN_VERBOSE	29	443.8	1.4	-390.71	7.60	0.17	2764
colight	TRAIN_VERBOSE	29	537.4	1.5	-483.34	9.52	0.20	4125
colight	TRAIN_VERBOSE	29	666.9	1.4	-548.97	11.07	0.21	5737
colight	TRAIN	29	666.9	1.4	-548.97	11.07	0.21	5737
colight	TRAIN_VERBOSE	30	278.5	1.2	-222.72	4.72	0.14	1118
colight	TRAIN_VERBOSE	30	440.8	1.3	-333.96	6.98	0.17	3077
colight	TRAIN_VERBOSE	30	502.3	1.4	-401.10	8.30	0.19	4799
colight	TRAIN_VERBOSE	30	577.6	1.4	-450.95	9.50	0.20	6534
colight	TRAIN	30	577.6	1.4	-450.95	9.50	0.20	6534
colight	TRAIN_VERBOSE	31	264.9	1.4	-226.66	4.80	0.14	1224
colight	TRAIN_VERBOSE	31	425.1	1.3	-351.37	7.26	0.17	2963
colight	TRAIN_VERBOSE	31	518.6	1.3	-443.81	9.17	0.20	4550
colight	TRAIN_VERBOSE	31	560.6	1.3	-513.39	10.55	0.21	5874
colight	TRAIN	31	560.6	1.3	-513.39	10.55	0.21	5874
colight	TRAIN_VERBOSE	32	270.7	1.1	-214.46	4.75	0.14	1217
colight	TRAIN_VERBOSE	32	398.2	1.1	-341.70	7.12	0.17	3015
colight	TRAIN_VERBOSE	32	477.9	1.1	-444.72	9.20	0.19	4419
colight	TRAIN_VERBOSE	32	555.4	1.1	-531.46	11.00	0.21	5779
colight	TRAIN	32	555.4	1.1	-531.46	11.00	0.21	5779
colight	TRAIN_VERBOSE	33	267.3	1.2	-231.77	5.20	0.14	1092
colight	TRAIN_VERBOSE	33	441.2	1.2	-352.71	7.60	0.17	2914
colight	TRAIN_VERBOSE	33	493.8	1.2	-430.87	9.20	0.20	4495
colight	TRAIN_VERBOSE	33	559.6	1.1	-520.70	10.86	0.22	5844
colight	TRAIN	33	559.6	1.1	-520.70	10.86	0.22	5844
colight	TRAIN_VERBOSE	34	263.2	1.2	-305.25	6.05	0.15	896
colight	TRAIN_VERBOSE	34	448.9	1.2	-456.98	9.07	0.19	2480
colight	TRAIN_VERBOSE	34	597.0	1.2	-540.70	10.99	0.22	4004
colight	TRAIN_VERBOSE	34	680.3	1.2	-584.87	12.17	0.23	5145
colight	TRAIN	34	680.3	1.2	-584.87	12.17	0.23	5145
colight	TRAIN_VERBOSE	35	283.8	1.1	-211.38	4.54	0.14	1260
colight	TRAIN_VERBOSE	35	419.1	1.2	-350.35	7.40	0.17	2925
colight	TRAIN_VERBOSE	35	498.3	1.2	-438.37	9.23	0.19	4505
colight	TRAIN_VERBOSE	35	603.3	1.2	-517.15	10.95	0.21	5833
colight	TRAIN	35	603.3	1.2	-517.15	10.95	0.21	5833
colight	TRAIN_VERBOSE	36	250.3	1.4	-210.08	4.67	0.13	1239
colight	TRAIN_VERBOSE	36	340.5	1.2	-361.64	7.34	0.17	2966
colight	TRAIN_VERBOSE	36	456.8	1.1	-486.60	9.59	0.20	4576
colight	TRAIN_VERBOSE	36	569.8	1.1	-558.44	10.99	0.22	6215
colight	TRAIN	36	569.8	1.1	-558.44	10.99	0.22	6215
colight	TRAIN_VERBOSE	37	268.8	0.9	-204.88	4.66	0.13	1241
colight	TRAIN_VERBOSE	37	381.9	0.9	-332.80	7.30	0.17	3025
colight	TRAIN_VERBOSE	37	490.8	0.9	-438.58	9.23	0.19	4757
colight	TRAIN_VERBOSE	37	581.1	0.8	-497.65	10.40	0.21	6481
colight	TRAIN	37	581.1	0.8	-497.65	10.40	0.21	6481
colight	TRAIN_VERBOSE	38	274.8	0.7	-205.73	4.78	0.14	1341
colight	TRAIN_VERBOSE	38	385.9	0.7	-345.15	7.58	0.17	3060
colight	TRAIN_VERBOSE	38	476.5	0.7	-425.22	9.02	0.19	5090
colight	TRAIN_VERBOSE	38	544.9	0.8	-483.94	10.22	0.20	6892
colight	TRAIN	38	544.9	0.8	-483.94	10.22	0.20	6892
colight	TRAIN_VERBOSE	39	281.0	0.9	-268.31	5.23	0.14	1112
colight	TRAIN_VERBOSE	39	430.8	1.0	-453.11	8.34	0.18	2521
colight	TRAIN_VERBOSE	39	558.2	1.0	-556.34	10.24	0.21	4163
colight	TRAIN_VERBOSE	39	677.5	1.0	-619.60	11.59	0.22	5657
colight	TRAIN	39	677.5	1.0	-619.60	11.59	0.22	5657
colight	TRAIN_VERBOSE	40	276.1	1.1	-211.82	4.96	0.13	1248
colight	TRAIN_VERBOSE	40	403.7	1.2	-359.95	7.70	0.17	2796
colight	TRAIN_VERBOSE	40	515.1	1.1	-461.16	9.69	0.19	4241
colight	TRAIN_VERBOSE	40	612.3	1.0	-513.77	10.89	0.21	5436
colight	TRAIN	40	612.3	1.0	-513.77	10.89	0.21	5436
colight	TRAIN_VERBOSE	41	266.8	0.9	-197.23	4.66	0.13	1277
colight	TRAIN_VERBOSE	41	383.1	0.8	-336.06	7.37	0.16	2937
colight	TRAIN_VERBOSE	41	509.5	0.9	-425.41	9.16	0.18	5015
colight	TRAIN_VERBOSE	41	543.6	0.9	-476.22	10.08	0.19	6989
colight	TRAIN	41	543.6	0.9	-476.22	10.08	0.19	6989
colight	TRAIN_VERBOSE	42	261.8	0.9	-212.65	5.09	0.13	1275
colight	TRAIN_VERBOSE	42	396.8	0.8	-341.50	7.40	0.17	3316
colight	TRAIN_VERBOSE	42	463.3	0.9	-427.70	9.02	0.19	5072
colight	TRAIN_VERBOSE	42	525.4	0.9	-507.03	10.50	0.21	6429
colight	TRAIN	42	525.4	0.9	-507.03	10.50	0.21	6429
colight	TRAIN_VERBOSE	43	268.7	0.8	-220.07	4.79	0.14	1213
colight	TRAIN_VERBOSE	43	345.8	0.8	-397.98	7.45	0.18	2829
colight	TRAIN_VERBOSE	43	413.3	0.8	-543.13	10.01	0.21	4263
colight	TRAIN_VERBOSE	43	488.4	0.8	-646.22	11.84	0.22	5562
colight	TRAIN	43	488.4	0.8	-646.22	11.84	0.22	5562
colight	TRAIN_VERBOSE	44	257.8	0.9	-214.30	4.46	0.14	1237
colight	TRAIN_VERBOSE	44	339.3	0.9	-418.52	7.63	0.18	2871
colight	TRAIN_VERBOSE	44	415.7	0.8	-539.93	9.80	0.20	4290
colight	TRAIN_VERBOSE	44	518.9	0.8	-623.73	11.33	0.22	5701
colight	TRAIN	44	518.9	0.8	-623.73	11.33	0.22	5701
colight	TRAIN_VERBOSE	45	264.3	0.6	-251.96	4.83	0.14	1304
colight	TRAIN_VERBOSE	45	370.6	0.7	-350.38	6.87	0.17	3329
colight	TRAIN_VERBOSE	45	428.7	0.7	-418.49	8.28	0.18	4868
colight	TRAIN_VERBOSE	45	516.6	0.7	-505.14	9.90	0.20	6591
colight	TRAIN	45	516.6	0.7	-505.14	9.90	0.20	6591
colight	TRAIN_VERBOSE	46	280.5	1.0	-204.57	4.58	0.13	1369
colight	TRAIN_VERBOSE	46	357.0	1.0	-351.24	7.38	0.17	3085
colight	TRAIN_VERBOSE	46	497.2	1.0	-433.16	8.91	0.19	5190
colight	TRAIN_VERBOSE	46	534.0	1.0	-484.77	9.95	0.20	7060
colight	TRAIN	46	534.0	1.0	-484.77	9.95	0.20	7060
colight	TRAIN_VERBOSE	47	248.6	1.0	-207.58	4.54	0.13	1440
colight	TRAIN_VERBOSE	47	338.6	0.9	-327.04	6.66	0.16	3422
colight	TRAIN_VERBOSE	47	405.0	0.9	-401.44	8.08	0.18	5272
colight	TRAIN_VERBOSE	47	456.1	0.9	-455.87	9.31	0.20	7071
colight	TRAIN	47	456.1	0.9	-455.87	9.31	0.20	7071
colight	TRAIN_VERBOSE	48	248.7	0.8	-180.59	3.99	0.13	1441
colight	TRAIN_VERBOSE	48	340.2	0.8	-297.84	6.14	0.16	3522
colight	TRAIN_VERBOSE	48	408.1	0.8	-368.23	7.61	0.18	5414
colight	TRAIN_VERBOSE	48	469.9	0.8	-442.40	9.13	0.19	7202
colight	TRAIN	48	469.9	0.8	-442.40	9.13	0.19	7202
colight	TRAIN_VERBOSE	49	259.9	0.7	-188.66	4.24	0.13	1448
colight	TRAIN_VERBOSE	49	338.9	0.7	-317.32	6.49	0.16	3485
colight	TRAIN_VERBOSE	49	413.6	0.7	-416.88	8.22	0.18	5448
colight	TRAIN_VERBOSE	49	487.8	0.7	-471.68	9.33	0.20	7335
colight	TRAIN	49	487.8	0.7	-471.68	9.33	0.20	7335
colight	TRAIN_VERBOSE	50	261.0	0.6	-172.70	3.97	0.12	1482
colight	TRAIN_VERBOSE	50	344.0	0.7	-293.13	5.98	0.15	3510
colight	TRAIN_VERBOSE	50	413.1	0.6	-368.22	7.43	0.17	5558
colight	TRAIN_VERBOSE	50	470.3	0.7	-422.97	8.51	0.19	7647
colight	TRAIN	50	470.3	0.7	-422.97	8.51	0.19	7647
colight	TRAIN_VERBOSE	51	256.3	0.8	-186.86	4.11	0.13	1495
colight	TRAIN_VERBOSE	51	335.9	0.8	-297.62	6.14	0.16	3616
colight	TRAIN_VERBOSE	51	402.2	0.8	-363.61	7.44	0.17	5645
colight	TRAIN_VERBOSE	51	453.6	0.8	-412.36	8.46	0.18	7684
colight	TRAIN	51	453.6	0.8	-412.36	8.46	0.18	7684
colight	TRAIN_VERBOSE	52	256.7	0.8	-185.72	4.03	0.13	1513
colight	TRAIN_VERBOSE	52	334.6	0.7	-298.28	6.06	0.16	3615
colight	TRAIN_VERBOSE	52	411.8	0.7	-370.47	7.48	0.17	5626
colight	TRAIN_VERBOSE	52	469.2	0.7	-421.76	8.45	0.19	7522
colight	TRAIN	52	469.2	0.7	-421.76	8.45	0.19	7522
colight	TRAIN_VERBOSE	53	250.1	0.5	-175.09	3.94	0.13	1487
colight	TRAIN_VERBOSE	53	339.9	0.5	-287.01	6.13	0.15	3436
colight	TRAIN_VERBOSE	53	404.5	0.5	-363.43	7.67	0.17	5167
colight	TRAIN_VERBOSE	53	494.2	0.6	-421.14	8.84	0.19	6923
colight	TRAIN	53	494.2	0.6	-421.14	8.84	0.19	6923
colight	TRAIN_VERBOSE	54	260.2	0.5	-182.10	4.10	0.13	1419
colight	TRAIN_VERBOSE	54	353.2	0.6	-305.80	6.29	0.16	3692
colight	TRAIN_VERBOSE	54	401.7	0.6	-374.76	7.53	0.17	5769
colight	TRAIN_VERBOSE	54	444.3	0.6	-426.17	8.55	0.19	7820
colight	TRAIN	54	444.3	0.6	-426.17	8.55	0.19	7820
colight	TRAIN_VERBOSE	55	253.5	0.5	-186.98	4.21	0.13	1458
colight	TRAIN_VERBOSE	55	340.0	0.5	-305.65	6.46	0.16	3648
colight	TRAIN_VERBOSE	55	424.2	0.6	-367.50	7.62	0.18	5577
colight	TRAIN_VERBOSE	55	488.8	0.6	-408.58	8.42	0.19	7651
colight	TRAIN	55	488.8	0.6	-408.58	8.42	0.19	7651
colight	TRAIN_VERBOSE	56	259.3	0.6	-183.37	4.25	0.13	1402
colight	TRAIN_VERBOSE	56	344.2	0.7	-285.66	6.10	0.16	3498
colight	TRAIN_VERBOSE	56	419.0	0.7	-358.51	7.46	0.17	5412
colight	TRAIN_VERBOSE	56	486.5	0.7	-421.52	8.65	0.19	7268
colight	TRAIN	56	486.5	0.7	-421.52	8.65	0.19	7268
colight	TRAIN_VERBOSE	57	255.2	0.7	-175.18	3.90	0.13	1446
colight	TRAIN_VERBOSE	57	344.4	0.7	-289.55	6.06	0.16	3578
colight	TRAIN_VERBOSE	57	425.2	0.7	-353.82	7.32	0.17	5686
colight	TRAIN_VERBOSE	57	464.2	0.6	-411.38	8.42	0.19	7592
colight	TRAIN	57	464.2	0.6	-411.38	8.42	0.19	7592
colight	TRAIN_VERBOSE	58	257.3	0.7	-181.47	3.96	0.13	1473
colight	TRAIN_VERBOSE	58	328.0	0.6	-293.27	5.99	0.15	3610
colight	TRAIN_VERBOSE	58	412.3	0.6	-365.44	7.33	0.17	5795
colight	TRAIN_VERBOSE	58	463.1	0.7	-413.81	8.25	0.18	7901
colight	TRAIN	58	463.1	0.7	-413.81	8.25	0.18	7901
colight	TRAIN_VERBOSE	59	252.4	0.6	-170.96	3.90	0.13	1450
colight	TRAIN_VERBOSE	59	355.6	0.6	-279.64	6.09	0.16	3530
colight	TRAIN_VERBOSE	59	445.3	0.6	-389.78	7.78	0.18	5658
colight	TRAIN_VERBOSE	59	512.3	0.6	-431.09	8.60	0.19	7958
colight	TRAIN	59	512.3	0.6	-431.09	8.60	0.19	7958
colight	TRAIN_VERBOSE	60	250.8	0.5	-169.65	3.73	0.12	1504
colight	TRAIN_VERBOSE	60	338.3	0.5	-296.03	6.01	0.15	3613
colight	TRAIN_VERBOSE	60	407.3	0.5	-366.35	7.26	0.17	5809
colight	TRAIN_VERBOSE	60	462.3	0.5	-418.93	8.25	0.18	7930
colight	TRAIN	60	462.3	0.5	-418.93	8.25	0.18	7930
colight	TRAIN_VERBOSE	61	264.2	0.5	-182.01	3.98	0.13	1469
colight	TRAIN_VERBOSE	61	350.2	0.6	-280.89	5.71	0.15	3714
colight	TRAIN_VERBOSE	61	402.2	0.6	-362.02	7.19	0.17	5696
colight	TRAIN_VERBOSE	61	459.2	0.6	-421.86	8.35	0.18	7818
colight	TRAIN	61	459.2	0.6	-421.86	8.35	0.18	7818
colight	TRAIN_VERBOSE	62	253.2	0.5	-183.63	4.01	0.13	1489
colight	TRAIN_VERBOSE	62	323.6	0.5	-308.24	6.24	0.15	3561
colight	TRAIN_VERBOSE	62	375.0	0.5	-401.67	7.93	0.17	5424
colight	TRAIN_VERBOSE	62	446.5	0.5	-457.12	8.90	0.19	7424
colight	TRAIN	62	446.5	0.5	-457.12	8.90	0.19	7424
colight	TRAIN_VERBOSE	63	252.7	0.5	-163.42	3.73	0.12	1522
colight	TRAIN_VERBOSE	63	325.4	0.5	-274.90	5.78	0.15	3661
colight	TRAIN_VERBOSE	63	395.8	0.5	-348.54	7.11	0.17	5870
colight	TRAIN_VERBOSE	63	437.9	0.5	-398.37	8.03	0.18	7975
colight	TRAIN	63	437.9	0.5	-398.37	8.03	0.18	7975
colight	TRAIN_VERBOSE	64	244.9	0.5	-161.22	3.67	0.12	1457
colight	TRAIN_VERBOSE	64	344.5	0.4	-273.10	5.63	0.15	3674
colight	TRAIN_VERBOSE	64	402.2	0.4	-331.86	6.74	0.16	5839
colight	TRAIN_VERBOSE	64	447.9	0.4	-377.32	7.67	0.17	7862
colight	TRAIN	64	447.9	0.4	-377.32	7.67	0.17	7862
colight	TRAIN_VERBOSE	65	252.0	0.4	-179.72	3.93	0.13	1427
colight	TRAIN_VERBOSE	65	357.3	0.7	-292.81	6.05	0.16	3697
colight	TRAIN_VERBOSE	65	413.8	0.7	-357.84	7.15	0.17	5942
colight	TRAIN_VERBOSE	65	454.4	0.6	-392.40	7.76	0.18	8191
colight	TRAIN	65	454.4	0.6	-392.40	7.76	0.18	8191
colight	TRAIN_VERBOSE	66	255.8	0.3	-168.01	3.65	0.12	1531
colight	TRAIN_VERBOSE	66	331.3	0.4	-264.38	5.37	0.15	3799
colight	TRAIN_VERBOSE	66	372.3	0.4	-324.70	6.56	0.16	5852
colight	TRAIN_VERBOSE	66	437.8	0.4	-373.19	7.53	0.17	8102
colight	TRAIN	66	437.8	0.4	-373.19	7.53	0.17	8102
colight	TRAIN_VERBOSE	67	247.3	0.4	-160.15	3.82	0.12	1474
colight	TRAIN_VERBOSE	67	336.6	0.4	-255.29	5.47	0.14	3772
colight	TRAIN_VERBOSE	67	388.0	0.4	-321.84	6.61	0.16	5937
colight	TRAIN_VERBOSE	67	416.3	0.4	-376.37	7.61	0.17	7979
colight	TRAIN	67	416.3	0.4	-376.37	7.61	0.17	7979
colight	TRAIN_VERBOSE	68	249.4	0.4	-162.85	3.73	0.12	1503
colight	TRAIN_VERBOSE	68	317.5	0.4	-263.76	5.60	0.15	3724
colight	TRAIN_VERBOSE	68	382.8	0.4	-319.31	6.67	0.16	5972
colight	TRAIN_VERBOSE	68	443.4	0.4	-361.98	7.56	0.17	8170
colight	TRAIN	68	443.4	0.4	-361.98	7.56	0.17	8170
colight	TRAIN_VERBOSE	69	293.3	0.4	-219.15	5.23	0.13	1354
colight	TRAIN_VERBOSE	69	379.5	0.4	-332.55	7.29	0.15	3445
colight	TRAIN_VERBOSE	69	426.9	0.4	-400.70	8.63	0.17	5178
colight	TRAIN_VERBOSE	69	476.5	0.4	-457.89	9.93	0.18	6605
colight	TRAIN	69	476.5	0.4	-457.89	9.93	0.18	6605
colight	TRAIN_VERBOSE	70	249.0	0.5	-162.12	3.69	0.12	1557
colight	TRAIN_VERBOSE	70	328.5	0.5	-262.99	5.46	0.15	3825
colight	TRAIN_VERBOSE	70	368.0	0.4	-326.77	6.57	0.16	5877
colight	TRAIN_VERBOSE	70	431.5	0.5	-370.32	7.40	0.17	8101
colight	TRAIN	70	431.5	0.5	-370.32	7.40	0.17	8101
colight	TRAIN_VERBOSE	71	263.4	0.4	-169.77	3.86	0.12	1571
colight	TRAIN_VERBOSE	71	316.0	0.4	-267.29	5.54	0.15	3774
colight	TRAIN_VERBOSE	71	367.6	0.4	-321.47	6.56	0.16	5904
colight	TRAIN_VERBOSE	71	417.4	0.4	-368.45	7.49	0.17	8141
colight	TRAIN	71	417.4	0.4	-368.45	7.49	0.17	8141
colight	TRAIN_VERBOSE	72	254.2	0.4	-171.38	3.95	0.12	1518
colight	TRAIN_VERBOSE	72	321.7	0.4	-265.27	5.44	0.14	3859
colight	TRAIN_VERBOSE	72	365.6	0.4	-317.10	6.41	0.16	5945
colight	TRAIN_VERBOSE	72	404.6	0.4	-358.62	7.24	0.17	8188
colight	TRAIN	72	404.6	0.4	-358.62	7.24	0.17	8188
colight	TRAIN_VERBOSE	73	263.8	0.6	-175.72	3.96	0.12	1512
colight	TRAIN_VERBOSE	73	333.2	0.6	-273.97	5.69	0.14	3783
colight	TRAIN_VERBOSE	73	375.9	0.6	-324.69	6.68	0.16	6010
colight	TRAIN_VERBOSE	73	403.2	0.5	-379.57	7.68	0.17	8122
colight	TRAIN	73	403.2	0.5	-379.57	7.68	0.17	8122
colight	TRAIN_VERBOSE	74	261.2	0.4	-172.88	4.01	0.12	1519
colight	TRAIN_VERBOSE	74	332.3	0.4	-259.53	5.42	0.14	3820
colight	TRAIN_VERBOSE	74	364.6	0.4	-317.88	6.50	0.16	5854
colight	TRAIN_VERBOSE	74	403.1	0.4	-385.02	7.81	0.17	7810
colight	TRAIN	74	403.1	0.4	-385.02	7.81	0.17	7810
colight	TRAIN_VERBOSE	75	255.5	0.3	-163.46	3.77	0.12	1551
colight	TRAIN_VERBOSE	75	315.5	0.3	-258.32	5.32	0.14	3774
colight	TRAIN_VERBOSE	75	359.9	0.3	-320.17	6.51	0.16	5822
colight	TRAIN_VERBOSE	75	407.6	0.3	-380.74	7.66	0.17	7869
colight	TRAIN	75	407.6	0.3	-380.74	7.66	0.17	7869
colight	TRAIN_VERBOSE	76	246.0	0.3	-154.30	3.51	0.12	1538
colight	TRAIN_VERBOSE	76	323.7	0.4	-251.38	5.18	0.14	3928
colight	TRAIN_VERBOSE	76	378.8	0.4	-303.23	6.16	0.15	6201
colight	TRAIN_VERBOSE	76	404.3	0.4	-349.33	7.02	0.16	8187
colight	TRAIN	76	404.3	0.4	-349.33	7.02	0.16	8187
colight	TRAIN_VERBOSE	77	247.7	0.3	-158.41	3.67	0.12	1535
colight	TRAIN_VERBOSE	77	320.2	0.4	-259.62	5.39	0.14	3741
colight	TRAIN_VERBOSE	77	372.6	0.4	-325.09	6.57	0.16	5746
colight	TRAIN_VERBOSE	77	416.4	0.4	-374.99	7.56	0.17	7808
colight	TRAIN	77	416.4	0.4	-374.99	7.56	0.17	7808
colight	TRAIN_VERBOSE	78	249.4	0.5	-157.90	3.58	0.12	1548
colight	TRAIN_VERBOSE	78	327.3	0.4	-242.92	5.11	0.14	3900
colight	TRAIN_VERBOSE	78	352.4	0.4	-303.21	6.29	0.15	5779
colight	TRAIN_VERBOSE	78	412.4	0.4	-368.59	7.55	0.17	7718
colight	TRAIN	78	412.4	0.4	-368.59	7.55	0.17	7718
colight	TRAIN_VERBOSE	79	245.5	0.4	-155.27	3.48	0.12	1560
colight	TRAIN_VERBOSE	79	320.4	0.4	-234.11	4.96	0.14	3846
colight	TRAIN_VERBOSE	79	365.4	0.4	-292.31	6.04	0.16	5975
colight	TRAIN_VERBOSE	79	414.9	0.4	-359.34	7.28	0.17	7927
colight	TRAIN	79	414.9	0.4	-359.34	7.28	0.17	7927
colight	TRAIN_VERBOSE	80	240.1	0.4	-149.46	3.37	0.11	1542
colight	TRAIN_VERBOSE	80	321.0	0.4	-233.78	4.96	0.14	3777
colight	TRAIN_VERBOSE	80	364.3	0.4	-296.88	6.24	0.15	5573
colight	TRAIN_VERBOSE	80	444.0	0.5	-349.97	7.31	0.16	7506
colight	TRAIN	80	444.0	0.5	-349.97	7.31	0.16	7506
colight	TRAIN_VERBOSE	81	261.1	0.5	-158.96	3.63	0.12	1543
colight	TRAIN_VERBOSE	81	335.7	0.5	-240.96	5.16	0.14	3952
colight	TRAIN_VERBOSE	81	367.2	0.5	-298.43	6.16	0.16	6130
colight	TRAIN_VERBOSE	81	428.2	0.5	-335.53	6.94	0.17	8461
colight	TRAIN	81	428.2	0.5	-335.53	6.94	0.17	8461
colight	TRAIN_VERBOSE	82	251.6	0.4	-151.12	3.45	0.12	1575
colight	TRAIN_VERBOSE	82	310.4	0.4	-240.59	5.01	0.14	3877
colight	TRAIN_VERBOSE	82	355.0	0.4	-302.55	6.14	0.15	6033
colight	TRAIN_VERBOSE	82	390.1	0.4	-340.70	6.92	0.16	8114
colight	TRAIN	82	390.1	0.4	-340.70	6.92	0.16	8114
colight	TRAIN_VERBOSE	83	253.8	0.4	-157.20	3.55	0.12	1538
colight	TRAIN_VERBOSE	83	329.6	0.4	-239.42	5.01	0.14	3946
colight	TRAIN_VERBOSE	83	359.8	0.4	-292.27	6.01	0.15	6096
colight	TRAIN_VERBOSE	83	412.8	0.4	-331.70	6.80	0.16	8293
colight	TRAIN	83	412.8	0.4	-331.70	6.80	0.16	8293
colight	TRAIN_VERBOSE	84	241.5	0.3	-152.77	3.54	0.12	1564
colight	TRAIN_VERBOSE	84	309.9	0.3	-242.92	5.16	0.14	3815
colight	TRAIN_VERBOSE	84	338.8	0.3	-302.80	6.31	0.15	5732
colight	TRAIN_VERBOSE	84	375.6	0.3	-364.61	7.58	0.16	7401
colight	TRAIN	84	375.6	0.3	-364.61	7.58	0.16	7401
colight	TRAIN_VERBOSE	85	245.2	0.4	-146.64	3.28	0.12	1574
colight	TRAIN_VERBOSE	85	316.4	0.4	-236.47	4.86	0.14	3806
colight	TRAIN_VERBOSE	85	348.9	0.4	-303.22	6.13	0.15	5762
colight	TRAIN_VERBOSE	85	390.7	0.4	-375.85	7.53	0.17	7527
colight	TRAIN	85	390.7	0.4	-375.85	7.53	0.17	7527
colight	TRAIN_VERBOSE	86	250.0	0.4	-157.71	3.57	0.12	1527
colight	TRAIN_VERBOSE	86	314.8	0.4	-246.69	5.06	0.14	3827
colight	TRAIN_VERBOSE	86	355.5	0.4	-308.57	6.20	0.15	5749
colight	TRAIN_VERBOSE	86	400.6	0.4	-358.44	7.19	0.17	7770
colight	TRAIN	86	400.6	0.4	-358.44	7.19	0.17	7770
colight	TRAIN_VERBOSE	87	242.8	0.3	-154.13	3.47	0.12	1544
colight	TRAIN_VERBOSE	87	309.6	0.4	-243.48	5.00	0.14	3767
colight	TRAIN_VERBOSE	87	361.1	0.3	-306.83	6.20	0.15	5780
colight	TRAIN_VERBOSE	87	414.8	0.3	-357.23	7.22	0.16	7885
colight	TRAIN	87	414.8	0.3	-357.23	7.22	0.16	7885
colight	TRAIN_VERBOSE	88	246.1	0.5	-150.57	3.38	0.12	1571
colight	TRAIN_VERBOSE	88	317.8	0.4	-247.59	5.05	0.14	3793
colight	TRAIN_VERBOSE	88	360.7	0.4	-309.82	6.19	0.15	5839
colight	TRAIN_VERBOSE	88	393.0	0.4	-377.15	7.44	0.17	7714
colight	TRAIN	88	393.0	0.4	-377.15	7.44	0.17	7714
colight	TRAIN_VERBOSE	89	250.4	0.5	-143.91	3.33	0.11	1552
colight	TRAIN_VERBOSE	89	315.6	0.4	-240.44	4.93	0.14	3847
colight	TRAIN_VERBOSE	89	343.5	0.4	-298.87	6.02	0.15	5823
colight	TRAIN_VERBOSE	89	391.2	0.4	-351.40	7.04	0.16	7915
colight	TRAIN	89	391.2	0.4	-351.40	7.04	0.16	7915
colight	TRAIN_VERBOSE	90	248.1	0.4	-146.02	3.33	0.11	1572
colight	TRAIN_VERBOSE	90	314.4	0.5	-238.24	4.88	0.14	3873
colight	TRAIN_VERBOSE	90	347.6	0.5	-292.61	5.89	0.15	5912
colight	TRAIN_VERBOSE	90	391.9	0.5	-354.89	7.03	0.16	7845
colight	TRAIN	90	391.9	0.5	-354.89	7.03	0.16	7845
colight	TRAIN_VERBOSE	91	244.0	0.4	-143.89	3.29	0.11	1586
colight	TRAIN_VERBOSE	91	315.1	0.4	-237.28	4.90	0.14	3840
colight	TRAIN_VERBOSE	91	356.9	0.4	-290.73	5.85	0.15	5950
colight	TRAIN_VERBOSE	91	399.2	0.4	-337.24	6.80	0.16	8055
colight	TRAIN	91	399.2	0.4	-337.24	6.80	0.16	8055
colight	TRAIN_VERBOSE	92	255.2	0.4	-138.94	3.17	0.12	1586
colight	TRAIN_VERBOSE	92	317.4	0.4	-224.48	4.65	0.14	3801
colight	TRAIN_VERBOSE	92	361.7	0.4	-294.32	5.87	0.15	5971
colight	TRAIN_VERBOSE	92	393.0	0.4	-358.45	7.02	0.16	8032
colight	TRAIN	92	393.0	0.4	-358.45	7.02	0.16	8032
colight	TRAIN_VERBOSE	93	245.2	0.4	-151.95	3.44	0.12	1595
colight	TRAIN_VERBOSE	93	313.5	0.4	-251.59	5.06	0.14	3872
colight	TRAIN_VERBOSE	93	350.2	0.4	-309.99	6.11	0.15	5892
colight	TRAIN_VERBOSE	93	407.6	0.4	-362.10	7.14	0.16	8128
colight	TRAIN	93	407.6	0.4	-362.10	7.14	0.16	8128
colight	TRAIN_VERBOSE	94	256.4	0.3	-145.43	3.43	0.11	1566
colight	TRAIN_VERBOSE	94	328.5	0.4	-227.14	4.87	0.13	3912
colight	TRAIN_VERBOSE	94	363.6	0.4	-266.78	5.63	0.15	6124
colight	TRAIN_VERBOSE	94	396.6	0.4	-326.90	6.71	0.16	8192
colight	TRAIN	94	396.6	0.4	-326.90	6.71	0.16	8192
colight	TRAIN_VERBOSE	95	252.7	0.5	-147.80	3.33	0.11	1596
colight	TRAIN_VERBOSE	95	319.7	0.5	-229.58	4.67	0.13	3995
colight	TRAIN_VERBOSE	95	361.0	0.5	-284.11	5.76	0.15	5999
colight	TRAIN_VERBOSE	95	407.4	0.5	-334.78	6.77	0.16	8258
colight	TRAIN	95	407.4	0.5	-334.78	6.77	0.16	8258
colight	TRAIN_VERBOSE	96	244.8	0.4	-143.99	3.32	0.11	1553
colight	TRAIN_VERBOSE	96	319.6	0.4	-241.18	4.99	0.14	3811
colight	TRAIN_VERBOSE	96	358.6	0.4	-305.57	6.18	0.15	5965
colight	TRAIN_VERBOSE	96	387.3	0.4	-370.02	7.37	0.16	7967
colight	TRAIN	96	387.3	0.4	-370.02	7.37	0.16	7967
colight	TRAIN_VERBOSE	97	252.6	0.4	-149.95	3.25	0.11	1576
colight	TRAIN_VERBOSE	97	315.5	0.4	-239.90	4.85	0.14	3895
colight	TRAIN_VERBOSE	97	362.2	0.4	-303.85	6.10	0.16	5998
colight	TRAIN_VERBOSE	97	403.0	0.4	-366.84	7.35	0.17	7935
colight	TRAIN	97	403.0	0.4	-366.84	7.35	0.17	7935
colight	TRAIN_VERBOSE	98	257.6	0.4	-154.67	3.53	0.12	1534
colight	TRAIN_VERBOSE	98	327.5	0.4	-246.42	5.09	0.14	3845
colight	TRAIN_VERBOSE	98	374.4	0.4	-301.95	6.09	0.15	6059
colight	TRAIN_VERBOSE	98	400.4	0.4	-351.32	7.09	0.16	8156
colight	TRAIN	98	400.4	0.4	-351.32	7.09	0.16	8156
colight	TRAIN_VERBOSE	99	258.2	0.4	-134.77	3.10	0.11	1610
colight	TRAIN_VERBOSE	99	315.1	0.4	-224.20	4.67	0.13	3892
colight	TRAIN_VERBOSE	99	354.6	0.4	-282.60	5.83	0.15	6051
colight	TRAIN_VERBOSE	99	392.1	0.4	-339.21	6.91	0.16	8189
colight	TRAIN	99	392.1	0.4	-339.21	6.91	0.16	8189
