step:3600/3600, q_loss:90.87945556640625, rewards:-267.5099826388889, queue:7.8440972222222225, delay:0.4479932149251302, throughput:2991
episode:0/20, real avg travel time:257.5633567368773
intersection:0, mean_episode_reward:-14.99791431427002, mean_queue:6.425000190734863
intersection:1, mean_episode_reward:-28.90833282470703, mean_queue:12.105555534362793
intersection:2, mean_episode_reward:-18.316661834716797, mean_queue:8.591666221618652
intersection:3, mean_episode_reward:-14.059585571289062, mean_queue:6.238888740539551
intersection:4, mean_episode_reward:-7.907499313354492, mean_queue:3.836111068725586
intersection:5, mean_episode_reward:-9.307079315185547, mean_queue:4.594444274902344
intersection:6, mean_episode_reward:-10.5024995803833, mean_queue:5.516666889190674
intersection:7, mean_episode_reward:-5.896248817443848, mean_queue:2.799999952316284
intersection:8, mean_episode_reward:-26.626651763916016, mean_queue:12.030555725097656
intersection:9, mean_episode_reward:-31.123329162597656, mean_queue:15.005555152893066
intersection:10, mean_episode_reward:-12.85374641418457, mean_queue:5.699999809265137
intersection:11, mean_episode_reward:-16.777084350585938, mean_queue:7.938889026641846
intersection:12, mean_episode_reward:-22.443758010864258, mean_queue:12.149999618530273
intersection:13, mean_episode_reward:-25.071674346923828, mean_queue:11.94444465637207
intersection:14, mean_episode_reward:-14.544992446899414, mean_queue:6.72777795791626
intersection:15, mean_episode_reward:-8.172913551330566, mean_queue:3.9000000953674316
Test step:0/20, travel time :221.009253350351, rewards:-197.52708333333334, queue:6.178819444444445, delay:0.4451465606689453, throughput:3134
step:3600/3600, q_loss:131.75917053222656, rewards:-172.95872395833334, queue:5.311111111111111, delay:0.4368994818793403, throughput:3178
episode:1/20, real avg travel time:205.23851478917558
intersection:0, mean_episode_reward:-10.47833251953125, mean_queue:5.327777862548828
intersection:1, mean_episode_reward:-16.161256790161133, mean_queue:7.261111259460449
intersection:2, mean_episode_reward:-10.518335342407227, mean_queue:5.119444370269775
intersection:3, mean_episode_reward:-13.250824928283691, mean_queue:6.247222423553467
intersection:4, mean_episode_reward:-5.275416851043701, mean_queue:2.7083332538604736
intersection:5, mean_episode_reward:-5.590415954589844, mean_queue:2.9555554389953613
intersection:6, mean_episode_reward:-6.644999027252197, mean_queue:3.6222221851348877
intersection:7, mean_episode_reward:-2.6025004386901855, mean_queue:1.5333333015441895
intersection:8, mean_episode_reward:-23.250410079956055, mean_queue:10.855555534362793
intersection:9, mean_episode_reward:-20.844573974609375, mean_queue:9.402777671813965
intersection:10, mean_episode_reward:-8.58208179473877, mean_queue:3.7638888359069824
intersection:11, mean_episode_reward:-15.1225004196167, mean_queue:7.269444465637207
intersection:12, mean_episode_reward:-10.732913970947266, mean_queue:5.786110877990723
intersection:13, mean_episode_reward:-15.151254653930664, mean_queue:8.097222328186035
intersection:14, mean_episode_reward:-5.144582748413086, mean_queue:3.086111068725586
intersection:15, mean_episode_reward:-3.6083333492279053, mean_queue:1.9416667222976685
Test step:1/20, travel time :201.374390640234, rewards:-164.37666015625, queue:4.925173611111111, delay:0.41873194376627604, throughput:3077
step:3600/3600, q_loss:114.71067810058594, rewards:-164.3504123263889, queue:4.974826388888889, delay:0.4164549085828993, throughput:3193
episode:2/20, real avg travel time:192.8860006263702
intersection:0, mean_episode_reward:-10.360416412353516, mean_queue:5.263888835906982
intersection:1, mean_episode_reward:-18.304994583129883, mean_queue:8.102777481079102
intersection:2, mean_episode_reward:-12.431665420532227, mean_queue:6.199999809265137
intersection:3, mean_episode_reward:-11.04999828338623, mean_queue:4.883333206176758
intersection:4, mean_episode_reward:-5.8983330726623535, mean_queue:2.8777778148651123
intersection:5, mean_episode_reward:-5.239582061767578, mean_queue:3.0916666984558105
intersection:6, mean_episode_reward:-5.859164714813232, mean_queue:3.0222222805023193
intersection:7, mean_episode_reward:-2.548750877380371, mean_queue:1.4416667222976685
intersection:8, mean_episode_reward:-22.055410385131836, mean_queue:10.527777671813965
intersection:9, mean_episode_reward:-17.456256866455078, mean_queue:7.808333396911621
intersection:10, mean_episode_reward:-10.154168128967285, mean_queue:4.538888931274414
intersection:11, mean_episode_reward:-13.504172325134277, mean_queue:6.530555725097656
intersection:12, mean_episode_reward:-10.035002708435059, mean_queue:5.4666666984558105
intersection:13, mean_episode_reward:-9.914166450500488, mean_queue:4.913888931274414
intersection:14, mean_episode_reward:-5.579165935516357, mean_queue:3.008333444595337
intersection:15, mean_episode_reward:-3.9591660499572754, mean_queue:1.9194444417953491
Test step:2/20, travel time :201.79679144385025, rewards:-176.2033203125, queue:5.380381944444444, delay:0.41417168511284724, throughput:3179
step:3600/3600, q_loss:100.11922454833984, rewards:-165.1762478298611, queue:4.886805555555555, delay:0.4155398898654514, throughput:3187
episode:3/20, real avg travel time:195.79541888923754
intersection:0, mean_episode_reward:-12.876667976379395, mean_queue:5.983333110809326
intersection:1, mean_episode_reward:-18.447492599487305, mean_queue:7.933333396911621
intersection:2, mean_episode_reward:-10.857083320617676, mean_queue:5.388888835906982
intersection:3, mean_episode_reward:-10.255416870117188, mean_queue:4.263888835906982
intersection:4, mean_episode_reward:-6.535415172576904, mean_queue:3.3027777671813965
intersection:5, mean_episode_reward:-4.636666297912598, mean_queue:2.691666603088379
intersection:6, mean_episode_reward:-4.716250419616699, mean_queue:2.644444465637207
intersection:7, mean_episode_reward:-2.2862510681152344, mean_queue:1.244444489479065
intersection:8, mean_episode_reward:-22.350000381469727, mean_queue:10.425000190734863
intersection:9, mean_episode_reward:-17.374584197998047, mean_queue:7.480555534362793
intersection:10, mean_episode_reward:-8.992914199829102, mean_queue:3.9472222328186035
intersection:11, mean_episode_reward:-15.294172286987305, mean_queue:7.019444465637207
intersection:12, mean_episode_reward:-12.113749504089355, mean_queue:6.877777576446533
intersection:13, mean_episode_reward:-10.171667098999023, mean_queue:4.875
intersection:14, mean_episode_reward:-3.8729186058044434, mean_queue:2.069444417953491
intersection:15, mean_episode_reward:-4.394999027252197, mean_queue:2.0416667461395264
Test step:3/20, travel time :191.68170347003155, rewards:-161.9400173611111, queue:4.798090277777778, delay:0.4152117411295573, throughput:3170
step:3600/3600, q_loss:93.14515686035156, rewards:-170.105859375, queue:5.100694444444445, delay:0.41560126410590276, throughput:3097
episode:4/20, real avg travel time:199.97675169518888
intersection:0, mean_episode_reward:-11.638749122619629, mean_queue:5.638888835906982
intersection:1, mean_episode_reward:-18.637500762939453, mean_queue:7.961111068725586
intersection:2, mean_episode_reward:-12.96166706085205, mean_queue:6.52222204208374
intersection:3, mean_episode_reward:-10.28458309173584, mean_queue:4.338889122009277
intersection:4, mean_episode_reward:-5.31583309173584, mean_queue:2.7055554389953613
intersection:5, mean_episode_reward:-4.6037516593933105, mean_queue:2.663888931274414
intersection:6, mean_episode_reward:-5.842916488647461, mean_queue:3.375
intersection:7, mean_episode_reward:-1.8116668462753296, mean_queue:0.980555534362793
intersection:8, mean_episode_reward:-25.777503967285156, mean_queue:12.144444465637207
intersection:9, mean_episode_reward:-14.608333587646484, mean_queue:6.188889026641846
intersection:10, mean_episode_reward:-8.175002098083496, mean_queue:3.4861111640930176
intersection:11, mean_episode_reward:-15.963339805603027, mean_queue:7.755555629730225
intersection:12, mean_episode_reward:-15.902084350585938, mean_queue:8.769444465637207
intersection:13, mean_episode_reward:-10.600418090820312, mean_queue:4.81944465637207
intersection:14, mean_episode_reward:-4.172084331512451, mean_queue:2.355555534362793
intersection:15, mean_episode_reward:-3.810418128967285, mean_queue:1.9055556058883667
Test step:4/20, travel time :197.74574638844302, rewards:-171.69166666666666, queue:5.0602430555555555, delay:0.4116943783230252, throughput:3115
step:3600/3600, q_loss:87.8709716796875, rewards:-159.17081163194445, queue:4.6890625, delay:0.4077139112684462, throughput:3131
episode:5/20, real avg travel time:191.74512935164483
intersection:0, mean_episode_reward:-10.380414009094238, mean_queue:4.769444465637207
intersection:1, mean_episode_reward:-17.91583251953125, mean_queue:7.5916666984558105
intersection:2, mean_episode_reward:-9.982913970947266, mean_queue:4.955555438995361
intersection:3, mean_episode_reward:-11.232083320617676, mean_queue:4.80555534362793
intersection:4, mean_episode_reward:-5.226666450500488, mean_queue:2.5916666984558105
intersection:5, mean_episode_reward:-4.550833702087402, mean_queue:2.6972222328186035
intersection:6, mean_episode_reward:-4.394164562225342, mean_queue:2.452777862548828
intersection:7, mean_episode_reward:-2.0624992847442627, mean_queue:1.1083333492279053
intersection:8, mean_episode_reward:-24.94707489013672, mean_queue:11.716666221618652
intersection:9, mean_episode_reward:-13.598746299743652, mean_queue:5.8027777671813965
intersection:10, mean_episode_reward:-7.917083263397217, mean_queue:3.2916667461395264
intersection:11, mean_episode_reward:-15.503748893737793, mean_queue:7.277777671813965
intersection:12, mean_episode_reward:-12.232915878295898, mean_queue:6.505555629730225
intersection:13, mean_episode_reward:-10.222084999084473, mean_queue:4.605555534362793
intersection:14, mean_episode_reward:-4.723750114440918, mean_queue:2.6888887882232666
intersection:15, mean_episode_reward:-4.28000020980835, mean_queue:2.163888931274414
Test step:5/20, travel time :188.23115264797508, rewards:-151.50203993055555, queue:4.50625, delay:0.4083540174696181, throughput:3210
step:3600/3600, q_loss:83.23797607421875, rewards:-170.3787326388889, queue:5.027604166666666, delay:0.41852196587456597, throughput:3194
episode:6/20, real avg travel time:195.6293049467752
intersection:0, mean_episode_reward:-10.064577102661133, mean_queue:4.833333492279053
intersection:1, mean_episode_reward:-18.90791893005371, mean_queue:7.9472222328186035
intersection:2, mean_episode_reward:-12.935835838317871, mean_queue:6.411110877990723
intersection:3, mean_episode_reward:-11.257914543151855, mean_queue:4.730555534362793
intersection:4, mean_episode_reward:-5.800415515899658, mean_queue:2.8416666984558105
intersection:5, mean_episode_reward:-4.71416711807251, mean_queue:2.758333444595337
intersection:6, mean_episode_reward:-5.009999752044678, mean_queue:2.680555582046509
intersection:7, mean_episode_reward:-1.7916672229766846, mean_queue:0.9833333492279053
intersection:8, mean_episode_reward:-28.09207534790039, mean_queue:13.147222518920898
intersection:9, mean_episode_reward:-13.71583080291748, mean_queue:5.630555629730225
intersection:10, mean_episode_reward:-8.887084007263184, mean_queue:3.844444513320923
intersection:11, mean_episode_reward:-15.802505493164062, mean_queue:7.688889026641846
intersection:12, mean_episode_reward:-14.426246643066406, mean_queue:7.705555438995361
intersection:13, mean_episode_reward:-9.795003890991211, mean_queue:4.44444465637207
intersection:14, mean_episode_reward:-5.293750762939453, mean_queue:2.8972222805023193
intersection:15, mean_episode_reward:-3.8837497234344482, mean_queue:1.8972222805023193
Test step:6/20, travel time :195.99775856548192, rewards:-167.63543836805556, queue:4.906423611111111, delay:0.4089252048068576, throughput:3123
step:3600/3600, q_loss:79.92671203613281, rewards:-159.6437282986111, queue:4.7053819444444445, delay:0.41178580390082464, throughput:3173
episode:7/20, real avg travel time:192.53482508666877
intersection:0, mean_episode_reward:-13.230000495910645, mean_queue:6.349999904632568
intersection:1, mean_episode_reward:-16.59000015258789, mean_queue:7.002777576446533
intersection:2, mean_episode_reward:-11.280830383300781, mean_queue:5.672222137451172
intersection:3, mean_episode_reward:-10.796666145324707, mean_queue:4.5916666984558105
intersection:4, mean_episode_reward:-6.3287482261657715, mean_queue:3.066666603088379
intersection:5, mean_episode_reward:-4.361666202545166, mean_queue:2.4777777194976807
intersection:6, mean_episode_reward:-4.60083532333374, mean_queue:2.5527777671813965
intersection:7, mean_episode_reward:-2.004999876022339, mean_queue:1.1611111164093018
intersection:8, mean_episode_reward:-17.604997634887695, mean_queue:7.858333110809326
intersection:9, mean_episode_reward:-17.74833106994629, mean_queue:7.44444465637207
intersection:10, mean_episode_reward:-7.13916540145874, mean_queue:3.058333396911621
intersection:11, mean_episode_reward:-17.18958282470703, mean_queue:8.358333587646484
intersection:12, mean_episode_reward:-10.803330421447754, mean_queue:6.0
intersection:13, mean_episode_reward:-11.86249828338623, mean_queue:5.294444561004639
intersection:14, mean_episode_reward:-4.485416412353516, mean_queue:2.569444417953491
intersection:15, mean_episode_reward:-3.6166648864746094, mean_queue:1.8277777433395386
Test step:7/20, travel time :184.02911068458093, rewards:-147.59291449652778, queue:4.338368055555556, delay:0.4044236077202691, throughput:3126
step:3600/3600, q_loss:76.74628448486328, rewards:-157.59749348958334, queue:4.643576388888889, delay:0.4105009290907118, throughput:3125
episode:8/20, real avg travel time:188.88288
intersection:0, mean_episode_reward:-9.807082176208496, mean_queue:4.583333492279053
intersection:1, mean_episode_reward:-19.010417938232422, mean_queue:8.077777862548828
intersection:2, mean_episode_reward:-10.73499584197998, mean_queue:5.358333110809326
intersection:3, mean_episode_reward:-10.934165000915527, mean_queue:4.669444561004639
intersection:4, mean_episode_reward:-5.639166355133057, mean_queue:2.7638888359069824
intersection:5, mean_episode_reward:-4.262083053588867, mean_queue:2.5333333015441895
intersection:6, mean_episode_reward:-4.341250419616699, mean_queue:2.3583333492279053
intersection:7, mean_episode_reward:-1.6370834112167358, mean_queue:0.8777777552604675
intersection:8, mean_episode_reward:-22.891246795654297, mean_queue:10.391666412353516
intersection:9, mean_episode_reward:-16.01000213623047, mean_queue:6.93055534362793
intersection:10, mean_episode_reward:-7.67125129699707, mean_queue:3.3333332538604736
intersection:11, mean_episode_reward:-14.29666519165039, mean_queue:6.844444274902344
intersection:12, mean_episode_reward:-11.579998016357422, mean_queue:6.519444465637207
intersection:13, mean_episode_reward:-10.882501602172852, mean_queue:4.769444465637207
intersection:14, mean_episode_reward:-4.437500476837158, mean_queue:2.51111102104187
intersection:15, mean_episode_reward:-3.462083578109741, mean_queue:1.774999976158142
Test step:8/20, travel time :196.14093959731542, rewards:-167.60915798611111, queue:5.008506944444444, delay:0.41687698364257814, throughput:3129
step:3600/3600, q_loss:73.99906921386719, rewards:-159.82706163194445, queue:4.726041666666666, delay:0.41896163092719185, throughput:3147
episode:9/20, real avg travel time:192.07149666348903
intersection:0, mean_episode_reward:-11.364994049072266, mean_queue:5.5
intersection:1, mean_episode_reward:-17.175411224365234, mean_queue:7.224999904632568
intersection:2, mean_episode_reward:-11.619166374206543, mean_queue:5.9666666984558105
intersection:3, mean_episode_reward:-10.63041877746582, mean_queue:4.541666507720947
intersection:4, mean_episode_reward:-4.824166297912598, mean_queue:2.4277777671813965
intersection:5, mean_episode_reward:-4.50666618347168, mean_queue:2.5999999046325684
intersection:6, mean_episode_reward:-4.821250915527344, mean_queue:2.7138888835906982
intersection:7, mean_episode_reward:-1.803334355354309, mean_queue:0.9138888716697693
intersection:8, mean_episode_reward:-21.35249900817871, mean_queue:9.808333396911621
intersection:9, mean_episode_reward:-17.579998016357422, mean_queue:7.708333492279053
intersection:10, mean_episode_reward:-7.413328647613525, mean_queue:3.1222221851348877
intersection:11, mean_episode_reward:-15.344164848327637, mean_queue:7.150000095367432
intersection:12, mean_episode_reward:-10.896249771118164, mean_queue:6.19444465637207
intersection:13, mean_episode_reward:-12.888749122619629, mean_queue:5.736111164093018
intersection:14, mean_episode_reward:-4.450834274291992, mean_queue:2.444444417953491
intersection:15, mean_episode_reward:-3.1558337211608887, mean_queue:1.5638889074325562
Test step:9/20, travel time :189.37804097311138, rewards:-154.37250434027777, queue:4.507638888888889, delay:0.40974494086371527, throughput:3124
step:3600/3600, q_loss:72.15603637695312, rewards:-155.78289930555556, queue:4.621354166666666, delay:0.4121734619140625, throughput:3177
episode:10/20, real avg travel time:190.28485993075228
intersection:0, mean_episode_reward:-10.572081565856934, mean_queue:5.316666603088379
intersection:1, mean_episode_reward:-16.515417098999023, mean_queue:7.119444370269775
intersection:2, mean_episode_reward:-10.430001258850098, mean_queue:5.155555725097656
intersection:3, mean_episode_reward:-10.28874397277832, mean_queue:4.441666603088379
intersection:4, mean_episode_reward:-4.790416717529297, mean_queue:2.3722221851348877
intersection:5, mean_episode_reward:-4.227082252502441, mean_queue:2.4361112117767334
intersection:6, mean_episode_reward:-5.037081718444824, mean_queue:2.883333444595337
intersection:7, mean_episode_reward:-1.8116668462753296, mean_queue:0.9861111044883728
intersection:8, mean_episode_reward:-20.66708755493164, mean_queue:9.372221946716309
intersection:9, mean_episode_reward:-19.216249465942383, mean_queue:8.475000381469727
intersection:10, mean_episode_reward:-6.891247749328613, mean_queue:2.797222137451172
intersection:11, mean_episode_reward:-14.982500076293945, mean_queue:7.2166666984558105
intersection:12, mean_episode_reward:-10.653326034545898, mean_queue:5.833333492279053
intersection:13, mean_episode_reward:-12.079581260681152, mean_queue:5.511111259460449
intersection:14, mean_episode_reward:-3.8641669750213623, mean_queue:2.1611111164093018
intersection:15, mean_episode_reward:-3.756251096725464, mean_queue:1.8638888597488403
Test step:10/20, travel time :181.8492542050143, rewards:-146.86959635416667, queue:4.353125, delay:0.3962567647298177, throughput:3151
step:3600/3600, q_loss:69.66958618164062, rewards:-156.6595703125, queue:4.636284722222222, delay:0.41171832614474824, throughput:3119
episode:11/20, real avg travel time:192.224751522924
intersection:0, mean_episode_reward:-10.08499526977539, mean_queue:4.800000190734863
intersection:1, mean_episode_reward:-16.639585494995117, mean_queue:7.0
intersection:2, mean_episode_reward:-9.540414810180664, mean_queue:4.77222204208374
intersection:3, mean_episode_reward:-10.055830955505371, mean_queue:4.388888835906982
intersection:4, mean_episode_reward:-6.062916278839111, mean_queue:2.844444513320923
intersection:5, mean_episode_reward:-5.047917366027832, mean_queue:2.924999952316284
intersection:6, mean_episode_reward:-4.973750591278076, mean_queue:2.691666603088379
intersection:7, mean_episode_reward:-1.7158336639404297, mean_queue:0.9222221970558167
intersection:8, mean_episode_reward:-19.71125030517578, mean_queue:8.908333778381348
intersection:9, mean_episode_reward:-18.439577102661133, mean_queue:8.100000381469727
intersection:10, mean_episode_reward:-7.423332214355469, mean_queue:3.258333444595337
intersection:11, mean_episode_reward:-15.172500610351562, mean_queue:7.391666889190674
intersection:12, mean_episode_reward:-11.863329887390137, mean_queue:6.650000095367432
intersection:13, mean_episode_reward:-12.327916145324707, mean_queue:5.469444274902344
intersection:14, mean_episode_reward:-3.8575024604797363, mean_queue:2.202777862548828
intersection:15, mean_episode_reward:-3.742917776107788, mean_queue:1.855555534362793
Test step:11/20, travel time :191.57309562398703, rewards:-159.80125868055555, queue:4.727083333333334, delay:0.40627517700195315, throughput:3085
step:3600/3600, q_loss:68.10938262939453, rewards:-156.03206380208334, queue:4.571875, delay:0.4110427432590061, throughput:3158
episode:12/20, real avg travel time:186.49493350221658
intersection:0, mean_episode_reward:-9.499578475952148, mean_queue:4.530555725097656
intersection:1, mean_episode_reward:-19.610828399658203, mean_queue:8.197221755981445
intersection:2, mean_episode_reward:-10.313334465026855, mean_queue:4.986111164093018
intersection:3, mean_episode_reward:-10.718331336975098, mean_queue:4.736111164093018
intersection:4, mean_episode_reward:-5.167499542236328, mean_queue:2.491666555404663
intersection:5, mean_episode_reward:-4.803750038146973, mean_queue:2.711111068725586
intersection:6, mean_episode_reward:-4.405835151672363, mean_queue:2.4083333015441895
intersection:7, mean_episode_reward:-1.8399999141693115, mean_queue:0.9833333492279053
intersection:8, mean_episode_reward:-18.800830841064453, mean_queue:8.436111450195312
intersection:9, mean_episode_reward:-17.934585571289062, mean_queue:7.980555534362793
intersection:10, mean_episode_reward:-7.894166946411133, mean_queue:3.3333332538604736
intersection:11, mean_episode_reward:-15.448750495910645, mean_queue:7.394444465637207
intersection:12, mean_episode_reward:-9.745831489562988, mean_queue:5.550000190734863
intersection:13, mean_episode_reward:-12.527915954589844, mean_queue:5.6583333015441895
intersection:14, mean_episode_reward:-4.199584484100342, mean_queue:2.2138888835906982
intersection:15, mean_episode_reward:-3.121250629425049, mean_queue:1.538888931274414
Test step:12/20, travel time :189.54628176968936, rewards:-156.80707465277777, queue:4.623958333333333, delay:0.41677466498480903, throughput:3187
step:3600/3600, q_loss:68.25242614746094, rewards:-161.81080729166666, queue:4.814930555555556, delay:0.41434444851345487, throughput:3201
episode:13/20, real avg travel time:193.7422680412371
intersection:0, mean_episode_reward:-11.424161911010742, mean_queue:5.402777671813965
intersection:1, mean_episode_reward:-17.908737182617188, mean_queue:7.474999904632568
intersection:2, mean_episode_reward:-11.151666641235352, mean_queue:5.6583333015441895
intersection:3, mean_episode_reward:-11.164167404174805, mean_queue:4.758333206176758
intersection:4, mean_episode_reward:-5.474164962768555, mean_queue:2.7361111640930176
intersection:5, mean_episode_reward:-5.294168472290039, mean_queue:3.038888931274414
intersection:6, mean_episode_reward:-5.4479169845581055, mean_queue:2.944444417953491
intersection:7, mean_episode_reward:-1.7804168462753296, mean_queue:0.9416666626930237
intersection:8, mean_episode_reward:-17.753753662109375, mean_queue:8.052778244018555
intersection:9, mean_episode_reward:-16.65624237060547, mean_queue:7.300000190734863
intersection:10, mean_episode_reward:-9.467914581298828, mean_queue:4.27222204208374
intersection:11, mean_episode_reward:-16.119579315185547, mean_queue:7.816666603088379
intersection:12, mean_episode_reward:-11.311246871948242, mean_queue:6.558333396911621
intersection:13, mean_episode_reward:-12.050832748413086, mean_queue:5.388888835906982
intersection:14, mean_episode_reward:-4.888334274291992, mean_queue:2.6611111164093018
intersection:15, mean_episode_reward:-3.917501211166382, mean_queue:2.0333333015441895
Test step:13/20, travel time :193.8910380399742, rewards:-156.69957682291667, queue:4.615798611111111, delay:0.41006363762749565, throughput:3102
step:3600/3600, q_loss:65.47177124023438, rewards:-154.7233181423611, queue:4.544270833333333, delay:0.4001008775499132, throughput:3077
episode:14/20, real avg travel time:189.7725056873578
intersection:0, mean_episode_reward:-10.097908973693848, mean_queue:4.652777671813965
intersection:1, mean_episode_reward:-17.684581756591797, mean_queue:7.519444465637207
intersection:2, mean_episode_reward:-10.077917098999023, mean_queue:4.911110877990723
intersection:3, mean_episode_reward:-9.301667213439941, mean_queue:4.005555629730225
intersection:4, mean_episode_reward:-5.74666690826416, mean_queue:2.6861112117767334
intersection:5, mean_episode_reward:-3.8395822048187256, mean_queue:2.172222137451172
intersection:6, mean_episode_reward:-3.680417537689209, mean_queue:2.0138888359069824
intersection:7, mean_episode_reward:-1.8587504625320435, mean_queue:0.9277777671813965
intersection:8, mean_episode_reward:-18.02291488647461, mean_queue:8.149999618530273
intersection:9, mean_episode_reward:-19.88791275024414, mean_queue:8.844444274902344
intersection:10, mean_episode_reward:-7.8924994468688965, mean_queue:3.461111068725586
intersection:11, mean_episode_reward:-15.157079696655273, mean_queue:7.402777671813965
intersection:12, mean_episode_reward:-11.598745346069336, mean_queue:6.56944465637207
intersection:13, mean_episode_reward:-12.181666374206543, mean_queue:5.30555534362793
intersection:14, mean_episode_reward:-4.564586162567139, mean_queue:2.5250000953674316
intersection:15, mean_episode_reward:-3.130417585372925, mean_queue:1.5611110925674438
Test step:14/20, travel time :195.78404988513293, rewards:-164.58917100694444, queue:4.8597222222222225, delay:0.4054389953613281, throughput:3047
step:3600/3600, q_loss:61.600791931152344, rewards:-156.43582899305557, queue:4.589930555555555, delay:0.40365142822265626, throughput:3077
episode:15/20, real avg travel time:191.69320766980826
intersection:0, mean_episode_reward:-9.590412139892578, mean_queue:4.55555534362793
intersection:1, mean_episode_reward:-18.394168853759766, mean_queue:7.7833333015441895
intersection:2, mean_episode_reward:-10.389996528625488, mean_queue:5.152777671813965
intersection:3, mean_episode_reward:-10.260414123535156, mean_queue:4.5333333015441895
intersection:4, mean_episode_reward:-5.484584808349609, mean_queue:2.683333396911621
intersection:5, mean_episode_reward:-4.007915496826172, mean_queue:2.258333444595337
intersection:6, mean_episode_reward:-4.503333568572998, mean_queue:2.4583332538604736
intersection:7, mean_episode_reward:-1.4729163646697998, mean_queue:0.7666666507720947
intersection:8, mean_episode_reward:-19.32291603088379, mean_queue:8.73888874053955
intersection:9, mean_episode_reward:-16.72542381286621, mean_queue:7.175000190734863
intersection:10, mean_episode_reward:-8.247496604919434, mean_queue:3.7055554389953613
intersection:11, mean_episode_reward:-15.776251792907715, mean_queue:7.530555725097656
intersection:12, mean_episode_reward:-12.193744659423828, mean_queue:6.8027777671813965
intersection:13, mean_episode_reward:-12.155421257019043, mean_queue:5.372222423553467
intersection:14, mean_episode_reward:-3.671250343322754, mean_queue:1.8888888359069824
intersection:15, mean_episode_reward:-4.239583492279053, mean_queue:2.0333333015441895
Test step:15/20, travel time :196.6201622971286, rewards:-166.87042100694444, queue:4.918229166666666, delay:0.4233435312906901, throughput:3204
step:3600/3600, q_loss:61.14115524291992, rewards:-162.71083984375, queue:4.7887152777777775, delay:0.41355760362413196, throughput:3097
episode:16/20, real avg travel time:192.10106554730385
intersection:0, mean_episode_reward:-10.905000686645508, mean_queue:5.400000095367432
intersection:1, mean_episode_reward:-18.452917098999023, mean_queue:7.7166666984558105
intersection:2, mean_episode_reward:-11.428749084472656, mean_queue:5.816666603088379
intersection:3, mean_episode_reward:-10.637497901916504, mean_queue:4.425000190734863
intersection:4, mean_episode_reward:-5.74375057220459, mean_queue:2.8138887882232666
intersection:5, mean_episode_reward:-4.825417518615723, mean_queue:2.719444513320923
intersection:6, mean_episode_reward:-5.124166011810303, mean_queue:2.6777777671813965
intersection:7, mean_episode_reward:-1.3550004959106445, mean_queue:0.7166666388511658
intersection:8, mean_episode_reward:-20.495010375976562, mean_queue:9.48888874053955
intersection:9, mean_episode_reward:-14.485405921936035, mean_queue:6.22777795791626
intersection:10, mean_episode_reward:-9.20291519165039, mean_queue:4.02222204208374
intersection:11, mean_episode_reward:-17.594179153442383, mean_queue:8.558333396911621
intersection:12, mean_episode_reward:-11.617498397827148, mean_queue:6.425000190734863
intersection:13, mean_episode_reward:-11.87708568572998, mean_queue:5.113888740539551
intersection:14, mean_episode_reward:-4.606251239776611, mean_queue:2.3805556297302246
intersection:15, mean_episode_reward:-4.359997749328613, mean_queue:2.116666555404663
Test step:16/20, travel time :193.2732939632546, rewards:-156.99290364583334, queue:4.633854166666667, delay:0.4053603278266059, throughput:3048
step:3600/3600, q_loss:59.918582916259766, rewards:-164.02960069444444, queue:4.823784722222222, delay:0.4063076443142361, throughput:3137
episode:17/20, real avg travel time:191.3139942620338
intersection:0, mean_episode_reward:-9.880415916442871, mean_queue:4.827777862548828
intersection:1, mean_episode_reward:-18.037092208862305, mean_queue:7.627777576446533
intersection:2, mean_episode_reward:-12.116663932800293, mean_queue:6.14722204208374
intersection:3, mean_episode_reward:-11.931249618530273, mean_queue:5.347222328186035
intersection:4, mean_episode_reward:-5.581251621246338, mean_queue:2.644444465637207
intersection:5, mean_episode_reward:-4.253748893737793, mean_queue:2.277777671813965
intersection:6, mean_episode_reward:-4.34375, mean_queue:2.36388897895813
intersection:7, mean_episode_reward:-1.402916669845581, mean_queue:0.7388888597488403
intersection:8, mean_episode_reward:-21.19374656677246, mean_queue:9.811111450195312
intersection:9, mean_episode_reward:-15.486662864685059, mean_queue:6.719444274902344
intersection:10, mean_episode_reward:-10.327079772949219, mean_queue:4.641666889190674
intersection:11, mean_episode_reward:-15.729165077209473, mean_queue:7.441666603088379
intersection:12, mean_episode_reward:-13.286672592163086, mean_queue:7.416666507720947
intersection:13, mean_episode_reward:-12.332927703857422, mean_queue:5.255555629730225
intersection:14, mean_episode_reward:-4.618749141693115, mean_queue:2.2333333492279053
intersection:15, mean_episode_reward:-3.507499933242798, mean_queue:1.6861110925674438
Test step:17/20, travel time :195.56995818591187, rewards:-165.51248914930557, queue:4.8890625, delay:0.41692860921223956, throughput:3109
step:3600/3600, q_loss:59.78627014160156, rewards:-153.49583333333334, queue:4.5074652777777775, delay:0.4047175089518229, throughput:3061
episode:18/20, real avg travel time:189.54590003266907
intersection:0, mean_episode_reward:-9.604997634887695, mean_queue:4.630555629730225
intersection:1, mean_episode_reward:-16.276660919189453, mean_queue:7.02222204208374
intersection:2, mean_episode_reward:-8.30583667755127, mean_queue:4.05555534362793
intersection:3, mean_episode_reward:-11.45000171661377, mean_queue:5.077777862548828
intersection:4, mean_episode_reward:-5.119168281555176, mean_queue:2.5027778148651123
intersection:5, mean_episode_reward:-4.269582748413086, mean_queue:2.383333444595337
intersection:6, mean_episode_reward:-4.317917346954346, mean_queue:2.2861111164093018
intersection:7, mean_episode_reward:-1.733333706855774, mean_queue:0.8916666507720947
intersection:8, mean_episode_reward:-19.11707878112793, mean_queue:8.633333206176758
intersection:9, mean_episode_reward:-15.771663665771484, mean_queue:6.938889026641846
intersection:10, mean_episode_reward:-8.093332290649414, mean_queue:3.5611112117767334
intersection:11, mean_episode_reward:-16.46875762939453, mean_queue:7.9083333015441895
intersection:12, mean_episode_reward:-11.887499809265137, mean_queue:6.613888740539551
intersection:13, mean_episode_reward:-12.880834579467773, mean_queue:5.355555534362793
intersection:14, mean_episode_reward:-4.226667404174805, mean_queue:2.2722222805023193
intersection:15, mean_episode_reward:-3.9724998474121094, mean_queue:1.9861111640930176
Test step:18/20, travel time :190.1758631816715, rewards:-154.86291232638888, queue:4.584548611111111, delay:0.40227703518337676, throughput:3099
step:3600/3600, q_loss:59.469905853271484, rewards:-162.75, queue:4.733680555555556, delay:0.4035723368326823, throughput:3040
episode:19/20, real avg travel time:191.9440789473684
intersection:0, mean_episode_reward:-9.512913703918457, mean_queue:4.4277777671813965
intersection:1, mean_episode_reward:-20.79792022705078, mean_queue:8.769444465637207
intersection:2, mean_episode_reward:-9.585835456848145, mean_queue:4.644444465637207
intersection:3, mean_episode_reward:-9.556246757507324, mean_queue:4.263888835906982
intersection:4, mean_episode_reward:-5.550834655761719, mean_queue:2.6111111640930176
intersection:5, mean_episode_reward:-4.93041467666626, mean_queue:2.672222137451172
intersection:6, mean_episode_reward:-4.47291898727417, mean_queue:2.4777777194976807
intersection:7, mean_episode_reward:-1.378750205039978, mean_queue:0.7055555582046509
intersection:8, mean_episode_reward:-20.067079544067383, mean_queue:9.06944465637207
intersection:9, mean_episode_reward:-17.949583053588867, mean_queue:7.900000095367432
intersection:10, mean_episode_reward:-7.856664180755615, mean_queue:3.450000047683716
intersection:11, mean_episode_reward:-15.726248741149902, mean_queue:7.400000095367432
intersection:12, mean_episode_reward:-13.573756217956543, mean_queue:7.672222137451172
intersection:13, mean_episode_reward:-14.149164199829102, mean_queue:5.855555534362793
intersection:14, mean_episode_reward:-3.8737504482269287, mean_queue:2.0333333015441895
intersection:15, mean_episode_reward:-3.767916440963745, mean_queue:1.7861111164093018
Test step:19/20, travel time :196.04313467237407, rewards:-160.08541666666667, queue:4.764236111111111, delay:0.4066443125406901, throughput:3037
Final Travel Time is 206.2947, mean rewards: -172.4904, queue: 5.1328, delay: 0.4199, throughput: 2956
Total time taken: 839.5458898544312
