step:3600/3600, q_loss:30.471723556518555, rewards:-128.57875434027778, queue:3.7918402777777778, delay:0.34684503343370227, throughput:2282
episode:0/20, real avg travel time:204.6498685363716
intersection:0, mean_episode_reward:-5.31666898727417, mean_queue:2.4555554389953613
intersection:1, mean_episode_reward:-19.727087020874023, mean_queue:8.66944408416748
intersection:2, mean_episode_reward:-10.53957748413086, mean_queue:5.300000190734863
intersection:3, mean_episode_reward:-8.78416633605957, mean_queue:3.9749999046325684
intersection:4, mean_episode_reward:-4.82499885559082, mean_queue:2.152777671813965
intersection:5, mean_episode_reward:-4.914999961853027, mean_queue:2.577777862548828
intersection:6, mean_episode_reward:-5.022915363311768, mean_queue:2.4083333015441895
intersection:7, mean_episode_reward:-1.9920835494995117, mean_queue:1.0416666269302368
intersection:8, mean_episode_reward:-14.960832595825195, mean_queue:7.19444465637207
intersection:9, mean_episode_reward:-6.923750877380371, mean_queue:2.9749999046325684
intersection:10, mean_episode_reward:-4.523333549499512, mean_queue:1.9833333492279053
intersection:11, mean_episode_reward:-10.969585418701172, mean_queue:5.4472222328186035
intersection:12, mean_episode_reward:-8.535416603088379, mean_queue:4.597222328186035
intersection:13, mean_episode_reward:-11.916664123535156, mean_queue:5.583333492279053
intersection:14, mean_episode_reward:-3.687082529067993, mean_queue:1.6861110925674438
intersection:15, mean_episode_reward:-5.939583778381348, mean_queue:2.6222221851348877
Test step:0/20, travel time :185.95037997317837, rewards:-99.52750651041667, queue:3.0647569444444445, delay:0.3250280168321398, throughput:2237
step:3600/3600, q_loss:32.61094284057617, rewards:-91.71501736111111, queue:2.8357638888888888, delay:0.3230296664767795, throughput:2147
episode:1/20, real avg travel time:186.05170004657663
intersection:0, mean_episode_reward:-3.4462504386901855, mean_queue:1.855555534362793
intersection:1, mean_episode_reward:-12.000008583068848, mean_queue:4.724999904632568
intersection:2, mean_episode_reward:-8.224581718444824, mean_queue:3.894444465637207
intersection:3, mean_episode_reward:-6.3804144859313965, mean_queue:3.0527777671813965
intersection:4, mean_episode_reward:-3.643333673477173, mean_queue:1.6916667222976685
intersection:5, mean_episode_reward:-2.653749704360962, mean_queue:1.4722222089767456
intersection:6, mean_episode_reward:-2.766666889190674, mean_queue:1.5750000476837158
intersection:7, mean_episode_reward:-1.1895829439163208, mean_queue:0.6388888955116272
intersection:8, mean_episode_reward:-10.679998397827148, mean_queue:5.275000095367432
intersection:9, mean_episode_reward:-9.25041675567627, mean_queue:4.838889122009277
intersection:10, mean_episode_reward:-3.5754170417785645, mean_queue:1.5916666984558105
intersection:11, mean_episode_reward:-8.610836029052734, mean_queue:4.541666507720947
intersection:12, mean_episode_reward:-6.6645827293396, mean_queue:3.9972221851348877
intersection:13, mean_episode_reward:-7.245001316070557, mean_queue:3.5444445610046387
intersection:14, mean_episode_reward:-3.1137499809265137, mean_queue:1.4472222328186035
intersection:15, mean_episode_reward:-2.2704172134399414, mean_queue:1.230555534362793
Test step:1/20, travel time :174.7546825034262, rewards:-86.6341579861111, queue:2.685416666666667, delay:0.31055636935763886, throughput:2189
step:3600/3600, q_loss:26.937685012817383, rewards:-86.8591796875, queue:2.6432291666666665, delay:0.3086819118923611, throughput:2229
episode:2/20, real avg travel time:174.61283086585914
intersection:0, mean_episode_reward:-3.6275010108947754, mean_queue:1.8472222089767456
intersection:1, mean_episode_reward:-12.350839614868164, mean_queue:4.97777795791626
intersection:2, mean_episode_reward:-7.416250228881836, mean_queue:3.6111111640930176
intersection:3, mean_episode_reward:-9.799163818359375, mean_queue:4.741666793823242
intersection:4, mean_episode_reward:-3.7020843029022217, mean_queue:1.7138888835906982
intersection:5, mean_episode_reward:-2.9391674995422363, mean_queue:1.649999976158142
intersection:6, mean_episode_reward:-2.8424997329711914, mean_queue:1.475000023841858
intersection:7, mean_episode_reward:-1.2833335399627686, mean_queue:0.6888889074325562
intersection:8, mean_episode_reward:-8.229998588562012, mean_queue:3.672222137451172
intersection:9, mean_episode_reward:-6.705002784729004, mean_queue:2.9944443702697754
intersection:10, mean_episode_reward:-3.0983338356018066, mean_queue:1.3305555582046509
intersection:11, mean_episode_reward:-7.667501449584961, mean_queue:4.18055534362793
intersection:12, mean_episode_reward:-6.230832099914551, mean_queue:3.788888931274414
intersection:13, mean_episode_reward:-7.0304179191589355, mean_queue:3.3805556297302246
intersection:14, mean_episode_reward:-1.9533334970474243, mean_queue:1.125
intersection:15, mean_episode_reward:-1.9829174280166626, mean_queue:1.1138888597488403
Test step:2/20, travel time :169.1728237791932, rewards:-84.89832899305556, queue:2.4984375, delay:0.3086161719428168, throughput:2355
step:3600/3600, q_loss:25.50058937072754, rewards:-82.33332790798612, queue:2.4394097222222224, delay:0.30342547098795575, throughput:2322
episode:3/20, real avg travel time:169.2248062015504
intersection:0, mean_episode_reward:-4.087082862854004, mean_queue:1.913888931274414
intersection:1, mean_episode_reward:-12.795827865600586, mean_queue:4.980555534362793
intersection:2, mean_episode_reward:-7.645833969116211, mean_queue:3.7833333015441895
intersection:3, mean_episode_reward:-6.756248474121094, mean_queue:3.1083333492279053
intersection:4, mean_episode_reward:-3.70208477973938, mean_queue:1.663888931274414
intersection:5, mean_episode_reward:-2.7308340072631836, mean_queue:1.5305556058883667
intersection:6, mean_episode_reward:-3.042917251586914, mean_queue:1.5694444179534912
intersection:7, mean_episode_reward:-1.124166488647461, mean_queue:0.574999988079071
intersection:8, mean_episode_reward:-8.673748016357422, mean_queue:3.9166667461395264
intersection:9, mean_episode_reward:-4.980832099914551, mean_queue:2.1388888359069824
intersection:10, mean_episode_reward:-3.198333978652954, mean_queue:1.3166667222976685
intersection:11, mean_episode_reward:-8.739998817443848, mean_queue:4.502777576446533
intersection:12, mean_episode_reward:-5.28791618347168, mean_queue:3.1111111640930176
intersection:13, mean_episode_reward:-5.207918167114258, mean_queue:2.633333444595337
intersection:14, mean_episode_reward:-2.015834331512451, mean_queue:1.0111111402511597
intersection:15, mean_episode_reward:-2.3437507152557373, mean_queue:1.274999976158142
Test step:3/20, travel time :163.7483108108108, rewards:-78.06749674479167, queue:2.306076388888889, delay:0.3065929836697049, throughput:2368
step:3600/3600, q_loss:22.9776668548584, rewards:-84.41624348958334, queue:2.533333333333333, delay:0.3129389444986979, throughput:2256
episode:4/20, real avg travel time:172.3031914893617
intersection:0, mean_episode_reward:-4.031249523162842, mean_queue:2.0999999046325684
intersection:1, mean_episode_reward:-11.61541748046875, mean_queue:4.616666793823242
intersection:2, mean_episode_reward:-7.069997787475586, mean_queue:3.450000047683716
intersection:3, mean_episode_reward:-7.329168796539307, mean_queue:3.1500000953674316
intersection:4, mean_episode_reward:-3.9145820140838623, mean_queue:1.7944444417953491
intersection:5, mean_episode_reward:-2.501250982284546, mean_queue:1.475000023841858
intersection:6, mean_episode_reward:-2.875833034515381, mean_queue:1.4972221851348877
intersection:7, mean_episode_reward:-1.2308332920074463, mean_queue:0.6555555462837219
intersection:8, mean_episode_reward:-8.970415115356445, mean_queue:4.188889026641846
intersection:9, mean_episode_reward:-5.598333835601807, mean_queue:2.394444465637207
intersection:10, mean_episode_reward:-3.0704169273376465, mean_queue:1.244444489479065
intersection:11, mean_episode_reward:-8.851248741149902, mean_queue:4.536110877990723
intersection:12, mean_episode_reward:-6.356663703918457, mean_queue:3.7555556297302246
intersection:13, mean_episode_reward:-6.427083969116211, mean_queue:3.2444443702697754
intersection:14, mean_episode_reward:-2.1204161643981934, mean_queue:1.1527777910232544
intersection:15, mean_episode_reward:-2.453333854675293, mean_queue:1.2777777910232544
Test step:4/20, travel time :170.6398062527521, rewards:-84.19375, queue:2.493402777777778, delay:0.313896730211046, throughput:2271
step:3600/3600, q_loss:21.44118309020996, rewards:-76.62624240451389, queue:2.2602430555555557, delay:0.3008739047580295, throughput:2367
episode:5/20, real avg travel time:161.20025348542458
intersection:0, mean_episode_reward:-3.9654150009155273, mean_queue:2.0
intersection:1, mean_episode_reward:-11.479581832885742, mean_queue:4.458333492279053
intersection:2, mean_episode_reward:-6.6437506675720215, mean_queue:3.383333444595337
intersection:3, mean_episode_reward:-6.522916793823242, mean_queue:2.933333396911621
intersection:4, mean_episode_reward:-4.800000190734863, mean_queue:2.066666603088379
intersection:5, mean_episode_reward:-2.9929168224334717, mean_queue:1.7194443941116333
intersection:6, mean_episode_reward:-2.6470837593078613, mean_queue:1.3444443941116333
intersection:7, mean_episode_reward:-1.25124990940094, mean_queue:0.6083333492279053
intersection:8, mean_episode_reward:-7.664164066314697, mean_queue:3.527777671813965
intersection:9, mean_episode_reward:-4.922081470489502, mean_queue:2.2083332538604736
intersection:10, mean_episode_reward:-2.9637508392333984, mean_queue:1.1861110925674438
intersection:11, mean_episode_reward:-7.153745651245117, mean_queue:3.4166667461395264
intersection:12, mean_episode_reward:-4.402499198913574, mean_queue:2.5138888359069824
intersection:13, mean_episode_reward:-4.705417156219482, mean_queue:2.450000047683716
intersection:14, mean_episode_reward:-2.0633342266082764, mean_queue:1.0888888835906982
intersection:15, mean_episode_reward:-2.448333978652954, mean_queue:1.2583333253860474
Test step:5/20, travel time :171.67547974413645, rewards:-86.15958658854167, queue:2.5942708333333333, delay:0.3100072224934896, throughput:2345
step:3600/3600, q_loss:20.91686248779297, rewards:-80.38124457465278, queue:2.4053819444444446, delay:0.2995914035373264, throughput:2364
episode:6/20, real avg travel time:164.9653130287648
intersection:0, mean_episode_reward:-4.5429158210754395, mean_queue:2.163888931274414
intersection:1, mean_episode_reward:-9.976248741149902, mean_queue:3.969444513320923
intersection:2, mean_episode_reward:-7.412915229797363, mean_queue:3.875
intersection:3, mean_episode_reward:-6.767083644866943, mean_queue:3.075000047683716
intersection:4, mean_episode_reward:-4.934167385101318, mean_queue:2.155555486679077
intersection:5, mean_episode_reward:-3.4116671085357666, mean_queue:1.913888931274414
intersection:6, mean_episode_reward:-3.322084903717041, mean_queue:1.75
intersection:7, mean_episode_reward:-0.9704164862632751, mean_queue:0.4861111044883728
intersection:8, mean_episode_reward:-7.380414009094238, mean_queue:3.4111111164093018
intersection:9, mean_episode_reward:-5.58750057220459, mean_queue:2.3388888835906982
intersection:10, mean_episode_reward:-3.5400004386901855, mean_queue:1.5
intersection:11, mean_episode_reward:-7.608748435974121, mean_queue:3.825000047683716
intersection:12, mean_episode_reward:-5.129581928253174, mean_queue:3.0138888359069824
intersection:13, mean_episode_reward:-5.205416679382324, mean_queue:2.547222137451172
intersection:14, mean_episode_reward:-2.314166784286499, mean_queue:1.269444465637207
intersection:15, mean_episode_reward:-2.27791690826416, mean_queue:1.1916667222976685
Test step:6/20, travel time :163.7757524374735, rewards:-76.47791883680556, queue:2.299826388888889, delay:0.3028280470106337, throughput:2359
step:3600/3600, q_loss:20.131317138671875, rewards:-76.48541666666667, queue:2.2789930555555555, delay:0.29343677096896703, throughput:2304
episode:7/20, real avg travel time:164.95616319444446
intersection:0, mean_episode_reward:-4.5525007247924805, mean_queue:2.1694445610046387
intersection:1, mean_episode_reward:-10.633748054504395, mean_queue:4.300000190734863
intersection:2, mean_episode_reward:-6.816253185272217, mean_queue:3.3972222805023193
intersection:3, mean_episode_reward:-6.192917346954346, mean_queue:2.797222137451172
intersection:4, mean_episode_reward:-4.160833835601807, mean_queue:1.8194444179534912
intersection:5, mean_episode_reward:-2.7208335399627686, mean_queue:1.6083333492279053
intersection:6, mean_episode_reward:-2.535001277923584, mean_queue:1.2972222566604614
intersection:7, mean_episode_reward:-0.964166522026062, mean_queue:0.49444442987442017
intersection:8, mean_episode_reward:-6.982914924621582, mean_queue:3.2916667461395264
intersection:9, mean_episode_reward:-5.481249809265137, mean_queue:2.2833333015441895
intersection:10, mean_episode_reward:-2.7683334350585938, mean_queue:1.163888931274414
intersection:11, mean_episode_reward:-8.077497482299805, mean_queue:4.0333333015441895
intersection:12, mean_episode_reward:-5.027083873748779, mean_queue:2.980555534362793
intersection:13, mean_episode_reward:-5.230832576751709, mean_queue:2.450000047683716
intersection:14, mean_episode_reward:-2.164166212081909, mean_queue:1.2333333492279053
intersection:15, mean_episode_reward:-2.17708420753479, mean_queue:1.144444465637207
Test step:7/20, travel time :162.14836546521374, rewards:-76.23292643229166, queue:2.2597222222222224, delay:0.30153715345594617, throughput:2386
step:3600/3600, q_loss:19.64023208618164, rewards:-75.16458333333334, queue:2.226215277777778, delay:0.2975886027018229, throughput:2380
episode:8/20, real avg travel time:159.82226890756303
intersection:0, mean_episode_reward:-4.469166278839111, mean_queue:2.077777862548828
intersection:1, mean_episode_reward:-10.749581336975098, mean_queue:4.280555725097656
intersection:2, mean_episode_reward:-6.43833065032959, mean_queue:3.2472221851348877
intersection:3, mean_episode_reward:-6.279168128967285, mean_queue:2.7444443702697754
intersection:4, mean_episode_reward:-3.951249122619629, mean_queue:1.8083332777023315
intersection:5, mean_episode_reward:-2.7662508487701416, mean_queue:1.5527777671813965
intersection:6, mean_episode_reward:-2.5929172039031982, mean_queue:1.4222222566604614
intersection:7, mean_episode_reward:-1.054999828338623, mean_queue:0.5277777910232544
intersection:8, mean_episode_reward:-6.639997482299805, mean_queue:3.049999952316284
intersection:9, mean_episode_reward:-4.435833930969238, mean_queue:1.9444444179534912
intersection:10, mean_episode_reward:-3.531667470932007, mean_queue:1.5444444417953491
intersection:11, mean_episode_reward:-7.852084159851074, mean_queue:3.711111068725586
intersection:12, mean_episode_reward:-4.722499370574951, mean_queue:2.769444465637207
intersection:13, mean_episode_reward:-4.972499847412109, mean_queue:2.4000000953674316
intersection:14, mean_episode_reward:-2.4358348846435547, mean_queue:1.3527777194976807
intersection:15, mean_episode_reward:-2.272500514984131, mean_queue:1.1861110925674438
Test step:8/20, travel time :158.55786350148367, rewards:-71.56500108506944, queue:2.134895833333333, delay:0.292182625664605, throughput:2359
step:3600/3600, q_loss:18.835344314575195, rewards:-72.90249565972222, queue:2.1534722222222222, delay:0.29159516228569876, throughput:2386
episode:9/20, real avg travel time:156.8704945515507
intersection:0, mean_episode_reward:-4.142083644866943, mean_queue:2.0166666507720947
intersection:1, mean_episode_reward:-9.410416603088379, mean_queue:3.8611111640930176
intersection:2, mean_episode_reward:-5.851251125335693, mean_queue:2.808333396911621
intersection:3, mean_episode_reward:-6.1312479972839355, mean_queue:2.691666603088379
intersection:4, mean_episode_reward:-3.8391661643981934, mean_queue:1.6777777671813965
intersection:5, mean_episode_reward:-2.8054165840148926, mean_queue:1.586111068725586
intersection:6, mean_episode_reward:-2.193751096725464, mean_queue:1.1666666269302368
intersection:7, mean_episode_reward:-0.92291659116745, mean_queue:0.4888888895511627
intersection:8, mean_episode_reward:-7.17833137512207, mean_queue:3.299999952316284
intersection:9, mean_episode_reward:-4.786249160766602, mean_queue:1.9888888597488403
intersection:10, mean_episode_reward:-3.101250648498535, mean_queue:1.2388888597488403
intersection:11, mean_episode_reward:-7.459165573120117, mean_queue:3.663888931274414
intersection:12, mean_episode_reward:-5.573334217071533, mean_queue:3.230555534362793
intersection:13, mean_episode_reward:-5.018334865570068, mean_queue:2.422222137451172
intersection:14, mean_episode_reward:-2.3229174613952637, mean_queue:1.2388888597488403
intersection:15, mean_episode_reward:-2.1666676998138428, mean_queue:1.0750000476837158
Test step:9/20, travel time :157.9560067681895, rewards:-70.85542534722222, queue:2.1329861111111112, delay:0.2929743872748481, throughput:2364
step:3600/3600, q_loss:18.50257682800293, rewards:-81.95082465277778, queue:2.4269097222222222, delay:0.3048485861884223, throughput:2373
episode:10/20, real avg travel time:167.49810366624527
intersection:0, mean_episode_reward:-4.566666126251221, mean_queue:2.191666603088379
intersection:1, mean_episode_reward:-10.489582061767578, mean_queue:4.394444465637207
intersection:2, mean_episode_reward:-6.330829620361328, mean_queue:3.0611112117767334
intersection:3, mean_episode_reward:-6.92999792098999, mean_queue:3.1472222805023193
intersection:4, mean_episode_reward:-4.754166126251221, mean_queue:2.125
intersection:5, mean_episode_reward:-2.8162503242492676, mean_queue:1.5972222089767456
intersection:6, mean_episode_reward:-2.842500925064087, mean_queue:1.5166666507720947
intersection:7, mean_episode_reward:-1.0241665840148926, mean_queue:0.5277777910232544
intersection:8, mean_episode_reward:-8.674996376037598, mean_queue:3.9638888835906982
intersection:9, mean_episode_reward:-5.165416240692139, mean_queue:2.1611111164093018
intersection:10, mean_episode_reward:-3.443751096725464, mean_queue:1.5
intersection:11, mean_episode_reward:-8.44083309173584, mean_queue:4.211111068725586
intersection:12, mean_episode_reward:-5.445419788360596, mean_queue:3.0916666984558105
intersection:13, mean_episode_reward:-6.0020833015441895, mean_queue:2.741666555404663
intersection:14, mean_episode_reward:-2.5891664028167725, mean_queue:1.3666666746139526
intersection:15, mean_episode_reward:-2.4350013732910156, mean_queue:1.2333333492279053
Test step:10/20, travel time :164.75496408956485, rewards:-79.18332248263889, queue:2.3715277777777777, delay:0.3011267768012153, throughput:2367
step:3600/3600, q_loss:18.184932708740234, rewards:-73.07333441840278, queue:2.1875, delay:0.2978745778401693, throughput:2378
episode:11/20, real avg travel time:161.77081581160638
intersection:0, mean_episode_reward:-4.043751239776611, mean_queue:1.9388889074325562
intersection:1, mean_episode_reward:-9.613333702087402, mean_queue:4.077777862548828
intersection:2, mean_episode_reward:-5.629998207092285, mean_queue:2.7861111164093018
intersection:3, mean_episode_reward:-6.349164009094238, mean_queue:3.01111102104187
intersection:4, mean_episode_reward:-4.255000114440918, mean_queue:1.9277777671813965
intersection:5, mean_episode_reward:-2.763749361038208, mean_queue:1.5499999523162842
intersection:6, mean_episode_reward:-2.457918167114258, mean_queue:1.3416666984558105
intersection:7, mean_episode_reward:-1.0354163646697998, mean_queue:0.5138888955116272
intersection:8, mean_episode_reward:-6.97625207901001, mean_queue:3.13611102104187
intersection:9, mean_episode_reward:-4.81708288192749, mean_queue:2.058333396911621
intersection:10, mean_episode_reward:-3.050417423248291, mean_queue:1.2611111402511597
intersection:11, mean_episode_reward:-7.637502670288086, mean_queue:3.758333444595337
intersection:12, mean_episode_reward:-5.12083101272583, mean_queue:3.0138888359069824
intersection:13, mean_episode_reward:-5.07874870300293, mean_queue:2.3888888359069824
intersection:14, mean_episode_reward:-2.0695831775665283, mean_queue:1.1333333253860474
intersection:15, mean_episode_reward:-2.174583911895752, mean_queue:1.1027777194976807
Test step:11/20, travel time :160.30542700883467, rewards:-71.94833441840278, queue:2.171875, delay:0.29332122802734373, throughput:2377
step:3600/3600, q_loss:17.514612197875977, rewards:-71.01749674479167, queue:2.0930555555555554, delay:0.2905355029635959, throughput:2365
episode:12/20, real avg travel time:158.98985200845667
intersection:0, mean_episode_reward:-4.299582481384277, mean_queue:2.069444417953491
intersection:1, mean_episode_reward:-8.84583568572998, mean_queue:3.7083332538604736
intersection:2, mean_episode_reward:-5.945830821990967, mean_queue:2.8777778148651123
intersection:3, mean_episode_reward:-5.994999408721924, mean_queue:2.7249999046325684
intersection:4, mean_episode_reward:-4.0895843505859375, mean_queue:1.8722221851348877
intersection:5, mean_episode_reward:-2.4233338832855225, mean_queue:1.380555510520935
intersection:6, mean_episode_reward:-2.2816669940948486, mean_queue:1.2138888835906982
intersection:7, mean_episode_reward:-0.9512498378753662, mean_queue:0.47777777910232544
intersection:8, mean_episode_reward:-6.733749866485596, mean_queue:2.9388887882232666
intersection:9, mean_episode_reward:-5.1025004386901855, mean_queue:2.1694445610046387
intersection:10, mean_episode_reward:-3.0516672134399414, mean_queue:1.2916666269302368
intersection:11, mean_episode_reward:-7.48207950592041, mean_queue:3.7083332538604736
intersection:12, mean_episode_reward:-4.779166221618652, mean_queue:2.769444465637207
intersection:13, mean_episode_reward:-5.179583549499512, mean_queue:2.2833333015441895
intersection:14, mean_episode_reward:-1.9554166793823242, mean_queue:1.0694444179534912
intersection:15, mean_episode_reward:-1.9012500047683716, mean_queue:0.9333333373069763
Test step:12/20, travel time :158.29342327150084, rewards:-72.00792100694444, queue:2.1309027777777776, delay:0.29458257887098527, throughput:2372
step:3600/3600, q_loss:17.549665451049805, rewards:-71.24749348958333, queue:2.1074652777777776, delay:0.2939679039849175, throughput:2366
episode:13/20, real avg travel time:159.30135249366018
intersection:0, mean_episode_reward:-4.390000820159912, mean_queue:2.0138888359069824
intersection:1, mean_episode_reward:-8.29458236694336, mean_queue:3.547222137451172
intersection:2, mean_episode_reward:-5.261667251586914, mean_queue:2.5055556297302246
intersection:3, mean_episode_reward:-7.030411720275879, mean_queue:3.2861111164093018
intersection:4, mean_episode_reward:-3.847917079925537, mean_queue:1.6916667222976685
intersection:5, mean_episode_reward:-2.315000295639038, mean_queue:1.274999976158142
intersection:6, mean_episode_reward:-2.6883339881896973, mean_queue:1.4361110925674438
intersection:7, mean_episode_reward:-1.0987498760223389, mean_queue:0.5361111164093018
intersection:8, mean_episode_reward:-7.111665725708008, mean_queue:3.094444513320923
intersection:9, mean_episode_reward:-4.704999923706055, mean_queue:1.9555555582046509
intersection:10, mean_episode_reward:-3.260000705718994, mean_queue:1.4083333015441895
intersection:11, mean_episode_reward:-7.033749580383301, mean_queue:3.51111102104187
intersection:12, mean_episode_reward:-4.958334445953369, mean_queue:3.0027778148651123
intersection:13, mean_episode_reward:-5.068334102630615, mean_queue:2.2861111164093018
intersection:14, mean_episode_reward:-2.2420830726623535, mean_queue:1.2166666984558105
intersection:15, mean_episode_reward:-1.9416669607162476, mean_queue:0.9527778029441833
Test step:13/20, travel time :160.50883095037847, rewards:-75.72874891493055, queue:2.283333333333333, delay:0.29865998162163626, throughput:2378
step:3600/3600, q_loss:16.400686264038086, rewards:-72.55040147569444, queue:2.152083333333333, delay:0.2841218736436632, throughput:2372
episode:14/20, real avg travel time:156.9650084317032
intersection:0, mean_episode_reward:-4.960416793823242, mean_queue:2.2666666507720947
intersection:1, mean_episode_reward:-8.921249389648438, mean_queue:3.799999952316284
intersection:2, mean_episode_reward:-6.711246967315674, mean_queue:3.3805556297302246
intersection:3, mean_episode_reward:-6.050833702087402, mean_queue:2.816666603088379
intersection:4, mean_episode_reward:-4.022499084472656, mean_queue:1.7527778148651123
intersection:5, mean_episode_reward:-2.351665735244751, mean_queue:1.3472222089767456
intersection:6, mean_episode_reward:-2.5641655921936035, mean_queue:1.3861111402511597
intersection:7, mean_episode_reward:-0.98541659116745, mean_queue:0.49444442987442017
intersection:8, mean_episode_reward:-6.639163494110107, mean_queue:2.9666666984558105
intersection:9, mean_episode_reward:-5.349167823791504, mean_queue:2.308333396911621
intersection:10, mean_episode_reward:-2.825000524520874, mean_queue:1.1944444179534912
intersection:11, mean_episode_reward:-7.361663818359375, mean_queue:3.6583333015441895
intersection:12, mean_episode_reward:-4.813333034515381, mean_queue:2.7722222805023193
intersection:13, mean_episode_reward:-5.187084197998047, mean_queue:2.3499999046325684
intersection:14, mean_episode_reward:-1.9083340167999268, mean_queue:1.0083333253860474
intersection:15, mean_episode_reward:-1.8991671800613403, mean_queue:0.9305555820465088
Test step:14/20, travel time :163.97813288477712, rewards:-73.31540798611111, queue:2.193576388888889, delay:0.30230848524305554, throughput:2378
step:3600/3600, q_loss:15.783222198486328, rewards:-72.15375434027777, queue:2.1395833333333334, delay:0.29352455139160155, throughput:2376
episode:15/20, real avg travel time:158.14941077441077
intersection:0, mean_episode_reward:-5.342498779296875, mean_queue:2.48888897895813
intersection:1, mean_episode_reward:-8.561249732971191, mean_queue:3.625
intersection:2, mean_episode_reward:-6.146667003631592, mean_queue:3.1222221851348877
intersection:3, mean_episode_reward:-5.167500019073486, mean_queue:2.3777778148651123
intersection:4, mean_episode_reward:-4.388333320617676, mean_queue:1.975000023841858
intersection:5, mean_episode_reward:-2.7020835876464844, mean_queue:1.6083333492279053
intersection:6, mean_episode_reward:-2.2054169178009033, mean_queue:1.1333333253860474
intersection:7, mean_episode_reward:-1.1137497425079346, mean_queue:0.5416666865348816
intersection:8, mean_episode_reward:-7.424583435058594, mean_queue:3.3333332538604736
intersection:9, mean_episode_reward:-4.472499370574951, mean_queue:2.0361111164093018
intersection:10, mean_episode_reward:-3.7141683101654053, mean_queue:1.5277777910232544
intersection:11, mean_episode_reward:-7.538334846496582, mean_queue:3.652777671813965
intersection:12, mean_episode_reward:-4.478749752044678, mean_queue:2.625
intersection:13, mean_episode_reward:-4.646251201629639, mean_queue:2.0416667461395264
intersection:14, mean_episode_reward:-2.093334197998047, mean_queue:1.0972222089767456
intersection:15, mean_episode_reward:-2.158334732055664, mean_queue:1.0472222566604614
Test step:15/20, travel time :159.0122053872054, rewards:-74.54125434027777, queue:2.2276041666666666, delay:0.29125251770019533, throughput:2376
step:3600/3600, q_loss:15.014507293701172, rewards:-73.07208116319444, queue:2.161979166666667, delay:0.28637610541449654, throughput:2374
episode:16/20, real avg travel time:157.16006739679864
intersection:0, mean_episode_reward:-5.085416316986084, mean_queue:2.336111068725586
intersection:1, mean_episode_reward:-8.997081756591797, mean_queue:3.88611102104187
intersection:2, mean_episode_reward:-6.2408318519592285, mean_queue:3.0611112117767334
intersection:3, mean_episode_reward:-6.069582939147949, mean_queue:2.7666666507720947
intersection:4, mean_episode_reward:-4.098750591278076, mean_queue:1.9027777910232544
intersection:5, mean_episode_reward:-2.7383334636688232, mean_queue:1.538888931274414
intersection:6, mean_episode_reward:-2.4900009632110596, mean_queue:1.1944444179534912
intersection:7, mean_episode_reward:-0.89000004529953, mean_queue:0.4305555522441864
intersection:8, mean_episode_reward:-6.74249792098999, mean_queue:2.9861111640930176
intersection:9, mean_episode_reward:-5.420835018157959, mean_queue:2.3777778148651123
intersection:10, mean_episode_reward:-3.044584035873413, mean_queue:1.1805555820465088
intersection:11, mean_episode_reward:-7.332495212554932, mean_queue:3.6111111640930176
intersection:12, mean_episode_reward:-5.090001106262207, mean_queue:2.98888897895813
intersection:13, mean_episode_reward:-4.702083110809326, mean_queue:2.2138888835906982
intersection:14, mean_episode_reward:-1.7987496852874756, mean_queue:0.9527778029441833
intersection:15, mean_episode_reward:-2.3308346271514893, mean_queue:1.163888931274414
Test step:16/20, travel time :159.53586497890296, rewards:-74.78125, queue:2.188715277777778, delay:0.2907213846842448, throughput:2370
step:3600/3600, q_loss:14.674907684326172, rewards:-71.29293077256945, queue:2.114236111111111, delay:0.287276119656033, throughput:2370
episode:17/20, real avg travel time:157.23164556962024
intersection:0, mean_episode_reward:-4.317084312438965, mean_queue:2.11388897895813
intersection:1, mean_episode_reward:-9.167919158935547, mean_queue:3.9472222328186035
intersection:2, mean_episode_reward:-5.107500076293945, mean_queue:2.4944443702697754
intersection:3, mean_episode_reward:-6.984584331512451, mean_queue:3.174999952316284
intersection:4, mean_episode_reward:-3.5770843029022217, mean_queue:1.644444465637207
intersection:5, mean_episode_reward:-2.3600001335144043, mean_queue:1.3111110925674438
intersection:6, mean_episode_reward:-2.1979174613952637, mean_queue:1.144444465637207
intersection:7, mean_episode_reward:-1.384583592414856, mean_queue:0.6944444179534912
intersection:8, mean_episode_reward:-7.0208353996276855, mean_queue:3.2333333492279053
intersection:9, mean_episode_reward:-5.075832843780518, mean_queue:2.25
intersection:10, mean_episode_reward:-3.2762506008148193, mean_queue:1.3472222089767456
intersection:11, mean_episode_reward:-7.352915287017822, mean_queue:3.63611102104187
intersection:12, mean_episode_reward:-4.762085437774658, mean_queue:2.6194443702697754
intersection:13, mean_episode_reward:-4.8337507247924805, mean_queue:2.13611102104187
intersection:14, mean_episode_reward:-1.8404170274734497, mean_queue:1.0083333253860474
intersection:15, mean_episode_reward:-2.034167766571045, mean_queue:1.0722222328186035
Test step:17/20, travel time :159.98902027027026, rewards:-74.92333441840277, queue:2.234375, delay:0.2934077368842231, throughput:2368
step:3600/3600, q_loss:14.029463768005371, rewards:-68.92707790798612, queue:2.0442708333333335, delay:0.2912713156806098, throughput:2380
episode:18/20, real avg travel time:157.14789915966387
intersection:0, mean_episode_reward:-4.314999580383301, mean_queue:2.027777671813965
intersection:1, mean_episode_reward:-7.937085151672363, mean_queue:3.4972221851348877
intersection:2, mean_episode_reward:-5.511249542236328, mean_queue:2.75
intersection:3, mean_episode_reward:-5.772082328796387, mean_queue:2.566666603088379
intersection:4, mean_episode_reward:-4.2045817375183105, mean_queue:1.9361110925674438
intersection:5, mean_episode_reward:-2.6679165363311768, mean_queue:1.4972221851348877
intersection:6, mean_episode_reward:-2.280416965484619, mean_queue:1.149999976158142
intersection:7, mean_episode_reward:-0.930416464805603, mean_queue:0.4972222149372101
intersection:8, mean_episode_reward:-6.191665172576904, mean_queue:2.819444417953491
intersection:9, mean_episode_reward:-5.219582557678223, mean_queue:2.2861111164093018
intersection:10, mean_episode_reward:-3.1420836448669434, mean_queue:1.2999999523162842
intersection:11, mean_episode_reward:-7.652913570404053, mean_queue:3.7750000953674316
intersection:12, mean_episode_reward:-4.423748970031738, mean_queue:2.5333333015441895
intersection:13, mean_episode_reward:-4.737916946411133, mean_queue:2.1083333492279053
intersection:14, mean_episode_reward:-1.9550002813339233, mean_queue:0.980555534362793
intersection:15, mean_episode_reward:-1.9854177236557007, mean_queue:0.9833333492279053
Test step:18/20, travel time :161.11927761444772, rewards:-73.57375217013889, queue:2.2222222222222223, delay:0.2913204616970486, throughput:2381
step:3600/3600, q_loss:14.300629615783691, rewards:-68.54833441840277, queue:2.040798611111111, delay:0.28642711639404295, throughput:2380
episode:19/20, real avg travel time:156.32857142857142
intersection:0, mean_episode_reward:-4.524584770202637, mean_queue:2.069444417953491
intersection:1, mean_episode_reward:-7.876665115356445, mean_queue:3.452777862548828
intersection:2, mean_episode_reward:-5.8233323097229, mean_queue:2.8972222805023193
intersection:3, mean_episode_reward:-6.109582424163818, mean_queue:2.799999952316284
intersection:4, mean_episode_reward:-4.052917957305908, mean_queue:1.9166666269302368
intersection:5, mean_episode_reward:-2.8125009536743164, mean_queue:1.5611110925674438
intersection:6, mean_episode_reward:-2.4941670894622803, mean_queue:1.2194443941116333
intersection:7, mean_episode_reward:-0.9916664361953735, mean_queue:0.49166667461395264
intersection:8, mean_episode_reward:-6.556666374206543, mean_queue:3.0722222328186035
intersection:9, mean_episode_reward:-4.462499141693115, mean_queue:1.9222222566604614
intersection:10, mean_episode_reward:-2.8295843601226807, mean_queue:1.1722222566604614
intersection:11, mean_episode_reward:-7.828332424163818, mean_queue:3.8777778148651123
intersection:12, mean_episode_reward:-4.236668109893799, mean_queue:2.405555486679077
intersection:13, mean_episode_reward:-4.540833473205566, mean_queue:2.0888888835906982
intersection:14, mean_episode_reward:-1.581666350364685, mean_queue:0.8055555820465088
intersection:15, mean_episode_reward:-1.8266674280166626, mean_queue:0.8999999761581421
Test step:19/20, travel time :160.31257888094237, rewards:-75.79499240451389, queue:2.2276041666666666, delay:0.2929062737358941, throughput:2377
Final Travel Time is 160.0927, mean rewards: -74.0871, queue: 2.2038, delay: 0.2945, throughput: 2372
Total time taken: 739.5080125331879
