dqn	TRAIN	0	402.4	0.0	-484.40	12.62	0.45	2138
dqn	TEST	0	718.6	100.0	-1204.96	34.54	0.65	444
dqn	TRAIN	1	357.3	0.0	-431.77	11.23	0.45	2093
dqn	TEST	1	685.1	100.0	-1195.54	34.73	0.65	481
dqn	TRAIN	2	313.2	341.4	-422.55	11.36	0.46	1907
dqn	TEST	2	997.3	100.0	-1417.26	40.10	0.69	306
dqn	TRAIN	3	1162.7	271.9	-1442.45	41.10	0.66	499
dqn	TEST	3	817.1	100.0	-1229.05	37.31	0.67	477
dqn	TRAIN	4	604.2	435.0	-734.03	24.84	0.60	1363
dqn	TEST	4	611.1	100.0	-765.85	26.35	0.62	1234
dqn	TRAIN	5	592.3	634.8	-607.20	21.59	0.58	1585
dqn	TEST	5	767.7	100.0	-934.07	32.45	0.61	1042
dqn	TRAIN	6	554.5	697.5	-517.80	18.99	0.56	1811
dqn	TEST	6	819.5	100.0	-1242.03	40.25	0.66	518
dqn	TRAIN	7	551.9	691.8	-495.12	18.08	0.55	1836
dqn	TEST	7	717.5	100.0	-884.64	31.26	0.62	826
dqn	TRAIN	8	467.3	679.6	-400.07	14.89	0.54	1957
dqn	TEST	8	664.1	100.0	-950.77	32.25	0.60	876
dqn	TRAIN	9	432.0	651.3	-361.62	13.50	0.53	2055
dqn	TEST	9	690.4	100.0	-747.08	25.96	0.59	1102
dqn	TRAIN	10	413.4	631.7	-340.92	12.60	0.51	2087
dqn	TEST	10	439.0	100.0	-448.93	14.64	0.55	1700
dqn	TRAIN	11	367.3	613.9	-285.08	10.64	0.49	2152
dqn	TEST	11	364.2	100.0	-323.65	12.02	0.51	1919
dqn	TRAIN	12	351.2	563.7	-288.93	10.61	0.49	2110
dqn	TEST	12	406.2	100.0	-368.84	13.18	0.53	1740
dqn	TRAIN	13	340.7	522.9	-272.42	10.06	0.47	2100
dqn	TEST	13	498.7	100.0	-523.42	17.36	0.56	1576
dqn	TRAIN	14	313.1	494.6	-229.91	8.44	0.44	2163
dqn	TEST	14	429.6	100.0	-432.54	15.71	0.48	1813
dqn	TRAIN	15	302.1	474.3	-219.80	7.96	0.45	2221
dqn	TEST	15	601.5	100.0	-735.82	22.67	0.56	1266
dqn	TRAIN	16	280.3	455.7	-208.53	7.40	0.44	2227
dqn	TEST	16	507.6	100.0	-916.16	27.29	0.58	920
dqn	TRAIN	17	330.4	436.4	-273.81	9.41	0.45	2157
dqn	TEST	17	408.6	100.0	-406.72	14.00	0.50	1806
dqn	TRAIN	18	309.3	335.7	-239.35	8.56	0.44	2242
dqn	TEST	18	578.9	100.0	-816.53	25.14	0.58	1144
dqn	TRAIN	19	251.4	252.9	-187.96	6.41	0.41	2234
dqn	TEST	19	270.5	100.0	-184.64	6.67	0.43	2170
dqn	TRAIN	20	265.5	193.5	-203.47	7.17	0.41	2220
dqn	TEST	20	276.9	100.0	-206.53	7.55	0.43	2256
dqn	TRAIN	21	252.0	167.5	-175.27	6.19	0.39	2299
dqn	TEST	21	253.8	100.0	-186.28	6.58	0.41	2225
dqn	TRAIN	22	255.0	139.8	-179.99	6.43	0.40	2289
dqn	TEST	22	265.9	100.0	-221.68	7.51	0.41	2075
dqn	TRAIN	23	236.2	126.1	-157.37	5.60	0.39	2334
dqn	TEST	23	242.5	100.0	-169.67	5.93	0.39	2315
dqn	TRAIN	24	215.3	115.1	-138.58	4.81	0.37	2335
dqn	TEST	24	214.2	100.0	-148.21	5.20	0.38	2285
dqn	TRAIN	25	202.1	106.1	-125.58	4.36	0.36	2362
dqn	TEST	25	228.7	100.0	-161.75	5.68	0.37	2325
dqn	TRAIN	26	190.2	97.4	-112.11	3.86	0.34	2371
dqn	TEST	26	229.6	100.0	-175.39	6.07	0.39	2302
dqn	TRAIN	27	182.9	90.5	-105.46	3.57	0.33	2385
dqn	TEST	27	195.3	100.0	-129.13	4.44	0.35	2338
dqn	TRAIN	28	187.6	82.1	-109.52	3.73	0.34	2386
dqn	TEST	28	190.3	100.0	-113.11	3.76	0.34	2354
dqn	TRAIN	29	183.1	76.8	-109.58	3.64	0.33	2381
dqn	TEST	29	180.0	100.0	-105.41	3.56	0.33	2373
dqn	TRAIN	30	183.3	70.4	-105.20	3.54	0.33	2384
dqn	TEST	30	193.4	100.0	-118.21	4.02	0.33	2341
dqn	TRAIN	31	185.7	64.7	-112.98	3.74	0.33	2383
dqn	TEST	31	213.8	100.0	-165.58	5.82	0.36	2214
dqn	TRAIN	32	171.4	59.7	-96.96	3.22	0.32	2388
dqn	TEST	32	187.8	100.0	-117.55	3.99	0.33	2344
dqn	TRAIN	33	174.3	57.3	-98.67	3.25	0.32	2375
dqn	TEST	33	172.9	100.0	-96.05	3.14	0.32	2375
dqn	TRAIN	34	175.8	54.8	-98.00	3.22	0.33	2390
dqn	TEST	34	172.9	100.0	-96.52	3.18	0.32	2384
dqn	TRAIN	35	174.8	51.1	-99.10	3.23	0.33	2401
dqn	TEST	35	169.5	100.0	-93.39	3.04	0.32	2391
dqn	TRAIN	36	175.1	46.7	-101.25	3.32	0.32	2392
dqn	TEST	36	179.7	100.0	-106.21	3.46	0.34	2403
dqn	TRAIN	37	174.0	43.0	-96.53	3.16	0.32	2391
dqn	TEST	37	180.6	100.0	-103.95	3.44	0.34	2378
dqn	TRAIN	38	171.9	39.4	-95.19	3.13	0.32	2384
dqn	TEST	38	181.4	100.0	-99.76	3.32	0.33	2402
dqn	TRAIN	39	167.5	36.9	-90.88	2.96	0.32	2385
dqn	TEST	39	170.7	100.0	-91.47	3.02	0.32	2403
dqn	TRAIN	40	171.0	35.6	-90.74	2.96	0.32	2389
dqn	TEST	40	182.1	100.0	-106.49	3.48	0.33	2390
dqn	TRAIN	41	169.5	34.3	-90.63	2.94	0.32	2406
dqn	TEST	41	167.9	100.0	-90.81	2.93	0.32	2384
dqn	TRAIN	42	165.3	31.9	-87.58	2.84	0.31	2388
dqn	TEST	42	168.7	100.0	-88.44	2.92	0.31	2350
dqn	TRAIN	43	167.1	29.6	-88.32	2.84	0.32	2399
dqn	TEST	43	167.1	100.0	-88.62	2.86	0.32	2388
dqn	TRAIN	44	166.8	29.6	-88.57	2.83	0.32	2398
dqn	TEST	44	159.8	100.0	-82.49	2.62	0.31	2398
dqn	TRAIN	45	160.0	29.6	-84.54	2.72	0.31	2403
dqn	TEST	45	167.7	100.0	-88.71	2.93	0.32	2402
dqn	TRAIN	46	161.6	28.0	-84.69	2.71	0.32	2396
dqn	TEST	46	161.5	100.0	-87.26	2.73	0.31	2396
dqn	TRAIN	47	162.8	26.0	-84.15	2.67	0.31	2401
dqn	TEST	47	161.4	100.0	-82.65	2.63	0.31	2404
dqn	TRAIN	48	158.8	26.0	-79.39	2.51	0.31	2410
dqn	TEST	48	163.9	100.0	-84.70	2.72	0.32	2401
dqn	TRAIN	49	165.9	25.0	-85.58	2.72	0.32	2391
dqn	TEST	49	160.8	100.0	-81.85	2.60	0.31	2394
dqn	TRAIN	50	156.1	23.8	-80.63	2.55	0.31	2389
dqn	TEST	50	166.3	100.0	-85.46	2.81	0.31	2396
dqn	TRAIN	51	162.3	22.8	-82.82	2.64	0.31	2402
dqn	TEST	51	160.6	100.0	-83.19	2.59	0.32	2389
dqn	TRAIN	52	163.8	22.3	-85.56	2.72	0.31	2397
dqn	TEST	52	170.7	100.0	-91.97	2.95	0.32	2389
dqn	TRAIN	53	159.9	22.2	-81.18	2.61	0.31	2405
dqn	TEST	53	163.5	100.0	-83.32	2.69	0.31	2394
dqn	TRAIN	54	157.7	21.7	-80.55	2.55	0.31	2393
dqn	TEST	54	154.3	100.0	-75.43	2.39	0.30	2404
dqn	TRAIN	55	160.3	21.4	-79.71	2.54	0.31	2401
dqn	TEST	55	160.9	100.0	-83.24	2.61	0.31	2401
dqn	TRAIN	56	163.6	21.2	-83.59	2.66	0.32	2400
dqn	TEST	56	160.7	100.0	-82.34	2.61	0.31	2390
dqn	TRAIN	57	157.6	21.5	-79.86	2.54	0.31	2407
dqn	TEST	57	161.4	100.0	-84.64	2.74	0.32	2405
dqn	TRAIN	58	157.2	20.4	-79.32	2.51	0.31	2393
dqn	TEST	58	157.6	100.0	-79.72	2.53	0.31	2391
dqn	TRAIN	59	161.5	20.3	-83.01	2.64	0.31	2395
dqn	TEST	59	163.0	100.0	-84.11	2.68	0.32	2396
dqn	TRAIN	60	163.4	20.7	-88.07	2.81	0.31	2396
dqn	TEST	60	171.8	100.0	-91.60	3.00	0.32	2375
dqn	TRAIN	61	160.3	21.2	-82.05	2.61	0.31	2418
dqn	TEST	61	166.3	100.0	-86.39	2.74	0.32	2394
dqn	TRAIN	62	159.5	20.7	-82.08	2.56	0.31	2403
dqn	TEST	62	155.1	100.0	-78.11	2.47	0.30	2407
dqn	TRAIN	63	156.6	21.2	-79.22	2.51	0.30	2401
dqn	TEST	63	161.3	100.0	-80.86	2.60	0.31	2399
dqn	TRAIN	64	167.7	20.7	-88.87	2.86	0.32	2403
dqn	TEST	64	158.9	100.0	-80.86	2.58	0.30	2411
dqn	TRAIN	65	159.8	21.5	-81.74	2.56	0.31	2399
dqn	TEST	65	157.2	100.0	-77.38	2.43	0.31	2412
dqn	TRAIN	66	156.7	22.0	-79.62	2.50	0.31	2396
dqn	TEST	66	160.6	100.0	-84.39	2.62	0.30	2404
dqn	TRAIN	67	157.1	21.7	-77.97	2.46	0.31	2396
dqn	TEST	67	163.6	100.0	-84.67	2.69	0.31	2406
dqn	TRAIN	68	163.4	21.7	-82.70	2.62	0.32	2411
dqn	TEST	68	156.3	100.0	-77.47	2.45	0.30	2398
dqn	TRAIN	69	156.5	21.8	-80.95	2.52	0.30	2399
dqn	TEST	69	156.6	100.0	-77.30	2.44	0.30	2392
dqn	TRAIN	70	158.7	21.5	-81.17	2.56	0.31	2391
dqn	TEST	70	157.2	100.0	-78.51	2.46	0.30	2400
dqn	TRAIN	71	159.1	20.7	-83.96	2.65	0.31	2405
dqn	TEST	71	161.7	100.0	-84.12	2.65	0.31	2405
dqn	TRAIN	72	163.4	20.9	-83.89	2.66	0.31	2395
dqn	TEST	72	159.1	100.0	-79.84	2.53	0.30	2406
dqn	TRAIN	73	154.9	21.1	-79.56	2.52	0.30	2400
dqn	TEST	73	167.9	100.0	-89.09	2.84	0.32	2389
dqn	TRAIN	74	159.0	21.4	-79.31	2.49	0.31	2407
dqn	TEST	74	157.5	100.0	-78.09	2.48	0.30	2402
dqn	TRAIN	75	154.2	20.8	-77.31	2.42	0.30	2398
dqn	TEST	75	159.0	100.0	-80.01	2.55	0.31	2396
dqn	TRAIN	76	157.1	20.4	-80.32	2.52	0.30	2401
dqn	TEST	76	162.4	100.0	-83.06	2.65	0.31	2388
dqn	TRAIN	77	160.2	20.4	-81.42	2.54	0.31	2396
dqn	TEST	77	158.3	100.0	-82.24	2.62	0.30	2418
dqn	TRAIN	78	163.2	20.6	-86.40	2.73	0.31	2397
dqn	TEST	78	164.5	100.0	-88.28	2.83	0.31	2389
dqn	TRAIN	79	156.9	20.9	-80.06	2.52	0.31	2407
dqn	TEST	79	165.3	100.0	-84.50	2.73	0.32	2399
dqn	TRAIN	80	155.9	21.3	-76.28	2.43	0.30	2397
dqn	TEST	80	156.6	100.0	-80.72	2.54	0.30	2387
dqn	TRAIN	81	157.6	20.6	-79.79	2.55	0.30	2396
dqn	TEST	81	161.7	100.0	-84.53	2.69	0.31	2405
dqn	TRAIN	82	159.3	20.2	-81.71	2.58	0.31	2405
dqn	TEST	82	166.8	100.0	-89.76	2.83	0.31	2395
dqn	TRAIN	83	154.2	20.2	-77.60	2.47	0.30	2403
dqn	TEST	83	162.3	100.0	-84.67	2.73	0.31	2393
dqn	TRAIN	84	156.9	20.1	-78.57	2.53	0.30	2401
dqn	TEST	84	162.9	100.0	-84.77	2.74	0.31	2387
dqn	TRAIN	85	160.5	19.7	-81.76	2.63	0.31	2402
dqn	TEST	85	169.8	100.0	-90.89	2.91	0.32	2392
dqn	TRAIN	86	159.6	19.6	-80.18	2.56	0.30	2405
dqn	TEST	86	155.0	100.0	-76.54	2.45	0.30	2397
dqn	TRAIN	87	161.9	19.7	-83.14	2.66	0.31	2403
dqn	TEST	87	161.0	100.0	-82.67	2.66	0.31	2398
dqn	TRAIN	88	156.8	19.3	-80.26	2.58	0.30	2394
dqn	TEST	88	157.6	100.0	-80.57	2.51	0.31	2406
dqn	TRAIN	89	161.1	20.1	-84.00	2.65	0.31	2399
dqn	TEST	89	173.0	100.0	-91.97	2.90	0.33	2384
dqn	TRAIN	90	155.0	19.6	-78.42	2.46	0.30	2402
dqn	TEST	90	162.3	100.0	-83.09	2.63	0.31	2399
dqn	TRAIN	91	156.7	19.7	-79.12	2.48	0.30	2405
dqn	TEST	91	158.2	100.0	-77.44	2.45	0.31	2409
dqn	TRAIN	92	157.3	20.2	-80.39	2.50	0.31	2401
dqn	TEST	92	168.6	100.0	-88.23	2.75	0.33	2393
dqn	TRAIN	93	156.2	20.1	-78.66	2.48	0.31	2415
dqn	TEST	93	154.7	100.0	-76.01	2.41	0.30	2407
dqn	TRAIN	94	158.3	19.7	-82.09	2.55	0.31	2396
dqn	TEST	94	158.5	100.0	-80.15	2.51	0.31	2400
dqn	TRAIN	95	156.0	19.4	-79.04	2.44	0.31	2401
dqn	TEST	95	159.2	100.0	-79.71	2.51	0.31	2395
dqn	TRAIN	96	156.8	20.2	-77.87	2.47	0.31	2397
dqn	TEST	96	157.8	100.0	-81.48	2.58	0.30	2401
dqn	TRAIN	97	158.6	19.7	-81.96	2.56	0.31	2404
dqn	TEST	97	156.8	100.0	-78.88	2.48	0.30	2404
dqn	TRAIN	98	157.5	20.0	-80.71	2.53	0.30	2396
dqn	TEST	98	155.2	100.0	-77.36	2.46	0.30	2398
dqn	TRAIN	99	157.0	19.6	-78.09	2.46	0.31	2396
dqn	TEST	99	164.1	100.0	-83.54	2.65	0.31	2392
dqn	TRAIN	100	159.3	20.5	-78.87	2.49	0.31	2391
dqn	TEST	100	160.0	100.0	-79.73	2.57	0.31	2394
dqn	TRAIN	101	159.7	19.9	-82.03	2.57	0.31	2393
dqn	TEST	101	158.8	100.0	-78.30	2.46	0.30	2412
dqn	TRAIN	102	160.9	20.3	-80.85	2.54	0.31	2389
dqn	TEST	102	157.9	100.0	-80.93	2.54	0.31	2393
dqn	TRAIN	103	162.2	19.8	-82.99	2.61	0.31	2389
dqn	TEST	103	158.7	100.0	-79.33	2.50	0.31	2401
dqn	TRAIN	104	161.2	19.5	-83.43	2.61	0.31	2408
dqn	TEST	104	154.8	100.0	-76.23	2.43	0.31	2401
dqn	TRAIN	105	157.4	20.6	-79.75	2.52	0.30	2405
dqn	TEST	105	161.6	100.0	-84.33	2.71	0.31	2390
dqn	TRAIN	106	158.8	19.9	-80.63	2.54	0.30	2404
dqn	TEST	106	153.9	100.0	-75.81	2.44	0.30	2394
dqn	TRAIN	107	157.7	20.6	-78.55	2.47	0.30	2405
dqn	TEST	107	156.1	100.0	-78.05	2.47	0.30	2402
dqn	TRAIN	108	157.2	20.6	-82.15	2.58	0.30	2395
dqn	TEST	108	156.4	100.0	-78.46	2.44	0.30	2405
dqn	TRAIN	109	158.2	20.7	-79.60	2.49	0.30	2411
dqn	TEST	109	162.6	100.0	-83.90	2.67	0.31	2407
dqn	TRAIN	110	157.6	21.1	-78.55	2.49	0.30	2394
dqn	TEST	110	157.9	100.0	-79.01	2.48	0.31	2396
dqn	TRAIN	111	156.9	21.1	-82.29	2.57	0.30	2397
dqn	TEST	111	158.3	100.0	-81.28	2.56	0.31	2402
dqn	TRAIN	112	162.2	21.7	-82.81	2.62	0.31	2398
dqn	TEST	112	156.8	100.0	-77.53	2.45	0.30	2403
dqn	TRAIN	113	153.3	20.9	-75.90	2.37	0.30	2402
dqn	TEST	113	158.6	100.0	-82.50	2.63	0.31	2390
dqn	TRAIN	114	162.0	21.1	-83.78	2.67	0.31	2403
dqn	TEST	114	157.3	100.0	-76.31	2.42	0.31	2407
dqn	TRAIN	115	155.9	21.0	-78.84	2.49	0.30	2400
dqn	TEST	115	161.6	100.0	-79.38	2.55	0.31	2395
dqn	TRAIN	116	157.2	20.8	-81.01	2.57	0.30	2414
dqn	TEST	116	162.6	100.0	-81.63	2.62	0.31	2400
dqn	TRAIN	117	158.9	21.5	-80.79	2.57	0.31	2406
dqn	TEST	117	159.4	100.0	-81.08	2.56	0.31	2411
dqn	TRAIN	118	156.8	21.6	-79.94	2.49	0.30	2402
dqn	TEST	118	154.9	100.0	-75.47	2.39	0.30	2406
dqn	TRAIN	119	158.3	21.8	-80.78	2.54	0.30	2403
dqn	TEST	119	167.6	100.0	-89.09	2.92	0.31	2393
dqn	TRAIN	120	159.7	21.8	-81.99	2.58	0.30	2406
dqn	TEST	120	164.5	100.0	-86.21	2.78	0.31	2394
dqn	TRAIN	121	157.2	20.8	-79.99	2.54	0.30	2403
dqn	TEST	121	165.4	100.0	-87.05	2.81	0.30	2398
dqn	TRAIN	122	154.6	21.2	-77.61	2.48	0.30	2404
dqn	TEST	122	157.3	100.0	-80.43	2.55	0.30	2398
dqn	TRAIN	123	162.6	20.8	-83.66	2.67	0.31	2383
dqn	TEST	123	162.8	100.0	-86.85	2.87	0.30	2394
dqn	TRAIN	124	158.5	21.1	-81.91	2.57	0.30	2407
dqn	TEST	124	163.5	100.0	-83.72	2.70	0.31	2378
dqn	TRAIN	125	160.3	21.4	-82.52	2.61	0.31	2393
dqn	TEST	125	165.7	100.0	-85.90	2.75	0.31	2384
dqn	TRAIN	126	159.8	21.3	-82.22	2.61	0.31	2404
dqn	TEST	126	157.5	100.0	-77.80	2.46	0.31	2404
dqn	TRAIN	127	160.2	21.0	-84.57	2.70	0.30	2398
dqn	TEST	127	156.6	100.0	-79.05	2.48	0.31	2391
dqn	TRAIN	128	160.3	21.2	-82.01	2.60	0.31	2397
dqn	TEST	128	159.7	100.0	-82.09	2.57	0.30	2391
dqn	TRAIN	129	159.9	21.6	-81.29	2.59	0.30	2404
dqn	TEST	129	157.4	100.0	-79.29	2.53	0.31	2397
dqn	TRAIN	130	160.7	21.2	-80.35	2.55	0.31	2402
dqn	TEST	130	156.5	100.0	-77.73	2.44	0.31	2386
dqn	TRAIN	131	157.5	21.2	-78.53	2.47	0.31	2399
dqn	TEST	131	159.1	100.0	-80.44	2.51	0.31	2401
dqn	TRAIN	132	159.2	21.0	-81.42	2.55	0.30	2399
dqn	TEST	132	161.5	100.0	-84.40	2.64	0.31	2399
dqn	TRAIN	133	158.8	21.1	-81.18	2.54	0.30	2406
dqn	TEST	133	156.6	100.0	-79.34	2.48	0.30	2401
dqn	TRAIN	134	152.1	20.7	-77.18	2.40	0.30	2414
dqn	TEST	134	154.9	100.0	-78.32	2.44	0.30	2400
dqn	TRAIN	135	149.5	20.5	-73.87	2.30	0.30	2403
dqn	TEST	135	161.5	100.0	-83.88	2.62	0.31	2400
dqn	TRAIN	136	153.6	20.6	-74.44	2.30	0.30	2400
dqn	TEST	136	156.5	100.0	-76.50	2.40	0.30	2404
dqn	TRAIN	137	153.1	20.6	-77.03	2.39	0.30	2403
dqn	TEST	137	156.5	100.0	-79.85	2.48	0.30	2396
dqn	TRAIN	138	156.0	20.0	-80.54	2.49	0.30	2390
dqn	TEST	138	156.5	100.0	-77.98	2.41	0.30	2405
dqn	TRAIN	139	155.5	19.7	-79.92	2.50	0.30	2408
dqn	TEST	139	152.8	100.0	-76.13	2.37	0.30	2386
dqn	TRAIN	140	152.5	19.1	-74.63	2.29	0.30	2415
dqn	TEST	140	157.5	100.0	-80.55	2.46	0.30	2405
dqn	TRAIN	141	156.3	19.3	-80.10	2.46	0.30	2408
dqn	TEST	141	156.5	100.0	-76.09	2.40	0.30	2406
dqn	TRAIN	142	154.6	19.5	-76.82	2.41	0.30	2408
dqn	TEST	142	158.3	100.0	-78.07	2.47	0.30	2409
dqn	TRAIN	143	151.8	18.8	-73.31	2.27	0.30	2394
dqn	TEST	143	161.5	100.0	-85.37	2.65	0.31	2389
dqn	TRAIN	144	153.8	18.3	-78.87	2.45	0.30	2399
dqn	TEST	144	157.1	100.0	-78.68	2.44	0.30	2410
dqn	TRAIN	145	157.2	19.1	-78.53	2.44	0.30	2391
dqn	TEST	145	154.0	100.0	-74.01	2.35	0.30	2418
dqn	TRAIN	146	153.8	18.9	-76.64	2.40	0.30	2406
dqn	TEST	146	155.4	100.0	-77.39	2.41	0.30	2395
dqn	TRAIN	147	155.8	18.8	-79.90	2.49	0.30	2405
dqn	TEST	147	161.7	100.0	-82.53	2.54	0.32	2398
dqn	TRAIN	148	156.3	18.5	-80.75	2.52	0.30	2387
dqn	TEST	148	158.3	100.0	-79.64	2.51	0.30	2406
dqn	TRAIN	149	152.7	19.3	-76.80	2.39	0.30	2408
dqn	TEST	149	156.9	100.0	-79.34	2.49	0.30	2402
dqn	TRAIN	150	155.3	19.1	-76.61	2.38	0.30	2394
dqn	TEST	150	159.7	100.0	-81.84	2.54	0.30	2406
dqn	TRAIN	151	154.9	20.2	-77.37	2.46	0.30	2408
dqn	TEST	151	154.0	100.0	-78.30	2.44	0.30	2411
dqn	TRAIN	152	153.2	19.0	-76.85	2.42	0.29	2407
dqn	TEST	152	159.6	100.0	-78.78	2.52	0.30	2401
dqn	TRAIN	153	153.9	19.0	-76.41	2.39	0.30	2401
dqn	TEST	153	158.4	100.0	-78.34	2.46	0.31	2405
dqn	TRAIN	154	155.1	19.2	-77.89	2.43	0.30	2405
dqn	TEST	154	154.5	100.0	-75.75	2.37	0.30	2404
dqn	TRAIN	155	156.2	18.7	-77.53	2.44	0.30	2381
dqn	TEST	155	160.3	100.0	-82.79	2.60	0.31	2400
dqn	TRAIN	156	156.4	19.2	-77.65	2.46	0.30	2417
dqn	TEST	156	155.5	100.0	-75.47	2.38	0.31	2408
dqn	TRAIN	157	160.5	19.7	-81.33	2.54	0.30	2399
dqn	TEST	157	156.2	100.0	-78.03	2.42	0.30	2390
dqn	TRAIN	158	157.1	20.0	-75.80	2.40	0.30	2392
dqn	TEST	158	165.0	100.0	-84.59	2.71	0.31	2394
dqn	TRAIN	159	156.3	20.0	-77.48	2.42	0.30	2402
dqn	TEST	159	162.3	100.0	-83.69	2.72	0.31	2387
dqn	TRAIN	160	156.5	19.3	-76.93	2.40	0.30	2404
dqn	TEST	160	157.0	100.0	-77.19	2.41	0.31	2403
dqn	TRAIN	161	163.1	19.4	-81.00	2.54	0.31	2402
dqn	TEST	161	154.9	100.0	-74.85	2.37	0.30	2403
dqn	TRAIN	162	156.5	19.2	-76.22	2.38	0.31	2403
dqn	TEST	162	152.8	100.0	-75.14	2.35	0.30	2397
dqn	TRAIN	163	157.4	18.6	-79.13	2.44	0.31	2402
dqn	TEST	163	156.7	100.0	-79.68	2.48	0.30	2396
dqn	TRAIN	164	156.9	19.2	-78.75	2.43	0.30	2395
dqn	TEST	164	157.2	100.0	-79.80	2.53	0.30	2400
dqn	TRAIN	165	156.7	19.3	-77.98	2.42	0.30	2400
dqn	TEST	165	152.1	100.0	-74.60	2.32	0.29	2406
dqn	TRAIN	166	156.3	19.0	-77.71	2.45	0.30	2405
dqn	TEST	166	150.8	100.0	-73.11	2.28	0.29	2412
dqn	TRAIN	167	154.4	19.4	-75.97	2.37	0.30	2402
dqn	TEST	167	151.6	100.0	-74.28	2.32	0.29	2401
dqn	TRAIN	168	158.6	19.2	-78.47	2.43	0.31	2402
dqn	TEST	168	155.6	100.0	-74.85	2.34	0.30	2402
dqn	TRAIN	169	158.9	19.8	-80.54	2.51	0.30	2403
dqn	TEST	169	159.0	100.0	-80.19	2.50	0.30	2387
dqn	TRAIN	170	155.2	19.5	-77.65	2.42	0.29	2413
dqn	TEST	170	154.1	100.0	-78.06	2.39	0.30	2411
dqn	TRAIN	171	155.9	18.5	-78.38	2.45	0.30	2406
dqn	TEST	171	155.8	100.0	-75.72	2.35	0.30	2401
dqn	TRAIN	172	153.6	18.7	-76.46	2.37	0.30	2398
dqn	TEST	172	151.9	100.0	-73.46	2.28	0.29	2408
dqn	TRAIN	173	156.9	19.0	-75.61	2.37	0.31	2403
dqn	TEST	173	154.6	100.0	-75.15	2.33	0.30	2406
dqn	TRAIN	174	150.5	18.9	-71.16	2.23	0.29	2406
dqn	TEST	174	156.5	100.0	-77.08	2.40	0.30	2410
dqn	TRAIN	175	155.4	18.0	-76.96	2.39	0.30	2402
dqn	TEST	175	158.5	100.0	-78.51	2.43	0.30	2404
dqn	TRAIN	176	156.5	18.4	-77.05	2.43	0.30	2406
dqn	TEST	176	158.8	100.0	-81.43	2.58	0.30	2392
dqn	TRAIN	177	156.9	18.9	-80.57	2.52	0.30	2412
dqn	TEST	177	153.0	100.0	-75.02	2.33	0.30	2403
dqn	TRAIN	178	154.6	18.9	-78.19	2.44	0.30	2409
dqn	TEST	178	154.4	100.0	-78.25	2.50	0.29	2407
dqn	TRAIN	179	156.9	18.5	-76.99	2.43	0.30	2406
dqn	TEST	179	156.5	100.0	-76.14	2.41	0.30	2396
dqn	TRAIN	180	153.2	18.7	-75.96	2.37	0.30	2395
dqn	TEST	180	155.1	100.0	-78.19	2.46	0.30	2394
dqn	TRAIN	181	158.1	18.8	-79.39	2.50	0.30	2403
dqn	TEST	181	159.1	100.0	-80.11	2.56	0.30	2403
dqn	TRAIN	182	152.0	18.9	-74.77	2.34	0.29	2394
dqn	TEST	182	152.6	100.0	-75.50	2.37	0.30	2416
dqn	TRAIN	183	153.2	18.9	-73.89	2.31	0.29	2409
dqn	TEST	183	151.7	100.0	-73.27	2.29	0.30	2408
dqn	TRAIN	184	150.4	18.2	-73.93	2.27	0.30	2422
dqn	TEST	184	156.3	100.0	-78.37	2.41	0.30	2400
dqn	TRAIN	185	154.1	17.9	-75.78	2.38	0.30	2403
dqn	TEST	185	155.2	100.0	-76.55	2.38	0.30	2395
dqn	TRAIN	186	152.4	18.4	-76.31	2.37	0.30	2386
dqn	TEST	186	156.0	100.0	-78.91	2.46	0.31	2402
dqn	TRAIN	187	153.2	18.6	-75.25	2.38	0.30	2406
dqn	TEST	187	157.9	100.0	-76.64	2.38	0.31	2410
dqn	TRAIN	188	154.7	19.2	-75.42	2.36	0.29	2398
dqn	TEST	188	155.9	100.0	-77.47	2.45	0.30	2414
dqn	TRAIN	189	157.3	18.7	-79.24	2.51	0.30	2407
dqn	TEST	189	158.5	100.0	-78.09	2.47	0.31	2401
dqn	TRAIN	190	154.1	18.6	-74.25	2.31	0.30	2399
dqn	TEST	190	154.2	100.0	-75.70	2.35	0.30	2397
dqn	TRAIN	191	155.5	18.9	-76.37	2.39	0.30	2405
dqn	TEST	191	156.8	100.0	-78.01	2.48	0.30	2393
dqn	TRAIN	192	153.8	19.3	-75.99	2.37	0.30	2396
dqn	TEST	192	157.9	100.0	-77.78	2.45	0.30	2396
dqn	TRAIN	193	156.9	19.1	-79.67	2.49	0.30	2413
dqn	TEST	193	151.5	100.0	-75.06	2.35	0.30	2405
dqn	TRAIN	194	157.7	18.8	-79.36	2.49	0.30	2412
dqn	TEST	194	163.3	100.0	-83.87	2.68	0.31	2401
dqn	TRAIN	195	154.2	18.6	-76.09	2.40	0.29	2411
dqn	TEST	195	154.5	100.0	-77.31	2.44	0.30	2401
dqn	TRAIN	196	155.8	18.7	-79.25	2.48	0.30	2421
dqn	TEST	196	157.8	100.0	-78.80	2.48	0.30	2399
dqn	TRAIN	197	156.7	20.4	-78.31	2.45	0.30	2406
dqn	TEST	197	158.7	100.0	-79.33	2.51	0.31	2406
dqn	TRAIN	198	154.9	19.9	-77.76	2.45	0.30	2409
dqn	TEST	198	161.7	100.0	-80.86	2.60	0.31	2400
dqn	TRAIN	199	158.0	20.1	-80.02	2.50	0.30	2400
dqn	TEST	199	158.6	100.0	-80.04	2.54	0.30	2396
