step:3600/3600, q_loss:85.17530822753906, rewards:-631.5257378472222, queue:11.153483992467043, delay:0.2079335588070857, throughput:6626
episode:0/10, real avg travel time:560.0651977060066
intersection:0, mean_episode_reward:-9.186040878295898, mean_queue:17.799999237060547
intersection:1, mean_episode_reward:-6.561775207519531, mean_queue:7.041666507720947
intersection:2, mean_episode_reward:-11.34333324432373, mean_queue:12.958333015441895
intersection:3, mean_episode_reward:-6.5606255531311035, mean_queue:4.986111164093018
intersection:4, mean_episode_reward:-17.976451873779297, mean_queue:20.622222900390625
intersection:5, mean_episode_reward:-3.084047555923462, mean_queue:4.074999809265137
intersection:6, mean_episode_reward:-4.406105995178223, mean_queue:5.244444370269775
intersection:7, mean_episode_reward:-7.5608344078063965, mean_queue:15.086111068725586
intersection:8, mean_episode_reward:-3.234689712524414, mean_queue:6.269444465637207
intersection:9, mean_episode_reward:-51.4533576965332, mean_queue:27.452777862548828
intersection:10, mean_episode_reward:-47.587181091308594, mean_queue:30.63888931274414
intersection:11, mean_episode_reward:-9.102779388427734, mean_queue:6.400000095367432
intersection:12, mean_episode_reward:-6.0614447593688965, mean_queue:5.008333206176758
intersection:13, mean_episode_reward:-35.36537551879883, mean_queue:53.15833282470703
intersection:14, mean_episode_reward:-27.372772216796875, mean_queue:13.70555591583252
intersection:15, mean_episode_reward:-21.48394203186035, mean_queue:56.96111297607422
intersection:16, mean_episode_reward:-11.430011749267578, mean_queue:14.30555534362793
intersection:17, mean_episode_reward:-2.2477784156799316, mean_queue:3.36388897895813
intersection:18, mean_episode_reward:-12.3953857421875, mean_queue:21.4777774810791
intersection:19, mean_episode_reward:-5.387082099914551, mean_queue:7.219444274902344
intersection:20, mean_episode_reward:-7.186249256134033, mean_queue:11.427778244018555
intersection:21, mean_episode_reward:-0.4681943356990814, mean_queue:1.038888931274414
intersection:22, mean_episode_reward:-5.856943130493164, mean_queue:11.852777481079102
intersection:23, mean_episode_reward:-2.688957452774048, mean_queue:3.5916666984558105
intersection:24, mean_episode_reward:-3.5770843029022217, mean_queue:5.791666507720947
intersection:25, mean_episode_reward:-22.126665115356445, mean_queue:21.16111183166504
intersection:26, mean_episode_reward:-12.784256935119629, mean_queue:6.558333396911621
intersection:27, mean_episode_reward:-2.5279009342193604, mean_queue:4.394444465637207
intersection:28, mean_episode_reward:-22.271875381469727, mean_queue:15.469444274902344
intersection:29, mean_episode_reward:-38.43111801147461, mean_queue:28.84722137451172
intersection:30, mean_episode_reward:-9.384286880493164, mean_queue:11.966666221618652
intersection:31, mean_episode_reward:-3.573016405105591, mean_queue:5.886111259460449
intersection:32, mean_episode_reward:-0.46688902378082275, mean_queue:0.31388887763023376
intersection:33, mean_episode_reward:-7.08010721206665, mean_queue:17.608333587646484
intersection:34, mean_episode_reward:-3.0212769508361816, mean_queue:8.933333396911621
intersection:35, mean_episode_reward:-1.2512965202331543, mean_queue:1.9222222566604614
intersection:36, mean_episode_reward:-7.18565559387207, mean_queue:5.988888740539551
intersection:37, mean_episode_reward:-1.1188325881958008, mean_queue:1.0499999523162842
intersection:38, mean_episode_reward:-5.239813804626465, mean_queue:7.449999809265137
intersection:39, mean_episode_reward:-6.961191654205322, mean_queue:16.186111450195312
intersection:40, mean_episode_reward:-2.046668767929077, mean_queue:1.3777778148651123
intersection:41, mean_episode_reward:-3.451019048690796, mean_queue:5.038888931274414
intersection:42, mean_episode_reward:-0.4123610556125641, mean_queue:0.30000001192092896
intersection:43, mean_episode_reward:-8.148942947387695, mean_queue:17.438888549804688
intersection:44, mean_episode_reward:-2.263820171356201, mean_queue:6.452777862548828
intersection:45, mean_episode_reward:-6.062782287597656, mean_queue:9.233333587646484
intersection:46, mean_episode_reward:-8.907500267028809, mean_queue:5.949999809265137
intersection:47, mean_episode_reward:-10.321768760681152, mean_queue:9.675000190734863
intersection:48, mean_episode_reward:-1.97079336643219, mean_queue:4.294444561004639
intersection:49, mean_episode_reward:-0.38666677474975586, mean_queue:0.41111111640930176
intersection:50, mean_episode_reward:-0.18129630386829376, mean_queue:0.2944444417953491
intersection:51, mean_episode_reward:0.0, mean_queue:0.0
intersection:52, mean_episode_reward:-0.22611109912395477, mean_queue:0.22499999403953552
intersection:53, mean_episode_reward:-0.32233330607414246, mean_queue:0.26944443583488464
intersection:54, mean_episode_reward:-5.835000991821289, mean_queue:1.9305555820465088
intersection:55, mean_episode_reward:-41.27362823486328, mean_queue:28.136110305786133
intersection:56, mean_episode_reward:-1.612499475479126, mean_queue:2.9472222328186035
intersection:57, mean_episode_reward:-3.0271527767181396, mean_queue:6.686110973358154
intersection:58, mean_episode_reward:-72.07278442382812, mean_queue:36.18055725097656
step:3600/3600, q_loss:90.74362182617188, rewards:-489.96440972222223, queue:8.114830508474576, delay:0.17200596696239406, throughput:7729
episode:1/10, real avg travel time:415.509380256178
intersection:0, mean_episode_reward:-2.198749542236328, mean_queue:5.413888931274414
intersection:1, mean_episode_reward:-5.10589075088501, mean_queue:4.577777862548828
intersection:2, mean_episode_reward:-30.158897399902344, mean_queue:32.84722137451172
intersection:3, mean_episode_reward:-4.978332996368408, mean_queue:3.9194445610046387
intersection:4, mean_episode_reward:-0.9904755353927612, mean_queue:0.675000011920929
intersection:5, mean_episode_reward:-0.8795233964920044, mean_queue:1.5722222328186035
intersection:6, mean_episode_reward:-7.165740489959717, mean_queue:10.061111450195312
intersection:7, mean_episode_reward:-7.038886070251465, mean_queue:14.063888549804688
intersection:8, mean_episode_reward:-2.2980246543884277, mean_queue:4.888888835906982
intersection:9, mean_episode_reward:-46.521854400634766, mean_queue:23.48611068725586
intersection:10, mean_episode_reward:-49.83475112915039, mean_queue:30.869443893432617
intersection:11, mean_episode_reward:-7.420138359069824, mean_queue:5.27222204208374
intersection:12, mean_episode_reward:-5.585556983947754, mean_queue:4.266666889190674
intersection:13, mean_episode_reward:-25.806886672973633, mean_queue:38.344444274902344
intersection:14, mean_episode_reward:-25.794445037841797, mean_queue:12.916666984558105
intersection:15, mean_episode_reward:-16.736787796020508, mean_queue:42.84166717529297
intersection:16, mean_episode_reward:-9.723549842834473, mean_queue:12.16944408416748
intersection:17, mean_episode_reward:-0.11907413601875305, mean_queue:0.20000000298023224
intersection:18, mean_episode_reward:-9.171669960021973, mean_queue:18.766666412353516
intersection:19, mean_episode_reward:-2.3650689125061035, mean_queue:3.230555534362793
intersection:20, mean_episode_reward:-7.643192768096924, mean_queue:12.241666793823242
intersection:21, mean_episode_reward:-0.28203707933425903, mean_queue:0.675000011920929
intersection:22, mean_episode_reward:-4.111666202545166, mean_queue:8.788888931274414
intersection:23, mean_episode_reward:-1.2483329772949219, mean_queue:1.5444444417953491
intersection:24, mean_episode_reward:-1.9249998331069946, mean_queue:2.741666555404663
intersection:25, mean_episode_reward:-14.133612632751465, mean_queue:12.097222328186035
intersection:26, mean_episode_reward:-13.973883628845215, mean_queue:6.875
intersection:27, mean_episode_reward:-0.7083951234817505, mean_queue:1.2388888597488403
intersection:28, mean_episode_reward:-18.39569854736328, mean_queue:12.313888549804688
intersection:29, mean_episode_reward:-31.029991149902344, mean_queue:23.244443893432617
intersection:30, mean_episode_reward:-13.819169044494629, mean_queue:17.325000762939453
intersection:31, mean_episode_reward:-3.680633783340454, mean_queue:6.038888931274414
intersection:32, mean_episode_reward:-0.35022231936454773, mean_queue:0.3027777671813965
intersection:33, mean_episode_reward:-2.597221612930298, mean_queue:6.455555438995361
intersection:34, mean_episode_reward:-2.017277240753174, mean_queue:6.119444370269775
intersection:35, mean_episode_reward:-0.021851852536201477, mean_queue:0.06666667014360428
intersection:36, mean_episode_reward:-2.0180001258850098, mean_queue:1.6833332777023315
intersection:37, mean_episode_reward:-0.6741663813591003, mean_queue:0.6638888716697693
intersection:38, mean_episode_reward:-1.342592477798462, mean_queue:2.055555582046509
intersection:39, mean_episode_reward:-2.6685714721679688, mean_queue:6.1972222328186035
intersection:40, mean_episode_reward:-2.7255585193634033, mean_queue:2.777777671813965
intersection:41, mean_episode_reward:-1.8368513584136963, mean_queue:2.547222137451172
intersection:42, mean_episode_reward:-0.15472225844860077, mean_queue:0.125
intersection:43, mean_episode_reward:-2.0314807891845703, mean_queue:3.4111111164093018
intersection:44, mean_episode_reward:-1.145763635635376, mean_queue:3.163888931274414
intersection:45, mean_episode_reward:-1.0009126663208008, mean_queue:1.119444489479065
intersection:46, mean_episode_reward:-0.6758334040641785, mean_queue:0.5277777910232544
intersection:47, mean_episode_reward:-8.781445503234863, mean_queue:8.277777671813965
intersection:48, mean_episode_reward:-0.9869444966316223, mean_queue:2.11388897895813
intersection:49, mean_episode_reward:-0.009999998845160007, mean_queue:0.013888888992369175
intersection:50, mean_episode_reward:-0.008703703992068768, mean_queue:0.01666666753590107
intersection:51, mean_episode_reward:-1.9458333253860474, mean_queue:1.9527777433395386
intersection:52, mean_episode_reward:0.0, mean_queue:0.0
intersection:53, mean_episode_reward:-0.058666668832302094, mean_queue:0.04444444552063942
intersection:54, mean_episode_reward:-1.2483338117599487, mean_queue:0.6027777791023254
intersection:55, mean_episode_reward:-11.110002517700195, mean_queue:6.747222423553467
intersection:56, mean_episode_reward:-1.2655154466629028, mean_queue:2.383333444595337
intersection:57, mean_episode_reward:-4.454825401306152, mean_queue:9.755555152893066
intersection:58, mean_episode_reward:-67.98722839355469, mean_queue:34.141666412353516
step:3600/3600, q_loss:74.99864959716797, rewards:-460.1032986111111, queue:7.374199623352165, delay:0.15608935454919962, throughput:7837
episode:2/10, real avg travel time:387.32997320403217
intersection:0, mean_episode_reward:-2.9364569187164307, mean_queue:7.27222204208374
intersection:1, mean_episode_reward:-6.816329479217529, mean_queue:6.480555534362793
intersection:2, mean_episode_reward:-1.0620003938674927, mean_queue:1.3055555820465088
intersection:3, mean_episode_reward:-0.8316666483879089, mean_queue:0.824999988079071
intersection:4, mean_episode_reward:-0.6966665387153625, mean_queue:0.5166666507720947
intersection:5, mean_episode_reward:-1.844285249710083, mean_queue:4.105555534362793
intersection:6, mean_episode_reward:-0.6755556464195251, mean_queue:0.9583333134651184
intersection:7, mean_episode_reward:-6.335555076599121, mean_queue:12.70555591583252
intersection:8, mean_episode_reward:-1.496914029121399, mean_queue:3.1694445610046387
intersection:9, mean_episode_reward:-53.42463684082031, mean_queue:27.136110305786133
intersection:10, mean_episode_reward:-60.04924011230469, mean_queue:36.161109924316406
intersection:11, mean_episode_reward:-10.181249618530273, mean_queue:7.161110877990723
intersection:12, mean_episode_reward:-0.9887776970863342, mean_queue:0.8416666388511658
intersection:13, mean_episode_reward:-17.751771926879883, mean_queue:25.950000762939453
intersection:14, mean_episode_reward:-27.917217254638672, mean_queue:13.969444274902344
intersection:15, mean_episode_reward:-19.393230438232422, mean_queue:49.67777633666992
intersection:16, mean_episode_reward:-7.666003227233887, mean_queue:9.583333015441895
intersection:17, mean_episode_reward:-0.0990741103887558, mean_queue:0.15555556118488312
intersection:18, mean_episode_reward:-8.466423034667969, mean_queue:19.130556106567383
intersection:19, mean_episode_reward:-2.387638568878174, mean_queue:3.133333444595337
intersection:20, mean_episode_reward:-7.612428665161133, mean_queue:11.375
intersection:21, mean_episode_reward:-0.49828702211380005, mean_queue:1.1222221851348877
intersection:22, mean_episode_reward:-3.83843731880188, mean_queue:8.38888931274414
intersection:23, mean_episode_reward:-1.2391669750213623, mean_queue:1.6416666507720947
intersection:24, mean_episode_reward:-0.41027799248695374, mean_queue:0.7805555462837219
intersection:25, mean_episode_reward:-3.569167137145996, mean_queue:2.36388897895813
intersection:26, mean_episode_reward:-10.813702583312988, mean_queue:5.4277777671813965
intersection:27, mean_episode_reward:-0.8646916151046753, mean_queue:1.5333333015441895
intersection:28, mean_episode_reward:-18.89131736755371, mean_queue:12.791666984558105
intersection:29, mean_episode_reward:-25.350740432739258, mean_queue:19.066667556762695
intersection:30, mean_episode_reward:-17.49654197692871, mean_queue:22.058332443237305
intersection:31, mean_episode_reward:-5.664763450622559, mean_queue:9.550000190734863
intersection:32, mean_episode_reward:-0.24355556070804596, mean_queue:0.21388888359069824
intersection:33, mean_episode_reward:-2.323111057281494, mean_queue:5.766666889190674
intersection:34, mean_episode_reward:-1.8991389274597168, mean_queue:5.855555534362793
intersection:35, mean_episode_reward:-0.007407407741993666, mean_queue:0.01666666753590107
intersection:36, mean_episode_reward:-2.4343323707580566, mean_queue:2.0250000953674316
intersection:37, mean_episode_reward:-2.868499517440796, mean_queue:2.88611102104187
intersection:38, mean_episode_reward:-1.3592588901519775, mean_queue:2.1472222805023193
intersection:39, mean_episode_reward:-3.34857177734375, mean_queue:7.780555725097656
intersection:40, mean_episode_reward:-0.6537780165672302, mean_queue:0.7944444417953491
intersection:41, mean_episode_reward:-3.248103141784668, mean_queue:4.47777795791626
intersection:42, mean_episode_reward:-0.12277780473232269, mean_queue:0.08611111342906952
intersection:43, mean_episode_reward:-2.5092594623565674, mean_queue:4.797222137451172
intersection:44, mean_episode_reward:-0.6795138120651245, mean_queue:2.030555486679077
intersection:45, mean_episode_reward:-0.7975791096687317, mean_queue:0.9888888597488403
intersection:46, mean_episode_reward:-0.7102779150009155, mean_queue:0.5638889074325562
intersection:47, mean_episode_reward:-9.118887901306152, mean_queue:8.522222518920898
intersection:48, mean_episode_reward:-0.9173405766487122, mean_queue:2.019444465637207
intersection:49, mean_episode_reward:-0.025000005960464478, mean_queue:0.03611111268401146
intersection:50, mean_episode_reward:-0.0029629631899297237, mean_queue:0.011111111380159855
intersection:51, mean_episode_reward:0.0, mean_queue:0.0
intersection:52, mean_episode_reward:-0.10277777910232544, mean_queue:0.10277777910232544
intersection:53, mean_episode_reward:-0.041999995708465576, mean_queue:0.03611111268401146
intersection:54, mean_episode_reward:-8.573888778686523, mean_queue:2.61388897895813
intersection:55, mean_episode_reward:-3.713888645172119, mean_queue:2.3611111640930176
intersection:56, mean_episode_reward:-4.855195999145508, mean_queue:7.800000190734863
intersection:57, mean_episode_reward:-1.9064933061599731, mean_queue:4.386111259460449
intersection:58, mean_episode_reward:-80.36943054199219, mean_queue:40.4194450378418
step:3600/3600, q_loss:66.9798812866211, rewards:-443.47647569444445, queue:6.958615819209039, delay:0.15228773788768243, throughput:7975
episode:3/10, real avg travel time:366.4116614420063
intersection:0, mean_episode_reward:-2.4327080249786377, mean_queue:6.066666603088379
intersection:1, mean_episode_reward:-8.515559196472168, mean_queue:7.297222137451172
intersection:2, mean_episode_reward:-0.4071112871170044, mean_queue:0.5611110925674438
intersection:3, mean_episode_reward:-0.7779165506362915, mean_queue:0.8388888835906982
intersection:4, mean_episode_reward:-1.986190676689148, mean_queue:1.8583333492279053
intersection:5, mean_episode_reward:-2.373570203781128, mean_queue:3.6472222805023193
intersection:6, mean_episode_reward:-0.17555561661720276, mean_queue:0.2083333283662796
intersection:7, mean_episode_reward:-6.108055114746094, mean_queue:12.23888874053955
intersection:8, mean_episode_reward:-1.2649388313293457, mean_queue:2.694444417953491
intersection:9, mean_episode_reward:-52.504615783691406, mean_queue:26.419445037841797
intersection:10, mean_episode_reward:-57.836463928222656, mean_queue:35.24166488647461
intersection:11, mean_episode_reward:-8.975833892822266, mean_queue:6.361111164093018
intersection:12, mean_episode_reward:-4.263000011444092, mean_queue:3.299999952316284
intersection:13, mean_episode_reward:-14.940388679504395, mean_queue:21.450000762939453
intersection:14, mean_episode_reward:-28.03833770751953, mean_queue:14.041666984558105
intersection:15, mean_episode_reward:-18.85666275024414, mean_queue:48.19166564941406
intersection:16, mean_episode_reward:-7.192224025726318, mean_queue:8.997221946716309
intersection:17, mean_episode_reward:-0.11685191094875336, mean_queue:0.20000000298023224
intersection:18, mean_episode_reward:-7.250696659088135, mean_queue:16.844444274902344
intersection:19, mean_episode_reward:-2.0420830249786377, mean_queue:2.6500000953674316
intersection:20, mean_episode_reward:-7.692359924316406, mean_queue:11.625
intersection:21, mean_episode_reward:-0.9806482195854187, mean_queue:2.077777862548828
intersection:22, mean_episode_reward:-3.653298854827881, mean_queue:8.0
intersection:23, mean_episode_reward:-1.3761111497879028, mean_queue:1.6527777910232544
intersection:24, mean_episode_reward:-0.37319445610046387, mean_queue:0.7527777552604675
intersection:25, mean_episode_reward:-1.9844447374343872, mean_queue:1.3833333253860474
intersection:26, mean_episode_reward:-11.059259414672852, mean_queue:5.574999809265137
intersection:27, mean_episode_reward:-0.981357753276825, mean_queue:1.769444465637207
intersection:28, mean_episode_reward:-16.90443992614746, mean_queue:11.76388931274414
intersection:29, mean_episode_reward:-25.287782669067383, mean_queue:19.04166603088379
intersection:30, mean_episode_reward:-13.795833587646484, mean_queue:17.497222900390625
intersection:31, mean_episode_reward:-5.3215861320495605, mean_queue:8.933333396911621
intersection:32, mean_episode_reward:-0.17500004172325134, mean_queue:0.12777778506278992
intersection:33, mean_episode_reward:-2.4663333892822266, mean_queue:6.066666603088379
intersection:34, mean_episode_reward:-1.901944875717163, mean_queue:5.949999809265137
intersection:35, mean_episode_reward:-0.004814814776182175, mean_queue:0.01666666753590107
intersection:36, mean_episode_reward:-1.7973328828811646, mean_queue:1.505555510520935
intersection:37, mean_episode_reward:-1.2271665334701538, mean_queue:1.538888931274414
intersection:38, mean_episode_reward:-1.4498149156570435, mean_queue:2.299999952316284
intersection:39, mean_episode_reward:-3.1075005531311035, mean_queue:7.211111068725586
intersection:40, mean_episode_reward:-0.5724448561668396, mean_queue:0.6305555701255798
intersection:41, mean_episode_reward:-2.698286533355713, mean_queue:3.7083332538604736
intersection:42, mean_episode_reward:-0.1606944501399994, mean_queue:0.10555555671453476
intersection:43, mean_episode_reward:-1.357092261314392, mean_queue:2.722222328186035
intersection:44, mean_episode_reward:-0.597777783870697, mean_queue:1.7944444417953491
intersection:45, mean_episode_reward:-0.8905555009841919, mean_queue:0.9972222447395325
intersection:46, mean_episode_reward:-0.7066671848297119, mean_queue:0.6166666746139526
intersection:47, mean_episode_reward:-9.617561340332031, mean_queue:9.225000381469727
intersection:48, mean_episode_reward:-1.1252779960632324, mean_queue:2.4194445610046387
intersection:49, mean_episode_reward:-0.009166667237877846, mean_queue:0.01944444514811039
intersection:50, mean_episode_reward:-0.0018518519354984164, mean_queue:0.0027777778450399637
intersection:51, mean_episode_reward:0.0, mean_queue:0.0
intersection:52, mean_episode_reward:-0.06222221627831459, mean_queue:0.06666667014360428
intersection:53, mean_episode_reward:-0.028999995440244675, mean_queue:0.03055555559694767
intersection:54, mean_episode_reward:-10.021110534667969, mean_queue:3.0722222328186035
intersection:55, mean_episode_reward:-3.0958337783813477, mean_queue:2.105555534362793
intersection:56, mean_episode_reward:-3.337022542953491, mean_queue:6.047222137451172
intersection:57, mean_episode_reward:-1.2454510927200317, mean_queue:2.672222137451172
intersection:58, mean_episode_reward:-80.34943389892578, mean_queue:40.42499923706055
step:3600/3600, q_loss:62.50129318237305, rewards:-416.62586805555554, queue:6.615677966101695, delay:0.14745028221001058, throughput:8557
episode:4/10, real avg travel time:439.8764754002571
intersection:0, mean_episode_reward:-2.6365621089935303, mean_queue:6.761111259460449
intersection:1, mean_episode_reward:-7.656442642211914, mean_queue:6.613888740539551
intersection:2, mean_episode_reward:-0.44866710901260376, mean_queue:0.6166666746139526
intersection:3, mean_episode_reward:-2.346041679382324, mean_queue:2.027777671813965
intersection:4, mean_episode_reward:-0.49452391266822815, mean_queue:0.3305555582046509
intersection:5, mean_episode_reward:-1.8149996995925903, mean_queue:3.9166667461395264
intersection:6, mean_episode_reward:-0.1725926697254181, mean_queue:0.18333333730697632
intersection:7, mean_episode_reward:-6.234445571899414, mean_queue:12.483333587646484
intersection:8, mean_episode_reward:-1.2770367860794067, mean_queue:2.674999952316284
intersection:9, mean_episode_reward:-48.66166305541992, mean_queue:25.03333282470703
intersection:10, mean_episode_reward:-49.76506042480469, mean_queue:30.933332443237305
intersection:11, mean_episode_reward:-6.6756978034973145, mean_queue:4.733333110809326
intersection:12, mean_episode_reward:-1.5594439506530762, mean_queue:1.4305555820465088
intersection:13, mean_episode_reward:-16.594053268432617, mean_queue:24.09722137451172
intersection:14, mean_episode_reward:-24.220556259155273, mean_queue:12.08055591583252
intersection:15, mean_episode_reward:-18.427352905273438, mean_queue:47.266666412353516
intersection:16, mean_episode_reward:-6.222889423370361, mean_queue:7.699999809265137
intersection:17, mean_episode_reward:-0.13444450497627258, mean_queue:0.23888888955116272
intersection:18, mean_episode_reward:-6.937811374664307, mean_queue:16.08888816833496
intersection:19, mean_episode_reward:-2.007500410079956, mean_queue:2.6500000953674316
intersection:20, mean_episode_reward:-6.453958511352539, mean_queue:9.247221946716309
intersection:21, mean_episode_reward:-0.29472213983535767, mean_queue:0.7138888835906982
intersection:22, mean_episode_reward:-3.208125114440918, mean_queue:6.994444370269775
intersection:23, mean_episode_reward:-1.4926389455795288, mean_queue:1.8138889074325562
intersection:24, mean_episode_reward:-0.3079167902469635, mean_queue:0.625
intersection:25, mean_episode_reward:-7.1202311515808105, mean_queue:4.991666793823242
intersection:26, mean_episode_reward:-10.977775573730469, mean_queue:5.5333333015441895
intersection:27, mean_episode_reward:-0.8106789588928223, mean_queue:1.4555555582046509
intersection:28, mean_episode_reward:-17.79694366455078, mean_queue:12.183333396911621
intersection:29, mean_episode_reward:-19.362585067749023, mean_queue:14.533333778381348
intersection:30, mean_episode_reward:-9.170121192932129, mean_queue:12.20555591583252
intersection:31, mean_episode_reward:-5.002222537994385, mean_queue:8.211111068725586
intersection:32, mean_episode_reward:-0.44955557584762573, mean_queue:0.4583333432674408
intersection:33, mean_episode_reward:-2.5530009269714355, mean_queue:6.313889026641846
intersection:34, mean_episode_reward:-1.828777551651001, mean_queue:5.636111259460449
intersection:35, mean_episode_reward:-0.011666667647659779, mean_queue:0.02500000037252903
intersection:36, mean_episode_reward:-2.521667242050171, mean_queue:2.0999999046325684
intersection:37, mean_episode_reward:-1.7666665315628052, mean_queue:1.9861111640930176
intersection:38, mean_episode_reward:-1.196481466293335, mean_queue:1.961111068725586
intersection:39, mean_episode_reward:-3.0244038105010986, mean_queue:7.005555629730225
intersection:40, mean_episode_reward:-0.32844457030296326, mean_queue:0.3083333373069763
intersection:41, mean_episode_reward:-1.738842487335205, mean_queue:2.2750000953674316
intersection:42, mean_episode_reward:-0.1411111205816269, mean_queue:0.11388888955116272
intersection:43, mean_episode_reward:-1.6485555171966553, mean_queue:3.219444513320923
intersection:44, mean_episode_reward:-0.6295137405395508, mean_queue:1.836111068725586
intersection:45, mean_episode_reward:-1.4073017835617065, mean_queue:1.8583333492279053
intersection:46, mean_episode_reward:-0.9311114549636841, mean_queue:0.8305555582046509
intersection:47, mean_episode_reward:-9.377668380737305, mean_queue:9.266666412353516
intersection:48, mean_episode_reward:-0.9605949521064758, mean_queue:2.0638887882232666
intersection:49, mean_episode_reward:-0.022777775302529335, mean_queue:0.03611111268401146
intersection:50, mean_episode_reward:-0.005000000353902578, mean_queue:0.013888888992369175
intersection:51, mean_episode_reward:0.0, mean_queue:0.0
intersection:52, mean_episode_reward:-0.02388888970017433, mean_queue:0.02500000037252903
intersection:53, mean_episode_reward:-0.05666666477918625, mean_queue:0.03611111268401146
intersection:54, mean_episode_reward:-1.1944444179534912, mean_queue:0.5444444417953491
intersection:55, mean_episode_reward:-10.540278434753418, mean_queue:7.544444561004639
intersection:56, mean_episode_reward:-1.6228580474853516, mean_queue:2.952777862548828
intersection:57, mean_episode_reward:-1.2883336544036865, mean_queue:2.7833333015441895
intersection:58, mean_episode_reward:-85.07054138183594, mean_queue:42.761112213134766
step:3600/3600, q_loss:65.05309295654297, rewards:-282.71002604166665, queue:4.786676082862524, delay:0.13183158113009064, throughput:9537
episode:5/10, real avg travel time:345.96099402327775
intersection:0, mean_episode_reward:-2.6662492752075195, mean_queue:6.741666793823242
intersection:1, mean_episode_reward:-1.428109884262085, mean_queue:0.7972221970558167
intersection:2, mean_episode_reward:-0.40488916635513306, mean_queue:0.5611110925674438
intersection:3, mean_episode_reward:-0.4520832896232605, mean_queue:0.4972222149372101
intersection:4, mean_episode_reward:-1.3878570795059204, mean_queue:1.3138889074325562
intersection:5, mean_episode_reward:-1.4360709190368652, mean_queue:2.7055554389953613
intersection:6, mean_episode_reward:-0.18111112713813782, mean_queue:0.21944443881511688
intersection:7, mean_episode_reward:-3.7348601818084717, mean_queue:7.391666889190674
intersection:8, mean_episode_reward:-1.1790127754211426, mean_queue:2.5027778148651123
intersection:9, mean_episode_reward:-3.5440731048583984, mean_queue:1.9333332777023315
intersection:10, mean_episode_reward:-34.89193344116211, mean_queue:21.255556106567383
intersection:11, mean_episode_reward:-1.1659719944000244, mean_queue:0.9083333611488342
intersection:12, mean_episode_reward:-0.9481112360954285, mean_queue:0.8388888835906982
intersection:13, mean_episode_reward:-18.926166534423828, mean_queue:27.77777862548828
intersection:14, mean_episode_reward:-8.272226333618164, mean_queue:4.061110973358154
intersection:15, mean_episode_reward:-19.70010757446289, mean_queue:50.69166564941406
intersection:16, mean_episode_reward:-2.0548906326293945, mean_queue:2.549999952316284
intersection:17, mean_episode_reward:-0.14000003039836884, mean_queue:0.22499999403953552
intersection:18, mean_episode_reward:-1.2034027576446533, mean_queue:2.075000047683716
intersection:19, mean_episode_reward:-2.0366671085357666, mean_queue:2.680555582046509
intersection:20, mean_episode_reward:-2.6619439125061035, mean_queue:4.94444465637207
intersection:21, mean_episode_reward:-0.2660186290740967, mean_queue:0.6333333253860474
intersection:22, mean_episode_reward:-0.7865971326828003, mean_queue:1.725000023841858
intersection:23, mean_episode_reward:-1.434027910232544, mean_queue:1.836111068725586
intersection:24, mean_episode_reward:-0.1783333271741867, mean_queue:0.36666667461395264
intersection:25, mean_episode_reward:-9.473471641540527, mean_queue:5.266666889190674
intersection:26, mean_episode_reward:-10.491479873657227, mean_queue:5.324999809265137
intersection:27, mean_episode_reward:-0.9396911859512329, mean_queue:1.663888931274414
intersection:28, mean_episode_reward:-17.727083206176758, mean_queue:12.102777481079102
intersection:29, mean_episode_reward:-7.208148002624512, mean_queue:5.324999809265137
intersection:30, mean_episode_reward:-2.2195236682891846, mean_queue:3.25
intersection:31, mean_episode_reward:-2.4303181171417236, mean_queue:3.9083333015441895
intersection:32, mean_episode_reward:-0.2855556011199951, mean_queue:0.25
intersection:33, mean_episode_reward:-2.4671106338500977, mean_queue:6.0916666984558105
intersection:34, mean_episode_reward:-1.958583950996399, mean_queue:6.036110877990723
intersection:35, mean_episode_reward:-0.0020370371639728546, mean_queue:0.0055555556900799274
intersection:36, mean_episode_reward:-0.5113334059715271, mean_queue:0.4277777671813965
intersection:37, mean_episode_reward:-2.6150004863739014, mean_queue:2.9194445610046387
intersection:38, mean_episode_reward:-1.210555076599121, mean_queue:2.0
intersection:39, mean_episode_reward:-3.058095932006836, mean_queue:7.05555534362793
intersection:40, mean_episode_reward:-0.4115556478500366, mean_queue:0.3888888955116272
intersection:41, mean_episode_reward:-0.9521757364273071, mean_queue:1.163888931274414
intersection:42, mean_episode_reward:-0.09416667371988297, mean_queue:0.06666667014360428
intersection:43, mean_episode_reward:-1.742499589920044, mean_queue:3.2666666507720947
intersection:44, mean_episode_reward:-0.5712499022483826, mean_queue:1.7000000476837158
intersection:45, mean_episode_reward:-3.560556650161743, mean_queue:4.622222423553467
intersection:46, mean_episode_reward:-0.7875003218650818, mean_queue:0.6000000238418579
intersection:47, mean_episode_reward:-9.914669036865234, mean_queue:9.73888874053955
intersection:48, mean_episode_reward:-1.070237636566162, mean_queue:2.316666603088379
intersection:49, mean_episode_reward:-0.011111111380159855, mean_queue:0.02222222276031971
intersection:50, mean_episode_reward:-0.0016666667070239782, mean_queue:0.0027777778450399637
intersection:51, mean_episode_reward:0.0, mean_queue:0.0
intersection:52, mean_episode_reward:-0.054999999701976776, mean_queue:0.0555555559694767
intersection:53, mean_episode_reward:-0.04933333024382591, mean_queue:0.03888889029622078
intersection:54, mean_episode_reward:-0.5116667151451111, mean_queue:0.23055554926395416
intersection:55, mean_episode_reward:-3.8987512588500977, mean_queue:2.8111112117767334
intersection:56, mean_episode_reward:-1.1504764556884766, mean_queue:2.269444465637207
intersection:57, mean_episode_reward:-1.1404166221618652, mean_queue:2.4361112117767334
intersection:58, mean_episode_reward:-83.10831451416016, mean_queue:41.82222366333008
step:3600/3600, q_loss:64.6961441040039, rewards:-278.64299045138887, queue:5.000847457627119, delay:0.13638979234713394, throughput:9347
episode:6/10, real avg travel time:391.32994543703865
intersection:0, mean_episode_reward:-2.525728702545166, mean_queue:6.472222328186035
intersection:1, mean_episode_reward:-1.4006659984588623, mean_queue:0.9972222447395325
intersection:2, mean_episode_reward:-0.3726668953895569, mean_queue:0.5611110925674438
intersection:3, mean_episode_reward:-0.39437493681907654, mean_queue:0.46388888359069824
intersection:4, mean_episode_reward:-0.7857141494750977, mean_queue:0.5944444537162781
intersection:5, mean_episode_reward:-1.3871430158615112, mean_queue:2.905555486679077
intersection:6, mean_episode_reward:-0.220370352268219, mean_queue:0.23888888955116272
intersection:7, mean_episode_reward:-4.39263916015625, mean_queue:8.69444465637207
intersection:8, mean_episode_reward:-1.1935805082321167, mean_queue:2.5222222805023193
intersection:9, mean_episode_reward:-4.964445114135742, mean_queue:2.6472222805023193
intersection:10, mean_episode_reward:-10.040156364440918, mean_queue:8.58055591583252
intersection:11, mean_episode_reward:-1.2633334398269653, mean_queue:0.9750000238418579
intersection:12, mean_episode_reward:-1.116222620010376, mean_queue:1.024999976158142
intersection:13, mean_episode_reward:-18.29116439819336, mean_queue:26.899999618530273
intersection:14, mean_episode_reward:-7.210552215576172, mean_queue:3.4861111640930176
intersection:15, mean_episode_reward:-19.27457046508789, mean_queue:49.386112213134766
intersection:16, mean_episode_reward:-2.0239994525909424, mean_queue:2.4777777194976807
intersection:17, mean_episode_reward:-0.1138889342546463, mean_queue:0.1944444477558136
intersection:18, mean_episode_reward:-3.9590978622436523, mean_queue:8.008333206176758
intersection:19, mean_episode_reward:-2.2015976905822754, mean_queue:2.902777671813965
intersection:20, mean_episode_reward:-4.07479190826416, mean_queue:7.4083333015441895
intersection:21, mean_episode_reward:-0.3140741288661957, mean_queue:0.769444465637207
intersection:22, mean_episode_reward:-2.106388568878174, mean_queue:4.358333110809326
intersection:23, mean_episode_reward:-1.4851391315460205, mean_queue:1.8916666507720947
intersection:24, mean_episode_reward:-0.14097222685813904, mean_queue:0.25
intersection:25, mean_episode_reward:-11.137775421142578, mean_queue:6.3416666984558105
intersection:26, mean_episode_reward:-11.898886680603027, mean_queue:6.008333206176758
intersection:27, mean_episode_reward:-0.8506786823272705, mean_queue:1.5166666507720947
intersection:28, mean_episode_reward:-18.905275344848633, mean_queue:12.911110877990723
intersection:29, mean_episode_reward:-4.679998874664307, mean_queue:3.4777777194976807
intersection:30, mean_episode_reward:-15.19690227508545, mean_queue:18.22222137451172
intersection:31, mean_episode_reward:-2.0201575756073, mean_queue:3.047222137451172
intersection:32, mean_episode_reward:-0.18166668713092804, mean_queue:0.13333334028720856
intersection:33, mean_episode_reward:-2.4111104011535645, mean_queue:5.936110973358154
intersection:34, mean_episode_reward:-1.8269721269607544, mean_queue:5.6777777671813965
intersection:35, mean_episode_reward:-0.00888888817280531, mean_queue:0.02222222276031971
intersection:36, mean_episode_reward:-1.8833332061767578, mean_queue:1.5694444179534912
intersection:37, mean_episode_reward:-2.0929999351501465, mean_queue:2.2916667461395264
intersection:38, mean_episode_reward:-1.416110634803772, mean_queue:2.2944445610046387
intersection:39, mean_episode_reward:-2.8391661643981934, mean_queue:6.597222328186035
intersection:40, mean_episode_reward:-0.3195555508136749, mean_queue:0.2944444417953491
intersection:41, mean_episode_reward:-0.964953601360321, mean_queue:1.255555510520935
intersection:42, mean_episode_reward:-0.08250001817941666, mean_queue:0.04722222313284874
intersection:43, mean_episode_reward:-1.224926233291626, mean_queue:2.4555554389953613
intersection:44, mean_episode_reward:-0.5348610281944275, mean_queue:1.6416666507720947
intersection:45, mean_episode_reward:-0.9238491654396057, mean_queue:1.0833333730697632
intersection:46, mean_episode_reward:-3.380556344985962, mean_queue:2.366666555404663
intersection:47, mean_episode_reward:-10.506446838378906, mean_queue:10.141666412353516
intersection:48, mean_episode_reward:-1.042142629623413, mean_queue:2.2361111640930176
intersection:49, mean_episode_reward:-0.015833329409360886, mean_queue:0.01944444514811039
intersection:50, mean_episode_reward:0.0, mean_queue:0.0
intersection:51, mean_episode_reward:0.0, mean_queue:0.0
intersection:52, mean_episode_reward:-0.04138888791203499, mean_queue:0.0416666679084301
intersection:53, mean_episode_reward:-0.03766666352748871, mean_queue:0.02777777798473835
intersection:54, mean_episode_reward:-0.462777704000473, mean_queue:0.22499999403953552
intersection:55, mean_episode_reward:-14.72638988494873, mean_queue:10.541666984558105
intersection:56, mean_episode_reward:-1.3351582288742065, mean_queue:2.4972221851348877
intersection:57, mean_episode_reward:-1.1747220754623413, mean_queue:2.549999952316284
intersection:58, mean_episode_reward:-73.26607513427734, mean_queue:36.86666488647461
step:3600/3600, q_loss:63.12799072265625, rewards:-260.06000434027777, queue:4.64924670433145, delay:0.1296840976636064, throughput:9526
episode:7/10, real avg travel time:354.0951081251312
intersection:0, mean_episode_reward:-2.598644971847534, mean_queue:6.794444561004639
intersection:1, mean_episode_reward:-1.1966667175292969, mean_queue:0.7555555701255798
intersection:2, mean_episode_reward:-0.4060002267360687, mean_queue:0.5972222089767456
intersection:3, mean_episode_reward:-0.30645835399627686, mean_queue:0.3361110985279083
intersection:4, mean_episode_reward:-0.6742857694625854, mean_queue:0.5166666507720947
intersection:5, mean_episode_reward:-1.4045231342315674, mean_queue:2.8388888835906982
intersection:6, mean_episode_reward:-0.18185189366340637, mean_queue:0.24444444477558136
intersection:7, mean_episode_reward:-4.20944356918335, mean_queue:8.399999618530273
intersection:8, mean_episode_reward:-1.2116042375564575, mean_queue:2.577777862548828
intersection:9, mean_episode_reward:-5.332037925720215, mean_queue:2.8388888835906982
intersection:10, mean_episode_reward:-9.544122695922852, mean_queue:8.286110877990723
intersection:11, mean_episode_reward:-1.3259721994400024, mean_queue:0.9694444537162781
intersection:12, mean_episode_reward:-1.0798887014389038, mean_queue:0.9722222089767456
intersection:13, mean_episode_reward:-19.09810447692871, mean_queue:28.327777862548828
intersection:14, mean_episode_reward:-9.294443130493164, mean_queue:4.561110973358154
intersection:15, mean_episode_reward:-18.35093116760254, mean_queue:47.46111297607422
intersection:16, mean_episode_reward:-1.6582224369049072, mean_queue:2.019444465637207
intersection:17, mean_episode_reward:-0.08981485664844513, mean_queue:0.15833333134651184
intersection:18, mean_episode_reward:-2.1586811542510986, mean_queue:3.8333332538604736
intersection:19, mean_episode_reward:-2.2452077865600586, mean_queue:3.0333333015441895
intersection:20, mean_episode_reward:-3.209721803665161, mean_queue:6.19444465637207
intersection:21, mean_episode_reward:-0.3806944489479065, mean_queue:0.894444465637207
intersection:22, mean_episode_reward:-1.5055205821990967, mean_queue:3.2361111640930176
intersection:23, mean_episode_reward:-1.5475001335144043, mean_queue:1.9972221851348877
intersection:24, mean_episode_reward:-0.14750000834465027, mean_queue:0.27222222089767456
intersection:25, mean_episode_reward:-12.103699684143066, mean_queue:6.72777795791626
intersection:26, mean_episode_reward:-12.474998474121094, mean_queue:6.255555629730225
intersection:27, mean_episode_reward:-0.9115430116653442, mean_queue:1.6083333492279053
intersection:28, mean_episode_reward:-17.570972442626953, mean_queue:12.002778053283691
intersection:29, mean_episode_reward:-3.8392584323883057, mean_queue:2.8722221851348877
intersection:30, mean_episode_reward:-9.239764213562012, mean_queue:12.100000381469727
intersection:31, mean_episode_reward:-2.345555543899536, mean_queue:3.5805554389953613
intersection:32, mean_episode_reward:-0.18722231686115265, mean_queue:0.1527777761220932
intersection:33, mean_episode_reward:-2.1721107959747314, mean_queue:5.363888740539551
intersection:34, mean_episode_reward:-1.967999815940857, mean_queue:6.094444274902344
intersection:35, mean_episode_reward:-0.015740741044282913, mean_queue:0.03333333507180214
intersection:36, mean_episode_reward:-0.4866667091846466, mean_queue:0.4027777910232544
intersection:37, mean_episode_reward:-2.9603328704833984, mean_queue:3.319444417953491
intersection:38, mean_episode_reward:-1.2855556011199951, mean_queue:2.075000047683716
intersection:39, mean_episode_reward:-3.150595188140869, mean_queue:7.31944465637207
intersection:40, mean_episode_reward:-0.385333389043808, mean_queue:0.3777777850627899
intersection:41, mean_episode_reward:-0.9789350032806396, mean_queue:1.2055555582046509
intersection:42, mean_episode_reward:-0.09458335489034653, mean_queue:0.0694444477558136
intersection:43, mean_episode_reward:-1.5613527297973633, mean_queue:3.0222222805023193
intersection:44, mean_episode_reward:-0.513333261013031, mean_queue:1.5888888835906982
intersection:45, mean_episode_reward:-1.0154359340667725, mean_queue:1.1333333253860474
intersection:46, mean_episode_reward:-0.4505557715892792, mean_queue:0.33888888359069824
intersection:47, mean_episode_reward:-8.373224258422852, mean_queue:8.283333778381348
intersection:48, mean_episode_reward:-1.0299999713897705, mean_queue:2.174999952316284
intersection:49, mean_episode_reward:-0.013611108995974064, mean_queue:0.02777777798473835
intersection:50, mean_episode_reward:-0.005185185465961695, mean_queue:0.008333333767950535
intersection:51, mean_episode_reward:0.0, mean_queue:0.0
intersection:52, mean_episode_reward:-0.03611111268401146, mean_queue:0.03611111268401146
intersection:53, mean_episode_reward:-0.03266666829586029, mean_queue:0.02500000037252903
intersection:54, mean_episode_reward:-0.47499990463256836, mean_queue:0.1944444477558136
intersection:55, mean_episode_reward:-5.401525497436523, mean_queue:3.9749999046325684
intersection:56, mean_episode_reward:-1.253333568572998, mean_queue:2.336111068725586
intersection:57, mean_episode_reward:-1.209409475326538, mean_queue:2.63611102104187
intersection:58, mean_episode_reward:-77.36054992675781, mean_queue:38.84722137451172
step:3600/3600, q_loss:59.66382598876953, rewards:-261.18856336805555, queue:4.688841807909604, delay:0.1282220815310146, throughput:9545
episode:8/10, real avg travel time:359.0941854374018
intersection:0, mean_episode_reward:-2.667708396911621, mean_queue:6.963889122009277
intersection:1, mean_episode_reward:-1.1474437713623047, mean_queue:0.7222222089767456
intersection:2, mean_episode_reward:-0.43022236227989197, mean_queue:0.6305555701255798
intersection:3, mean_episode_reward:-0.2927083373069763, mean_queue:0.31388887763023376
intersection:4, mean_episode_reward:-0.8797609210014343, mean_queue:0.5972222089767456
intersection:5, mean_episode_reward:-1.3595237731933594, mean_queue:3.0
intersection:6, mean_episode_reward:-0.2464815080165863, mean_queue:0.3194444477558136
intersection:7, mean_episode_reward:-4.530693531036377, mean_queue:8.883333206176758
intersection:8, mean_episode_reward:-1.2225924730300903, mean_queue:2.5250000953674316
intersection:9, mean_episode_reward:-2.8353707790374756, mean_queue:1.5138888359069824
intersection:10, mean_episode_reward:-9.80999755859375, mean_queue:8.877778053283691
intersection:11, mean_episode_reward:-1.3452777862548828, mean_queue:0.9750000238418579
intersection:12, mean_episode_reward:-1.1582220792770386, mean_queue:1.0777777433395386
intersection:13, mean_episode_reward:-18.69038200378418, mean_queue:27.702777862548828
intersection:14, mean_episode_reward:-6.458889961242676, mean_queue:3.172222137451172
intersection:15, mean_episode_reward:-18.95418930053711, mean_queue:48.50833511352539
intersection:16, mean_episode_reward:-1.7091107368469238, mean_queue:2.125
intersection:17, mean_episode_reward:-0.13666671514511108, mean_queue:0.23333333432674408
intersection:18, mean_episode_reward:-1.7397221326828003, mean_queue:2.788888931274414
intersection:19, mean_episode_reward:-2.031944990158081, mean_queue:2.711111068725586
intersection:20, mean_episode_reward:-2.6057636737823486, mean_queue:4.880555629730225
intersection:21, mean_episode_reward:-0.3771297037601471, mean_queue:0.8388888835906982
intersection:22, mean_episode_reward:-0.9790278673171997, mean_queue:2.0916666984558105
intersection:23, mean_episode_reward:-1.4460421800613403, mean_queue:1.755555510520935
intersection:24, mean_episode_reward:-0.1584722250699997, mean_queue:0.24722221493721008
intersection:25, mean_episode_reward:-12.00560188293457, mean_queue:6.411110877990723
intersection:26, mean_episode_reward:-10.98852252960205, mean_queue:5.525000095367432
intersection:27, mean_episode_reward:-0.7657411098480225, mean_queue:1.3972222805023193
intersection:28, mean_episode_reward:-18.124868392944336, mean_queue:12.43055534362793
intersection:29, mean_episode_reward:-3.797407388687134, mean_queue:2.7555556297302246
intersection:30, mean_episode_reward:-13.921899795532227, mean_queue:16.78611183166504
intersection:31, mean_episode_reward:-2.4784116744995117, mean_queue:3.797222137451172
intersection:32, mean_episode_reward:-0.24088890850543976, mean_queue:0.17777778208255768
intersection:33, mean_episode_reward:-2.28033447265625, mean_queue:5.630555629730225
intersection:34, mean_episode_reward:-1.847471833229065, mean_queue:5.702777862548828
intersection:35, mean_episode_reward:-0.005185185000300407, mean_queue:0.011111111380159855
intersection:36, mean_episode_reward:-0.20200000703334808, mean_queue:0.16388888657093048
intersection:37, mean_episode_reward:-2.9516665935516357, mean_queue:3.0833332538604736
intersection:38, mean_episode_reward:-1.347407579421997, mean_queue:2.183333396911621
intersection:39, mean_episode_reward:-3.283215045928955, mean_queue:7.669444561004639
intersection:40, mean_episode_reward:-0.35955557227134705, mean_queue:0.3222222328186035
intersection:41, mean_episode_reward:-0.8437038064002991, mean_queue:1.1027777194976807
intersection:42, mean_episode_reward:-0.07333334535360336, mean_queue:0.05000000074505806
intersection:43, mean_episode_reward:-2.4937963485717773, mean_queue:4.9472222328186035
intersection:44, mean_episode_reward:-0.6614581942558289, mean_queue:1.9777777194976807
intersection:45, mean_episode_reward:-0.7980555891990662, mean_queue:0.9638888835906982
intersection:46, mean_episode_reward:-0.47916656732559204, mean_queue:0.3361110985279083
intersection:47, mean_episode_reward:-8.583222389221191, mean_queue:8.449999809265137
intersection:48, mean_episode_reward:-1.065595030784607, mean_queue:2.2638888359069824
intersection:49, mean_episode_reward:-0.0030555559787899256, mean_queue:0.008333333767950535
intersection:50, mean_episode_reward:-0.004259258974343538, mean_queue:0.011111111380159855
intersection:51, mean_episode_reward:0.0, mean_queue:0.0
intersection:52, mean_episode_reward:-0.06499999761581421, mean_queue:0.06666667014360428
intersection:53, mean_episode_reward:-0.041333332657814026, mean_queue:0.03333333507180214
intersection:54, mean_episode_reward:-0.3327777087688446, mean_queue:0.14722222089767456
intersection:55, mean_episode_reward:-3.6816670894622803, mean_queue:2.8305554389953613
intersection:56, mean_episode_reward:-1.0554360151290894, mean_queue:1.9166666269302368
intersection:57, mean_episode_reward:-1.3015276193618774, mean_queue:2.9361112117767334
intersection:58, mean_episode_reward:-81.89164733886719, mean_queue:41.09722137451172
step:3600/3600, q_loss:54.48109817504883, rewards:-247.18585069444444, queue:4.318361581920904, delay:0.1270209648290372, throughput:9791
episode:9/10, real avg travel time:350.83025227249516
intersection:0, mean_episode_reward:-2.9943745136260986, mean_queue:7.55555534362793
intersection:1, mean_episode_reward:-0.9726664423942566, mean_queue:0.6138888597488403
intersection:2, mean_episode_reward:-0.3162223696708679, mean_queue:0.46388888359069824
intersection:3, mean_episode_reward:-0.2906249165534973, mean_queue:0.3027777671813965
intersection:4, mean_episode_reward:-0.6252381205558777, mean_queue:0.45277777314186096
intersection:5, mean_episode_reward:-1.5720235109329224, mean_queue:3.1305556297302246
intersection:6, mean_episode_reward:-0.2451852560043335, mean_queue:0.31111112236976624
intersection:7, mean_episode_reward:-4.308610916137695, mean_queue:8.522222518920898
intersection:8, mean_episode_reward:-1.2835800647735596, mean_queue:2.7444443702697754
intersection:9, mean_episode_reward:-5.562222480773926, mean_queue:2.8777778148651123
intersection:10, mean_episode_reward:-9.07491683959961, mean_queue:7.619444370269775
intersection:11, mean_episode_reward:-1.063194751739502, mean_queue:0.8416666388511658
intersection:12, mean_episode_reward:-1.0284440517425537, mean_queue:0.9555555582046509
intersection:13, mean_episode_reward:-16.080446243286133, mean_queue:23.369443893432617
intersection:14, mean_episode_reward:-7.362223148345947, mean_queue:3.6027777194976807
intersection:15, mean_episode_reward:-17.381879806518555, mean_queue:44.988887786865234
intersection:16, mean_episode_reward:-1.4333335161209106, mean_queue:1.788888931274414
intersection:17, mean_episode_reward:-0.13111117482185364, mean_queue:0.23333333432674408
intersection:18, mean_episode_reward:-1.5906599760055542, mean_queue:2.6500000953674316
intersection:19, mean_episode_reward:-1.894930362701416, mean_queue:2.538888931274414
intersection:20, mean_episode_reward:-3.154167413711548, mean_queue:5.983333110809326
intersection:21, mean_episode_reward:-0.31481483578681946, mean_queue:0.7166666388511658
intersection:22, mean_episode_reward:-1.2496529817581177, mean_queue:2.6416666507720947
intersection:23, mean_episode_reward:-1.4836812019348145, mean_queue:1.913888931274414
intersection:24, mean_episode_reward:-0.14569443464279175, mean_queue:0.27222222089767456
intersection:25, mean_episode_reward:-10.16541576385498, mean_queue:5.8222222328186035
intersection:26, mean_episode_reward:-10.610185623168945, mean_queue:5.316666603088379
intersection:27, mean_episode_reward:-0.9113582372665405, mean_queue:1.619444489479065
intersection:28, mean_episode_reward:-17.043333053588867, mean_queue:11.70555591583252
intersection:29, mean_episode_reward:-3.8251848220825195, mean_queue:2.86388897895813
intersection:30, mean_episode_reward:-1.890714168548584, mean_queue:2.7138888835906982
intersection:31, mean_episode_reward:-2.6439685821533203, mean_queue:3.961111068725586
intersection:32, mean_episode_reward:-0.2160000056028366, mean_queue:0.15000000596046448
intersection:33, mean_episode_reward:-2.2851104736328125, mean_queue:5.625
intersection:34, mean_episode_reward:-1.914055347442627, mean_queue:5.922222137451172
intersection:35, mean_episode_reward:-0.004444444552063942, mean_queue:0.01666666753590107
intersection:36, mean_episode_reward:-0.20933331549167633, mean_queue:0.16388888657093048
intersection:37, mean_episode_reward:-2.415999412536621, mean_queue:2.905555486679077
intersection:38, mean_episode_reward:-1.231851577758789, mean_queue:1.994444489479065
intersection:39, mean_episode_reward:-3.2623820304870605, mean_queue:7.616666793823242
intersection:40, mean_episode_reward:-0.35066673159599304, mean_queue:0.3027777671813965
intersection:41, mean_episode_reward:-0.8047220706939697, mean_queue:1.0666667222976685
intersection:42, mean_episode_reward:-0.08166667819023132, mean_queue:0.04722222313284874
intersection:43, mean_episode_reward:-1.7581852674484253, mean_queue:3.3499999046325684
intersection:44, mean_episode_reward:-0.6612500548362732, mean_queue:1.9333332777023315
intersection:45, mean_episode_reward:-0.8274993300437927, mean_queue:1.0222222805023193
intersection:46, mean_episode_reward:-0.4705555737018585, mean_queue:0.31388887763023376
intersection:47, mean_episode_reward:-8.298558235168457, mean_queue:8.127778053283691
intersection:48, mean_episode_reward:-0.9298015236854553, mean_queue:1.9666666984558105
intersection:49, mean_episode_reward:-0.035555556416511536, mean_queue:0.05000000074505806
intersection:50, mean_episode_reward:-0.008518517948687077, mean_queue:0.01944444514811039
intersection:51, mean_episode_reward:0.0, mean_queue:0.0
intersection:52, mean_episode_reward:-0.02527777850627899, mean_queue:0.02777777798473835
intersection:53, mean_episode_reward:-0.055666662752628326, mean_queue:0.03888889029622078
intersection:54, mean_episode_reward:-0.4138889014720917, mean_queue:0.1527777761220932
intersection:55, mean_episode_reward:-3.9698617458343506, mean_queue:2.969444513320923
intersection:56, mean_episode_reward:-1.1506747007369995, mean_queue:2.1861112117767334
intersection:57, mean_episode_reward:-1.1648266315460205, mean_queue:2.5333333015441895
intersection:58, mean_episode_reward:-85.98943328857422, mean_queue:43.18611145019531
Final Travel Time is 343.6369, mean rewards: -236.3735, queue: 4.2564, delay: 0.1221, throughput: 9641
Total time taken: 2485.425264596939
