step:3600/3600, q_loss:71.89353942871094, rewards:-587.8369357638888, queue:10.456120527306968, delay:0.20043984393391007, throughput:6206
episode:0/10, real avg travel time:532.404930712214
intersection:0, mean_episode_reward:-6.00447940826416, mean_queue:11.052778244018555
intersection:1, mean_episode_reward:-2.3211112022399902, mean_queue:2.422222137451172
intersection:2, mean_episode_reward:-29.574443817138672, mean_queue:33.761112213134766
intersection:3, mean_episode_reward:-4.395833492279053, mean_queue:3.4861111640930176
intersection:4, mean_episode_reward:-21.72024917602539, mean_queue:24.933332443237305
intersection:5, mean_episode_reward:-5.176424980163574, mean_queue:6.025000095367432
intersection:6, mean_episode_reward:-5.366480350494385, mean_queue:7.525000095367432
intersection:7, mean_episode_reward:-3.0111122131347656, mean_queue:6.030555725097656
intersection:8, mean_episode_reward:-3.4765424728393555, mean_queue:6.69444465637207
intersection:9, mean_episode_reward:-27.667407989501953, mean_queue:14.13611125946045
intersection:10, mean_episode_reward:-21.352235794067383, mean_queue:14.230555534362793
intersection:11, mean_episode_reward:-6.131943702697754, mean_queue:4.641666889190674
intersection:12, mean_episode_reward:-5.3154473304748535, mean_queue:4.6583333015441895
intersection:13, mean_episode_reward:-39.47699737548828, mean_queue:56.74444580078125
intersection:14, mean_episode_reward:-22.130556106567383, mean_queue:11.066666603088379
intersection:15, mean_episode_reward:-17.694765090942383, mean_queue:47.363887786865234
intersection:16, mean_episode_reward:-9.262450218200684, mean_queue:11.48611068725586
intersection:17, mean_episode_reward:-2.70426082611084, mean_queue:3.866666555404663
intersection:18, mean_episode_reward:-6.365069389343262, mean_queue:12.23888874053955
intersection:19, mean_episode_reward:-3.7365262508392334, mean_queue:5.116666793823242
intersection:20, mean_episode_reward:-4.955695152282715, mean_queue:7.93055534362793
intersection:21, mean_episode_reward:-0.3646295666694641, mean_queue:0.7749999761581421
intersection:22, mean_episode_reward:-6.754409313201904, mean_queue:13.494444847106934
intersection:23, mean_episode_reward:-3.230764150619507, mean_queue:4.605555534362793
intersection:24, mean_episode_reward:-1.5626388788223267, mean_queue:2.6083333492279053
intersection:25, mean_episode_reward:-17.612869262695312, mean_queue:17.049999237060547
intersection:26, mean_episode_reward:-15.980388641357422, mean_queue:8.411110877990723
intersection:27, mean_episode_reward:-3.1086418628692627, mean_queue:5.327777862548828
intersection:28, mean_episode_reward:-25.1193790435791, mean_queue:18.538888931274414
intersection:29, mean_episode_reward:-33.9370231628418, mean_queue:25.447221755981445
intersection:30, mean_episode_reward:-8.797140121459961, mean_queue:11.438888549804688
intersection:31, mean_episode_reward:-5.290477275848389, mean_queue:9.005555152893066
intersection:32, mean_episode_reward:-3.339777708053589, mean_queue:3.3805556297302246
intersection:33, mean_episode_reward:-11.526226043701172, mean_queue:28.71666717529297
intersection:34, mean_episode_reward:-1.3936944007873535, mean_queue:4.211111068725586
intersection:35, mean_episode_reward:-0.4872218370437622, mean_queue:0.7777777910232544
intersection:36, mean_episode_reward:-6.110666751861572, mean_queue:5.10277795791626
intersection:37, mean_episode_reward:-3.1639997959136963, mean_queue:3.586111068725586
intersection:38, mean_episode_reward:-4.035369873046875, mean_queue:5.9277777671813965
intersection:39, mean_episode_reward:-5.9009528160095215, mean_queue:13.780555725097656
intersection:40, mean_episode_reward:-2.8744451999664307, mean_queue:2.9972221851348877
intersection:41, mean_episode_reward:-0.9548604488372803, mean_queue:1.2861111164093018
intersection:42, mean_episode_reward:-0.9794443845748901, mean_queue:0.5444444417953491
intersection:43, mean_episode_reward:-1.2216486930847168, mean_queue:2.3694443702697754
intersection:44, mean_episode_reward:-1.4659721851348877, mean_queue:3.625
intersection:45, mean_episode_reward:-8.8998384475708, mean_queue:13.058333396911621
intersection:46, mean_episode_reward:-10.495000839233398, mean_queue:6.413888931274414
intersection:47, mean_episode_reward:-13.466440200805664, mean_queue:12.961111068725586
intersection:48, mean_episode_reward:-2.3511910438537598, mean_queue:5.050000190734863
intersection:49, mean_episode_reward:-0.4694448709487915, mean_queue:0.4722222089767456
intersection:50, mean_episode_reward:-0.17444446682929993, mean_queue:0.27222222089767456
intersection:51, mean_episode_reward:-2.63611102104187, mean_queue:2.644444465637207
intersection:52, mean_episode_reward:-0.3886111080646515, mean_queue:0.375
intersection:53, mean_episode_reward:-0.32766684889793396, mean_queue:0.2805555462837219
intersection:54, mean_episode_reward:-6.9083333015441895, mean_queue:2.694444417953491
intersection:55, mean_episode_reward:-37.55305862426758, mean_queue:25.836111068725586
intersection:56, mean_episode_reward:-1.0217456817626953, mean_queue:1.9500000476837158
intersection:57, mean_episode_reward:-6.387917518615723, mean_queue:14.433333396911621
intersection:58, mean_episode_reward:-83.70442962646484, mean_queue:42.04999923706055
step:3600/3600, q_loss:85.07072448730469, rewards:-427.33880208333335, queue:7.149576271186441, delay:0.15626259784016008, throughput:6824
episode:1/10, real avg travel time:403.41060961313013
intersection:0, mean_episode_reward:-6.062291622161865, mean_queue:11.183333396911621
intersection:1, mean_episode_reward:-0.4970000684261322, mean_queue:0.30000001192092896
intersection:2, mean_episode_reward:-3.652667284011841, mean_queue:3.75
intersection:3, mean_episode_reward:-1.2075011730194092, mean_queue:0.949999988079071
intersection:4, mean_episode_reward:-0.40523797273635864, mean_queue:0.3055555522441864
intersection:5, mean_episode_reward:-5.010951519012451, mean_queue:7.074999809265137
intersection:6, mean_episode_reward:-1.1327775716781616, mean_queue:1.4666666984558105
intersection:7, mean_episode_reward:-1.3322219848632812, mean_queue:2.702777862548828
intersection:8, mean_episode_reward:-2.6181490421295166, mean_queue:5.219444274902344
intersection:9, mean_episode_reward:-17.777223587036133, mean_queue:9.29444408416748
intersection:10, mean_episode_reward:-12.549370765686035, mean_queue:7.39722204208374
intersection:11, mean_episode_reward:-10.612221717834473, mean_queue:7.205555438995361
intersection:12, mean_episode_reward:-7.059554576873779, mean_queue:6.4083333015441895
intersection:13, mean_episode_reward:-37.695335388183594, mean_queue:54.92777633666992
intersection:14, mean_episode_reward:-18.42388916015625, mean_queue:9.227777481079102
intersection:15, mean_episode_reward:-16.67030906677246, mean_queue:44.386112213134766
intersection:16, mean_episode_reward:-10.698222160339355, mean_queue:13.341666221618652
intersection:17, mean_episode_reward:-0.23462967574596405, mean_queue:0.26944443583488464
intersection:18, mean_episode_reward:-4.128124713897705, mean_queue:8.300000190734863
intersection:19, mean_episode_reward:-2.370694875717163, mean_queue:3.2277777194976807
intersection:20, mean_episode_reward:-1.5373612642288208, mean_queue:2.991666555404663
intersection:21, mean_episode_reward:-0.20055554807186127, mean_queue:0.46666666865348816
intersection:22, mean_episode_reward:-2.7640979290008545, mean_queue:5.636111259460449
intersection:23, mean_episode_reward:-1.3988889455795288, mean_queue:1.6805555820465088
intersection:24, mean_episode_reward:-0.21791672706604004, mean_queue:0.3166666626930237
intersection:25, mean_episode_reward:-2.0237960815429688, mean_queue:1.3083332777023315
intersection:26, mean_episode_reward:-18.383529663085938, mean_queue:8.824999809265137
intersection:27, mean_episode_reward:-0.8835181593894958, mean_queue:1.5222222805023193
intersection:28, mean_episode_reward:-23.56361198425293, mean_queue:14.572221755981445
intersection:29, mean_episode_reward:-28.852598190307617, mean_queue:21.613889694213867
intersection:30, mean_episode_reward:-10.54678726196289, mean_queue:13.836111068725586
intersection:31, mean_episode_reward:-2.1234915256500244, mean_queue:3.527777671813965
intersection:32, mean_episode_reward:-0.38888898491859436, mean_queue:0.25833332538604736
intersection:33, mean_episode_reward:-6.208888053894043, mean_queue:15.552778244018555
intersection:34, mean_episode_reward:-1.107082724571228, mean_queue:3.461111068725586
intersection:35, mean_episode_reward:-0.12462969124317169, mean_queue:0.23055554926395416
intersection:36, mean_episode_reward:-6.741668701171875, mean_queue:5.625
intersection:37, mean_episode_reward:-2.534498929977417, mean_queue:3.008333444595337
intersection:38, mean_episode_reward:-1.4299999475479126, mean_queue:2.2527778148651123
intersection:39, mean_episode_reward:-3.6721415519714355, mean_queue:8.586111068725586
intersection:40, mean_episode_reward:-0.388222336769104, mean_queue:0.2777777910232544
intersection:41, mean_episode_reward:-2.972360610961914, mean_queue:4.06944465637207
intersection:42, mean_episode_reward:-0.12388891726732254, mean_queue:0.11388888955116272
intersection:43, mean_episode_reward:-1.4638702869415283, mean_queue:2.5333333015441895
intersection:44, mean_episode_reward:-0.7659721374511719, mean_queue:2.230555534362793
intersection:45, mean_episode_reward:-5.471907138824463, mean_queue:8.13888931274414
intersection:46, mean_episode_reward:-5.722222328186035, mean_queue:4.074999809265137
intersection:47, mean_episode_reward:-10.388662338256836, mean_queue:9.952777862548828
intersection:48, mean_episode_reward:-0.8946429491043091, mean_queue:1.9861111640930176
intersection:49, mean_episode_reward:-0.03583333641290665, mean_queue:0.04722222313284874
intersection:50, mean_episode_reward:-0.00018518519937060773, mean_queue:0.0
intersection:51, mean_episode_reward:0.0, mean_queue:0.0
intersection:52, mean_episode_reward:-0.2363888919353485, mean_queue:0.2361111044883728
intersection:53, mean_episode_reward:-0.0416666679084301, mean_queue:0.03333333507180214
intersection:54, mean_episode_reward:-1.0622222423553467, mean_queue:0.5305555462837219
intersection:55, mean_episode_reward:-32.24444580078125, mean_queue:22.30555534362793
intersection:56, mean_episode_reward:-0.7023810148239136, mean_queue:1.3583333492279053
intersection:57, mean_episode_reward:-3.312152862548828, mean_queue:8.258333206176758
intersection:58, mean_episode_reward:-86.66944122314453, mean_queue:43.46666717529297
step:3600/3600, q_loss:90.69141387939453, rewards:-378.3212673611111, queue:6.577354048964218, delay:0.14787420642802496, throughput:7008
episode:2/10, real avg travel time:378.43093607305934
intersection:0, mean_episode_reward:-3.7376036643981934, mean_queue:9.497221946716309
intersection:1, mean_episode_reward:-0.4916667938232422, mean_queue:0.3722222149372101
intersection:2, mean_episode_reward:-28.39244842529297, mean_queue:31.247222900390625
intersection:3, mean_episode_reward:-0.6704165935516357, mean_queue:0.5777778029441833
intersection:4, mean_episode_reward:-0.27309516072273254, mean_queue:0.20277777314186096
intersection:5, mean_episode_reward:-5.439410209655762, mean_queue:6.675000190734863
intersection:6, mean_episode_reward:-4.930552959442139, mean_queue:7.002777576446533
intersection:7, mean_episode_reward:-1.7463887929916382, mean_queue:3.5138888359069824
intersection:8, mean_episode_reward:-1.9658018350601196, mean_queue:4.1972222328186035
intersection:9, mean_episode_reward:-6.944628715515137, mean_queue:3.547222137451172
intersection:10, mean_episode_reward:-6.071115493774414, mean_queue:3.825000047683716
intersection:11, mean_episode_reward:-10.004444122314453, mean_queue:6.769444465637207
intersection:12, mean_episode_reward:-5.122331142425537, mean_queue:4.769444465637207
intersection:13, mean_episode_reward:-24.647993087768555, mean_queue:36.14444351196289
intersection:14, mean_episode_reward:-14.390558242797852, mean_queue:7.224999904632568
intersection:15, mean_episode_reward:-17.979387283325195, mean_queue:48.19722366333008
intersection:16, mean_episode_reward:-6.663775444030762, mean_queue:8.333333015441895
intersection:17, mean_episode_reward:-0.18629637360572815, mean_queue:0.32499998807907104
intersection:18, mean_episode_reward:-4.030866622924805, mean_queue:8.063888549804688
intersection:19, mean_episode_reward:-1.1608338356018066, mean_queue:1.6138888597488403
intersection:20, mean_episode_reward:-2.0458340644836426, mean_queue:3.9749999046325684
intersection:21, mean_episode_reward:-0.17814813554286957, mean_queue:0.43611112236976624
intersection:22, mean_episode_reward:-1.1257989406585693, mean_queue:2.4555554389953613
intersection:23, mean_episode_reward:-1.2775006294250488, mean_queue:1.6749999523162842
intersection:24, mean_episode_reward:-0.1575000286102295, mean_queue:0.2944444417953491
intersection:25, mean_episode_reward:-1.729629397392273, mean_queue:1.2666666507720947
intersection:26, mean_episode_reward:-12.209250450134277, mean_queue:6.511111259460449
intersection:27, mean_episode_reward:-0.6998143792152405, mean_queue:1.3583333492279053
intersection:28, mean_episode_reward:-20.91568946838379, mean_queue:13.663888931274414
intersection:29, mean_episode_reward:-15.812589645385742, mean_queue:11.841666221618652
intersection:30, mean_episode_reward:-10.774048805236816, mean_queue:13.952777862548828
intersection:31, mean_episode_reward:-1.0971417427062988, mean_queue:1.7166666984558105
intersection:32, mean_episode_reward:-0.3350001573562622, mean_queue:0.27222222089767456
intersection:33, mean_episode_reward:-4.753554821014404, mean_queue:11.897222518920898
intersection:34, mean_episode_reward:-1.0399441719055176, mean_queue:3.305555582046509
intersection:35, mean_episode_reward:-0.100925974547863, mean_queue:0.21388888359069824
intersection:36, mean_episode_reward:-6.063997268676758, mean_queue:5.058333396911621
intersection:37, mean_episode_reward:-3.1025006771087646, mean_queue:4.224999904632568
intersection:38, mean_episode_reward:-1.2111107110977173, mean_queue:1.9388889074325562
intersection:39, mean_episode_reward:-3.1041669845581055, mean_queue:7.2166666984558105
intersection:40, mean_episode_reward:-2.7508885860443115, mean_queue:2.700000047683716
intersection:41, mean_episode_reward:-3.5486576557159424, mean_queue:4.858333110809326
intersection:42, mean_episode_reward:-0.12722225487232208, mean_queue:0.0972222238779068
intersection:43, mean_episode_reward:-0.5587409138679504, mean_queue:1.211111068725586
intersection:44, mean_episode_reward:-0.5207638144493103, mean_queue:1.6472222805023193
intersection:45, mean_episode_reward:-0.7472617030143738, mean_queue:1.0611110925674438
intersection:46, mean_episode_reward:-5.255277633666992, mean_queue:3.4388887882232666
intersection:47, mean_episode_reward:-10.627669334411621, mean_queue:10.11111068725586
intersection:48, mean_episode_reward:-0.717063844203949, mean_queue:1.5805555582046509
intersection:49, mean_episode_reward:-0.02499999664723873, mean_queue:0.03888889029622078
intersection:50, mean_episode_reward:-0.025925925001502037, mean_queue:0.0416666679084301
intersection:51, mean_episode_reward:-2.315833330154419, mean_queue:2.325000047683716
intersection:52, mean_episode_reward:-0.18166667222976685, mean_queue:0.1805555522441864
intersection:53, mean_episode_reward:-0.05199999734759331, mean_queue:0.03611111268401146
intersection:54, mean_episode_reward:-0.21166656911373138, mean_queue:0.125
intersection:55, mean_episode_reward:-33.913333892822266, mean_queue:23.758333206176758
intersection:56, mean_episode_reward:-0.4644840359687805, mean_queue:0.8916666507720947
intersection:57, mean_episode_reward:-3.6529507637023926, mean_queue:8.44444465637207
intersection:58, mean_episode_reward:-80.04109954833984, mean_queue:40.141666412353516
step:3600/3600, q_loss:86.55721282958984, rewards:-365.5463975694444, queue:6.359133709981168, delay:0.1417418054268185, throughput:7175
episode:3/10, real avg travel time:364.6524041811847
intersection:0, mean_episode_reward:-4.132812976837158, mean_queue:10.133333206176758
intersection:1, mean_episode_reward:-0.6592224836349487, mean_queue:0.43888887763023376
intersection:2, mean_episode_reward:-20.286888122558594, mean_queue:22.399999618530273
intersection:3, mean_episode_reward:-0.6602082848548889, mean_queue:0.5472221970558167
intersection:4, mean_episode_reward:-0.24857141077518463, mean_queue:0.18333333730697632
intersection:5, mean_episode_reward:-2.485358238220215, mean_queue:4.863888740539551
intersection:6, mean_episode_reward:-4.891294479370117, mean_queue:6.755555629730225
intersection:7, mean_episode_reward:-2.482778310775757, mean_queue:5.036110877990723
intersection:8, mean_episode_reward:-1.732097864151001, mean_queue:3.469444513320923
intersection:9, mean_episode_reward:-9.816853523254395, mean_queue:5.286110877990723
intersection:10, mean_episode_reward:-8.320001602172852, mean_queue:5.213889122009277
intersection:11, mean_episode_reward:-9.70083236694336, mean_queue:6.561110973358154
intersection:12, mean_episode_reward:-0.8745560646057129, mean_queue:0.7027778029441833
intersection:13, mean_episode_reward:-23.836109161376953, mean_queue:35.03888702392578
intersection:14, mean_episode_reward:-15.7172269821167, mean_queue:7.875
intersection:15, mean_episode_reward:-18.00118637084961, mean_queue:48.21666717529297
intersection:16, mean_episode_reward:-6.318667411804199, mean_queue:7.89722204208374
intersection:17, mean_episode_reward:-0.25481483340263367, mean_queue:0.3333333432674408
intersection:18, mean_episode_reward:-3.2746188640594482, mean_queue:5.574999809265137
intersection:19, mean_episode_reward:-1.2996530532836914, mean_queue:1.7527778148651123
intersection:20, mean_episode_reward:-3.4655559062957764, mean_queue:6.625
intersection:21, mean_episode_reward:-0.18361108005046844, mean_queue:0.4416666626930237
intersection:22, mean_episode_reward:-2.21058988571167, mean_queue:4.699999809265137
intersection:23, mean_episode_reward:-1.136041522026062, mean_queue:1.4500000476837158
intersection:24, mean_episode_reward:-0.364027738571167, mean_queue:0.6416666507720947
intersection:25, mean_episode_reward:-2.3274078369140625, mean_queue:2.2555556297302246
intersection:26, mean_episode_reward:-12.906107902526855, mean_queue:6.738888740539551
intersection:27, mean_episode_reward:-0.7584565877914429, mean_queue:1.4416667222976685
intersection:28, mean_episode_reward:-18.25055503845215, mean_queue:12.436111450195312
intersection:29, mean_episode_reward:-15.45667552947998, mean_queue:11.558333396911621
intersection:30, mean_episode_reward:-13.423568725585938, mean_queue:17.113889694213867
intersection:31, mean_episode_reward:-2.599841833114624, mean_queue:4.22777795791626
intersection:32, mean_episode_reward:-0.3800002336502075, mean_queue:0.3444444537162781
intersection:33, mean_episode_reward:-4.674664497375488, mean_queue:11.722222328186035
intersection:34, mean_episode_reward:-1.0091948509216309, mean_queue:3.2249999046325684
intersection:35, mean_episode_reward:-0.044814810156822205, mean_queue:0.08888889104127884
intersection:36, mean_episode_reward:-2.0463333129882812, mean_queue:1.7222222089767456
intersection:37, mean_episode_reward:-3.1384999752044678, mean_queue:3.691666603088379
intersection:38, mean_episode_reward:-2.2862963676452637, mean_queue:3.538888931274414
intersection:39, mean_episode_reward:-3.5627379417419434, mean_queue:8.327777862548828
intersection:40, mean_episode_reward:-0.4435555636882782, mean_queue:0.31388887763023376
intersection:41, mean_episode_reward:-2.827685832977295, mean_queue:3.883333444595337
intersection:42, mean_episode_reward:-0.15319450199604034, mean_queue:0.10833333432674408
intersection:43, mean_episode_reward:-0.6086112856864929, mean_queue:1.4444444179534912
intersection:44, mean_episode_reward:-0.7138886451721191, mean_queue:2.0833332538604736
intersection:45, mean_episode_reward:-0.7756350040435791, mean_queue:1.1555556058883667
intersection:46, mean_episode_reward:-5.212777137756348, mean_queue:3.5027778148651123
intersection:47, mean_episode_reward:-10.72277545928955, mean_queue:10.091666221618652
intersection:48, mean_episode_reward:-0.6636908054351807, mean_queue:1.4666666984558105
intersection:49, mean_episode_reward:-0.023055553436279297, mean_queue:0.02777777798473835
intersection:50, mean_episode_reward:-0.0014814815949648619, mean_queue:0.0055555556900799274
intersection:51, mean_episode_reward:-0.11305555701255798, mean_queue:0.11388888955116272
intersection:52, mean_episode_reward:-0.24944445490837097, mean_queue:0.2527777850627899
intersection:53, mean_episode_reward:-0.03733333200216293, mean_queue:0.02500000037252903
intersection:54, mean_episode_reward:-1.396111011505127, mean_queue:0.49166667461395264
intersection:55, mean_episode_reward:-36.37666702270508, mean_queue:25.100000381469727
intersection:56, mean_episode_reward:-0.6951985955238342, mean_queue:1.3138889074325562
intersection:57, mean_episode_reward:-2.036250114440918, mean_queue:4.463889122009277
intersection:58, mean_episode_reward:-77.2772216796875, mean_queue:38.772220611572266
step:3600/3600, q_loss:82.21083068847656, rewards:-320.63029513888887, queue:5.4993408662900185, delay:0.13047432477415843, throughput:7364
episode:4/10, real avg travel time:350.6101303639326
intersection:0, mean_episode_reward:-2.540104389190674, mean_queue:6.630555629730225
intersection:1, mean_episode_reward:-0.6627777814865112, mean_queue:0.5
intersection:2, mean_episode_reward:-0.3771112263202667, mean_queue:0.4194444417953491
intersection:3, mean_episode_reward:-0.7049997448921204, mean_queue:0.5861111283302307
intersection:4, mean_episode_reward:-0.2630952298641205, mean_queue:0.17777778208255768
intersection:5, mean_episode_reward:-1.8659522533416748, mean_queue:4.244444370269775
intersection:6, mean_episode_reward:-0.36648139357566833, mean_queue:0.4861111044883728
intersection:7, mean_episode_reward:-2.44777774810791, mean_queue:4.963889122009277
intersection:8, mean_episode_reward:-1.4175310134887695, mean_queue:3.027777671813965
intersection:9, mean_episode_reward:-2.263333559036255, mean_queue:1.1749999523162842
intersection:10, mean_episode_reward:-5.5098395347595215, mean_queue:3.652777671813965
intersection:11, mean_episode_reward:-9.935973167419434, mean_queue:6.800000190734863
intersection:12, mean_episode_reward:-0.9704442620277405, mean_queue:0.7583333253860474
intersection:13, mean_episode_reward:-18.75116729736328, mean_queue:27.20833396911621
intersection:14, mean_episode_reward:-14.518335342407227, mean_queue:7.255555629730225
intersection:15, mean_episode_reward:-17.694765090942383, mean_queue:47.150001525878906
intersection:16, mean_episode_reward:-6.710445880889893, mean_queue:8.380555152893066
intersection:17, mean_episode_reward:-0.21907414495944977, mean_queue:0.26944443583488464
intersection:18, mean_episode_reward:-2.0568745136260986, mean_queue:3.5833332538604736
intersection:19, mean_episode_reward:-1.4045830965042114, mean_queue:1.9055556058883667
intersection:20, mean_episode_reward:-3.1324307918548584, mean_queue:5.93055534362793
intersection:21, mean_episode_reward:-0.16050922870635986, mean_queue:0.3722222149372101
intersection:22, mean_episode_reward:-2.5002434253692627, mean_queue:5.25
intersection:23, mean_episode_reward:-1.2145836353302002, mean_queue:1.6388888359069824
intersection:24, mean_episode_reward:-0.12833330035209656, mean_queue:0.24444444477558136
intersection:25, mean_episode_reward:-1.8252321481704712, mean_queue:1.4111111164093018
intersection:26, mean_episode_reward:-12.704811096191406, mean_queue:6.574999809265137
intersection:27, mean_episode_reward:-0.6191356182098389, mean_queue:1.1333333253860474
intersection:28, mean_episode_reward:-18.33652687072754, mean_queue:12.675000190734863
intersection:29, mean_episode_reward:-12.414071083068848, mean_queue:9.36111068725586
intersection:30, mean_episode_reward:-13.352378845214844, mean_queue:17.0222225189209
intersection:31, mean_episode_reward:-2.4879355430603027, mean_queue:3.9388887882232666
intersection:32, mean_episode_reward:-0.9433335065841675, mean_queue:0.9888888597488403
intersection:33, mean_episode_reward:-4.839222431182861, mean_queue:12.097222328186035
intersection:34, mean_episode_reward:-1.0547771453857422, mean_queue:3.344444513320923
intersection:35, mean_episode_reward:-0.004629629664123058, mean_queue:0.008333333767950535
intersection:36, mean_episode_reward:-1.8116668462753296, mean_queue:1.5111111402511597
intersection:37, mean_episode_reward:-2.969834089279175, mean_queue:4.191666603088379
intersection:38, mean_episode_reward:-1.0946298837661743, mean_queue:1.7722222805023193
intersection:39, mean_episode_reward:-3.3408334255218506, mean_queue:7.7833333015441895
intersection:40, mean_episode_reward:-0.34577783942222595, mean_queue:0.2222222238779068
intersection:41, mean_episode_reward:-3.354213237762451, mean_queue:4.622222423553467
intersection:42, mean_episode_reward:-0.16194447875022888, mean_queue:0.10000000149011612
intersection:43, mean_episode_reward:-0.5579076409339905, mean_queue:1.3638888597488403
intersection:44, mean_episode_reward:-0.6595137119293213, mean_queue:1.9277777671813965
intersection:45, mean_episode_reward:-0.6177380681037903, mean_queue:0.8055555820465088
intersection:46, mean_episode_reward:-4.935000419616699, mean_queue:3.2750000953674316
intersection:47, mean_episode_reward:-11.243439674377441, mean_queue:10.536110877990723
intersection:48, mean_episode_reward:-0.72432541847229, mean_queue:1.5750000476837158
intersection:49, mean_episode_reward:-0.00833333283662796, mean_queue:0.011111111380159855
intersection:50, mean_episode_reward:-0.005185185000300407, mean_queue:0.013888888992369175
intersection:51, mean_episode_reward:0.0, mean_queue:0.0
intersection:52, mean_episode_reward:-0.2388889044523239, mean_queue:0.2361111044883728
intersection:53, mean_episode_reward:-0.03233333304524422, mean_queue:0.02222222276031971
intersection:54, mean_episode_reward:-0.1338888704776764, mean_queue:0.0694444477558136
intersection:55, mean_episode_reward:-32.553192138671875, mean_queue:22.76944351196289
intersection:56, mean_episode_reward:-0.5508730411529541, mean_queue:1.0833333730697632
intersection:57, mean_episode_reward:-2.649200916290283, mean_queue:6.10277795791626
intersection:58, mean_episode_reward:-86.24278259277344, mean_queue:43.29999923706055
step:3600/3600, q_loss:75.32217407226562, rewards:-344.10633680555554, queue:5.764783427495292, delay:0.1352236875257474, throughput:7136
episode:5/10, real avg travel time:331.34851457399105
intersection:0, mean_episode_reward:-2.6520836353302, mean_queue:6.994444370269775
intersection:1, mean_episode_reward:-0.5690001249313354, mean_queue:0.3638888895511627
intersection:2, mean_episode_reward:-0.34177786111831665, mean_queue:0.4611110985279083
intersection:3, mean_episode_reward:-0.5043748021125793, mean_queue:0.4972222149372101
intersection:4, mean_episode_reward:-0.24714285135269165, mean_queue:0.18333333730697632
intersection:5, mean_episode_reward:-2.4080939292907715, mean_queue:4.686110973358154
intersection:6, mean_episode_reward:-0.18481485545635223, mean_queue:0.22777777910232544
intersection:7, mean_episode_reward:-2.5079166889190674, mean_queue:5.0916666984558105
intersection:8, mean_episode_reward:-1.553457498550415, mean_queue:3.172222137451172
intersection:9, mean_episode_reward:-12.40648365020752, mean_queue:6.516666889190674
intersection:10, mean_episode_reward:-10.327299118041992, mean_queue:6.2166666984558105
intersection:11, mean_episode_reward:-9.92833423614502, mean_queue:6.775000095367432
intersection:12, mean_episode_reward:-0.9285557866096497, mean_queue:0.7166666388511658
intersection:13, mean_episode_reward:-22.575883865356445, mean_queue:32.252777099609375
intersection:14, mean_episode_reward:-16.447778701782227, mean_queue:8.227777481079102
intersection:15, mean_episode_reward:-16.997907638549805, mean_queue:45.25833511352539
intersection:16, mean_episode_reward:-6.877558708190918, mean_queue:8.586111068725586
intersection:17, mean_episode_reward:-0.11518523842096329, mean_queue:0.20555555820465088
intersection:18, mean_episode_reward:-1.8592710494995117, mean_queue:3.163888931274414
intersection:19, mean_episode_reward:-1.7676386833190918, mean_queue:2.4555554389953613
intersection:20, mean_episode_reward:-3.035069704055786, mean_queue:5.858333110809326
intersection:21, mean_episode_reward:-0.1862500011920929, mean_queue:0.4416666626930237
intersection:22, mean_episode_reward:-2.758021116256714, mean_queue:5.7166666984558105
intersection:23, mean_episode_reward:-1.262431025505066, mean_queue:1.7166666984558105
intersection:24, mean_episode_reward:-0.13708332180976868, mean_queue:0.23888888955116272
intersection:25, mean_episode_reward:-1.7612967491149902, mean_queue:1.336111068725586
intersection:26, mean_episode_reward:-16.76576042175293, mean_queue:8.241666793823242
intersection:27, mean_episode_reward:-0.7256172299385071, mean_queue:1.375
intersection:28, mean_episode_reward:-18.65777587890625, mean_queue:12.597222328186035
intersection:29, mean_episode_reward:-17.243711471557617, mean_queue:12.925000190734863
intersection:30, mean_episode_reward:-13.025715827941895, mean_queue:16.436111450195312
intersection:31, mean_episode_reward:-1.8469833135604858, mean_queue:2.9861111640930176
intersection:32, mean_episode_reward:-0.3957778811454773, mean_queue:0.3222222328186035
intersection:33, mean_episode_reward:-4.882000923156738, mean_queue:12.23611068725586
intersection:34, mean_episode_reward:-1.0517497062683105, mean_queue:3.3805556297302246
intersection:35, mean_episode_reward:-0.013518518768250942, mean_queue:0.02500000037252903
intersection:36, mean_episode_reward:-1.4716664552688599, mean_queue:1.2416666746139526
intersection:37, mean_episode_reward:-3.476001262664795, mean_queue:4.336111068725586
intersection:38, mean_episode_reward:-2.2114813327789307, mean_queue:3.430555582046509
intersection:39, mean_episode_reward:-3.2794039249420166, mean_queue:7.688889026641846
intersection:40, mean_episode_reward:-0.41066664457321167, mean_queue:0.28333333134651184
intersection:41, mean_episode_reward:-3.6706502437591553, mean_queue:5.036110877990723
intersection:42, mean_episode_reward:-0.050138890743255615, mean_queue:0.03611111268401146
intersection:43, mean_episode_reward:-0.49690768122673035, mean_queue:1.1777777671813965
intersection:44, mean_episode_reward:-0.5345829725265503, mean_queue:1.630555510520935
intersection:45, mean_episode_reward:-0.7043650150299072, mean_queue:0.9944444298744202
intersection:46, mean_episode_reward:-4.514166831970215, mean_queue:3.0916666984558105
intersection:47, mean_episode_reward:-9.919994354248047, mean_queue:9.188888549804688
intersection:48, mean_episode_reward:-0.7122224569320679, mean_queue:1.5805555582046509
intersection:49, mean_episode_reward:-0.021388886496424675, mean_queue:0.03333333507180214
intersection:50, mean_episode_reward:-0.0031481480691581964, mean_queue:0.011111111380159855
intersection:51, mean_episode_reward:0.0, mean_queue:0.0
intersection:52, mean_episode_reward:-0.20916667580604553, mean_queue:0.21111111342906952
intersection:53, mean_episode_reward:-0.029333332553505898, mean_queue:0.02500000037252903
intersection:54, mean_episode_reward:-0.15444442629814148, mean_queue:0.0694444477558136
intersection:55, mean_episode_reward:-38.96986770629883, mean_queue:27.41111183166504
intersection:56, mean_episode_reward:-0.5213890671730042, mean_queue:1.024999976158142
intersection:57, mean_episode_reward:-2.479896068572998, mean_queue:5.933333396911621
intersection:58, mean_episode_reward:-75.31610107421875, mean_queue:37.79999923706055
step:3600/3600, q_loss:72.83452606201172, rewards:-310.79305555555555, queue:5.231120527306968, delay:0.1315461067156603, throughput:7643
episode:6/10, real avg travel time:406.4570194949627
intersection:0, mean_episode_reward:-1.93781316280365, mean_queue:5.030555725097656
intersection:1, mean_episode_reward:-0.45455554127693176, mean_queue:0.31388887763023376
intersection:2, mean_episode_reward:-0.4384446442127228, mean_queue:0.5694444179534912
intersection:3, mean_episode_reward:-0.6741664409637451, mean_queue:0.6083333492279053
intersection:4, mean_episode_reward:-0.3164285719394684, mean_queue:0.2222222238779068
intersection:5, mean_episode_reward:-1.663928747177124, mean_queue:3.691666603088379
intersection:6, mean_episode_reward:-0.2266666144132614, mean_queue:0.25833332538604736
intersection:7, mean_episode_reward:-1.220416784286499, mean_queue:2.5444445610046387
intersection:8, mean_episode_reward:-1.3754316568374634, mean_queue:2.922222137451172
intersection:9, mean_episode_reward:-11.224261283874512, mean_queue:5.97777795791626
intersection:10, mean_episode_reward:-9.792693138122559, mean_queue:6.469444274902344
intersection:11, mean_episode_reward:-10.099861145019531, mean_queue:6.963889122009277
intersection:12, mean_episode_reward:-0.8622223734855652, mean_queue:0.6583333611488342
intersection:13, mean_episode_reward:-22.247386932373047, mean_queue:32.00555419921875
intersection:14, mean_episode_reward:-16.386661529541016, mean_queue:8.255555152893066
intersection:15, mean_episode_reward:-16.91743278503418, mean_queue:45.4555549621582
intersection:16, mean_episode_reward:-7.2235589027404785, mean_queue:9.002778053283691
intersection:17, mean_episode_reward:-0.1188889816403389, mean_queue:0.20000000298023224
intersection:18, mean_episode_reward:-0.9781943559646606, mean_queue:1.9083333015441895
intersection:19, mean_episode_reward:-2.103194236755371, mean_queue:2.9166667461395264
intersection:20, mean_episode_reward:-1.2531944513320923, mean_queue:2.4388887882232666
intersection:21, mean_episode_reward:-0.14671294391155243, mean_queue:0.3583333194255829
intersection:22, mean_episode_reward:-0.6917359828948975, mean_queue:1.538888931274414
intersection:23, mean_episode_reward:-1.3318758010864258, mean_queue:1.7805556058883667
intersection:24, mean_episode_reward:-0.9298611879348755, mean_queue:1.630555510520935
intersection:25, mean_episode_reward:-3.9844908714294434, mean_queue:3.780555486679077
intersection:26, mean_episode_reward:-12.52647876739502, mean_queue:6.5916666984558105
intersection:27, mean_episode_reward:-0.5255553126335144, mean_queue:0.980555534362793
intersection:28, mean_episode_reward:-18.480554580688477, mean_queue:12.855555534362793
intersection:29, mean_episode_reward:-18.401845932006836, mean_queue:13.824999809265137
intersection:30, mean_episode_reward:-2.093095064163208, mean_queue:4.130555629730225
intersection:31, mean_episode_reward:-1.2814288139343262, mean_queue:2.144444465637207
intersection:32, mean_episode_reward:-0.2923334240913391, mean_queue:0.2777777910232544
intersection:33, mean_episode_reward:-5.305888652801514, mean_queue:13.191666603088379
intersection:34, mean_episode_reward:-1.068221926689148, mean_queue:3.4000000953674316
intersection:35, mean_episode_reward:-0.0018518519354984164, mean_queue:0.0055555556900799274
intersection:36, mean_episode_reward:-0.06700000166893005, mean_queue:0.05833333358168602
intersection:37, mean_episode_reward:-0.5923332571983337, mean_queue:0.730555534362793
intersection:38, mean_episode_reward:-2.429257392883301, mean_queue:3.7527778148651123
intersection:39, mean_episode_reward:-3.4574992656707764, mean_queue:8.13611125946045
intersection:40, mean_episode_reward:-0.3788890838623047, mean_queue:0.28611111640930176
intersection:41, mean_episode_reward:-3.8463430404663086, mean_queue:5.138888835906982
intersection:42, mean_episode_reward:-0.08291666954755783, mean_queue:0.06388889253139496
intersection:43, mean_episode_reward:-0.5277591943740845, mean_queue:1.288888931274414
intersection:44, mean_episode_reward:-0.5826388597488403, mean_queue:1.8194444179534912
intersection:45, mean_episode_reward:-0.919880747795105, mean_queue:1.269444465637207
intersection:46, mean_episode_reward:-6.288887977600098, mean_queue:4.31944465637207
intersection:47, mean_episode_reward:-10.705894470214844, mean_queue:10.199999809265137
intersection:48, mean_episode_reward:-0.6711902618408203, mean_queue:1.519444465637207
intersection:49, mean_episode_reward:-0.014166663400828838, mean_queue:0.02222222276031971
intersection:50, mean_episode_reward:-0.003703703870996833, mean_queue:0.0055555556900799274
intersection:51, mean_episode_reward:0.0, mean_queue:0.0
intersection:52, mean_episode_reward:-0.16499999165534973, mean_queue:0.16388888657093048
intersection:53, mean_episode_reward:-0.018333332613110542, mean_queue:0.01666666753590107
intersection:54, mean_episode_reward:-0.1344444453716278, mean_queue:0.06111111119389534
intersection:55, mean_episode_reward:-39.80139923095703, mean_queue:27.461111068725586
intersection:56, mean_episode_reward:-0.5132539868354797, mean_queue:1.0111111402511597
intersection:57, mean_episode_reward:-1.9482643604278564, mean_queue:4.763888835906982
intersection:58, mean_episode_reward:-63.06667709350586, mean_queue:31.641666412353516
step:3600/3600, q_loss:73.49948120117188, rewards:-250.84713541666667, queue:4.177871939736346, delay:0.11873036759945857, throughput:8214
episode:7/10, real avg travel time:350.6733625517409
intersection:0, mean_episode_reward:-1.494166374206543, mean_queue:3.902777671813965
intersection:1, mean_episode_reward:-0.35288894176483154, mean_queue:0.2611111104488373
intersection:2, mean_episode_reward:-0.3753334879875183, mean_queue:0.4972222149372101
intersection:3, mean_episode_reward:-0.48687490820884705, mean_queue:0.46666666865348816
intersection:4, mean_episode_reward:-0.2159523069858551, mean_queue:0.17222222685813904
intersection:5, mean_episode_reward:-0.696666419506073, mean_queue:1.5333333015441895
intersection:6, mean_episode_reward:-0.14000000059604645, mean_queue:0.15833333134651184
intersection:7, mean_episode_reward:-1.3340270519256592, mean_queue:2.722222328186035
intersection:8, mean_episode_reward:-1.1614807844161987, mean_queue:2.5027778148651123
intersection:9, mean_episode_reward:-6.12388801574707, mean_queue:3.325000047683716
intersection:10, mean_episode_reward:-5.412702560424805, mean_queue:3.569444417953491
intersection:11, mean_episode_reward:-9.253055572509766, mean_queue:6.35277795791626
intersection:12, mean_episode_reward:-0.9321110844612122, mean_queue:0.7527777552604675
intersection:13, mean_episode_reward:-25.589553833007812, mean_queue:35.483333587646484
intersection:14, mean_episode_reward:-13.253334999084473, mean_queue:6.64722204208374
intersection:15, mean_episode_reward:-13.842025756835938, mean_queue:36.96111297607422
intersection:16, mean_episode_reward:-7.966664791107178, mean_queue:9.952777862548828
intersection:17, mean_episode_reward:-0.10462967306375504, mean_queue:0.18888889253139496
intersection:18, mean_episode_reward:-0.7195139527320862, mean_queue:1.1277778148651123
intersection:19, mean_episode_reward:-1.3679869174957275, mean_queue:1.875
intersection:20, mean_episode_reward:-1.2279168367385864, mean_queue:2.347222328186035
intersection:21, mean_episode_reward:-0.16407407820224762, mean_queue:0.40833333134651184
intersection:22, mean_episode_reward:-0.6548264622688293, mean_queue:1.4972221851348877
intersection:23, mean_episode_reward:-1.2961807250976562, mean_queue:1.625
intersection:24, mean_episode_reward:-0.08236110210418701, mean_queue:0.16388888657093048
intersection:25, mean_episode_reward:-1.6578707695007324, mean_queue:1.163888931274414
intersection:26, mean_episode_reward:-10.03572940826416, mean_queue:5.116666793823242
intersection:27, mean_episode_reward:-0.5554322004318237, mean_queue:1.0277777910232544
intersection:28, mean_episode_reward:-11.658889770507812, mean_queue:8.063888549804688
intersection:29, mean_episode_reward:-19.29555320739746, mean_queue:14.466666221618652
intersection:30, mean_episode_reward:-2.072143316268921, mean_queue:3.8722221851348877
intersection:31, mean_episode_reward:-1.289682149887085, mean_queue:2.11388897895813
intersection:32, mean_episode_reward:-0.3693334758281708, mean_queue:0.3166666626930237
intersection:33, mean_episode_reward:-2.5116655826568604, mean_queue:6.199999809265137
intersection:34, mean_episode_reward:-0.9743887186050415, mean_queue:3.094444513320923
intersection:35, mean_episode_reward:-0.0012962962500751019, mean_queue:0.0027777778450399637
intersection:36, mean_episode_reward:-0.10400000959634781, mean_queue:0.08611111342906952
intersection:37, mean_episode_reward:-0.900333046913147, mean_queue:1.0833333730697632
intersection:38, mean_episode_reward:-0.9714810848236084, mean_queue:1.5916666984558105
intersection:39, mean_episode_reward:-2.1591670513153076, mean_queue:5.105555534362793
intersection:40, mean_episode_reward:-0.39733344316482544, mean_queue:0.26944443583488464
intersection:41, mean_episode_reward:-3.2541205883026123, mean_queue:4.4083333015441895
intersection:42, mean_episode_reward:-0.04111110791563988, mean_queue:0.02500000037252903
intersection:43, mean_episode_reward:-0.5838335156440735, mean_queue:1.394444465637207
intersection:44, mean_episode_reward:-0.47874996066093445, mean_queue:1.4388889074325562
intersection:45, mean_episode_reward:-0.6232935190200806, mean_queue:0.8361111283302307
intersection:46, mean_episode_reward:-3.6319451332092285, mean_queue:2.4166667461395264
intersection:47, mean_episode_reward:-6.916781425476074, mean_queue:6.105555534362793
intersection:48, mean_episode_reward:-0.7054367065429688, mean_queue:1.5138888359069824
intersection:49, mean_episode_reward:-0.010555553250014782, mean_queue:0.02222222276031971
intersection:50, mean_episode_reward:-0.0012962962500751019, mean_queue:0.0027777778450399637
intersection:51, mean_episode_reward:0.0, mean_queue:0.0
intersection:52, mean_episode_reward:0.0, mean_queue:0.0
intersection:53, mean_episode_reward:-0.03266666829586029, mean_queue:0.02500000037252903
intersection:54, mean_episode_reward:-0.0811111107468605, mean_queue:0.0416666679084301
intersection:55, mean_episode_reward:-29.621105194091797, mean_queue:19.586111068725586
intersection:56, mean_episode_reward:-0.5683332681655884, mean_queue:1.1222221851348877
intersection:57, mean_episode_reward:-1.0037150382995605, mean_queue:2.3499999046325684
intersection:58, mean_episode_reward:-54.090572357177734, mean_queue:27.136110305786133
step:3600/3600, q_loss:69.79714965820312, rewards:-284.8534939236111, queue:4.519679849340866, delay:0.12245047761446563, throughput:7879
episode:8/10, real avg travel time:337.47696408173624
intersection:0, mean_episode_reward:-1.2160415649414062, mean_queue:3.058333396911621
intersection:1, mean_episode_reward:-0.429889053106308, mean_queue:0.3055555522441864
intersection:2, mean_episode_reward:-0.3644445240497589, mean_queue:0.45277777314186096
intersection:3, mean_episode_reward:-0.4429164528846741, mean_queue:0.4277777671813965
intersection:4, mean_episode_reward:-0.25928568840026855, mean_queue:0.17777778208255768
intersection:5, mean_episode_reward:-1.0773811340332031, mean_queue:2.4111111164093018
intersection:6, mean_episode_reward:-0.16870369017124176, mean_queue:0.18611110746860504
intersection:7, mean_episode_reward:-1.3004165887832642, mean_queue:2.663888931274414
intersection:8, mean_episode_reward:-1.2843210697174072, mean_queue:2.75
intersection:9, mean_episode_reward:-8.102962493896484, mean_queue:4.5
intersection:10, mean_episode_reward:-7.660000324249268, mean_queue:5.011111259460449
intersection:11, mean_episode_reward:-10.102777481079102, mean_queue:6.983333110809326
intersection:12, mean_episode_reward:-0.8492224812507629, mean_queue:0.6166666746139526
intersection:13, mean_episode_reward:-18.70465850830078, mean_queue:27.149999618530273
intersection:14, mean_episode_reward:-15.923334121704102, mean_queue:8.005555152893066
intersection:15, mean_episode_reward:-15.304529190063477, mean_queue:41.30277633666992
intersection:16, mean_episode_reward:-6.433557987213135, mean_queue:8.050000190734863
intersection:17, mean_episode_reward:-0.10814821720123291, mean_queue:0.1666666716337204
intersection:18, mean_episode_reward:-0.6784375905990601, mean_queue:1.125
intersection:19, mean_episode_reward:-1.3895832300186157, mean_queue:1.869444489479065
intersection:20, mean_episode_reward:-1.3702776432037354, mean_queue:2.6611111164093018
intersection:21, mean_episode_reward:-0.15564817190170288, mean_queue:0.36944442987442017
intersection:22, mean_episode_reward:-0.6239582300186157, mean_queue:1.4083333015441895
intersection:23, mean_episode_reward:-1.1604171991348267, mean_queue:1.6138888597488403
intersection:24, mean_episode_reward:-0.14166665077209473, mean_queue:0.28611111640930176
intersection:25, mean_episode_reward:-1.5776853561401367, mean_queue:1.130555510520935
intersection:26, mean_episode_reward:-13.250176429748535, mean_queue:6.5
intersection:27, mean_episode_reward:-0.5555555820465088, mean_queue:1.0305556058883667
intersection:28, mean_episode_reward:-16.440135955810547, mean_queue:11.344444274902344
intersection:29, mean_episode_reward:-13.861486434936523, mean_queue:10.413888931274414
intersection:30, mean_episode_reward:-2.3030953407287598, mean_queue:4.275000095367432
intersection:31, mean_episode_reward:-1.2668254375457764, mean_queue:2.019444465637207
intersection:32, mean_episode_reward:-0.26555562019348145, mean_queue:0.22777777910232544
intersection:33, mean_episode_reward:-2.0457775592803955, mean_queue:5.06944465637207
intersection:34, mean_episode_reward:-1.0111664533615112, mean_queue:3.2277777194976807
intersection:35, mean_episode_reward:-0.0016666667070239782, mean_queue:0.0027777778450399637
intersection:36, mean_episode_reward:-0.10033334791660309, mean_queue:0.09166666865348816
intersection:37, mean_episode_reward:-0.5053333044052124, mean_queue:0.550000011920929
intersection:38, mean_episode_reward:-1.1075925827026367, mean_queue:1.7777777910232544
intersection:39, mean_episode_reward:-2.935952663421631, mean_queue:6.863888740539551
intersection:40, mean_episode_reward:-0.4026668667793274, mean_queue:0.2611111104488373
intersection:41, mean_episode_reward:-3.4465739727020264, mean_queue:4.6583333015441895
intersection:42, mean_episode_reward:-0.08305554836988449, mean_queue:0.04444444552063942
intersection:43, mean_episode_reward:-0.4553891122341156, mean_queue:1.1166666746139526
intersection:44, mean_episode_reward:-0.4950695037841797, mean_queue:1.524999976158142
intersection:45, mean_episode_reward:-0.6963093280792236, mean_queue:1.0
intersection:46, mean_episode_reward:-4.12333345413208, mean_queue:2.780555486679077
intersection:47, mean_episode_reward:-11.331111907958984, mean_queue:10.936111450195312
intersection:48, mean_episode_reward:-0.6390476822853088, mean_queue:1.4305555820465088
intersection:49, mean_episode_reward:-0.02499999664723873, mean_queue:0.03611111268401146
intersection:50, mean_episode_reward:-0.00018518519937060773, mean_queue:0.0027777778450399637
intersection:51, mean_episode_reward:0.0, mean_queue:0.0
intersection:52, mean_episode_reward:-0.16638889908790588, mean_queue:0.1666666716337204
intersection:53, mean_episode_reward:-0.041333332657814026, mean_queue:0.03333333507180214
intersection:54, mean_episode_reward:-0.046666670590639114, mean_queue:0.013888888992369175
intersection:55, mean_episode_reward:-34.89653015136719, mean_queue:23.469444274902344
intersection:56, mean_episode_reward:-0.5846428275108337, mean_queue:1.1277778148651123
intersection:57, mean_episode_reward:-1.270937204360962, mean_queue:2.98888897895813
intersection:58, mean_episode_reward:-73.6683349609375, mean_queue:36.99166488647461
step:3600/3600, q_loss:68.09507751464844, rewards:-264.823828125, queue:4.301035781544256, delay:0.11895591031809087, throughput:8081
episode:9/10, real avg travel time:358.2321494864497
intersection:0, mean_episode_reward:-0.45062509179115295, mean_queue:0.9194444417953491
intersection:1, mean_episode_reward:-0.45511117577552795, mean_queue:0.3583333194255829
intersection:2, mean_episode_reward:-0.36022236943244934, mean_queue:0.42222222685813904
intersection:3, mean_episode_reward:-0.3679164946079254, mean_queue:0.36944442987442017
intersection:4, mean_episode_reward:-0.34404751658439636, mean_queue:0.2361111044883728
intersection:5, mean_episode_reward:-1.3907133340835571, mean_queue:2.844444513320923
intersection:6, mean_episode_reward:-0.14500002562999725, mean_queue:0.11944444477558136
intersection:7, mean_episode_reward:-1.1844438314437866, mean_queue:2.444444417953491
intersection:8, mean_episode_reward:-1.2527161836624146, mean_queue:2.6388888359069824
intersection:9, mean_episode_reward:-1.8518520593643188, mean_queue:1.0027778148651123
intersection:10, mean_episode_reward:-4.908574104309082, mean_queue:3.2361111640930176
intersection:11, mean_episode_reward:-9.997498512268066, mean_queue:6.85277795791626
intersection:12, mean_episode_reward:-0.778444766998291, mean_queue:0.6222222447395325
intersection:13, mean_episode_reward:-18.82505226135254, mean_queue:26.78611183166504
intersection:14, mean_episode_reward:-11.64944839477539, mean_queue:5.8416666984558105
intersection:15, mean_episode_reward:-15.32312297821045, mean_queue:41.45000076293945
intersection:16, mean_episode_reward:-6.643780708312988, mean_queue:8.311111450195312
intersection:17, mean_episode_reward:-0.11833338439464569, mean_queue:0.20000000298023224
intersection:18, mean_episode_reward:-0.7606595158576965, mean_queue:1.1805555820465088
intersection:19, mean_episode_reward:-1.3344449996948242, mean_queue:1.8250000476837158
intersection:20, mean_episode_reward:-1.2998608350753784, mean_queue:2.48888897895813
intersection:21, mean_episode_reward:-0.1883796751499176, mean_queue:0.4444444477558136
intersection:22, mean_episode_reward:-0.6923959851264954, mean_queue:1.5555555820465088
intersection:23, mean_episode_reward:-1.259999394416809, mean_queue:1.6277778148651123
intersection:24, mean_episode_reward:-0.08305556327104568, mean_queue:0.14444445073604584
intersection:25, mean_episode_reward:-1.9309719800949097, mean_queue:1.769444465637207
intersection:26, mean_episode_reward:-11.824624061584473, mean_queue:6.111111164093018
intersection:27, mean_episode_reward:-0.5816665887832642, mean_queue:1.1027777194976807
intersection:28, mean_episode_reward:-16.92430877685547, mean_queue:11.677778244018555
intersection:29, mean_episode_reward:-10.580740928649902, mean_queue:7.941666603088379
intersection:30, mean_episode_reward:-1.7451190948486328, mean_queue:3.2083332538604736
intersection:31, mean_episode_reward:-1.2360316514968872, mean_queue:1.9416667222976685
intersection:32, mean_episode_reward:-0.310222327709198, mean_queue:0.26944443583488464
intersection:33, mean_episode_reward:-1.9243332147598267, mean_queue:4.766666889190674
intersection:34, mean_episode_reward:-0.9473336338996887, mean_queue:3.0
intersection:35, mean_episode_reward:-0.02222222276031971, mean_queue:0.04444444552063942
intersection:36, mean_episode_reward:-0.11366666853427887, mean_queue:0.09166666865348816
intersection:37, mean_episode_reward:-0.6781665086746216, mean_queue:0.7916666865348816
intersection:38, mean_episode_reward:-1.458703637123108, mean_queue:2.3333332538604736
intersection:39, mean_episode_reward:-3.0869052410125732, mean_queue:7.222222328186035
intersection:40, mean_episode_reward:-0.4360003173351288, mean_queue:0.3305555582046509
intersection:41, mean_episode_reward:-4.042826175689697, mean_queue:5.574999809265137
intersection:42, mean_episode_reward:-0.06527777016162872, mean_queue:0.03333333507180214
intersection:43, mean_episode_reward:-0.5172224044799805, mean_queue:1.2722222805023193
intersection:44, mean_episode_reward:-0.4885416328907013, mean_queue:1.5138888359069824
intersection:45, mean_episode_reward:-0.5476982593536377, mean_queue:0.7749999761581421
intersection:46, mean_episode_reward:-4.403611183166504, mean_queue:2.922222137451172
intersection:47, mean_episode_reward:-10.952999114990234, mean_queue:10.54444408416748
intersection:48, mean_episode_reward:-0.6956745982170105, mean_queue:1.5666667222976685
intersection:49, mean_episode_reward:-0.017499996349215508, mean_queue:0.01666666753590107
intersection:50, mean_episode_reward:-0.007407407741993666, mean_queue:0.01666666753590107
intersection:51, mean_episode_reward:0.0, mean_queue:0.0
intersection:52, mean_episode_reward:-0.19499999284744263, mean_queue:0.19722221791744232
intersection:53, mean_episode_reward:-0.04399999603629112, mean_queue:0.03333333507180214
intersection:54, mean_episode_reward:-0.16333332657814026, mean_queue:0.07777778059244156
intersection:55, mean_episode_reward:-27.87555694580078, mean_queue:19.21388816833496
intersection:56, mean_episode_reward:-0.588015615940094, mean_queue:1.225000023841858
intersection:57, mean_episode_reward:-1.4446531534194946, mean_queue:3.4666666984558105
intersection:58, mean_episode_reward:-77.30775451660156, mean_queue:38.786109924316406
Final Travel Time is 324.8277, mean rewards: -334.4861, queue: 5.2254, delay: 0.1262, throughput: 7471
Total time taken: 2348.967952489853
