step:3600/3600, q_loss:40.70952224731445, rewards:-591.7918836805555, queue:12.255696798493409, delay:0.21535987063765302, throughput:4202
episode:0/10, real avg travel time:591.9264635887672
intersection:0, mean_episode_reward:-1.5214581489562988, mean_queue:0.9472222328186035
intersection:1, mean_episode_reward:-5.337225914001465, mean_queue:5.375
intersection:2, mean_episode_reward:-42.47649002075195, mean_queue:48.2055549621582
intersection:3, mean_episode_reward:-6.284792900085449, mean_queue:4.172222137451172
intersection:4, mean_episode_reward:0.0, mean_queue:56.905555725097656
intersection:5, mean_episode_reward:-7.663561820983887, mean_queue:5.161110877990723
intersection:6, mean_episode_reward:-11.824440002441406, mean_queue:15.850000381469727
intersection:7, mean_episode_reward:-5.103333950042725, mean_queue:8.208333015441895
intersection:8, mean_episode_reward:-2.8507416248321533, mean_queue:5.183333396911621
intersection:9, mean_episode_reward:-30.470272064208984, mean_queue:15.699999809265137
intersection:10, mean_episode_reward:-25.264434814453125, mean_queue:14.222222328186035
intersection:11, mean_episode_reward:-17.888744354248047, mean_queue:12.647222518920898
intersection:12, mean_episode_reward:-6.907444477081299, mean_queue:5.297222137451172
intersection:13, mean_episode_reward:-22.534730911254883, mean_queue:33.00833511352539
intersection:14, mean_episode_reward:-31.75777816772461, mean_queue:15.399999618530273
intersection:15, mean_episode_reward:-13.155614852905273, mean_queue:37.57777786254883
intersection:16, mean_episode_reward:-7.546229362487793, mean_queue:8.197221755981445
intersection:17, mean_episode_reward:-4.847222805023193, mean_queue:5.8027777671813965
intersection:18, mean_episode_reward:-10.204758644104004, mean_queue:17.26388931274414
intersection:19, mean_episode_reward:-7.172500133514404, mean_queue:8.36111068725586
intersection:20, mean_episode_reward:-3.3400003910064697, mean_queue:5.513888835906982
intersection:21, mean_episode_reward:-0.3645370602607727, mean_queue:2.2833333015441895
intersection:22, mean_episode_reward:-4.433856010437012, mean_queue:7.205555438995361
intersection:23, mean_episode_reward:-9.574725151062012, mean_queue:10.316666603088379
intersection:24, mean_episode_reward:0.0, mean_queue:2.558333396911621
intersection:25, mean_episode_reward:-8.011248588562012, mean_queue:13.094444274902344
intersection:26, mean_episode_reward:-13.734814643859863, mean_queue:5.5527777671813965
intersection:27, mean_episode_reward:-5.26438045501709, mean_queue:6.911110877990723
intersection:28, mean_episode_reward:-20.73583221435547, mean_queue:12.561111450195312
intersection:29, mean_episode_reward:-43.02925109863281, mean_queue:31.580554962158203
intersection:30, mean_episode_reward:-3.4986941814422607, mean_queue:4.616666793823242
intersection:31, mean_episode_reward:-2.665555715560913, mean_queue:2.855555534362793
intersection:32, mean_episode_reward:-1.6952217817306519, mean_queue:2.825000047683716
intersection:33, mean_episode_reward:-19.114444732666016, mean_queue:45.34722137451172
intersection:34, mean_episode_reward:-2.9883615970611572, mean_queue:6.472222328186035
intersection:35, mean_episode_reward:-0.08055555820465088, mean_queue:0.13611111044883728
intersection:36, mean_episode_reward:-8.083664894104004, mean_queue:5.527777671813965
intersection:37, mean_episode_reward:0.0, mean_queue:15.975000381469727
intersection:38, mean_episode_reward:-4.483147621154785, mean_queue:5.10277795791626
intersection:39, mean_episode_reward:-6.9339680671691895, mean_queue:18.497222900390625
intersection:40, mean_episode_reward:-3.5796639919281006, mean_queue:3.8027777671813965
intersection:41, mean_episode_reward:-6.414078712463379, mean_queue:7.7833333015441895
intersection:42, mean_episode_reward:-3.943748950958252, mean_queue:1.9472222328186035
intersection:43, mean_episode_reward:-9.227279663085938, mean_queue:21.22222137451172
intersection:44, mean_episode_reward:-6.689029216766357, mean_queue:20.191667556762695
intersection:45, mean_episode_reward:0.0, mean_queue:40.405555725097656
intersection:46, mean_episode_reward:-7.343055725097656, mean_queue:5.488888740539551
intersection:47, mean_episode_reward:-11.084551811218262, mean_queue:10.505555152893066
intersection:48, mean_episode_reward:-1.067062497138977, mean_queue:3.9083333015441895
intersection:49, mean_episode_reward:-2.823887586593628, mean_queue:2.9111111164093018
intersection:50, mean_episode_reward:-5.9572224617004395, mean_queue:7.541666507720947
intersection:51, mean_episode_reward:-4.02222204208374, mean_queue:3.0361111164093018
intersection:52, mean_episode_reward:-1.2180556058883667, mean_queue:0.21666666865348816
intersection:53, mean_episode_reward:-2.448003053665161, mean_queue:1.2000000476837158
intersection:54, mean_episode_reward:-16.733888626098633, mean_queue:6.81944465637207
intersection:55, mean_episode_reward:-37.77458190917969, mean_queue:22.875
intersection:56, mean_episode_reward:0.0, mean_queue:3.0055556297302246
intersection:57, mean_episode_reward:-5.082638740539551, mean_queue:8.48611068725586
intersection:58, mean_episode_reward:-47.53887939453125, mean_queue:23.31944465637207
step:3600/3600, q_loss:55.97984313964844, rewards:-453.3529079861111, queue:8.896186440677965, delay:0.1698676445165372, throughput:5369
episode:1/10, real avg travel time:479.1056062581486
intersection:0, mean_episode_reward:-1.200000524520874, mean_queue:0.5277777910232544
intersection:1, mean_episode_reward:-3.5527777671813965, mean_queue:3.3611111640930176
intersection:2, mean_episode_reward:-45.781185150146484, mean_queue:57.23055648803711
intersection:3, mean_episode_reward:-5.391458511352539, mean_queue:3.444444417953491
intersection:4, mean_episode_reward:0.0, mean_queue:0.3472222089767456
intersection:5, mean_episode_reward:-2.474644899368286, mean_queue:1.3583333492279053
intersection:6, mean_episode_reward:-9.00278091430664, mean_queue:11.291666984558105
intersection:7, mean_episode_reward:-4.241250038146973, mean_queue:6.4666666984558105
intersection:8, mean_episode_reward:-1.8551849126815796, mean_queue:3.5805554389953613
intersection:9, mean_episode_reward:-44.01805114746094, mean_queue:22.52777862548828
intersection:10, mean_episode_reward:-37.96857833862305, mean_queue:21.69444465637207
intersection:11, mean_episode_reward:-13.30666732788086, mean_queue:8.783333778381348
intersection:12, mean_episode_reward:-1.862109899520874, mean_queue:0.625
intersection:13, mean_episode_reward:-23.245996475219727, mean_queue:33.58333206176758
intersection:14, mean_episode_reward:-32.046112060546875, mean_queue:15.536110877990723
intersection:15, mean_episode_reward:-4.99082612991333, mean_queue:15.308333396911621
intersection:16, mean_episode_reward:-5.397775650024414, mean_queue:5.516666889190674
intersection:17, mean_episode_reward:-4.281113624572754, mean_queue:4.94444465637207
intersection:18, mean_episode_reward:-8.41246509552002, mean_queue:15.858333587646484
intersection:19, mean_episode_reward:-7.845832824707031, mean_queue:9.230555534362793
intersection:20, mean_episode_reward:-5.153750419616699, mean_queue:7.888888835906982
intersection:21, mean_episode_reward:-0.00032407406251877546, mean_queue:0.7250000238418579
intersection:22, mean_episode_reward:-3.1732990741729736, mean_queue:4.972222328186035
intersection:23, mean_episode_reward:-2.9465277194976807, mean_queue:2.174999952316284
intersection:24, mean_episode_reward:0.0, mean_queue:0.9166666865348816
intersection:25, mean_episode_reward:-0.38490748405456543, mean_queue:1.0472222566604614
intersection:26, mean_episode_reward:-8.598518371582031, mean_queue:3.241666555404663
intersection:27, mean_episode_reward:-5.023703575134277, mean_queue:8.01388931274414
intersection:28, mean_episode_reward:-12.83764362335205, mean_queue:6.9083333015441895
intersection:29, mean_episode_reward:-33.395179748535156, mean_queue:24.380556106567383
intersection:30, mean_episode_reward:-2.8115484714508057, mean_queue:3.844444513320923
intersection:31, mean_episode_reward:-2.063967704772949, mean_queue:1.8111110925674438
intersection:32, mean_episode_reward:-0.39477798342704773, mean_queue:1.1083333492279053
intersection:33, mean_episode_reward:-13.025120735168457, mean_queue:30.100000381469727
intersection:34, mean_episode_reward:-1.9028887748718262, mean_queue:2.9166667461395264
intersection:35, mean_episode_reward:0.0, mean_queue:0.0
intersection:36, mean_episode_reward:-3.9113333225250244, mean_queue:2.4361112117767334
intersection:37, mean_episode_reward:0.0, mean_queue:16.16111183166504
intersection:38, mean_episode_reward:-4.922780513763428, mean_queue:5.633333206176758
intersection:39, mean_episode_reward:-6.474208354949951, mean_queue:17.461111068725586
intersection:40, mean_episode_reward:-4.707824230194092, mean_queue:5.213889122009277
intersection:41, mean_episode_reward:-3.3374524116516113, mean_queue:3.055555582046509
intersection:42, mean_episode_reward:-1.280694603919983, mean_queue:0.18333333730697632
intersection:43, mean_episode_reward:-11.459071159362793, mean_queue:27.16111183166504
intersection:44, mean_episode_reward:-6.1379876136779785, mean_queue:20.35555648803711
intersection:45, mean_episode_reward:0.0, mean_queue:42.099998474121094
intersection:46, mean_episode_reward:-4.05222225189209, mean_queue:2.7638888359069824
intersection:47, mean_episode_reward:-2.0441112518310547, mean_queue:1.9472222328186035
intersection:48, mean_episode_reward:-0.1539682149887085, mean_queue:1.5111111402511597
intersection:49, mean_episode_reward:-0.00888888817280531, mean_queue:0.008333333767950535
intersection:50, mean_episode_reward:-1.0005556344985962, mean_queue:0.0
intersection:51, mean_episode_reward:-5.4524993896484375, mean_queue:4.461111068725586
intersection:52, mean_episode_reward:-1.0, mean_queue:0.0
intersection:53, mean_episode_reward:-1.897336483001709, mean_queue:0.7583333253860474
intersection:54, mean_episode_reward:-16.20388412475586, mean_queue:7.536110877990723
intersection:55, mean_episode_reward:-6.0941691398620605, mean_queue:2.827777862548828
intersection:56, mean_episode_reward:0.0, mean_queue:4.236111164093018
intersection:57, mean_episode_reward:-4.738646507263184, mean_queue:8.336111068725586
intersection:58, mean_episode_reward:-19.888336181640625, mean_queue:9.461111068725586
step:3600/3600, q_loss:51.345184326171875, rewards:-458.81809895833334, queue:8.872598870056498, delay:0.16734135227239288, throughput:5347
episode:2/10, real avg travel time:441.75294557695906
intersection:0, mean_episode_reward:-1.2069787979125977, mean_queue:0.5444444417953491
intersection:1, mean_episode_reward:-2.951777935028076, mean_queue:2.941666603088379
intersection:2, mean_episode_reward:-46.028079986572266, mean_queue:57.613887786865234
intersection:3, mean_episode_reward:-1.7970837354660034, mean_queue:0.6916666626930237
intersection:4, mean_episode_reward:0.0, mean_queue:0.6583333611488342
intersection:5, mean_episode_reward:-1.8923797607421875, mean_queue:1.4583333730697632
intersection:6, mean_episode_reward:-10.774621963500977, mean_queue:14.866666793823242
intersection:7, mean_episode_reward:-4.244582653045654, mean_queue:6.491666793823242
intersection:8, mean_episode_reward:-2.13925838470459, mean_queue:3.76111102104187
intersection:9, mean_episode_reward:-46.407222747802734, mean_queue:23.686111450195312
intersection:10, mean_episode_reward:-35.567012786865234, mean_queue:20.266666412353516
intersection:11, mean_episode_reward:-11.341529846191406, mean_queue:7.213889122009277
intersection:12, mean_episode_reward:-1.6091104745864868, mean_queue:0.5416666865348816
intersection:13, mean_episode_reward:-14.260112762451172, mean_queue:19.797222137451172
intersection:14, mean_episode_reward:-35.78944396972656, mean_queue:17.43055534362793
intersection:15, mean_episode_reward:-6.193579196929932, mean_queue:18.700000762939453
intersection:16, mean_episode_reward:-5.445333480834961, mean_queue:5.544444561004639
intersection:17, mean_episode_reward:-2.041483163833618, mean_queue:1.5722222328186035
intersection:18, mean_episode_reward:-7.84496545791626, mean_queue:13.108333587646484
intersection:19, mean_episode_reward:-4.058403015136719, mean_queue:4.111111164093018
intersection:20, mean_episode_reward:-5.393195152282715, mean_queue:8.588889122009277
intersection:21, mean_episode_reward:-1.6726387739181519, mean_queue:5.738888740539551
intersection:22, mean_episode_reward:-3.051319122314453, mean_queue:4.683333396911621
intersection:23, mean_episode_reward:-3.4945828914642334, mean_queue:2.441666603088379
intersection:24, mean_episode_reward:0.0, mean_queue:0.6861110925674438
intersection:25, mean_episode_reward:-0.03861111402511597, mean_queue:0.2611111104488373
intersection:26, mean_episode_reward:-10.423516273498535, mean_queue:4.236111164093018
intersection:27, mean_episode_reward:-3.3902485370635986, mean_queue:4.355555534362793
intersection:28, mean_episode_reward:-6.841596603393555, mean_queue:5.419444561004639
intersection:29, mean_episode_reward:-38.685890197753906, mean_queue:28.419445037841797
intersection:30, mean_episode_reward:-4.3051066398620605, mean_queue:5.722222328186035
intersection:31, mean_episode_reward:-5.481269836425781, mean_queue:7.702777862548828
intersection:32, mean_episode_reward:-0.5791109204292297, mean_queue:1.6722222566604614
intersection:33, mean_episode_reward:-12.898000717163086, mean_queue:29.808332443237305
intersection:34, mean_episode_reward:-1.943749189376831, mean_queue:3.027777671813965
intersection:35, mean_episode_reward:0.0, mean_queue:0.0
intersection:36, mean_episode_reward:-2.260667324066162, mean_queue:1.0499999523162842
intersection:37, mean_episode_reward:0.0, mean_queue:16.744443893432617
intersection:38, mean_episode_reward:-2.9383344650268555, mean_queue:2.905555486679077
intersection:39, mean_episode_reward:-5.048375129699707, mean_queue:14.072221755981445
intersection:40, mean_episode_reward:-4.681714057922363, mean_queue:5.186110973358154
intersection:41, mean_episode_reward:-3.3133785724639893, mean_queue:3.172222137451172
intersection:42, mean_episode_reward:-1.0911109447479248, mean_queue:0.07777778059244156
intersection:43, mean_episode_reward:-9.142227172851562, mean_queue:22.697221755981445
intersection:44, mean_episode_reward:-4.882081985473633, mean_queue:12.969444274902344
intersection:45, mean_episode_reward:0.0, mean_queue:41.91388702392578
intersection:46, mean_episode_reward:-3.502500295639038, mean_queue:2.36388897895813
intersection:47, mean_episode_reward:-5.167778015136719, mean_queue:5.077777862548828
intersection:48, mean_episode_reward:-0.12329363077878952, mean_queue:1.3416666984558105
intersection:49, mean_episode_reward:-0.005833332892507315, mean_queue:0.0055555556900799274
intersection:50, mean_episode_reward:-1.099259376525879, mean_queue:0.22777777910232544
intersection:51, mean_episode_reward:-5.344722270965576, mean_queue:4.35277795791626
intersection:52, mean_episode_reward:-1.0, mean_queue:0.0
intersection:53, mean_episode_reward:-1.2496659755706787, mean_queue:0.21944443881511688
intersection:54, mean_episode_reward:-13.170000076293945, mean_queue:4.886111259460449
intersection:55, mean_episode_reward:-7.478195667266846, mean_queue:4.311110973358154
intersection:56, mean_episode_reward:0.0, mean_queue:13.683333396911621
intersection:57, mean_episode_reward:-6.880518913269043, mean_queue:12.58055591583252
intersection:58, mean_episode_reward:-40.646671295166016, mean_queue:19.880556106567383
step:3600/3600, q_loss:47.339725494384766, rewards:-406.984375, queue:7.98620527306968, delay:0.15410797636387713, throughput:5691
episode:3/10, real avg travel time:421.3031101739589
intersection:0, mean_episode_reward:-1.2060420513153076, mean_queue:0.5083333253860474
intersection:1, mean_episode_reward:-3.2266666889190674, mean_queue:2.8333332538604736
intersection:2, mean_episode_reward:-45.96342086791992, mean_queue:57.53888702392578
intersection:3, mean_episode_reward:-2.2412502765655518, mean_queue:1.0027778148651123
intersection:4, mean_episode_reward:0.0, mean_queue:0.5666666626930237
intersection:5, mean_episode_reward:-1.704404592514038, mean_queue:0.9944444298744202
intersection:6, mean_episode_reward:-10.007597923278809, mean_queue:13.155555725097656
intersection:7, mean_episode_reward:-3.424999952316284, mean_queue:4.89722204208374
intersection:8, mean_episode_reward:-2.3567893505096436, mean_queue:3.9666666984558105
intersection:9, mean_episode_reward:-44.87944412231445, mean_queue:22.93055534362793
intersection:10, mean_episode_reward:-37.82174301147461, mean_queue:21.90833282470703
intersection:11, mean_episode_reward:-5.60833215713501, mean_queue:3.769444465637207
intersection:12, mean_episode_reward:-1.6283323764801025, mean_queue:0.4972222149372101
intersection:13, mean_episode_reward:-15.068551063537598, mean_queue:20.752777099609375
intersection:14, mean_episode_reward:-20.316661834716797, mean_queue:9.647222518920898
intersection:15, mean_episode_reward:-6.688364028930664, mean_queue:20.08888816833496
intersection:16, mean_episode_reward:-1.9473342895507812, mean_queue:1.2000000476837158
intersection:17, mean_episode_reward:-1.1170374155044556, mean_queue:0.20277777314186096
intersection:18, mean_episode_reward:-6.9380202293396, mean_queue:11.297222137451172
intersection:19, mean_episode_reward:-4.027708530426025, mean_queue:4.077777862548828
intersection:20, mean_episode_reward:-4.683332443237305, mean_queue:7.666666507720947
intersection:21, mean_episode_reward:-0.42935192584991455, mean_queue:2.2444443702697754
intersection:22, mean_episode_reward:-3.013819456100464, mean_queue:4.511111259460449
intersection:23, mean_episode_reward:-3.4360408782958984, mean_queue:2.586111068725586
intersection:24, mean_episode_reward:0.0, mean_queue:0.5249999761581421
intersection:25, mean_episode_reward:-0.027546297758817673, mean_queue:0.2083333283662796
intersection:26, mean_episode_reward:-9.791291236877441, mean_queue:4.144444465637207
intersection:27, mean_episode_reward:-1.8460500240325928, mean_queue:1.4972221851348877
intersection:28, mean_episode_reward:-5.32111120223999, mean_queue:3.5416667461395264
intersection:29, mean_episode_reward:-36.260372161865234, mean_queue:26.625
intersection:30, mean_episode_reward:-2.659050226211548, mean_queue:3.652777671813965
intersection:31, mean_episode_reward:-3.0211100578308105, mean_queue:3.5055556297302246
intersection:32, mean_episode_reward:-0.4305556118488312, mean_queue:1.3416666984558105
intersection:33, mean_episode_reward:-12.463225364685059, mean_queue:28.73055648803711
intersection:34, mean_episode_reward:-1.932249665260315, mean_queue:3.049999952316284
intersection:35, mean_episode_reward:0.0, mean_queue:0.0
intersection:36, mean_episode_reward:-1.0306665897369385, mean_queue:0.02500000037252903
intersection:37, mean_episode_reward:0.0, mean_queue:16.225000381469727
intersection:38, mean_episode_reward:-3.457777261734009, mean_queue:3.683333396911621
intersection:39, mean_episode_reward:-3.601468324661255, mean_queue:10.772222518920898
intersection:40, mean_episode_reward:-4.726823329925537, mean_queue:5.238888740539551
intersection:41, mean_episode_reward:-2.1075477600097656, mean_queue:1.119444489479065
intersection:42, mean_episode_reward:-1.1195833683013916, mean_queue:0.1111111119389534
intersection:43, mean_episode_reward:-9.876537322998047, mean_queue:26.39444351196289
intersection:44, mean_episode_reward:-3.8359713554382324, mean_queue:8.98611068725586
intersection:45, mean_episode_reward:0.0, mean_queue:41.766666412353516
intersection:46, mean_episode_reward:-3.473055362701416, mean_queue:2.375
intersection:47, mean_episode_reward:-5.187777042388916, mean_queue:4.9083333015441895
intersection:48, mean_episode_reward:-0.11031743884086609, mean_queue:1.3388888835906982
intersection:49, mean_episode_reward:-0.04361112043261528, mean_queue:0.0694444477558136
intersection:50, mean_episode_reward:-1.0446295738220215, mean_queue:0.11666666716337204
intersection:51, mean_episode_reward:-5.408611297607422, mean_queue:4.411110877990723
intersection:52, mean_episode_reward:-1.0, mean_queue:0.0
intersection:53, mean_episode_reward:-1.2209999561309814, mean_queue:0.20277777314186096
intersection:54, mean_episode_reward:-5.760000228881836, mean_queue:2.258333444595337
intersection:55, mean_episode_reward:-3.938054323196411, mean_queue:1.9333332777023315
intersection:56, mean_episode_reward:0.0, mean_queue:12.252778053283691
intersection:57, mean_episode_reward:-5.688089847564697, mean_queue:10.36111068725586
intersection:58, mean_episode_reward:-42.86500549316406, mean_queue:20.969444274902344
step:3600/3600, q_loss:44.83348083496094, rewards:-316.56714409722224, queue:6.812099811676083, delay:0.14709902546051082, throughput:6142
episode:4/10, real avg travel time:398.77955063497234
intersection:0, mean_episode_reward:-1.2895829677581787, mean_queue:0.6694444417953491
intersection:1, mean_episode_reward:-1.319442629814148, mean_queue:0.5972222089767456
intersection:2, mean_episode_reward:-46.56520080566406, mean_queue:58.29166793823242
intersection:3, mean_episode_reward:-2.0135421752929688, mean_queue:1.0305556058883667
intersection:4, mean_episode_reward:0.0, mean_queue:2.2555556297302246
intersection:5, mean_episode_reward:-1.5164276361465454, mean_queue:0.9055555462837219
intersection:6, mean_episode_reward:-9.655743598937988, mean_queue:13.347222328186035
intersection:7, mean_episode_reward:-2.3341667652130127, mean_queue:2.7249999046325684
intersection:8, mean_episode_reward:-2.2187650203704834, mean_queue:4.144444465637207
intersection:9, mean_episode_reward:-1.2584259510040283, mean_queue:0.9722222089767456
intersection:10, mean_episode_reward:-3.626188039779663, mean_queue:1.605555534362793
intersection:11, mean_episode_reward:-10.002222061157227, mean_queue:6.097222328186035
intersection:12, mean_episode_reward:-1.6348875761032104, mean_queue:0.4749999940395355
intersection:13, mean_episode_reward:-11.929113388061523, mean_queue:15.758333206176758
intersection:14, mean_episode_reward:-17.41666603088379, mean_queue:8.233333587646484
intersection:15, mean_episode_reward:-6.505770683288574, mean_queue:19.94444465637207
intersection:16, mean_episode_reward:-5.964446544647217, mean_queue:6.230555534362793
intersection:17, mean_episode_reward:-1.1250003576278687, mean_queue:0.22777777910232544
intersection:18, mean_episode_reward:-5.308889389038086, mean_queue:5.458333492279053
intersection:19, mean_episode_reward:-2.5681238174438477, mean_queue:2.1388888359069824
intersection:20, mean_episode_reward:-2.3334033489227295, mean_queue:4.663888931274414
intersection:21, mean_episode_reward:-0.027129629626870155, mean_queue:1.1083333492279053
intersection:22, mean_episode_reward:-1.58225679397583, mean_queue:1.2388888597488403
intersection:23, mean_episode_reward:-2.891805648803711, mean_queue:2.1861112117767334
intersection:24, mean_episode_reward:0.0, mean_queue:0.48055556416511536
intersection:25, mean_episode_reward:-0.06180556118488312, mean_queue:0.23888888955116272
intersection:26, mean_episode_reward:-11.560370445251465, mean_queue:4.955555438995361
intersection:27, mean_episode_reward:-1.6916056871414185, mean_queue:1.2027777433395386
intersection:28, mean_episode_reward:-6.616943836212158, mean_queue:4.597222328186035
intersection:29, mean_episode_reward:-18.474451065063477, mean_queue:13.18055534362793
intersection:30, mean_episode_reward:-2.682145595550537, mean_queue:3.711111068725586
intersection:31, mean_episode_reward:-2.268571376800537, mean_queue:2.180555582046509
intersection:32, mean_episode_reward:-0.3404445946216583, mean_queue:1.1277778148651123
intersection:33, mean_episode_reward:-12.192219734191895, mean_queue:28.075000762939453
intersection:34, mean_episode_reward:-1.8878611326217651, mean_queue:2.8805556297302246
intersection:35, mean_episode_reward:0.0, mean_queue:0.0
intersection:36, mean_episode_reward:-1.7633330821990967, mean_queue:0.625
intersection:37, mean_episode_reward:0.0, mean_queue:16.375
intersection:38, mean_episode_reward:-2.129815101623535, mean_queue:1.6944444179534912
intersection:39, mean_episode_reward:-5.324883460998535, mean_queue:14.70555591583252
intersection:40, mean_episode_reward:-4.68443489074707, mean_queue:5.19444465637207
intersection:41, mean_episode_reward:-3.320556640625, mean_queue:3.0999999046325684
intersection:42, mean_episode_reward:-1.078889012336731, mean_queue:0.07222222536802292
intersection:43, mean_episode_reward:-7.126465320587158, mean_queue:18.27777862548828
intersection:44, mean_episode_reward:-3.4631941318511963, mean_queue:7.894444465637207
intersection:45, mean_episode_reward:0.0, mean_queue:42.08611297607422
intersection:46, mean_episode_reward:-3.306666851043701, mean_queue:2.200000047683716
intersection:47, mean_episode_reward:-6.140223026275635, mean_queue:5.847222328186035
intersection:48, mean_episode_reward:-0.12583327293395996, mean_queue:1.4166666269302368
intersection:49, mean_episode_reward:-0.028888892382383347, mean_queue:0.05000000074505806
intersection:50, mean_episode_reward:-1.0107406377792358, mean_queue:0.03611111268401146
intersection:51, mean_episode_reward:-5.423610687255859, mean_queue:4.436110973358154
intersection:52, mean_episode_reward:-1.0, mean_queue:0.0
intersection:53, mean_episode_reward:-1.091999888420105, mean_queue:0.07777778059244156
intersection:54, mean_episode_reward:-10.799444198608398, mean_queue:4.566666603088379
intersection:55, mean_episode_reward:-7.719027996063232, mean_queue:3.9666666984558105
intersection:56, mean_episode_reward:0.0, mean_queue:10.83055591583252
intersection:57, mean_episode_reward:-7.394410610198975, mean_queue:13.558333396911621
intersection:58, mean_episode_reward:-44.771114349365234, mean_queue:21.96666717529297
step:3600/3600, q_loss:43.59895706176758, rewards:-326.1923611111111, queue:7.019491525423729, delay:0.1409652451337394, throughput:6091
episode:5/10, real avg travel time:377.7338696437367
intersection:0, mean_episode_reward:-1.2685420513153076, mean_queue:0.6361111402511597
intersection:1, mean_episode_reward:-1.2787762880325317, mean_queue:0.574999988079071
intersection:2, mean_episode_reward:-44.97343063354492, mean_queue:56.286109924316406
intersection:3, mean_episode_reward:-1.9370843172073364, mean_queue:0.824999988079071
intersection:4, mean_episode_reward:0.0, mean_queue:0.4194444417953491
intersection:5, mean_episode_reward:-1.4611904621124268, mean_queue:0.7277777791023254
intersection:6, mean_episode_reward:-9.956486701965332, mean_queue:14.527777671813965
intersection:7, mean_episode_reward:-2.1887500286102295, mean_queue:2.472222328186035
intersection:8, mean_episode_reward:-2.3711087703704834, mean_queue:3.8416666984558105
intersection:9, mean_episode_reward:-1.4167593717575073, mean_queue:1.0888888835906982
intersection:10, mean_episode_reward:-3.788886785507202, mean_queue:1.7722222805023193
intersection:11, mean_episode_reward:-8.892778396606445, mean_queue:5.455555438995361
intersection:12, mean_episode_reward:-1.9067755937576294, mean_queue:0.7777777910232544
intersection:13, mean_episode_reward:-24.634437561035156, mean_queue:36.43888854980469
intersection:14, mean_episode_reward:-18.80222511291504, mean_queue:8.925000190734863
intersection:15, mean_episode_reward:-5.698760986328125, mean_queue:17.947221755981445
intersection:16, mean_episode_reward:-5.771774768829346, mean_queue:5.994444370269775
intersection:17, mean_episode_reward:-1.1059261560440063, mean_queue:0.19722221791744232
intersection:18, mean_episode_reward:-4.399929046630859, mean_queue:4.683333396911621
intersection:19, mean_episode_reward:-2.304374933242798, mean_queue:1.6833332777023315
intersection:20, mean_episode_reward:-2.2311112880706787, mean_queue:4.472222328186035
intersection:21, mean_episode_reward:-0.6074535846710205, mean_queue:2.9583332538604736
intersection:22, mean_episode_reward:-1.5268056392669678, mean_queue:1.1749999523162842
intersection:23, mean_episode_reward:-2.6980559825897217, mean_queue:2.038888931274414
intersection:24, mean_episode_reward:0.0, mean_queue:0.3361110985279083
intersection:25, mean_episode_reward:-0.00824074074625969, mean_queue:0.16111111640930176
intersection:26, mean_episode_reward:-10.330367088317871, mean_queue:4.266666889190674
intersection:27, mean_episode_reward:-1.6811109781265259, mean_queue:1.1722222566604614
intersection:28, mean_episode_reward:-5.872361183166504, mean_queue:4.058333396911621
intersection:29, mean_episode_reward:-20.426300048828125, mean_queue:14.538888931274414
intersection:30, mean_episode_reward:-2.6903584003448486, mean_queue:3.663888931274414
intersection:31, mean_episode_reward:-2.3185715675354004, mean_queue:2.2555556297302246
intersection:32, mean_episode_reward:-0.47999975085258484, mean_queue:1.3972222805023193
intersection:33, mean_episode_reward:-12.594775199890137, mean_queue:29.0222225189209
intersection:34, mean_episode_reward:-1.8907220363616943, mean_queue:2.844444513320923
intersection:35, mean_episode_reward:0.0, mean_queue:0.0
intersection:36, mean_episode_reward:-5.011999607086182, mean_queue:3.3499999046325684
intersection:37, mean_episode_reward:0.0, mean_queue:16.31944465637207
intersection:38, mean_episode_reward:-1.9635190963745117, mean_queue:1.4416667222976685
intersection:39, mean_episode_reward:-2.53595232963562, mean_queue:8.122221946716309
intersection:40, mean_episode_reward:-4.449381351470947, mean_queue:4.89722204208374
intersection:41, mean_episode_reward:-2.4248147010803223, mean_queue:1.9361110925674438
intersection:42, mean_episode_reward:-1.0912501811981201, mean_queue:0.0694444477558136
intersection:43, mean_episode_reward:-3.790592670440674, mean_queue:9.688888549804688
intersection:44, mean_episode_reward:-3.4176385402679443, mean_queue:7.775000095367432
intersection:45, mean_episode_reward:0.0, mean_queue:45.43611145019531
intersection:46, mean_episode_reward:-3.396944284439087, mean_queue:2.26111102104187
intersection:47, mean_episode_reward:-5.04210901260376, mean_queue:5.144444465637207
intersection:48, mean_episode_reward:-0.1411110907793045, mean_queue:1.4861111640930176
intersection:49, mean_episode_reward:-0.0072222207672894, mean_queue:0.008333333767950535
intersection:50, mean_episode_reward:-1.0038888454437256, mean_queue:0.011111111380159855
intersection:51, mean_episode_reward:-5.207499980926514, mean_queue:4.211111068725586
intersection:52, mean_episode_reward:-1.0, mean_queue:0.0
intersection:53, mean_episode_reward:-1.0613332986831665, mean_queue:0.06111111119389534
intersection:54, mean_episode_reward:-3.7405550479888916, mean_queue:1.1222221851348877
intersection:55, mean_episode_reward:-3.998610496520996, mean_queue:1.663888931274414
intersection:56, mean_episode_reward:0.0, mean_queue:9.983333587646484
intersection:57, mean_episode_reward:-12.59093952178955, mean_queue:22.563888549804688
intersection:58, mean_episode_reward:-54.80276870727539, mean_queue:26.961111068725586
step:3600/3600, q_loss:40.06416320800781, rewards:-338.5351996527778, queue:7.13210922787194, delay:0.14805608199814618, throughput:5951
episode:6/10, real avg travel time:383.66627457570155
intersection:0, mean_episode_reward:-1.276249885559082, mean_queue:0.6583333611488342
intersection:1, mean_episode_reward:-1.598775863647461, mean_queue:0.7027778029441833
intersection:2, mean_episode_reward:-43.41809844970703, mean_queue:54.344444274902344
intersection:3, mean_episode_reward:-1.882292628288269, mean_queue:0.7722222208976746
intersection:4, mean_episode_reward:0.0, mean_queue:0.5944444537162781
intersection:5, mean_episode_reward:-1.4335709810256958, mean_queue:0.605555534362793
intersection:6, mean_episode_reward:-9.433157920837402, mean_queue:13.41944408416748
intersection:7, mean_episode_reward:-2.073194742202759, mean_queue:2.200000047683716
intersection:8, mean_episode_reward:-2.0714809894561768, mean_queue:3.6277778148651123
intersection:9, mean_episode_reward:-1.8015743494033813, mean_queue:1.2805556058883667
intersection:10, mean_episode_reward:-2.799367666244507, mean_queue:1.0777777433395386
intersection:11, mean_episode_reward:-11.024445533752441, mean_queue:6.900000095367432
intersection:12, mean_episode_reward:-1.799443006515503, mean_queue:0.6416666507720947
intersection:13, mean_episode_reward:-21.642059326171875, mean_queue:32.0
intersection:14, mean_episode_reward:-18.003334045410156, mean_queue:8.508333206176758
intersection:15, mean_episode_reward:-6.294247150421143, mean_queue:19.566667556762695
intersection:16, mean_episode_reward:-6.494225978851318, mean_queue:6.89722204208374
intersection:17, mean_episode_reward:-1.1142596006393433, mean_queue:0.21111111342906952
intersection:18, mean_episode_reward:-3.889026641845703, mean_queue:4.186110973358154
intersection:19, mean_episode_reward:-2.640902042388916, mean_queue:2.0222222805023193
intersection:20, mean_episode_reward:-2.065347909927368, mean_queue:4.138888835906982
intersection:21, mean_episode_reward:-0.0075925919227302074, mean_queue:0.8861111402511597
intersection:22, mean_episode_reward:-1.4605547189712524, mean_queue:1.0888888835906982
intersection:23, mean_episode_reward:-2.627361297607422, mean_queue:1.961111068725586
intersection:24, mean_episode_reward:0.0, mean_queue:0.41111111640930176
intersection:25, mean_episode_reward:-0.011388889513909817, mean_queue:0.1666666716337204
intersection:26, mean_episode_reward:-10.725920677185059, mean_queue:4.502777576446533
intersection:27, mean_episode_reward:-1.7190749645233154, mean_queue:1.1833332777023315
intersection:28, mean_episode_reward:-8.779027938842773, mean_queue:6.883333206176758
intersection:29, mean_episode_reward:-19.30333137512207, mean_queue:13.741666793823242
intersection:30, mean_episode_reward:-3.040356397628784, mean_queue:4.088889122009277
intersection:31, mean_episode_reward:-7.17904806137085, mean_queue:10.66944408416748
intersection:32, mean_episode_reward:-0.5552220940589905, mean_queue:1.4500000476837158
intersection:33, mean_episode_reward:-12.030661582946777, mean_queue:27.674999237060547
intersection:34, mean_episode_reward:-3.6709439754486084, mean_queue:7.724999904632568
intersection:35, mean_episode_reward:0.0, mean_queue:0.0
intersection:36, mean_episode_reward:-2.4860002994537354, mean_queue:1.2388888597488403
intersection:37, mean_episode_reward:0.0, mean_queue:16.26388931274414
intersection:38, mean_episode_reward:-1.8238903284072876, mean_queue:1.3222222328186035
intersection:39, mean_episode_reward:-2.2952401638031006, mean_queue:7.599999904632568
intersection:40, mean_episode_reward:-4.310993671417236, mean_queue:4.733333110809326
intersection:41, mean_episode_reward:-4.097456455230713, mean_queue:4.1972222328186035
intersection:42, mean_episode_reward:-1.1019446849822998, mean_queue:0.07500000298023224
intersection:43, mean_episode_reward:-1.85274076461792, mean_queue:4.669444561004639
intersection:44, mean_episode_reward:-1.6516666412353516, mean_queue:3.9555554389953613
intersection:45, mean_episode_reward:0.0, mean_queue:47.641666412353516
intersection:46, mean_episode_reward:-3.3527770042419434, mean_queue:2.2277777194976807
intersection:47, mean_episode_reward:-5.392333507537842, mean_queue:5.411110877990723
intersection:48, mean_episode_reward:-0.1455555558204651, mean_queue:1.5111111402511597
intersection:49, mean_episode_reward:-0.011944442056119442, mean_queue:0.013888888992369175
intersection:50, mean_episode_reward:-1.0377776622772217, mean_queue:0.07777778059244156
intersection:51, mean_episode_reward:-5.13361120223999, mean_queue:4.141666889190674
intersection:52, mean_episode_reward:-1.0, mean_queue:0.0
intersection:53, mean_episode_reward:-1.0153332948684692, mean_queue:0.01666666753590107
intersection:54, mean_episode_reward:-16.989442825317383, mean_queue:7.038888931274414
intersection:55, mean_episode_reward:-3.5401394367218018, mean_queue:1.4500000476837158
intersection:56, mean_episode_reward:0.0, mean_queue:15.038888931274414
intersection:57, mean_episode_reward:-8.936908721923828, mean_queue:16.561111450195312
intersection:58, mean_episode_reward:-58.493896484375, mean_queue:28.81944465637207
step:3600/3600, q_loss:39.26917266845703, rewards:-290.72938368055554, queue:6.531403013182675, delay:0.13955110309263183, throughput:6267
episode:7/10, real avg travel time:362.7477261847774
intersection:0, mean_episode_reward:-1.2535417079925537, mean_queue:0.605555534362793
intersection:1, mean_episode_reward:-1.267664909362793, mean_queue:0.5555555820465088
intersection:2, mean_episode_reward:-27.409372329711914, mean_queue:30.136110305786133
intersection:3, mean_episode_reward:-1.6662508249282837, mean_queue:0.6638888716697693
intersection:4, mean_episode_reward:0.0, mean_queue:29.636110305786133
intersection:5, mean_episode_reward:-1.475714087486267, mean_queue:0.6277777552604675
intersection:6, mean_episode_reward:-8.35222053527832, mean_queue:10.61388874053955
intersection:7, mean_episode_reward:-2.2255539894104004, mean_queue:2.4944443702697754
intersection:8, mean_episode_reward:-2.0116052627563477, mean_queue:3.547222137451172
intersection:9, mean_episode_reward:-1.2532405853271484, mean_queue:0.9944444298744202
intersection:10, mean_episode_reward:-2.9533348083496094, mean_queue:1.2666666507720947
intersection:11, mean_episode_reward:-10.206530570983887, mean_queue:6.30555534362793
intersection:12, mean_episode_reward:-1.7496646642684937, mean_queue:0.5777778029441833
intersection:13, mean_episode_reward:-20.347383499145508, mean_queue:30.21666717529297
intersection:14, mean_episode_reward:-19.33833122253418, mean_queue:9.18055534362793
intersection:15, mean_episode_reward:-6.179104328155518, mean_queue:19.219444274902344
intersection:16, mean_episode_reward:-6.764222621917725, mean_queue:7.258333206176758
intersection:17, mean_episode_reward:-1.1238888502120972, mean_queue:0.21111111342906952
intersection:18, mean_episode_reward:-4.362014293670654, mean_queue:4.486111164093018
intersection:19, mean_episode_reward:-2.6303467750549316, mean_queue:2.0805554389953613
intersection:20, mean_episode_reward:-2.113541841506958, mean_queue:4.230555534362793
intersection:21, mean_episode_reward:-0.831064760684967, mean_queue:3.2166666984558105
intersection:22, mean_episode_reward:-1.479687213897705, mean_queue:1.25
intersection:23, mean_episode_reward:-2.4168059825897217, mean_queue:1.7277777194976807
intersection:24, mean_episode_reward:0.0, mean_queue:0.38055557012557983
intersection:25, mean_episode_reward:-0.006851851940155029, mean_queue:0.14444445073604584
intersection:26, mean_episode_reward:-10.722406387329102, mean_queue:4.577777862548828
intersection:27, mean_episode_reward:-1.7180869579315186, mean_queue:1.1888889074325562
intersection:28, mean_episode_reward:-8.92215347290039, mean_queue:6.7166666984558105
intersection:29, mean_episode_reward:-19.494447708129883, mean_queue:13.897222518920898
intersection:30, mean_episode_reward:-3.296191692352295, mean_queue:4.35277795791626
intersection:31, mean_episode_reward:-3.6209521293640137, mean_queue:4.494444370269775
intersection:32, mean_episode_reward:-0.45100000500679016, mean_queue:1.350000023841858
intersection:33, mean_episode_reward:-12.92322826385498, mean_queue:29.872222900390625
intersection:34, mean_episode_reward:-1.8945833444595337, mean_queue:2.86388897895813
intersection:35, mean_episode_reward:0.0, mean_queue:0.0
intersection:36, mean_episode_reward:-1.1796663999557495, mean_queue:0.14444445073604584
intersection:37, mean_episode_reward:0.0, mean_queue:16.177778244018555
intersection:38, mean_episode_reward:-1.852408528327942, mean_queue:1.394444465637207
intersection:39, mean_episode_reward:-1.1586507558822632, mean_queue:4.736111164093018
intersection:40, mean_episode_reward:-2.353888750076294, mean_queue:2.269444465637207
intersection:41, mean_episode_reward:-3.8594908714294434, mean_queue:4.094444274902344
intersection:42, mean_episode_reward:-1.11180579662323, mean_queue:0.0694444477558136
intersection:43, mean_episode_reward:-0.6665372848510742, mean_queue:1.5499999523162842
intersection:44, mean_episode_reward:-1.1116665601730347, mean_queue:2.758333444595337
intersection:45, mean_episode_reward:0.0, mean_queue:47.002777099609375
intersection:46, mean_episode_reward:-4.001389026641846, mean_queue:2.566666603088379
intersection:47, mean_episode_reward:-5.304111003875732, mean_queue:5.277777671813965
intersection:48, mean_episode_reward:-0.12253966927528381, mean_queue:1.375
intersection:49, mean_episode_reward:-0.019166667014360428, mean_queue:0.03055555559694767
intersection:50, mean_episode_reward:-1.0083333253860474, mean_queue:0.02222222276031971
intersection:51, mean_episode_reward:-2.467222213745117, mean_queue:1.4777777194976807
intersection:52, mean_episode_reward:-1.0, mean_queue:0.0
intersection:53, mean_episode_reward:-1.0199999809265137, mean_queue:0.01944444514811039
intersection:54, mean_episode_reward:-9.836112022399902, mean_queue:3.6472222805023193
intersection:55, mean_episode_reward:-6.157497882843018, mean_queue:2.288888931274414
intersection:56, mean_episode_reward:0.0, mean_queue:13.199999809265137
intersection:57, mean_episode_reward:-5.507360458374023, mean_queue:10.480555534362793
intersection:58, mean_episode_reward:-48.53055191040039, mean_queue:23.827777862548828
step:3600/3600, q_loss:37.02488327026367, rewards:-309.6361979166667, queue:7.463983050847458, delay:0.14739420113141477, throughput:5757
episode:8/10, real avg travel time:381.43216953274276
intersection:0, mean_episode_reward:-1.2946876287460327, mean_queue:0.7583333253860474
intersection:1, mean_episode_reward:-1.260776162147522, mean_queue:0.5555555820465088
intersection:2, mean_episode_reward:-23.618703842163086, mean_queue:27.27777862548828
intersection:3, mean_episode_reward:-1.983333706855774, mean_queue:0.9611111283302307
intersection:4, mean_episode_reward:0.0, mean_queue:45.102779388427734
intersection:5, mean_episode_reward:-1.54892897605896, mean_queue:0.8027777671813965
intersection:6, mean_episode_reward:-7.100009441375732, mean_queue:8.758333206176758
intersection:7, mean_episode_reward:-3.462777614593506, mean_queue:4.952777862548828
intersection:8, mean_episode_reward:-1.9190114736557007, mean_queue:3.566666603088379
intersection:9, mean_episode_reward:-1.2457407712936401, mean_queue:0.9666666388511658
intersection:10, mean_episode_reward:-3.250474691390991, mean_queue:1.350000023841858
intersection:11, mean_episode_reward:-10.693334579467773, mean_queue:6.611111164093018
intersection:12, mean_episode_reward:-1.7955551147460938, mean_queue:0.5916666388511658
intersection:13, mean_episode_reward:-20.842947006225586, mean_queue:30.688888549804688
intersection:14, mean_episode_reward:-19.22610855102539, mean_queue:9.127778053283691
intersection:15, mean_episode_reward:-6.949491500854492, mean_queue:21.030555725097656
intersection:16, mean_episode_reward:-6.546669960021973, mean_queue:6.938889026641846
intersection:17, mean_episode_reward:-1.3092589378356934, mean_queue:0.48055556416511536
intersection:18, mean_episode_reward:-4.037083148956299, mean_queue:4.050000190734863
intersection:19, mean_episode_reward:-5.763194561004639, mean_queue:6.161110877990723
intersection:20, mean_episode_reward:-2.802708387374878, mean_queue:5.625
intersection:21, mean_episode_reward:-5.708656311035156, mean_queue:14.600000381469727
intersection:22, mean_episode_reward:-1.5773959159851074, mean_queue:1.3083332777023315
intersection:23, mean_episode_reward:-2.4493048191070557, mean_queue:1.7083333730697632
intersection:24, mean_episode_reward:0.0, mean_queue:0.4277777671813965
intersection:25, mean_episode_reward:-0.004490740597248077, mean_queue:0.16944444179534912
intersection:26, mean_episode_reward:-10.788700103759766, mean_queue:4.641666889190674
intersection:27, mean_episode_reward:-2.751915693283081, mean_queue:2.6583333015441895
intersection:28, mean_episode_reward:-7.358959197998047, mean_queue:4.9083333015441895
intersection:29, mean_episode_reward:-19.34258460998535, mean_queue:13.786110877990723
intersection:30, mean_episode_reward:-7.104290008544922, mean_queue:8.913888931274414
intersection:31, mean_episode_reward:-9.700004577636719, mean_queue:15.247221946716309
intersection:32, mean_episode_reward:-0.34677794575691223, mean_queue:1.144444465637207
intersection:33, mean_episode_reward:-12.329224586486816, mean_queue:28.419445037841797
intersection:34, mean_episode_reward:-4.108138084411621, mean_queue:8.86111068725586
intersection:35, mean_episode_reward:0.0, mean_queue:0.0
intersection:36, mean_episode_reward:-1.0570000410079956, mean_queue:0.04722222313284874
intersection:37, mean_episode_reward:0.0, mean_queue:16.211111068725586
intersection:38, mean_episode_reward:-3.9748144149780273, mean_queue:4.52222204208374
intersection:39, mean_episode_reward:-0.7884917259216309, mean_queue:3.780555486679077
intersection:40, mean_episode_reward:-2.1514437198638916, mean_queue:2.0138888359069824
intersection:41, mean_episode_reward:-4.622406482696533, mean_queue:5.22777795791626
intersection:42, mean_episode_reward:-1.0626389980316162, mean_queue:0.05277777835726738
intersection:43, mean_episode_reward:-1.3827404975891113, mean_queue:3.3388888835906982
intersection:44, mean_episode_reward:-1.0940972566604614, mean_queue:3.008333444595337
intersection:45, mean_episode_reward:0.0, mean_queue:46.59722137451172
intersection:46, mean_episode_reward:-2.9455552101135254, mean_queue:1.9249999523162842
intersection:47, mean_episode_reward:-6.7431111335754395, mean_queue:6.68055534362793
intersection:48, mean_episode_reward:-0.16170634329319, mean_queue:1.519444465637207
intersection:49, mean_episode_reward:-0.015555555000901222, mean_queue:0.02222222276031971
intersection:50, mean_episode_reward:-1.0025925636291504, mean_queue:0.011111111380159855
intersection:51, mean_episode_reward:-2.269444227218628, mean_queue:1.274999976158142
intersection:52, mean_episode_reward:-1.0, mean_queue:0.0
intersection:53, mean_episode_reward:-1.0093333721160889, mean_queue:0.008333333767950535
intersection:54, mean_episode_reward:-3.9733331203460693, mean_queue:0.5055555701255798
intersection:55, mean_episode_reward:-7.59013557434082, mean_queue:3.047222137451172
intersection:56, mean_episode_reward:0.0, mean_queue:14.027777671813965
intersection:57, mean_episode_reward:-4.095556735992432, mean_queue:7.519444465637207
intersection:58, mean_episode_reward:-52.474998474121094, mean_queue:25.880556106567383
step:3600/3600, q_loss:35.56843566894531, rewards:-320.73430989583335, queue:6.957250470809793, delay:0.14367517158810028, throughput:5965
episode:9/10, real avg travel time:389.0452640402347
intersection:0, mean_episode_reward:-1.3097915649414062, mean_queue:0.7638888955116272
intersection:1, mean_episode_reward:-1.1877765655517578, mean_queue:0.5305555462837219
intersection:2, mean_episode_reward:-43.54655075073242, mean_queue:54.32222366333008
intersection:3, mean_episode_reward:-2.8381261825561523, mean_queue:1.5805555582046509
intersection:4, mean_episode_reward:0.0, mean_queue:0.8305555582046509
intersection:5, mean_episode_reward:-1.4455944299697876, mean_queue:0.6000000238418579
intersection:6, mean_episode_reward:-9.330755233764648, mean_queue:13.719444274902344
intersection:7, mean_episode_reward:-2.1081950664520264, mean_queue:2.280555486679077
intersection:8, mean_episode_reward:-2.6614818572998047, mean_queue:4.036110877990723
intersection:9, mean_episode_reward:-1.3545372486114502, mean_queue:1.1138888597488403
intersection:10, mean_episode_reward:-3.0426979064941406, mean_queue:1.2611111402511597
intersection:11, mean_episode_reward:-10.301946640014648, mean_queue:6.394444465637207
intersection:12, mean_episode_reward:-1.6219995021820068, mean_queue:0.47777777910232544
intersection:13, mean_episode_reward:-17.444440841674805, mean_queue:25.48611068725586
intersection:14, mean_episode_reward:-18.896106719970703, mean_queue:8.963889122009277
intersection:15, mean_episode_reward:-5.506270885467529, mean_queue:17.13888931274414
intersection:16, mean_episode_reward:-6.9035563468933105, mean_queue:7.380555629730225
intersection:17, mean_episode_reward:-1.1183338165283203, mean_queue:0.20277777314186096
intersection:18, mean_episode_reward:-4.043228626251221, mean_queue:4.491666793823242
intersection:19, mean_episode_reward:-2.7777085304260254, mean_queue:2.097222328186035
intersection:20, mean_episode_reward:-1.5095832347869873, mean_queue:2.98888897895813
intersection:21, mean_episode_reward:-1.0436575412750244, mean_queue:3.8916666507720947
intersection:22, mean_episode_reward:-1.5555901527404785, mean_queue:1.274999976158142
intersection:23, mean_episode_reward:-2.2721526622772217, mean_queue:1.524999976158142
intersection:24, mean_episode_reward:0.0, mean_queue:0.45277777314186096
intersection:25, mean_episode_reward:-0.01532407570630312, mean_queue:0.17222222685813904
intersection:26, mean_episode_reward:-11.81591796875, mean_queue:5.0
intersection:27, mean_episode_reward:-1.5065432786941528, mean_queue:0.8361111283302307
intersection:28, mean_episode_reward:-1.3706246614456177, mean_queue:1.100000023841858
intersection:29, mean_episode_reward:-18.37851905822754, mean_queue:13.061111450195312
intersection:30, mean_episode_reward:-4.321671009063721, mean_queue:5.494444370269775
intersection:31, mean_episode_reward:-8.647143363952637, mean_queue:13.230555534362793
intersection:32, mean_episode_reward:-0.2708889842033386, mean_queue:1.0305556058883667
intersection:33, mean_episode_reward:-12.973221778869629, mean_queue:30.049999237060547
intersection:34, mean_episode_reward:-2.1797218322753906, mean_queue:3.7361111640930176
intersection:35, mean_episode_reward:0.0, mean_queue:0.0
intersection:36, mean_episode_reward:-1.9090001583099365, mean_queue:0.7555555701255798
intersection:37, mean_episode_reward:0.0, mean_queue:16.255556106567383
intersection:38, mean_episode_reward:-1.803889513015747, mean_queue:1.2972222566604614
intersection:39, mean_episode_reward:-2.6583731174468994, mean_queue:8.38888931274414
intersection:40, mean_episode_reward:-4.373660087585449, mean_queue:4.7833333015441895
intersection:41, mean_episode_reward:-4.48449182510376, mean_queue:4.836111068725586
intersection:42, mean_episode_reward:-1.0850002765655518, mean_queue:0.06111111119389534
intersection:43, mean_episode_reward:-2.7872772216796875, mean_queue:6.974999904632568
intersection:44, mean_episode_reward:-2.104097366333008, mean_queue:5.258333206176758
intersection:45, mean_episode_reward:0.0, mean_queue:47.07777786254883
intersection:46, mean_episode_reward:-3.1702778339385986, mean_queue:2.105555534362793
intersection:47, mean_episode_reward:-4.185221195220947, mean_queue:4.013888835906982
intersection:48, mean_episode_reward:-0.15757927298545837, mean_queue:1.5083333253860474
intersection:49, mean_episode_reward:-0.02222222089767456, mean_queue:0.02500000037252903
intersection:50, mean_episode_reward:-1.0027778148651123, mean_queue:0.013888888992369175
intersection:51, mean_episode_reward:-5.069723129272461, mean_queue:4.080555438995361
intersection:52, mean_episode_reward:-1.0, mean_queue:0.0
intersection:53, mean_episode_reward:-1.0423333644866943, mean_queue:0.03611111268401146
intersection:54, mean_episode_reward:-13.238332748413086, mean_queue:4.294444561004639
intersection:55, mean_episode_reward:-4.08847188949585, mean_queue:1.7000000476837158
intersection:56, mean_episode_reward:0.0, mean_queue:15.836111068725586
intersection:57, mean_episode_reward:-10.221940040588379, mean_queue:18.56944465637207
intersection:58, mean_episode_reward:-51.02998733520508, mean_queue:25.08888816833496
Final Travel Time is 375.4289, mean rewards: -319.8266, queue: 6.9107, delay: 0.1462, throughput: 6125
Total time taken: 2420.7734727859497
