step:3600/3600, q_loss:172.97836303710938, rewards:-221.1783203125, queue:6.7921875, delay:0.4194000667995877, throughput:2816
episode:0/20, real avg travel time:241.82350852272728
intersection:0, mean_episode_reward:-5.335834980010986, mean_queue:2.6388888359069824
intersection:1, mean_episode_reward:-32.315433502197266, mean_queue:14.733333587646484
intersection:2, mean_episode_reward:-47.825828552246094, mean_queue:24.56944465637207
intersection:3, mean_episode_reward:-12.249585151672363, mean_queue:5.0722222328186035
intersection:4, mean_episode_reward:-4.1258320808410645, mean_queue:2.1083333492279053
intersection:5, mean_episode_reward:-6.955832481384277, mean_queue:3.5361111164093018
intersection:6, mean_episode_reward:-9.118749618530273, mean_queue:4.863888740539551
intersection:7, mean_episode_reward:-2.5712509155273438, mean_queue:1.3527777194976807
intersection:8, mean_episode_reward:-9.113332748413086, mean_queue:4.247222423553467
intersection:9, mean_episode_reward:-5.651665687561035, mean_queue:2.7527778148651123
intersection:10, mean_episode_reward:-4.087501525878906, mean_queue:2.1472222805023193
intersection:11, mean_episode_reward:-9.961240768432617, mean_queue:4.074999809265137
intersection:12, mean_episode_reward:-34.844993591308594, mean_queue:18.655555725097656
intersection:13, mean_episode_reward:-21.172914505004883, mean_queue:10.522222518920898
intersection:14, mean_episode_reward:-8.062500953674316, mean_queue:3.652777671813965
intersection:15, mean_episode_reward:-7.785832405090332, mean_queue:3.7472221851348877
step:3600/3600, q_loss:134.4189453125, rewards:-155.51583116319443, queue:4.689930555555556, delay:0.38005299038357204, throughput:2829
episode:1/20, real avg travel time:196.70661010957934
intersection:0, mean_episode_reward:-4.334583759307861, mean_queue:2.038888931274414
intersection:1, mean_episode_reward:-26.224992752075195, mean_queue:11.491666793823242
intersection:2, mean_episode_reward:-26.03749656677246, mean_queue:12.838889122009277
intersection:3, mean_episode_reward:-9.188335418701172, mean_queue:3.6611111164093018
intersection:4, mean_episode_reward:-2.790417194366455, mean_queue:1.4333332777023315
intersection:5, mean_episode_reward:-4.145833969116211, mean_queue:2.4083333015441895
intersection:6, mean_episode_reward:-4.571665287017822, mean_queue:2.424999952316284
intersection:7, mean_episode_reward:-1.3149999380111694, mean_queue:0.6805555820465088
intersection:8, mean_episode_reward:-4.400833606719971, mean_queue:2.1583333015441895
intersection:9, mean_episode_reward:-5.14166784286499, mean_queue:2.2861111164093018
intersection:10, mean_episode_reward:-2.7583346366882324, mean_queue:1.2333333492279053
intersection:11, mean_episode_reward:-6.82791805267334, mean_queue:3.030555486679077
intersection:12, mean_episode_reward:-26.932920455932617, mean_queue:14.036110877990723
intersection:13, mean_episode_reward:-20.55875015258789, mean_queue:9.86111068725586
intersection:14, mean_episode_reward:-4.737500190734863, mean_queue:2.4638888835906982
intersection:15, mean_episode_reward:-5.549583911895752, mean_queue:2.991666555404663
step:3600/3600, q_loss:144.50718688964844, rewards:-147.67958984375, queue:4.4203125, delay:0.3751633538140191, throughput:2841
episode:2/20, real avg travel time:192.14889123548048
intersection:0, mean_episode_reward:-3.83583402633667, mean_queue:1.836111068725586
intersection:1, mean_episode_reward:-28.0241641998291, mean_queue:12.030555725097656
intersection:2, mean_episode_reward:-25.31667709350586, mean_queue:12.666666984558105
intersection:3, mean_episode_reward:-8.385414123535156, mean_queue:3.297222137451172
intersection:4, mean_episode_reward:-3.165834665298462, mean_queue:1.5166666507720947
intersection:5, mean_episode_reward:-3.2045834064483643, mean_queue:1.8416666984558105
intersection:6, mean_episode_reward:-3.591249942779541, mean_queue:1.9305555820465088
intersection:7, mean_episode_reward:-1.0575000047683716, mean_queue:0.5388888716697693
intersection:8, mean_episode_reward:-5.015415191650391, mean_queue:2.4555554389953613
intersection:9, mean_episode_reward:-4.788753032684326, mean_queue:2.2333333492279053
intersection:10, mean_episode_reward:-1.7412502765655518, mean_queue:0.824999988079071
intersection:11, mean_episode_reward:-8.987503051757812, mean_queue:4.116666793823242
intersection:12, mean_episode_reward:-25.057083129882812, mean_queue:12.838889122009277
intersection:13, mean_episode_reward:-16.130001068115234, mean_queue:7.641666889190674
intersection:14, mean_episode_reward:-4.168749809265137, mean_queue:2.1888887882232666
intersection:15, mean_episode_reward:-5.209582328796387, mean_queue:2.7666666507720947
step:3600/3600, q_loss:141.69174194335938, rewards:-153.55540364583334, queue:4.802777777777778, delay:0.37749337090386287, throughput:2817
episode:3/20, real avg travel time:195.3759318423855
intersection:0, mean_episode_reward:-3.9479193687438965, mean_queue:1.9361110925674438
intersection:1, mean_episode_reward:-27.07125473022461, mean_queue:12.26111125946045
intersection:2, mean_episode_reward:-27.8991641998291, mean_queue:13.79444408416748
intersection:3, mean_episode_reward:-8.38166332244873, mean_queue:3.297222137451172
intersection:4, mean_episode_reward:-2.600834369659424, mean_queue:1.2916666269302368
intersection:5, mean_episode_reward:-3.8224995136260986, mean_queue:2.1777777671813965
intersection:6, mean_episode_reward:-3.949166774749756, mean_queue:2.038888931274414
intersection:7, mean_episode_reward:-1.0845834016799927, mean_queue:0.550000011920929
intersection:8, mean_episode_reward:-6.439167022705078, mean_queue:3.1583333015441895
intersection:9, mean_episode_reward:-5.28583288192749, mean_queue:2.4638888835906982
intersection:10, mean_episode_reward:-2.7125003337860107, mean_queue:1.1861110925674438
intersection:11, mean_episode_reward:-6.481663703918457, mean_queue:3.094444513320923
intersection:12, mean_episode_reward:-27.77623748779297, mean_queue:16.2277774810791
intersection:13, mean_episode_reward:-16.387086868286133, mean_queue:8.144444465637207
intersection:14, mean_episode_reward:-4.918749809265137, mean_queue:2.577777862548828
intersection:15, mean_episode_reward:-4.797084331512451, mean_queue:2.644444465637207
step:3600/3600, q_loss:156.8462371826172, rewards:-154.32706163194445, queue:4.749479166666666, delay:0.3807193756103516, throughput:2840
episode:4/20, real avg travel time:197.4130281690141
intersection:0, mean_episode_reward:-3.867082357406616, mean_queue:1.7777777910232544
intersection:1, mean_episode_reward:-24.895835876464844, mean_queue:10.73888874053955
intersection:2, mean_episode_reward:-30.33083724975586, mean_queue:15.502778053283691
intersection:3, mean_episode_reward:-9.036246299743652, mean_queue:3.4638888835906982
intersection:4, mean_episode_reward:-2.7512505054473877, mean_queue:1.3277777433395386
intersection:5, mean_episode_reward:-3.005415916442871, mean_queue:1.7027777433395386
intersection:6, mean_episode_reward:-4.366250038146973, mean_queue:2.1888887882232666
intersection:7, mean_episode_reward:-1.742083191871643, mean_queue:0.8055555820465088
intersection:8, mean_episode_reward:-7.188746929168701, mean_queue:3.450000047683716
intersection:9, mean_episode_reward:-6.011668682098389, mean_queue:2.8499999046325684
intersection:10, mean_episode_reward:-2.269166946411133, mean_queue:1.024999976158142
intersection:11, mean_episode_reward:-9.19583511352539, mean_queue:3.969444513320923
intersection:12, mean_episode_reward:-26.582897186279297, mean_queue:15.19444465637207
intersection:13, mean_episode_reward:-14.1587495803833, mean_queue:7.247222423553467
intersection:14, mean_episode_reward:-3.962916135787964, mean_queue:2.047222137451172
intersection:15, mean_episode_reward:-4.962082862854004, mean_queue:2.700000047683716
step:3600/3600, q_loss:147.99893188476562, rewards:-128.2558376736111, queue:3.8748263888888888, delay:0.36265703837076824, throughput:2852
episode:5/20, real avg travel time:179.92952314165498
intersection:0, mean_episode_reward:-3.651249408721924, mean_queue:1.8861111402511597
intersection:1, mean_episode_reward:-23.7470760345459, mean_queue:10.588889122009277
intersection:2, mean_episode_reward:-21.447921752929688, mean_queue:10.402777671813965
intersection:3, mean_episode_reward:-8.455414772033691, mean_queue:3.4583332538604736
intersection:4, mean_episode_reward:-2.1499993801116943, mean_queue:1.1083333492279053
intersection:5, mean_episode_reward:-2.968334197998047, mean_queue:1.6027777194976807
intersection:6, mean_episode_reward:-3.609166145324707, mean_queue:1.8444443941116333
intersection:7, mean_episode_reward:-1.4975003004074097, mean_queue:0.6944444179534912
intersection:8, mean_episode_reward:-4.122500419616699, mean_queue:2.019444465637207
intersection:9, mean_episode_reward:-4.588334560394287, mean_queue:2.191666603088379
intersection:10, mean_episode_reward:-1.2591664791107178, mean_queue:0.5666666626930237
intersection:11, mean_episode_reward:-8.043750762939453, mean_queue:3.797222137451172
intersection:12, mean_episode_reward:-18.212505340576172, mean_queue:9.23888874053955
intersection:13, mean_episode_reward:-14.55125617980957, mean_queue:7.233333110809326
intersection:14, mean_episode_reward:-4.335000038146973, mean_queue:2.23888897895813
intersection:15, mean_episode_reward:-5.616667747497559, mean_queue:3.125
step:3600/3600, q_loss:133.19482421875, rewards:-130.2504123263889, queue:4.0309027777777775, delay:0.36572833591037324, throughput:2841
episode:6/20, real avg travel time:183.71312917986626
intersection:0, mean_episode_reward:-3.3750007152557373, mean_queue:1.619444489479065
intersection:1, mean_episode_reward:-23.897911071777344, mean_queue:10.597222328186035
intersection:2, mean_episode_reward:-23.69499969482422, mean_queue:11.722222328186035
intersection:3, mean_episode_reward:-8.626663208007812, mean_queue:3.433333396911621
intersection:4, mean_episode_reward:-2.2758326530456543, mean_queue:1.149999976158142
intersection:5, mean_episode_reward:-3.4891672134399414, mean_queue:2.0222222805023193
intersection:6, mean_episode_reward:-3.508333683013916, mean_queue:1.75
intersection:7, mean_episode_reward:-1.1687499284744263, mean_queue:0.5722222328186035
intersection:8, mean_episode_reward:-5.896246910095215, mean_queue:2.88611102104187
intersection:9, mean_episode_reward:-4.3816657066345215, mean_queue:2.133333444595337
intersection:10, mean_episode_reward:-1.7374998331069946, mean_queue:0.7972221970558167
intersection:11, mean_episode_reward:-7.00124979019165, mean_queue:3.174999952316284
intersection:12, mean_episode_reward:-19.830839157104492, mean_queue:11.122221946716309
intersection:13, mean_episode_reward:-13.39374828338623, mean_queue:7.224999904632568
intersection:14, mean_episode_reward:-3.658750295639038, mean_queue:2.0027778148651123
intersection:15, mean_episode_reward:-4.313750267028809, mean_queue:2.2861111164093018
step:3600/3600, q_loss:125.13931274414062, rewards:-131.40166015625, queue:4.107291666666667, delay:0.36867896185980903, throughput:2827
episode:7/20, real avg travel time:182.94870887866998
intersection:0, mean_episode_reward:-3.6504170894622803, mean_queue:1.7805556058883667
intersection:1, mean_episode_reward:-23.237079620361328, mean_queue:9.980555534362793
intersection:2, mean_episode_reward:-25.660411834716797, mean_queue:13.416666984558105
intersection:3, mean_episode_reward:-8.135414123535156, mean_queue:3.3333332538604736
intersection:4, mean_episode_reward:-2.477083444595337, mean_queue:1.1611111164093018
intersection:5, mean_episode_reward:-3.492083787918091, mean_queue:2.030555486679077
intersection:6, mean_episode_reward:-4.004999160766602, mean_queue:2.0333333015441895
intersection:7, mean_episode_reward:-0.9633330702781677, mean_queue:0.5305555462837219
intersection:8, mean_episode_reward:-5.262500762939453, mean_queue:2.63611102104187
intersection:9, mean_episode_reward:-4.283331871032715, mean_queue:2.174999952316284
intersection:10, mean_episode_reward:-1.8408336639404297, mean_queue:0.8222222328186035
intersection:11, mean_episode_reward:-7.500001430511475, mean_queue:3.6194443702697754
intersection:12, mean_episode_reward:-19.873754501342773, mean_queue:11.022222518920898
intersection:13, mean_episode_reward:-13.764168739318848, mean_queue:7.300000190734863
intersection:14, mean_episode_reward:-3.185418128967285, mean_queue:1.7416666746139526
intersection:15, mean_episode_reward:-4.070834636688232, mean_queue:2.133333444595337
step:3600/3600, q_loss:126.47818756103516, rewards:-133.97666015625, queue:4.165625, delay:0.37321612040201824, throughput:2850
episode:8/20, real avg travel time:185.35614035087718
intersection:0, mean_episode_reward:-3.154168128967285, mean_queue:1.5361111164093018
intersection:1, mean_episode_reward:-25.847911834716797, mean_queue:11.433333396911621
intersection:2, mean_episode_reward:-26.031661987304688, mean_queue:13.347222328186035
intersection:3, mean_episode_reward:-8.12958812713623, mean_queue:3.325000047683716
intersection:4, mean_episode_reward:-2.451666831970215, mean_queue:1.2166666984558105
intersection:5, mean_episode_reward:-3.297083854675293, mean_queue:1.9500000476837158
intersection:6, mean_episode_reward:-3.9691684246063232, mean_queue:1.9555555582046509
intersection:7, mean_episode_reward:-1.0204163789749146, mean_queue:0.5222222208976746
intersection:8, mean_episode_reward:-4.365415573120117, mean_queue:2.1305556297302246
intersection:9, mean_episode_reward:-4.49208402633667, mean_queue:2.1777777671813965
intersection:10, mean_episode_reward:-1.8479163646697998, mean_queue:0.8916666507720947
intersection:11, mean_episode_reward:-7.71583366394043, mean_queue:3.7527778148651123
intersection:12, mean_episode_reward:-18.518333435058594, mean_queue:10.197221755981445
intersection:13, mean_episode_reward:-14.824993133544922, mean_queue:7.613888740539551
intersection:14, mean_episode_reward:-4.129166126251221, mean_queue:2.325000047683716
intersection:15, mean_episode_reward:-4.181250095367432, mean_queue:2.2750000953674316
step:3600/3600, q_loss:125.18262481689453, rewards:-136.70208333333332, queue:4.193576388888889, delay:0.3714469485812717, throughput:2847
episode:9/20, real avg travel time:184.73621355813137
intersection:0, mean_episode_reward:-3.4983327388763428, mean_queue:1.625
intersection:1, mean_episode_reward:-24.09082794189453, mean_queue:10.311111450195312
intersection:2, mean_episode_reward:-25.992076873779297, mean_queue:13.161110877990723
intersection:3, mean_episode_reward:-8.315832138061523, mean_queue:3.4111111164093018
intersection:4, mean_episode_reward:-2.790417432785034, mean_queue:1.350000023841858
intersection:5, mean_episode_reward:-3.8108341693878174, mean_queue:2.116666555404663
intersection:6, mean_episode_reward:-3.9724996089935303, mean_queue:1.9500000476837158
intersection:7, mean_episode_reward:-1.0904163122177124, mean_queue:0.574999988079071
intersection:8, mean_episode_reward:-4.817918300628662, mean_queue:2.402777671813965
intersection:9, mean_episode_reward:-4.448334217071533, mean_queue:2.1027777194976807
intersection:10, mean_episode_reward:-1.935001254081726, mean_queue:0.9361110925674438
intersection:11, mean_episode_reward:-7.170414447784424, mean_queue:3.441666603088379
intersection:12, mean_episode_reward:-20.164165496826172, mean_queue:10.963889122009277
intersection:13, mean_episode_reward:-16.279170989990234, mean_queue:8.33055591583252
intersection:14, mean_episode_reward:-4.29749870300293, mean_queue:2.2916667461395264
intersection:15, mean_episode_reward:-4.02833366394043, mean_queue:2.1277778148651123
step:3600/3600, q_loss:117.70104217529297, rewards:-129.46666666666667, queue:4.004166666666666, delay:0.3663428412543403, throughput:2850
episode:10/20, real avg travel time:180.39543859649123
intersection:0, mean_episode_reward:-2.969583034515381, mean_queue:1.4638888835906982
intersection:1, mean_episode_reward:-26.1008358001709, mean_queue:11.466666221618652
intersection:2, mean_episode_reward:-23.42333221435547, mean_queue:12.019444465637207
intersection:3, mean_episode_reward:-8.390002250671387, mean_queue:3.4194445610046387
intersection:4, mean_episode_reward:-2.3437509536743164, mean_queue:1.1777777671813965
intersection:5, mean_episode_reward:-2.8249998092651367, mean_queue:1.5888888835906982
intersection:6, mean_episode_reward:-3.1720824241638184, mean_queue:1.4888888597488403
intersection:7, mean_episode_reward:-1.12333345413208, mean_queue:0.5611110925674438
intersection:8, mean_episode_reward:-4.713333606719971, mean_queue:2.327777862548828
intersection:9, mean_episode_reward:-4.705832481384277, mean_queue:2.3027777671813965
intersection:10, mean_episode_reward:-1.4733339548110962, mean_queue:0.6833333373069763
intersection:11, mean_episode_reward:-7.732914924621582, mean_queue:3.780555486679077
intersection:12, mean_episode_reward:-19.981672286987305, mean_queue:10.905555725097656
intersection:13, mean_episode_reward:-12.532499313354492, mean_queue:6.605555534362793
intersection:14, mean_episode_reward:-3.959582805633545, mean_queue:2.1694445610046387
intersection:15, mean_episode_reward:-4.019585132598877, mean_queue:2.105555534362793
step:3600/3600, q_loss:112.52804565429688, rewards:-130.4912326388889, queue:4.050173611111111, delay:0.3706088172064887, throughput:2843
episode:11/20, real avg travel time:181.7330284910306
intersection:0, mean_episode_reward:-3.0879180431365967, mean_queue:1.4694443941116333
intersection:1, mean_episode_reward:-25.043739318847656, mean_queue:10.95555591583252
intersection:2, mean_episode_reward:-22.883743286132812, mean_queue:11.461111068725586
intersection:3, mean_episode_reward:-7.739582061767578, mean_queue:3.25
intersection:4, mean_episode_reward:-2.1970839500427246, mean_queue:1.1083333492279053
intersection:5, mean_episode_reward:-3.2679154872894287, mean_queue:1.774999976158142
intersection:6, mean_episode_reward:-4.817083358764648, mean_queue:2.297222137451172
intersection:7, mean_episode_reward:-1.1758333444595337, mean_queue:0.6277777552604675
intersection:8, mean_episode_reward:-4.625000476837158, mean_queue:2.433333396911621
intersection:9, mean_episode_reward:-4.521248817443848, mean_queue:2.2083332538604736
intersection:10, mean_episode_reward:-1.741249918937683, mean_queue:0.7333333492279053
intersection:11, mean_episode_reward:-7.318747520446777, mean_queue:3.633333444595337
intersection:12, mean_episode_reward:-21.113338470458984, mean_queue:11.83055591583252
intersection:13, mean_episode_reward:-13.279988288879395, mean_queue:6.938889026641846
intersection:14, mean_episode_reward:-3.9183349609375, mean_queue:2.1222221851348877
intersection:15, mean_episode_reward:-3.760417938232422, mean_queue:1.9583333730697632
step:3600/3600, q_loss:126.00631713867188, rewards:-123.96916232638888, queue:3.841666666666667, delay:0.359470706515842, throughput:2857
episode:12/20, real avg travel time:178.82849142457124
intersection:0, mean_episode_reward:-2.73958420753479, mean_queue:1.4027777910232544
intersection:1, mean_episode_reward:-22.74208641052246, mean_queue:9.80555534362793
intersection:2, mean_episode_reward:-24.14665985107422, mean_queue:12.436111450195312
intersection:3, mean_episode_reward:-8.02833366394043, mean_queue:3.2333333492279053
intersection:4, mean_episode_reward:-1.962499976158142, mean_queue:1.0111111402511597
intersection:5, mean_episode_reward:-2.531250238418579, mean_queue:1.4888888597488403
intersection:6, mean_episode_reward:-3.603332757949829, mean_queue:1.769444465637207
intersection:7, mean_episode_reward:-1.0233334302902222, mean_queue:0.5694444179534912
intersection:8, mean_episode_reward:-4.553748607635498, mean_queue:2.2444443702697754
intersection:9, mean_episode_reward:-3.9420840740203857, mean_queue:1.994444489479065
intersection:10, mean_episode_reward:-1.507500410079956, mean_queue:0.7055555582046509
intersection:11, mean_episode_reward:-7.036667823791504, mean_queue:3.5027778148651123
intersection:12, mean_episode_reward:-18.553327560424805, mean_queue:10.119444847106934
intersection:13, mean_episode_reward:-14.26583480834961, mean_queue:7.288888931274414
intersection:14, mean_episode_reward:-3.916250705718994, mean_queue:2.086111068725586
intersection:15, mean_episode_reward:-3.416667938232422, mean_queue:1.8083332777023315
step:3600/3600, q_loss:116.88539123535156, rewards:-128.43250868055554, queue:3.923090277777778, delay:0.3609704335530599, throughput:2861
episode:13/20, real avg travel time:180.1555400209717
intersection:0, mean_episode_reward:-2.886251449584961, mean_queue:1.375
intersection:1, mean_episode_reward:-23.905420303344727, mean_queue:10.461111068725586
intersection:2, mean_episode_reward:-22.113340377807617, mean_queue:11.116666793823242
intersection:3, mean_episode_reward:-7.924168109893799, mean_queue:3.230555534362793
intersection:4, mean_episode_reward:-2.5087499618530273, mean_queue:1.2416666746139526
intersection:5, mean_episode_reward:-2.9283335208892822, mean_queue:1.5944443941116333
intersection:6, mean_episode_reward:-3.493335008621216, mean_queue:1.7972222566604614
intersection:7, mean_episode_reward:-0.9858332872390747, mean_queue:0.5333333611488342
intersection:8, mean_episode_reward:-4.776249408721924, mean_queue:2.3888888359069824
intersection:9, mean_episode_reward:-3.803750514984131, mean_queue:1.8861111402511597
intersection:10, mean_episode_reward:-1.4845831394195557, mean_queue:0.7111111283302307
intersection:11, mean_episode_reward:-7.033335208892822, mean_queue:3.450000047683716
intersection:12, mean_episode_reward:-21.39082908630371, mean_queue:11.313888549804688
intersection:13, mean_episode_reward:-15.106666564941406, mean_queue:7.505555629730225
intersection:14, mean_episode_reward:-4.25, mean_queue:2.1416666507720947
intersection:15, mean_episode_reward:-3.8416645526885986, mean_queue:2.0222222805023193
step:3600/3600, q_loss:111.49613952636719, rewards:-132.8991753472222, queue:4.096527777777778, delay:0.3633373684353299, throughput:2855
episode:14/20, real avg travel time:183.3831873905429
intersection:0, mean_episode_reward:-3.2220826148986816, mean_queue:1.524999976158142
intersection:1, mean_episode_reward:-27.759593963623047, mean_queue:12.508333206176758
intersection:2, mean_episode_reward:-23.176250457763672, mean_queue:11.649999618530273
intersection:3, mean_episode_reward:-7.699997901916504, mean_queue:3.1777777671813965
intersection:4, mean_episode_reward:-2.1600003242492676, mean_queue:1.1027777194976807
intersection:5, mean_episode_reward:-3.1466665267944336, mean_queue:1.788888931274414
intersection:6, mean_episode_reward:-3.49208402633667, mean_queue:1.6611111164093018
intersection:7, mean_episode_reward:-1.1316667795181274, mean_queue:0.5805555582046509
intersection:8, mean_episode_reward:-4.717916011810303, mean_queue:2.4861111640930176
intersection:9, mean_episode_reward:-3.9312503337860107, mean_queue:2.0
intersection:10, mean_episode_reward:-1.493333101272583, mean_queue:0.6722221970558167
intersection:11, mean_episode_reward:-7.149585723876953, mean_queue:3.4388887882232666
intersection:12, mean_episode_reward:-20.543336868286133, mean_queue:11.463889122009277
intersection:13, mean_episode_reward:-14.987497329711914, mean_queue:7.275000095367432
intersection:14, mean_episode_reward:-4.034999847412109, mean_queue:2.13611102104187
intersection:15, mean_episode_reward:-4.252918243408203, mean_queue:2.077777862548828
step:3600/3600, q_loss:117.29545593261719, rewards:-130.68832465277777, queue:4.085763888888889, delay:0.3679220411512587, throughput:2857
episode:15/20, real avg travel time:183.9229961498075
intersection:0, mean_episode_reward:-3.336667776107788, mean_queue:1.6333333253860474
intersection:1, mean_episode_reward:-23.19749641418457, mean_queue:10.413888931274414
intersection:2, mean_episode_reward:-22.958330154418945, mean_queue:11.947221755981445
intersection:3, mean_episode_reward:-8.473332405090332, mean_queue:3.5166666507720947
intersection:4, mean_episode_reward:-2.317500591278076, mean_queue:1.1277778148651123
intersection:5, mean_episode_reward:-3.608750104904175, mean_queue:2.0805554389953613
intersection:6, mean_episode_reward:-3.9625000953674316, mean_queue:1.9416667222976685
intersection:7, mean_episode_reward:-1.0695830583572388, mean_queue:0.5833333134651184
intersection:8, mean_episode_reward:-5.001247882843018, mean_queue:2.577777862548828
intersection:9, mean_episode_reward:-4.541248798370361, mean_queue:2.258333444595337
intersection:10, mean_episode_reward:-1.9504177570343018, mean_queue:0.9222221970558167
intersection:11, mean_episode_reward:-6.611249923706055, mean_queue:3.2138888835906982
intersection:12, mean_episode_reward:-21.41707992553711, mean_queue:12.019444465637207
intersection:13, mean_episode_reward:-14.82917308807373, mean_queue:7.361111164093018
intersection:14, mean_episode_reward:-3.812500238418579, mean_queue:1.9638888835906982
intersection:15, mean_episode_reward:-3.601252555847168, mean_queue:1.8111110925674438
step:3600/3600, q_loss:121.51799011230469, rewards:-129.79292534722222, queue:3.968402777777778, delay:0.37179328070746526, throughput:2851
episode:16/20, real avg travel time:183.18098912662225
intersection:0, mean_episode_reward:-3.9795846939086914, mean_queue:1.8861111402511597
intersection:1, mean_episode_reward:-25.041683197021484, mean_queue:11.199999809265137
intersection:2, mean_episode_reward:-23.347919464111328, mean_queue:11.741666793823242
intersection:3, mean_episode_reward:-9.283332824707031, mean_queue:3.75
intersection:4, mean_episode_reward:-2.5170841217041016, mean_queue:1.2583333253860474
intersection:5, mean_episode_reward:-3.403333902359009, mean_queue:1.975000023841858
intersection:6, mean_episode_reward:-3.319167137145996, mean_queue:1.5944443941116333
intersection:7, mean_episode_reward:-1.2570828199386597, mean_queue:0.6611111164093018
intersection:8, mean_episode_reward:-4.81541633605957, mean_queue:2.319444417953491
intersection:9, mean_episode_reward:-4.615000247955322, mean_queue:2.2666666507720947
intersection:10, mean_episode_reward:-1.6183334589004517, mean_queue:0.8111110925674438
intersection:11, mean_episode_reward:-7.012080192565918, mean_queue:3.3777778148651123
intersection:12, mean_episode_reward:-17.447500228881836, mean_queue:9.458333015441895
intersection:13, mean_episode_reward:-13.993330001831055, mean_queue:7.047222137451172
intersection:14, mean_episode_reward:-4.157083034515381, mean_queue:2.13611102104187
intersection:15, mean_episode_reward:-3.9849984645843506, mean_queue:2.01111102104187
step:3600/3600, q_loss:125.12692260742188, rewards:-130.0345920138889, queue:4.0211805555555555, delay:0.3710909525553385, throughput:2840
episode:17/20, real avg travel time:185.16760563380282
intersection:0, mean_episode_reward:-3.3224995136260986, mean_queue:1.6166666746139526
intersection:1, mean_episode_reward:-22.44499969482422, mean_queue:10.133333206176758
intersection:2, mean_episode_reward:-22.869997024536133, mean_queue:11.619444847106934
intersection:3, mean_episode_reward:-9.177918434143066, mean_queue:3.8333332538604736
intersection:4, mean_episode_reward:-2.1141679286956787, mean_queue:1.1111111640930176
intersection:5, mean_episode_reward:-3.242500066757202, mean_queue:1.9305555820465088
intersection:6, mean_episode_reward:-3.24666690826416, mean_queue:1.5666667222976685
intersection:7, mean_episode_reward:-1.0737500190734863, mean_queue:0.6361111402511597
intersection:8, mean_episode_reward:-5.166250705718994, mean_queue:2.5888888835906982
intersection:9, mean_episode_reward:-4.4654154777526855, mean_queue:2.194444417953491
intersection:10, mean_episode_reward:-1.4558333158493042, mean_queue:0.7444444298744202
intersection:11, mean_episode_reward:-8.012085914611816, mean_queue:3.902777671813965
intersection:12, mean_episode_reward:-21.220417022705078, mean_queue:11.552778244018555
intersection:13, mean_episode_reward:-14.193334579467773, mean_queue:6.858333110809326
intersection:14, mean_episode_reward:-4.162916660308838, mean_queue:2.1416666507720947
intersection:15, mean_episode_reward:-3.8658320903778076, mean_queue:1.9083333015441895
step:3600/3600, q_loss:104.75809478759766, rewards:-134.6220703125, queue:4.185069444444444, delay:0.36756998697916665, throughput:2831
episode:18/20, real avg travel time:186.40056517131757
intersection:0, mean_episode_reward:-3.131666421890259, mean_queue:1.5277777910232544
intersection:1, mean_episode_reward:-22.954578399658203, mean_queue:10.016666412353516
intersection:2, mean_episode_reward:-24.52750015258789, mean_queue:12.48888874053955
intersection:3, mean_episode_reward:-7.490414619445801, mean_queue:3.152777671813965
intersection:4, mean_episode_reward:-2.443333148956299, mean_queue:1.1666666269302368
intersection:5, mean_episode_reward:-3.2074999809265137, mean_queue:1.855555534362793
intersection:6, mean_episode_reward:-3.559999942779541, mean_queue:1.7833333015441895
intersection:7, mean_episode_reward:-1.122083067893982, mean_queue:0.6527777910232544
intersection:8, mean_episode_reward:-5.28458309173584, mean_queue:2.6500000953674316
intersection:9, mean_episode_reward:-4.525417327880859, mean_queue:2.200000047683716
intersection:10, mean_episode_reward:-1.8083332777023315, mean_queue:0.9416666626930237
intersection:11, mean_episode_reward:-6.47499942779541, mean_queue:3.222222328186035
intersection:12, mean_episode_reward:-25.5625, mean_queue:13.741666793823242
intersection:13, mean_episode_reward:-14.824578285217285, mean_queue:7.438889026641846
intersection:14, mean_episode_reward:-3.8295841217041016, mean_queue:2.075000047683716
intersection:15, mean_episode_reward:-3.8749990463256836, mean_queue:2.047222137451172
step:3600/3600, q_loss:109.72452545166016, rewards:-132.26624348958333, queue:4.191493055555555, delay:0.3696890089246962, throughput:2831
episode:19/20, real avg travel time:187.75485694101025
intersection:0, mean_episode_reward:-3.1445834636688232, mean_queue:1.5111111402511597
intersection:1, mean_episode_reward:-25.468332290649414, mean_queue:12.077777862548828
intersection:2, mean_episode_reward:-22.07958221435547, mean_queue:11.127778053283691
intersection:3, mean_episode_reward:-7.702498435974121, mean_queue:3.1111111640930176
intersection:4, mean_episode_reward:-2.2404167652130127, mean_queue:1.1944444179534912
intersection:5, mean_episode_reward:-3.4504170417785645, mean_queue:1.880555510520935
intersection:6, mean_episode_reward:-3.2104179859161377, mean_queue:1.5972222089767456
intersection:7, mean_episode_reward:-1.0754164457321167, mean_queue:0.6111111044883728
intersection:8, mean_episode_reward:-5.895832538604736, mean_queue:2.9777777194976807
intersection:9, mean_episode_reward:-5.065414905548096, mean_queue:2.4861111640930176
intersection:10, mean_episode_reward:-1.8562500476837158, mean_queue:0.9777777791023254
intersection:11, mean_episode_reward:-6.185831546783447, mean_queue:3.116666555404663
intersection:12, mean_episode_reward:-25.638748168945312, mean_queue:14.366666793823242
intersection:13, mean_episode_reward:-11.61666488647461, mean_queue:5.9083333015441895
intersection:14, mean_episode_reward:-3.9520840644836426, mean_queue:2.174999952316284
intersection:15, mean_episode_reward:-3.6837494373321533, mean_queue:1.9444444179534912
Final Travel Time is 193.5398, mean rewards: -135.4600, queue: 4.4212, delay: 0.3672, throughput: 2816
Total time taken: 955.1959366798401
