colight	TRAIN_VERBOSE	0	183.5	36.4	-110.91	3.00	0.30	389
colight	TRAIN_VERBOSE	0	172.4	27.0	-89.53	2.58	0.30	916
colight	TRAIN_VERBOSE	0	167.0	26.5	-81.66	2.40	0.29	1402
colight	TRAIN_VERBOSE	0	164.2	26.5	-78.41	2.32	0.29	1922
colight	TRAIN	0	164.2	26.5	-78.41	2.32	0.29	1922
colight	TRAIN_VERBOSE	1	147.1	25.5	-57.07	1.78	0.26	388
colight	TRAIN_VERBOSE	1	157.8	25.8	-67.16	2.09	0.27	909
colight	TRAIN_VERBOSE	1	159.6	26.1	-66.95	2.07	0.28	1413
colight	TRAIN_VERBOSE	1	160.0	27.0	-67.35	2.08	0.28	1911
colight	TRAIN	1	160.0	27.0	-67.35	2.08	0.28	1911
colight	TRAIN_VERBOSE	2	139.8	25.0	-47.09	1.46	0.25	390
colight	TRAIN_VERBOSE	2	149.6	24.2	-56.97	1.77	0.27	908
colight	TRAIN_VERBOSE	2	154.1	24.0	-59.08	1.84	0.27	1415
colight	TRAIN_VERBOSE	2	155.6	23.4	-62.01	1.93	0.28	1910
colight	TRAIN	2	155.6	23.4	-62.01	1.93	0.28	1910
colight	TRAIN_VERBOSE	3	146.6	20.3	-54.42	1.74	0.25	390
colight	TRAIN_VERBOSE	3	157.8	20.9	-65.58	2.05	0.27	904
colight	TRAIN_VERBOSE	3	157.2	21.7	-64.73	2.01	0.27	1404
colight	TRAIN_VERBOSE	3	157.4	22.5	-64.58	2.01	0.28	1919
colight	TRAIN	3	157.4	22.5	-64.58	2.01	0.28	1919
colight	TRAIN_VERBOSE	4	144.7	23.5	-52.21	1.55	0.26	393
colight	TRAIN_VERBOSE	4	152.0	24.0	-59.72	1.80	0.28	912
colight	TRAIN_VERBOSE	4	153.8	23.4	-60.73	1.83	0.28	1408
colight	TRAIN_VERBOSE	4	152.2	23.5	-60.22	1.82	0.27	1910
colight	TRAIN	4	152.2	23.5	-60.22	1.82	0.27	1910
colight	TRAIN_VERBOSE	5	149.5	24.6	-51.23	1.56	0.25	394
colight	TRAIN_VERBOSE	5	152.8	23.7	-59.51	1.81	0.27	906
colight	TRAIN_VERBOSE	5	155.0	24.3	-61.20	1.87	0.27	1396
colight	TRAIN_VERBOSE	5	156.8	25.1	-63.36	1.92	0.28	1919
colight	TRAIN	5	156.8	25.1	-63.36	1.92	0.28	1919
colight	TRAIN_VERBOSE	6	132.3	24.7	-42.86	1.33	0.23	396
colight	TRAIN_VERBOSE	6	147.5	25.0	-57.19	1.74	0.26	901
colight	TRAIN_VERBOSE	6	152.9	25.6	-60.35	1.83	0.27	1398
colight	TRAIN_VERBOSE	6	152.8	25.9	-60.29	1.83	0.27	1920
colight	TRAIN	6	152.8	25.9	-60.29	1.83	0.27	1920
colight	TRAIN_VERBOSE	7	135.2	24.1	-45.50	1.40	0.24	404
colight	TRAIN_VERBOSE	7	143.7	24.1	-53.78	1.65	0.26	910
colight	TRAIN_VERBOSE	7	149.6	23.8	-57.52	1.78	0.27	1403
colight	TRAIN_VERBOSE	7	151.9	24.6	-58.99	1.82	0.27	1917
colight	TRAIN	7	151.9	24.6	-58.99	1.82	0.27	1917
colight	TRAIN_VERBOSE	8	136.5	25.5	-45.72	1.39	0.23	387
colight	TRAIN_VERBOSE	8	147.6	25.2	-56.67	1.73	0.26	911
colight	TRAIN_VERBOSE	8	151.1	24.8	-58.05	1.77	0.26	1414
colight	TRAIN_VERBOSE	8	151.6	24.2	-59.43	1.81	0.27	1919
colight	TRAIN	8	151.6	24.2	-59.43	1.81	0.27	1919
colight	TRAIN_VERBOSE	9	145.3	22.9	-49.78	1.55	0.25	395
colight	TRAIN_VERBOSE	9	148.7	23.4	-56.58	1.75	0.27	912
colight	TRAIN_VERBOSE	9	151.7	24.5	-57.75	1.78	0.27	1407
colight	TRAIN_VERBOSE	9	152.3	25.1	-58.05	1.78	0.27	1921
colight	TRAIN	9	152.3	25.1	-58.05	1.78	0.27	1921
colight	TRAIN_VERBOSE	10	127.1	24.7	-38.61	1.23	0.22	415
colight	TRAIN_VERBOSE	10	141.5	24.8	-49.88	1.54	0.25	919
colight	TRAIN_VERBOSE	10	147.3	25.7	-54.37	1.68	0.26	1414
colight	TRAIN_VERBOSE	10	151.4	25.9	-57.37	1.77	0.27	1912
colight	TRAIN	10	151.4	25.9	-57.37	1.77	0.27	1912
colight	TRAIN_VERBOSE	11	140.8	25.7	-45.83	1.40	0.24	399
colight	TRAIN_VERBOSE	11	142.4	23.5	-52.63	1.60	0.26	905
colight	TRAIN_VERBOSE	11	146.8	22.8	-56.56	1.72	0.26	1403
colight	TRAIN_VERBOSE	11	149.0	23.0	-57.61	1.75	0.27	1923
colight	TRAIN	11	149.0	23.0	-57.61	1.75	0.27	1923
colight	TRAIN_VERBOSE	12	128.0	24.8	-40.83	1.29	0.22	400
colight	TRAIN_VERBOSE	12	141.5	24.5	-52.24	1.62	0.25	908
colight	TRAIN_VERBOSE	12	148.9	24.2	-58.29	1.77	0.26	1400
colight	TRAIN_VERBOSE	12	150.2	24.2	-59.00	1.79	0.27	1920
colight	TRAIN	12	150.2	24.2	-59.00	1.79	0.27	1920
colight	TRAIN_VERBOSE	13	135.6	21.9	-43.89	1.32	0.24	404
colight	TRAIN_VERBOSE	13	146.8	23.5	-55.07	1.67	0.26	913
colight	TRAIN_VERBOSE	13	151.3	23.5	-57.63	1.75	0.27	1407
colight	TRAIN_VERBOSE	13	150.1	24.3	-57.44	1.75	0.27	1915
colight	TRAIN	13	150.1	24.3	-57.44	1.75	0.27	1915
colight	TRAIN_VERBOSE	14	132.8	28.2	-41.52	1.29	0.23	393
colight	TRAIN_VERBOSE	14	144.2	29.0	-53.96	1.61	0.25	914
colight	TRAIN_VERBOSE	14	147.9	28.6	-55.80	1.67	0.26	1410
colight	TRAIN_VERBOSE	14	149.1	28.0	-58.05	1.74	0.26	1906
colight	TRAIN	14	149.1	28.0	-58.05	1.74	0.26	1906
colight	TRAIN_VERBOSE	15	137.2	28.6	-43.60	1.35	0.23	408
colight	TRAIN_VERBOSE	15	146.5	28.2	-55.14	1.69	0.26	907
colight	TRAIN_VERBOSE	15	151.7	27.8	-58.24	1.77	0.26	1404
colight	TRAIN_VERBOSE	15	150.7	26.4	-57.79	1.76	0.26	1912
colight	TRAIN	15	150.7	26.4	-57.79	1.76	0.26	1912
colight	TRAIN_VERBOSE	16	139.6	23.8	-44.42	1.37	0.24	396
colight	TRAIN_VERBOSE	16	145.8	25.4	-55.40	1.67	0.26	920
colight	TRAIN_VERBOSE	16	148.6	25.6	-57.38	1.72	0.26	1412
colight	TRAIN_VERBOSE	16	150.3	25.3	-59.29	1.78	0.26	1909
colight	TRAIN	16	150.3	25.3	-59.29	1.78	0.26	1909
colight	TRAIN_VERBOSE	17	142.6	24.8	-51.43	1.54	0.25	390
colight	TRAIN_VERBOSE	17	149.6	24.5	-59.89	1.80	0.27	916
colight	TRAIN_VERBOSE	17	152.5	25.2	-60.03	1.80	0.27	1406
colight	TRAIN_VERBOSE	17	153.4	24.8	-61.19	1.83	0.27	1910
colight	TRAIN	17	153.4	24.8	-61.19	1.83	0.27	1910
colight	TRAIN_VERBOSE	18	133.6	24.6	-40.82	1.25	0.23	398
colight	TRAIN_VERBOSE	18	140.4	24.9	-50.11	1.54	0.25	912
colight	TRAIN_VERBOSE	18	144.9	25.6	-54.34	1.65	0.26	1411
colight	TRAIN_VERBOSE	18	148.2	25.9	-57.57	1.73	0.26	1914
colight	TRAIN	18	148.2	25.9	-57.57	1.73	0.26	1914
colight	TRAIN_VERBOSE	19	137.4	23.5	-42.90	1.29	0.24	400
colight	TRAIN_VERBOSE	19	149.9	24.5	-56.87	1.68	0.26	916
colight	TRAIN_VERBOSE	19	153.4	24.1	-59.21	1.79	0.27	1411
colight	TRAIN_VERBOSE	19	153.5	24.1	-59.70	1.81	0.27	1914
colight	TRAIN	19	153.5	24.1	-59.70	1.81	0.27	1914
