colight	TRAIN_VERBOSE	0	236.0	94.4	-195.22	5.27	0.35	365
colight	TRAIN_VERBOSE	0	274.7	126.9	-229.60	6.58	0.37	945
colight	TRAIN_VERBOSE	0	284.0	157.4	-226.84	6.66	0.38	1579
colight	TRAIN_VERBOSE	0	270.4	175.6	-209.83	6.18	0.37	2220
colight	TRAIN	0	270.4	175.6	-209.83	6.18	0.37	2220
colight	TRAIN_VERBOSE	1	205.1	203.4	-133.50	3.75	0.33	399
colight	TRAIN_VERBOSE	1	249.1	214.6	-195.15	5.70	0.36	934
colight	TRAIN_VERBOSE	1	258.4	226.1	-195.93	5.86	0.37	1592
colight	TRAIN_VERBOSE	1	253.2	227.0	-188.70	5.63	0.36	2216
colight	TRAIN	1	253.2	227.0	-188.70	5.63	0.36	2216
colight	TRAIN_VERBOSE	2	200.1	191.8	-139.62	3.70	0.30	416
colight	TRAIN_VERBOSE	2	225.9	195.3	-168.54	4.60	0.34	999
colight	TRAIN_VERBOSE	2	239.1	194.7	-176.70	4.98	0.35	1587
colight	TRAIN_VERBOSE	2	232.9	187.2	-164.99	4.69	0.35	2222
colight	TRAIN	2	232.9	187.2	-164.99	4.69	0.35	2222
colight	TRAIN_VERBOSE	3	228.0	170.9	-158.50	4.36	0.30	394
colight	TRAIN_VERBOSE	3	257.9	186.9	-207.97	6.02	0.33	944
colight	TRAIN_VERBOSE	3	277.1	194.9	-215.90	6.31	0.35	1564
colight	TRAIN_VERBOSE	3	265.1	196.0	-197.97	5.79	0.35	2210
colight	TRAIN	3	265.1	196.0	-197.97	5.79	0.35	2210
colight	TRAIN_VERBOSE	4	214.5	235.4	-142.99	3.89	0.30	388
colight	TRAIN_VERBOSE	4	240.4	239.8	-212.30	6.15	0.35	837
colight	TRAIN_VERBOSE	4	322.2	251.2	-267.39	7.85	0.37	1499
colight	TRAIN_VERBOSE	4	316.7	254.5	-255.96	7.48	0.38	2225
colight	TRAIN	4	316.7	254.5	-255.96	7.48	0.38	2225
colight	TRAIN_VERBOSE	5	196.9	273.5	-121.13	3.48	0.29	434
colight	TRAIN_VERBOSE	5	217.0	263.1	-163.63	4.58	0.32	996
colight	TRAIN_VERBOSE	5	231.6	254.9	-175.47	5.08	0.34	1584
colight	TRAIN_VERBOSE	5	227.1	252.8	-162.19	4.71	0.33	2220
colight	TRAIN	5	227.1	252.8	-162.19	4.71	0.33	2220
colight	TRAIN_VERBOSE	6	206.8	251.9	-133.30	3.76	0.30	403
colight	TRAIN_VERBOSE	6	245.1	252.4	-190.05	5.36	0.33	985
colight	TRAIN_VERBOSE	6	249.2	246.4	-186.48	5.41	0.34	1580
colight	TRAIN_VERBOSE	6	238.3	244.0	-171.78	5.01	0.33	2224
colight	TRAIN	6	238.3	244.0	-171.78	5.01	0.33	2224
colight	TRAIN_VERBOSE	7	201.2	212.3	-133.26	3.67	0.30	425
colight	TRAIN_VERBOSE	7	226.3	221.4	-167.51	4.85	0.32	973
colight	TRAIN_VERBOSE	7	231.6	214.7	-167.30	4.96	0.33	1583
colight	TRAIN_VERBOSE	7	227.7	215.4	-155.97	4.65	0.34	2240
colight	TRAIN	7	227.7	215.4	-155.97	4.65	0.34	2240
colight	TRAIN_VERBOSE	8	193.4	232.3	-124.37	3.50	0.31	401
colight	TRAIN_VERBOSE	8	236.7	229.5	-163.02	4.94	0.33	1000
colight	TRAIN_VERBOSE	8	240.0	234.4	-167.29	5.10	0.35	1599
colight	TRAIN_VERBOSE	8	230.1	239.7	-156.07	4.75	0.34	2227
colight	TRAIN	8	230.1	239.7	-156.07	4.75	0.34	2227
colight	TRAIN_VERBOSE	9	192.4	225.0	-132.30	3.65	0.30	406
colight	TRAIN_VERBOSE	9	226.0	216.5	-166.11	4.77	0.33	1000
colight	TRAIN_VERBOSE	9	233.4	215.4	-176.42	5.29	0.35	1566
colight	TRAIN_VERBOSE	9	243.3	214.7	-173.15	5.23	0.35	2209
colight	TRAIN	9	243.3	214.7	-173.15	5.23	0.35	2209
colight	TRAIN_VERBOSE	10	204.4	192.3	-136.13	3.82	0.30	414
colight	TRAIN_VERBOSE	10	223.7	193.6	-162.04	4.59	0.33	985
colight	TRAIN_VERBOSE	10	236.0	198.9	-169.81	4.99	0.34	1586
colight	TRAIN_VERBOSE	10	229.9	201.0	-157.28	4.64	0.35	2236
colight	TRAIN	10	229.9	201.0	-157.28	4.64	0.35	2236
colight	TRAIN_VERBOSE	11	195.6	198.3	-119.23	3.32	0.30	413
colight	TRAIN_VERBOSE	11	229.2	195.4	-160.47	4.55	0.34	1009
colight	TRAIN_VERBOSE	11	231.7	198.5	-163.53	4.75	0.34	1602
colight	TRAIN_VERBOSE	11	222.9	199.7	-152.51	4.47	0.34	2227
colight	TRAIN	11	222.9	199.7	-152.51	4.47	0.34	2227
colight	TRAIN_VERBOSE	12	213.1	204.1	-128.57	3.70	0.32	413
colight	TRAIN_VERBOSE	12	225.4	202.9	-157.33	4.50	0.34	999
colight	TRAIN_VERBOSE	12	233.0	199.9	-163.67	4.79	0.35	1602
colight	TRAIN_VERBOSE	12	223.5	206.0	-152.04	4.46	0.34	2217
colight	TRAIN	12	223.5	206.0	-152.04	4.46	0.34	2217
colight	TRAIN_VERBOSE	13	201.6	232.0	-123.50	3.56	0.30	421
colight	TRAIN_VERBOSE	13	232.5	233.1	-167.41	4.82	0.33	991
colight	TRAIN_VERBOSE	13	243.4	231.3	-175.21	5.18	0.35	1585
colight	TRAIN_VERBOSE	13	235.6	225.9	-161.90	4.80	0.35	2227
colight	TRAIN	13	235.6	225.9	-161.90	4.80	0.35	2227
colight	TRAIN_VERBOSE	14	201.9	213.5	-131.96	3.68	0.31	428
colight	TRAIN_VERBOSE	14	224.4	207.2	-166.55	4.67	0.33	990
colight	TRAIN_VERBOSE	14	236.3	204.0	-172.74	4.96	0.34	1592
colight	TRAIN_VERBOSE	14	224.4	201.4	-154.93	4.50	0.34	2244
colight	TRAIN	14	224.4	201.4	-154.93	4.50	0.34	2244
colight	TRAIN_VERBOSE	15	207.9	203.2	-137.58	3.85	0.31	397
colight	TRAIN_VERBOSE	15	242.2	217.1	-172.33	5.03	0.34	993
colight	TRAIN_VERBOSE	15	238.2	215.3	-169.69	5.07	0.34	1594
colight	TRAIN_VERBOSE	15	232.7	214.8	-158.11	4.77	0.34	2231
colight	TRAIN	15	232.7	214.8	-158.11	4.77	0.34	2231
colight	TRAIN_VERBOSE	16	197.1	202.7	-123.36	3.55	0.30	422
colight	TRAIN_VERBOSE	16	221.3	202.6	-155.64	4.48	0.33	1013
colight	TRAIN_VERBOSE	16	228.7	204.0	-161.65	4.77	0.34	1594
colight	TRAIN_VERBOSE	16	224.3	205.8	-152.60	4.51	0.34	2244
colight	TRAIN	16	224.3	205.8	-152.60	4.51	0.34	2244
colight	TRAIN_VERBOSE	17	201.0	201.6	-126.76	3.60	0.30	407
colight	TRAIN_VERBOSE	17	229.3	204.1	-161.78	4.70	0.33	995
colight	TRAIN_VERBOSE	17	236.9	201.9	-165.94	4.97	0.34	1597
colight	TRAIN_VERBOSE	17	227.3	200.3	-153.49	4.65	0.34	2225
colight	TRAIN	17	227.3	200.3	-153.49	4.65	0.34	2225
colight	TRAIN_VERBOSE	18	200.1	193.8	-128.56	3.74	0.30	398
colight	TRAIN_VERBOSE	18	231.4	186.7	-167.68	4.84	0.33	993
colight	TRAIN_VERBOSE	18	242.7	187.1	-175.90	5.27	0.34	1589
colight	TRAIN_VERBOSE	18	237.3	189.7	-164.32	4.99	0.34	2224
colight	TRAIN	18	237.3	189.7	-164.32	4.99	0.34	2224
colight	TRAIN_VERBOSE	19	195.0	194.5	-120.23	3.42	0.30	423
colight	TRAIN_VERBOSE	19	223.1	194.7	-156.89	4.51	0.32	1011
colight	TRAIN_VERBOSE	19	236.4	196.7	-173.32	5.09	0.34	1591
colight	TRAIN_VERBOSE	19	235.0	197.6	-166.58	4.91	0.34	2234
colight	TRAIN	19	235.0	197.6	-166.58	4.91	0.34	2234
