colight	TRAIN_VERBOSE	0	216.1	73.2	-206.37	5.45	0.36	394
colight	TRAIN_VERBOSE	0	271.1	64.6	-250.61	7.17	0.39	1077
colight	TRAIN_VERBOSE	0	268.8	60.6	-250.56	7.25	0.39	1676
colight	TRAIN_VERBOSE	0	268.0	59.9	-244.65	7.28	0.39	2340
colight	TRAIN	0	268.0	59.9	-244.65	7.28	0.39	2340
colight	TRAIN_VERBOSE	1	193.2	56.9	-131.16	4.14	0.33	459
colight	TRAIN_VERBOSE	1	216.7	55.3	-166.15	5.28	0.36	1065
colight	TRAIN_VERBOSE	1	235.8	55.9	-188.14	6.02	0.37	1692
colight	TRAIN_VERBOSE	1	236.7	56.5	-190.51	6.12	0.37	2343
colight	TRAIN	1	236.7	56.5	-190.51	6.12	0.37	2343
colight	TRAIN_VERBOSE	2	208.6	58.7	-152.57	5.35	0.34	404
colight	TRAIN_VERBOSE	2	251.1	66.5	-191.35	6.64	0.37	1032
colight	TRAIN_VERBOSE	2	274.1	70.5	-212.04	7.39	0.38	1662
colight	TRAIN_VERBOSE	2	273.3	79.5	-213.78	7.39	0.38	2330
colight	TRAIN	2	273.3	79.5	-213.78	7.39	0.38	2330
colight	TRAIN_VERBOSE	3	191.3	103.7	-130.02	3.96	0.33	465
colight	TRAIN_VERBOSE	3	201.0	107.3	-151.32	4.72	0.36	1084
colight	TRAIN_VERBOSE	3	222.3	106.2	-168.70	5.40	0.38	1695
colight	TRAIN_VERBOSE	3	224.3	102.3	-169.58	5.44	0.38	2359
colight	TRAIN	3	224.3	102.3	-169.58	5.44	0.38	2359
colight	TRAIN_VERBOSE	4	180.2	81.0	-124.17	4.10	0.33	446
colight	TRAIN_VERBOSE	4	209.6	79.6	-151.49	4.88	0.36	1115
colight	TRAIN_VERBOSE	4	216.2	80.1	-159.34	5.11	0.37	1727
colight	TRAIN_VERBOSE	4	213.7	85.1	-159.28	5.09	0.37	2364
colight	TRAIN	4	213.7	85.1	-159.28	5.09	0.37	2364
colight	TRAIN_VERBOSE	5	202.3	120.9	-133.80	4.21	0.36	448
colight	TRAIN_VERBOSE	5	203.7	128.3	-148.49	4.62	0.37	1090
colight	TRAIN_VERBOSE	5	208.9	129.5	-150.25	4.71	0.38	1720
colight	TRAIN_VERBOSE	5	212.5	128.8	-157.76	4.94	0.38	2366
colight	TRAIN	5	212.5	128.8	-157.76	4.94	0.38	2366
colight	TRAIN_VERBOSE	6	185.9	117.0	-117.49	3.72	0.33	467
colight	TRAIN_VERBOSE	6	210.6	113.6	-153.07	4.81	0.37	1079
colight	TRAIN_VERBOSE	6	219.1	118.6	-163.25	5.15	0.38	1716
colight	TRAIN_VERBOSE	6	219.1	133.7	-161.41	5.07	0.39	2385
colight	TRAIN	6	219.1	133.7	-161.41	5.07	0.39	2385
colight	TRAIN_VERBOSE	7	180.0	183.0	-111.12	3.54	0.34	457
colight	TRAIN_VERBOSE	7	204.7	191.4	-141.83	4.50	0.37	1114
colight	TRAIN_VERBOSE	7	200.7	203.2	-139.11	4.41	0.37	1730
colight	TRAIN_VERBOSE	7	200.4	216.2	-141.11	4.44	0.38	2365
colight	TRAIN	7	200.4	216.2	-141.11	4.44	0.38	2365
colight	TRAIN_VERBOSE	8	184.6	235.6	-115.12	3.66	0.35	459
colight	TRAIN_VERBOSE	8	200.7	226.9	-140.23	4.43	0.37	1088
colight	TRAIN_VERBOSE	8	211.0	218.8	-152.32	4.80	0.39	1713
colight	TRAIN_VERBOSE	8	209.1	213.9	-149.80	4.73	0.39	2375
colight	TRAIN	8	209.1	213.9	-149.80	4.73	0.39	2375
colight	TRAIN_VERBOSE	9	178.9	186.8	-108.27	3.44	0.34	473
colight	TRAIN_VERBOSE	9	182.4	184.2	-119.99	3.78	0.36	1119
colight	TRAIN_VERBOSE	9	192.2	177.2	-130.24	4.10	0.37	1723
colight	TRAIN_VERBOSE	9	193.5	173.6	-132.07	4.17	0.38	2370
colight	TRAIN	9	193.5	173.6	-132.07	4.17	0.38	2370
colight	TRAIN_VERBOSE	10	176.6	177.6	-103.95	3.19	0.34	482
colight	TRAIN_VERBOSE	10	181.1	171.2	-115.59	3.58	0.37	1116
colight	TRAIN_VERBOSE	10	184.9	173.1	-117.92	3.71	0.37	1724
colight	TRAIN_VERBOSE	10	185.9	180.4	-120.62	3.79	0.37	2382
colight	TRAIN	10	185.9	180.4	-120.62	3.79	0.37	2382
colight	TRAIN_VERBOSE	11	184.5	194.3	-109.95	3.48	0.35	473
colight	TRAIN_VERBOSE	11	188.1	182.8	-117.97	3.75	0.37	1122
colight	TRAIN_VERBOSE	11	189.0	170.1	-120.11	3.82	0.37	1717
colight	TRAIN_VERBOSE	11	187.9	167.2	-120.75	3.83	0.37	2384
colight	TRAIN	11	187.9	167.2	-120.75	3.83	0.37	2384
colight	TRAIN_VERBOSE	12	181.4	142.9	-99.62	3.17	0.35	479
colight	TRAIN_VERBOSE	12	187.1	145.6	-115.77	3.69	0.37	1124
colight	TRAIN_VERBOSE	12	190.8	148.5	-119.63	3.80	0.38	1725
colight	TRAIN_VERBOSE	12	193.4	147.5	-122.91	3.94	0.38	2369
colight	TRAIN	12	193.4	147.5	-122.91	3.94	0.38	2369
colight	TRAIN_VERBOSE	13	175.5	154.9	-96.35	3.12	0.33	473
colight	TRAIN_VERBOSE	13	186.8	152.5	-116.48	3.73	0.36	1114
colight	TRAIN_VERBOSE	13	188.7	146.7	-117.70	3.77	0.37	1725
colight	TRAIN_VERBOSE	13	188.4	147.8	-117.86	3.76	0.37	2396
colight	TRAIN	13	188.4	147.8	-117.86	3.76	0.37	2396
colight	TRAIN_VERBOSE	14	163.3	157.8	-86.67	2.82	0.33	480
colight	TRAIN_VERBOSE	14	177.2	161.5	-106.74	3.46	0.35	1110
colight	TRAIN_VERBOSE	14	187.7	152.3	-113.83	3.67	0.37	1738
colight	TRAIN_VERBOSE	14	186.2	142.5	-114.01	3.67	0.37	2390
colight	TRAIN	14	186.2	142.5	-114.01	3.67	0.37	2390
colight	TRAIN_VERBOSE	15	170.0	118.2	-90.43	2.86	0.33	499
colight	TRAIN_VERBOSE	15	171.3	123.8	-99.22	3.13	0.35	1116
colight	TRAIN_VERBOSE	15	174.8	122.6	-104.70	3.28	0.36	1732
colight	TRAIN_VERBOSE	15	175.0	115.8	-103.69	3.27	0.36	2391
colight	TRAIN	15	175.0	115.8	-103.69	3.27	0.36	2391
colight	TRAIN_VERBOSE	16	174.2	87.5	-87.44	2.74	0.34	482
colight	TRAIN_VERBOSE	16	173.1	79.7	-97.93	3.07	0.36	1132
colight	TRAIN_VERBOSE	16	176.7	79.6	-101.20	3.20	0.36	1747
colight	TRAIN_VERBOSE	16	179.0	76.9	-104.28	3.32	0.36	2390
colight	TRAIN	16	179.0	76.9	-104.28	3.32	0.36	2390
colight	TRAIN_VERBOSE	17	164.2	69.8	-80.42	2.61	0.32	488
colight	TRAIN_VERBOSE	17	169.9	71.0	-93.22	2.97	0.34	1132
colight	TRAIN_VERBOSE	17	168.5	70.4	-92.55	2.94	0.35	1747
colight	TRAIN_VERBOSE	17	168.9	68.7	-94.56	2.98	0.35	2394
colight	TRAIN	17	168.9	68.7	-94.56	2.98	0.35	2394
colight	TRAIN_VERBOSE	18	151.9	57.0	-69.93	2.21	0.30	500
colight	TRAIN_VERBOSE	18	161.6	55.9	-87.15	2.72	0.33	1137
colight	TRAIN_VERBOSE	18	165.9	54.3	-89.46	2.82	0.34	1744
colight	TRAIN_VERBOSE	18	165.9	56.4	-90.44	2.85	0.34	2400
colight	TRAIN	18	165.9	56.4	-90.44	2.85	0.34	2400
colight	TRAIN_VERBOSE	19	151.5	59.7	-72.75	2.29	0.30	501
colight	TRAIN_VERBOSE	19	159.2	57.9	-83.28	2.62	0.32	1147
colight	TRAIN_VERBOSE	19	161.0	55.6	-84.39	2.66	0.33	1749
colight	TRAIN_VERBOSE	19	162.8	54.7	-86.73	2.73	0.33	2397
colight	TRAIN	19	162.8	54.7	-86.73	2.73	0.33	2397
colight	TRAIN_VERBOSE	20	158.8	54.9	-73.30	2.33	0.31	496
colight	TRAIN_VERBOSE	20	166.8	54.4	-84.96	2.68	0.33	1134
colight	TRAIN_VERBOSE	20	168.6	52.7	-88.12	2.76	0.34	1739
colight	TRAIN_VERBOSE	20	170.1	51.4	-90.35	2.84	0.34	2392
colight	TRAIN	20	170.1	51.4	-90.35	2.84	0.34	2392
colight	TRAIN_VERBOSE	21	159.1	44.6	-74.32	2.42	0.30	489
colight	TRAIN_VERBOSE	21	163.1	45.4	-85.33	2.75	0.32	1138
colight	TRAIN_VERBOSE	21	167.5	45.4	-86.93	2.81	0.33	1749
colight	TRAIN_VERBOSE	21	170.5	45.5	-91.80	2.95	0.34	2398
colight	TRAIN	21	170.5	45.5	-91.80	2.95	0.34	2398
colight	TRAIN_VERBOSE	22	159.2	47.4	-71.94	2.31	0.30	501
colight	TRAIN_VERBOSE	22	165.9	47.0	-86.42	2.74	0.33	1139
colight	TRAIN_VERBOSE	22	167.1	45.6	-86.81	2.76	0.33	1745
colight	TRAIN_VERBOSE	22	169.0	45.9	-89.10	2.86	0.34	2390
colight	TRAIN	22	169.0	45.9	-89.10	2.86	0.34	2390
colight	TRAIN_VERBOSE	23	156.4	43.6	-77.04	2.42	0.30	487
colight	TRAIN_VERBOSE	23	169.8	44.8	-94.14	2.88	0.33	1134
colight	TRAIN_VERBOSE	23	170.3	44.5	-92.86	2.87	0.33	1756
colight	TRAIN_VERBOSE	23	167.2	44.3	-90.20	2.80	0.33	2409
colight	TRAIN	23	167.2	44.3	-90.20	2.80	0.33	2409
colight	TRAIN_VERBOSE	24	155.8	41.6	-74.40	2.34	0.30	489
colight	TRAIN_VERBOSE	24	160.8	42.0	-82.77	2.57	0.33	1148
colight	TRAIN_VERBOSE	24	164.5	44.8	-87.58	2.69	0.33	1739
colight	TRAIN_VERBOSE	24	163.7	46.0	-87.81	2.71	0.33	2405
colight	TRAIN	24	163.7	46.0	-87.81	2.71	0.33	2405
colight	TRAIN_VERBOSE	25	158.9	51.6	-75.16	2.41	0.31	496
colight	TRAIN_VERBOSE	25	163.8	53.1	-86.34	2.70	0.33	1135
colight	TRAIN_VERBOSE	25	163.5	52.3	-85.44	2.69	0.33	1750
colight	TRAIN_VERBOSE	25	164.0	51.8	-87.49	2.75	0.33	2398
colight	TRAIN	25	164.0	51.8	-87.49	2.75	0.33	2398
colight	TRAIN_VERBOSE	26	157.2	50.5	-76.22	2.39	0.29	495
colight	TRAIN_VERBOSE	26	161.5	52.2	-82.99	2.56	0.32	1147
colight	TRAIN_VERBOSE	26	163.2	51.0	-85.10	2.64	0.33	1750
colight	TRAIN_VERBOSE	26	165.5	49.4	-89.12	2.78	0.33	2393
colight	TRAIN	26	165.5	49.4	-89.12	2.78	0.33	2393
colight	TRAIN_VERBOSE	27	164.9	45.3	-77.98	2.50	0.31	493
colight	TRAIN_VERBOSE	27	165.6	47.6	-87.22	2.75	0.33	1142
colight	TRAIN_VERBOSE	27	164.8	47.7	-87.05	2.74	0.33	1746
colight	TRAIN_VERBOSE	27	169.6	47.5	-92.28	2.91	0.33	2391
colight	TRAIN	27	169.6	47.5	-92.28	2.91	0.33	2391
colight	TRAIN_VERBOSE	28	154.6	49.3	-67.52	2.10	0.30	496
colight	TRAIN_VERBOSE	28	161.7	56.7	-80.90	2.49	0.33	1150
colight	TRAIN_VERBOSE	28	165.8	62.8	-85.85	2.64	0.33	1750
colight	TRAIN_VERBOSE	28	165.8	70.2	-88.34	2.70	0.33	2390
colight	TRAIN	28	165.8	70.2	-88.34	2.70	0.33	2390
colight	TRAIN_VERBOSE	29	151.8	86.8	-70.63	2.20	0.29	500
colight	TRAIN_VERBOSE	29	160.6	88.3	-86.55	2.58	0.33	1120
colight	TRAIN_VERBOSE	29	163.2	88.2	-86.33	2.61	0.33	1748
colight	TRAIN_VERBOSE	29	165.3	87.4	-89.56	2.72	0.33	2399
colight	TRAIN	29	165.3	87.4	-89.56	2.72	0.33	2399
colight	TRAIN_VERBOSE	30	151.7	72.3	-69.88	2.15	0.31	490
colight	TRAIN_VERBOSE	30	162.3	76.4	-84.88	2.63	0.32	1140
colight	TRAIN_VERBOSE	30	165.2	78.4	-89.68	2.73	0.33	1739
colight	TRAIN_VERBOSE	30	165.3	83.1	-90.40	2.74	0.33	2389
colight	TRAIN	30	165.3	83.1	-90.40	2.74	0.33	2389
colight	TRAIN_VERBOSE	31	148.2	109.4	-65.78	2.04	0.28	503
colight	TRAIN_VERBOSE	31	151.8	110.9	-76.29	2.35	0.31	1134
colight	TRAIN_VERBOSE	31	157.6	109.6	-82.02	2.50	0.32	1757
colight	TRAIN_VERBOSE	31	158.3	110.4	-83.81	2.57	0.32	2399
colight	TRAIN	31	158.3	110.4	-83.81	2.57	0.32	2399
colight	TRAIN_VERBOSE	32	152.5	116.5	-67.97	2.06	0.30	497
colight	TRAIN_VERBOSE	32	161.0	117.0	-85.98	2.57	0.32	1138
colight	TRAIN_VERBOSE	32	160.8	116.1	-85.46	2.59	0.33	1750
colight	TRAIN_VERBOSE	32	163.3	114.0	-89.00	2.66	0.33	2395
colight	TRAIN	32	163.3	114.0	-89.00	2.66	0.33	2395
colight	TRAIN_VERBOSE	33	157.5	100.8	-74.04	2.31	0.30	506
colight	TRAIN_VERBOSE	33	157.6	100.2	-83.10	2.52	0.31	1148
colight	TRAIN_VERBOSE	33	160.3	100.5	-85.27	2.60	0.32	1744
colight	TRAIN_VERBOSE	33	162.0	101.2	-87.43	2.65	0.33	2402
colight	TRAIN	33	162.0	101.2	-87.43	2.65	0.33	2402
colight	TRAIN_VERBOSE	34	153.4	107.2	-72.92	2.17	0.30	501
colight	TRAIN_VERBOSE	34	160.1	110.3	-84.55	2.52	0.32	1133
colight	TRAIN_VERBOSE	34	162.9	113.7	-86.47	2.59	0.33	1748
colight	TRAIN_VERBOSE	34	164.8	115.1	-91.04	2.72	0.33	2404
colight	TRAIN	34	164.8	115.1	-91.04	2.72	0.33	2404
colight	TRAIN_VERBOSE	35	154.1	117.1	-71.30	2.20	0.29	497
colight	TRAIN_VERBOSE	35	160.6	116.5	-84.68	2.56	0.31	1132
colight	TRAIN_VERBOSE	35	164.8	115.0	-88.44	2.67	0.32	1754
colight	TRAIN_VERBOSE	35	168.6	114.1	-92.93	2.81	0.33	2392
colight	TRAIN	35	168.6	114.1	-92.93	2.81	0.33	2392
colight	TRAIN_VERBOSE	36	168.1	110.2	-88.11	2.57	0.31	492
colight	TRAIN_VERBOSE	36	164.8	102.6	-92.96	2.77	0.32	1138
colight	TRAIN_VERBOSE	36	167.2	99.0	-93.54	2.79	0.33	1750
colight	TRAIN_VERBOSE	36	168.3	96.1	-94.25	2.86	0.33	2397
colight	TRAIN	36	168.3	96.1	-94.25	2.86	0.33	2397
colight	TRAIN_VERBOSE	37	166.2	88.9	-85.99	2.57	0.32	488
colight	TRAIN_VERBOSE	37	164.9	91.8	-91.64	2.78	0.33	1130
colight	TRAIN_VERBOSE	37	167.1	92.3	-92.85	2.82	0.33	1732
colight	TRAIN_VERBOSE	37	170.2	90.8	-98.04	2.97	0.33	2392
colight	TRAIN	37	170.2	90.8	-98.04	2.97	0.33	2392
colight	TRAIN_VERBOSE	38	160.2	87.7	-73.10	2.33	0.30	496
colight	TRAIN_VERBOSE	38	163.9	86.9	-85.20	2.61	0.33	1140
colight	TRAIN_VERBOSE	38	165.7	88.2	-87.21	2.68	0.33	1735
colight	TRAIN_VERBOSE	38	168.0	91.7	-90.57	2.75	0.34	2389
colight	TRAIN	38	168.0	91.7	-90.57	2.75	0.34	2389
colight	TRAIN_VERBOSE	39	154.6	95.0	-72.78	2.23	0.29	506
colight	TRAIN_VERBOSE	39	158.5	92.0	-84.46	2.55	0.32	1132
colight	TRAIN_VERBOSE	39	164.0	93.7	-87.07	2.64	0.33	1744
colight	TRAIN_VERBOSE	39	164.0	94.8	-88.26	2.69	0.33	2399
colight	TRAIN	39	164.0	94.8	-88.26	2.69	0.33	2399
colight	TRAIN_VERBOSE	40	155.6	100.9	-67.73	2.14	0.30	502
colight	TRAIN_VERBOSE	40	160.3	102.3	-83.61	2.57	0.32	1139
colight	TRAIN_VERBOSE	40	163.2	102.2	-87.42	2.68	0.32	1751
colight	TRAIN_VERBOSE	40	165.8	103.8	-91.15	2.78	0.33	2395
colight	TRAIN	40	165.8	103.8	-91.15	2.78	0.33	2395
colight	TRAIN_VERBOSE	41	160.2	107.4	-75.53	2.31	0.30	506
colight	TRAIN_VERBOSE	41	163.2	108.1	-87.32	2.70	0.32	1134
colight	TRAIN_VERBOSE	41	166.7	105.6	-88.79	2.76	0.33	1745
colight	TRAIN_VERBOSE	41	168.0	103.8	-92.31	2.85	0.33	2386
colight	TRAIN	41	168.0	103.8	-92.31	2.85	0.33	2386
colight	TRAIN_VERBOSE	42	152.4	109.0	-66.60	2.07	0.30	499
colight	TRAIN_VERBOSE	42	160.4	104.4	-82.16	2.50	0.32	1125
colight	TRAIN_VERBOSE	42	161.8	100.5	-83.09	2.56	0.33	1744
colight	TRAIN_VERBOSE	42	165.5	99.1	-85.28	2.66	0.33	2392
colight	TRAIN	42	165.5	99.1	-85.28	2.66	0.33	2392
colight	TRAIN_VERBOSE	43	152.4	104.0	-66.59	2.06	0.29	491
colight	TRAIN_VERBOSE	43	162.6	98.9	-84.66	2.58	0.32	1137
colight	TRAIN_VERBOSE	43	163.8	93.7	-86.50	2.64	0.33	1744
colight	TRAIN_VERBOSE	43	166.8	88.4	-89.35	2.74	0.33	2395
colight	TRAIN	43	166.8	88.4	-89.35	2.74	0.33	2395
colight	TRAIN_VERBOSE	44	156.3	65.5	-69.45	2.21	0.30	504
colight	TRAIN_VERBOSE	44	156.6	69.2	-77.99	2.44	0.31	1147
colight	TRAIN_VERBOSE	44	160.8	74.1	-83.10	2.61	0.32	1740
colight	TRAIN_VERBOSE	44	166.6	78.0	-87.92	2.76	0.33	2392
colight	TRAIN	44	166.6	78.0	-87.92	2.76	0.33	2392
colight	TRAIN_VERBOSE	45	156.1	91.2	-72.33	2.26	0.29	504
colight	TRAIN_VERBOSE	45	162.7	90.1	-85.99	2.61	0.32	1136
colight	TRAIN_VERBOSE	45	164.8	94.2	-87.93	2.66	0.33	1739
colight	TRAIN_VERBOSE	45	167.4	96.6	-90.36	2.76	0.33	2385
colight	TRAIN	45	167.4	96.6	-90.36	2.76	0.33	2385
colight	TRAIN_VERBOSE	46	147.8	106.9	-65.22	2.02	0.29	491
colight	TRAIN_VERBOSE	46	159.2	102.9	-79.32	2.43	0.32	1141
colight	TRAIN_VERBOSE	46	162.0	102.8	-82.39	2.54	0.32	1751
colight	TRAIN_VERBOSE	46	162.6	100.6	-84.35	2.61	0.33	2397
colight	TRAIN	46	162.6	100.6	-84.35	2.61	0.33	2397
colight	TRAIN_VERBOSE	47	152.9	101.9	-68.36	2.08	0.30	510
colight	TRAIN_VERBOSE	47	160.2	100.6	-81.31	2.48	0.32	1134
colight	TRAIN_VERBOSE	47	162.0	100.6	-82.37	2.52	0.32	1756
colight	TRAIN_VERBOSE	47	165.1	100.1	-86.26	2.67	0.33	2390
colight	TRAIN	47	165.1	100.1	-86.26	2.67	0.33	2390
colight	TRAIN_VERBOSE	48	148.7	96.2	-65.26	2.05	0.28	504
colight	TRAIN_VERBOSE	48	156.0	96.0	-80.94	2.51	0.31	1126
colight	TRAIN_VERBOSE	48	163.5	95.7	-87.18	2.73	0.32	1746
colight	TRAIN_VERBOSE	48	170.0	95.5	-94.20	2.97	0.33	2389
colight	TRAIN	48	170.0	95.5	-94.20	2.97	0.33	2389
colight	TRAIN_VERBOSE	49	148.2	97.5	-67.18	2.11	0.30	497
colight	TRAIN_VERBOSE	49	157.9	96.6	-79.69	2.46	0.32	1138
colight	TRAIN_VERBOSE	49	160.3	98.9	-81.13	2.52	0.33	1751
colight	TRAIN_VERBOSE	49	160.8	100.3	-83.50	2.61	0.33	2392
colight	TRAIN	49	160.8	100.3	-83.50	2.61	0.33	2392
colight	TRAIN_VERBOSE	50	155.1	99.2	-75.76	2.31	0.30	489
colight	TRAIN_VERBOSE	50	163.1	97.4	-87.34	2.65	0.32	1133
colight	TRAIN_VERBOSE	50	163.8	95.8	-87.22	2.66	0.32	1754
colight	TRAIN_VERBOSE	50	164.4	95.3	-89.58	2.73	0.33	2393
colight	TRAIN	50	164.4	95.3	-89.58	2.73	0.33	2393
colight	TRAIN_VERBOSE	51	158.0	95.7	-74.33	2.35	0.30	502
colight	TRAIN_VERBOSE	51	161.7	95.7	-83.26	2.58	0.32	1133
colight	TRAIN_VERBOSE	51	165.5	92.4	-87.79	2.74	0.33	1740
colight	TRAIN_VERBOSE	51	169.9	88.3	-91.05	2.87	0.33	2398
colight	TRAIN	51	169.9	88.3	-91.05	2.87	0.33	2398
colight	TRAIN_VERBOSE	52	152.8	69.3	-72.29	2.27	0.30	491
colight	TRAIN_VERBOSE	52	158.0	66.8	-80.74	2.53	0.32	1139
colight	TRAIN_VERBOSE	52	160.6	68.4	-83.35	2.62	0.32	1731
colight	TRAIN_VERBOSE	52	163.6	67.2	-87.09	2.71	0.32	2399
colight	TRAIN	52	163.6	67.2	-87.09	2.71	0.32	2399
colight	TRAIN_VERBOSE	53	154.2	56.6	-69.32	2.15	0.30	494
colight	TRAIN_VERBOSE	53	166.6	58.0	-89.34	2.77	0.33	1135
colight	TRAIN_VERBOSE	53	170.5	58.2	-93.76	2.93	0.33	1748
colight	TRAIN_VERBOSE	53	165.7	59.8	-91.56	2.85	0.33	2405
colight	TRAIN	53	165.7	59.8	-91.56	2.85	0.33	2405
colight	TRAIN_VERBOSE	54	164.6	79.5	-80.99	2.52	0.30	487
colight	TRAIN_VERBOSE	54	163.9	84.7	-87.09	2.67	0.32	1139
colight	TRAIN_VERBOSE	54	164.7	85.8	-87.40	2.68	0.33	1750
colight	TRAIN_VERBOSE	54	166.3	83.0	-89.96	2.73	0.33	2392
colight	TRAIN	54	166.3	83.0	-89.96	2.73	0.33	2392
colight	TRAIN_VERBOSE	55	160.7	69.7	-73.86	2.24	0.31	499
colight	TRAIN_VERBOSE	55	162.9	69.9	-82.87	2.52	0.32	1140
colight	TRAIN_VERBOSE	55	162.9	71.8	-83.39	2.55	0.33	1751
colight	TRAIN_VERBOSE	55	165.8	72.3	-87.23	2.70	0.33	2392
colight	TRAIN	55	165.8	72.3	-87.23	2.70	0.33	2392
colight	TRAIN_VERBOSE	56	171.2	80.5	-83.81	2.49	0.31	496
colight	TRAIN_VERBOSE	56	165.4	84.4	-85.87	2.58	0.31	1134
colight	TRAIN_VERBOSE	56	164.4	85.5	-86.24	2.63	0.32	1744
colight	TRAIN_VERBOSE	56	164.7	87.0	-88.72	2.73	0.32	2388
colight	TRAIN	56	164.7	87.0	-88.72	2.73	0.32	2388
colight	TRAIN_VERBOSE	57	151.8	84.7	-70.49	2.17	0.29	501
colight	TRAIN_VERBOSE	57	156.2	78.7	-81.05	2.48	0.31	1145
colight	TRAIN_VERBOSE	57	159.0	78.6	-83.34	2.55	0.32	1738
colight	TRAIN_VERBOSE	57	162.5	81.5	-85.32	2.60	0.32	2392
colight	TRAIN	57	162.5	81.5	-85.32	2.60	0.32	2392
colight	TRAIN_VERBOSE	58	148.3	90.7	-63.54	2.02	0.29	501
colight	TRAIN_VERBOSE	58	154.2	87.1	-78.42	2.42	0.31	1140
colight	TRAIN_VERBOSE	58	156.9	85.6	-80.96	2.52	0.32	1749
colight	TRAIN_VERBOSE	58	156.9	85.8	-80.96	2.51	0.32	2400
colight	TRAIN	58	156.9	85.8	-80.96	2.51	0.32	2400
colight	TRAIN_VERBOSE	59	152.2	83.5	-69.37	2.12	0.29	507
colight	TRAIN_VERBOSE	59	152.7	81.3	-76.81	2.32	0.30	1148
colight	TRAIN_VERBOSE	59	156.7	82.3	-80.61	2.47	0.31	1750
colight	TRAIN_VERBOSE	59	156.6	83.2	-81.06	2.49	0.31	2390
colight	TRAIN	59	156.6	83.2	-81.06	2.49	0.31	2390
colight	TRAIN_VERBOSE	60	147.4	78.4	-70.66	2.17	0.28	496
colight	TRAIN_VERBOSE	60	162.3	76.3	-87.05	2.67	0.31	1131
colight	TRAIN_VERBOSE	60	165.6	77.4	-87.99	2.72	0.32	1755
colight	TRAIN_VERBOSE	60	166.8	79.6	-88.77	2.74	0.33	2397
colight	TRAIN	60	166.8	79.6	-88.77	2.74	0.33	2397
colight	TRAIN_VERBOSE	61	148.0	88.1	-66.00	2.01	0.29	494
colight	TRAIN_VERBOSE	61	156.0	84.9	-81.06	2.43	0.32	1129
colight	TRAIN_VERBOSE	61	161.6	81.7	-84.87	2.54	0.33	1742
colight	TRAIN_VERBOSE	61	162.1	80.3	-86.66	2.61	0.33	2388
colight	TRAIN	61	162.1	80.3	-86.66	2.61	0.33	2388
colight	TRAIN_VERBOSE	62	151.3	80.0	-70.10	2.11	0.29	502
colight	TRAIN_VERBOSE	62	158.4	83.2	-83.59	2.48	0.31	1135
colight	TRAIN_VERBOSE	62	161.4	76.4	-84.57	2.56	0.31	1755
colight	TRAIN_VERBOSE	62	161.4	71.2	-85.36	2.60	0.32	2404
colight	TRAIN	62	161.4	71.2	-85.36	2.60	0.32	2404
colight	TRAIN_VERBOSE	63	160.0	47.8	-77.13	2.35	0.30	498
colight	TRAIN_VERBOSE	63	162.2	51.0	-83.81	2.56	0.32	1129
colight	TRAIN_VERBOSE	63	166.3	54.9	-85.32	2.63	0.32	1747
colight	TRAIN_VERBOSE	63	165.7	55.4	-86.76	2.67	0.33	2398
colight	TRAIN	63	165.7	55.4	-86.76	2.67	0.33	2398
colight	TRAIN_VERBOSE	64	156.0	46.4	-73.09	2.34	0.29	491
colight	TRAIN_VERBOSE	64	158.3	46.9	-80.42	2.49	0.31	1137
colight	TRAIN_VERBOSE	64	160.3	47.6	-82.32	2.56	0.32	1746
colight	TRAIN_VERBOSE	64	161.9	48.6	-84.34	2.61	0.32	2402
colight	TRAIN	64	161.9	48.6	-84.34	2.61	0.32	2402
colight	TRAIN_VERBOSE	65	151.7	43.3	-70.49	2.16	0.28	511
colight	TRAIN_VERBOSE	65	158.9	44.8	-84.74	2.57	0.31	1146
colight	TRAIN_VERBOSE	65	160.1	46.4	-85.28	2.62	0.31	1749
colight	TRAIN_VERBOSE	65	160.4	48.7	-85.49	2.62	0.32	2398
colight	TRAIN	65	160.4	48.7	-85.49	2.62	0.32	2398
colight	TRAIN_VERBOSE	66	154.7	50.0	-73.64	2.30	0.30	483
colight	TRAIN_VERBOSE	66	165.1	49.6	-86.41	2.68	0.33	1131
colight	TRAIN_VERBOSE	66	165.1	51.2	-86.47	2.65	0.33	1757
colight	TRAIN_VERBOSE	66	165.4	51.2	-87.22	2.64	0.33	2408
colight	TRAIN	66	165.4	51.2	-87.22	2.64	0.33	2408
colight	TRAIN_VERBOSE	67	149.9	58.8	-67.55	2.06	0.30	499
colight	TRAIN_VERBOSE	67	158.6	57.3	-82.94	2.48	0.32	1142
colight	TRAIN_VERBOSE	67	163.0	53.5	-86.16	2.62	0.32	1754
colight	TRAIN_VERBOSE	67	162.2	51.3	-86.54	2.65	0.33	2393
colight	TRAIN	67	162.2	51.3	-86.54	2.65	0.33	2393
colight	TRAIN_VERBOSE	68	151.1	44.8	-69.16	2.07	0.28	502
colight	TRAIN_VERBOSE	68	160.5	44.7	-83.13	2.52	0.32	1140
colight	TRAIN_VERBOSE	68	162.4	44.9	-83.29	2.52	0.32	1757
colight	TRAIN_VERBOSE	68	161.9	45.2	-83.20	2.52	0.32	2392
colight	TRAIN	68	161.9	45.2	-83.20	2.52	0.32	2392
colight	TRAIN_VERBOSE	69	150.5	48.1	-64.89	1.99	0.30	502
colight	TRAIN_VERBOSE	69	159.6	51.3	-82.03	2.56	0.31	1129
colight	TRAIN_VERBOSE	69	162.7	53.1	-83.53	2.60	0.32	1744
colight	TRAIN_VERBOSE	69	162.9	53.8	-85.14	2.63	0.33	2398
colight	TRAIN	69	162.9	53.8	-85.14	2.63	0.33	2398
colight	TRAIN_VERBOSE	70	152.7	55.7	-73.63	2.30	0.30	489
colight	TRAIN_VERBOSE	70	160.6	59.5	-81.57	2.52	0.32	1141
colight	TRAIN_VERBOSE	70	162.0	62.8	-81.91	2.52	0.33	1746
colight	TRAIN_VERBOSE	70	163.4	66.9	-85.72	2.65	0.33	2394
colight	TRAIN	70	163.4	66.9	-85.72	2.65	0.33	2394
colight	TRAIN_VERBOSE	71	158.7	74.8	-77.10	2.31	0.30	495
colight	TRAIN_VERBOSE	71	159.6	76.1	-83.62	2.51	0.32	1147
colight	TRAIN_VERBOSE	71	163.4	77.4	-87.84	2.66	0.33	1750
colight	TRAIN_VERBOSE	71	162.9	77.6	-87.82	2.66	0.33	2410
colight	TRAIN	71	162.9	77.6	-87.82	2.66	0.33	2410
colight	TRAIN_VERBOSE	72	155.7	73.5	-73.03	2.32	0.29	489
colight	TRAIN_VERBOSE	72	161.9	69.4	-83.33	2.66	0.32	1136
colight	TRAIN_VERBOSE	72	164.7	72.1	-85.58	2.69	0.32	1756
colight	TRAIN_VERBOSE	72	162.2	73.6	-84.40	2.64	0.32	2406
colight	TRAIN	72	162.2	73.6	-84.40	2.64	0.32	2406
colight	TRAIN_VERBOSE	73	155.4	81.0	-70.04	2.16	0.30	488
colight	TRAIN_VERBOSE	73	156.9	77.2	-78.87	2.42	0.31	1137
colight	TRAIN_VERBOSE	73	160.1	72.1	-82.73	2.55	0.32	1746
colight	TRAIN_VERBOSE	73	163.0	69.6	-85.95	2.64	0.32	2397
colight	TRAIN	73	163.0	69.6	-85.95	2.64	0.32	2397
colight	TRAIN_VERBOSE	74	153.1	60.1	-73.02	2.27	0.30	487
colight	TRAIN_VERBOSE	74	160.0	58.6	-85.43	2.60	0.32	1131
colight	TRAIN_VERBOSE	74	162.5	58.6	-85.33	2.62	0.32	1762
colight	TRAIN_VERBOSE	74	165.2	59.1	-88.45	2.74	0.33	2390
colight	TRAIN	74	165.2	59.1	-88.45	2.74	0.33	2390
colight	TRAIN_VERBOSE	75	160.3	55.2	-73.99	2.30	0.31	495
colight	TRAIN_VERBOSE	75	161.3	53.6	-82.29	2.53	0.32	1132
colight	TRAIN_VERBOSE	75	161.9	54.9	-82.57	2.56	0.32	1760
colight	TRAIN_VERBOSE	75	162.3	54.8	-83.46	2.59	0.32	2399
colight	TRAIN	75	162.3	54.8	-83.46	2.59	0.32	2399
colight	TRAIN_VERBOSE	76	151.9	57.4	-67.98	2.08	0.30	497
colight	TRAIN_VERBOSE	76	160.1	61.1	-82.46	2.49	0.32	1138
colight	TRAIN_VERBOSE	76	163.6	63.4	-83.56	2.55	0.32	1756
colight	TRAIN_VERBOSE	76	163.7	65.1	-85.69	2.62	0.33	2382
colight	TRAIN	76	163.7	65.1	-85.69	2.62	0.33	2382
colight	TRAIN_VERBOSE	77	155.6	67.7	-72.83	2.27	0.29	493
colight	TRAIN_VERBOSE	77	158.5	69.3	-81.68	2.49	0.31	1137
colight	TRAIN_VERBOSE	77	161.0	67.9	-83.01	2.56	0.31	1751
colight	TRAIN_VERBOSE	77	162.2	66.3	-85.28	2.62	0.32	2402
colight	TRAIN	77	162.2	66.3	-85.28	2.62	0.32	2402
colight	TRAIN_VERBOSE	78	153.6	67.6	-71.59	2.24	0.29	494
colight	TRAIN_VERBOSE	78	159.7	67.7	-83.59	2.59	0.31	1143
colight	TRAIN_VERBOSE	78	159.0	62.8	-81.78	2.56	0.31	1763
colight	TRAIN_VERBOSE	78	159.4	60.3	-83.25	2.59	0.31	2404
colight	TRAIN	78	159.4	60.3	-83.25	2.59	0.31	2404
colight	TRAIN_VERBOSE	79	148.5	48.4	-69.77	2.16	0.29	496
colight	TRAIN_VERBOSE	79	153.8	52.3	-77.16	2.39	0.31	1141
colight	TRAIN_VERBOSE	79	158.6	52.3	-80.47	2.51	0.31	1750
colight	TRAIN_VERBOSE	79	158.0	51.5	-81.59	2.53	0.32	2403
colight	TRAIN	79	158.0	51.5	-81.59	2.53	0.32	2403
colight	TRAIN_VERBOSE	80	164.2	56.7	-75.30	2.36	0.30	494
colight	TRAIN_VERBOSE	80	165.2	56.4	-85.92	2.66	0.32	1143
colight	TRAIN_VERBOSE	80	164.7	56.2	-84.42	2.62	0.32	1737
colight	TRAIN_VERBOSE	80	168.9	55.5	-88.55	2.77	0.33	2392
colight	TRAIN	80	168.9	55.5	-88.55	2.77	0.33	2392
colight	TRAIN_VERBOSE	81	165.8	46.2	-75.06	2.40	0.30	491
colight	TRAIN_VERBOSE	81	163.5	46.5	-81.59	2.54	0.32	1135
colight	TRAIN_VERBOSE	81	163.3	47.6	-83.97	2.62	0.32	1742
colight	TRAIN_VERBOSE	81	164.6	50.5	-86.53	2.69	0.33	2392
colight	TRAIN	81	164.6	50.5	-86.53	2.69	0.33	2392
colight	TRAIN_VERBOSE	82	154.4	49.9	-69.56	2.14	0.29	499
colight	TRAIN_VERBOSE	82	157.3	52.5	-79.17	2.39	0.31	1139
colight	TRAIN_VERBOSE	82	159.7	55.0	-81.27	2.48	0.32	1743
colight	TRAIN_VERBOSE	82	159.9	54.4	-82.30	2.50	0.32	2403
colight	TRAIN	82	159.9	54.4	-82.30	2.50	0.32	2403
colight	TRAIN_VERBOSE	83	153.3	54.0	-71.81	2.27	0.29	481
colight	TRAIN_VERBOSE	83	156.7	55.7	-79.38	2.48	0.31	1138
colight	TRAIN_VERBOSE	83	160.7	57.2	-83.01	2.60	0.32	1742
colight	TRAIN_VERBOSE	83	160.7	57.2	-83.24	2.58	0.32	2398
colight	TRAIN	83	160.7	57.2	-83.24	2.58	0.32	2398
colight	TRAIN_VERBOSE	84	158.3	58.0	-74.61	2.34	0.29	492
colight	TRAIN_VERBOSE	84	161.2	58.5	-82.28	2.54	0.32	1133
colight	TRAIN_VERBOSE	84	164.3	60.6	-84.64	2.59	0.32	1748
colight	TRAIN_VERBOSE	84	165.2	62.7	-87.08	2.65	0.33	2401
colight	TRAIN	84	165.2	62.7	-87.08	2.65	0.33	2401
colight	TRAIN_VERBOSE	85	160.8	69.7	-75.04	2.32	0.31	499
colight	TRAIN_VERBOSE	85	161.0	66.4	-81.81	2.53	0.32	1128
colight	TRAIN_VERBOSE	85	163.4	63.2	-84.08	2.59	0.32	1761
colight	TRAIN_VERBOSE	85	162.1	60.8	-83.30	2.57	0.32	2395
colight	TRAIN	85	162.1	60.8	-83.30	2.57	0.32	2395
colight	TRAIN_VERBOSE	86	148.5	57.8	-65.54	2.01	0.29	490
colight	TRAIN_VERBOSE	86	154.9	60.8	-77.61	2.36	0.31	1141
colight	TRAIN_VERBOSE	86	157.9	62.3	-79.35	2.46	0.31	1756
colight	TRAIN_VERBOSE	86	158.0	61.1	-80.51	2.50	0.31	2407
colight	TRAIN	86	158.0	61.1	-80.51	2.50	0.31	2407
colight	TRAIN_VERBOSE	87	151.7	52.6	-68.12	2.18	0.29	504
colight	TRAIN_VERBOSE	87	154.4	55.2	-79.71	2.47	0.31	1142
colight	TRAIN_VERBOSE	87	156.7	56.5	-80.59	2.49	0.31	1739
colight	TRAIN_VERBOSE	87	159.6	56.7	-84.03	2.59	0.32	2407
colight	TRAIN	87	159.6	56.7	-84.03	2.59	0.32	2407
colight	TRAIN_VERBOSE	88	156.5	58.7	-76.24	2.29	0.30	508
colight	TRAIN_VERBOSE	88	158.0	63.2	-85.81	2.57	0.31	1146
colight	TRAIN_VERBOSE	88	162.5	65.0	-88.02	2.62	0.32	1755
colight	TRAIN_VERBOSE	88	161.2	63.1	-87.73	2.62	0.32	2406
colight	TRAIN	88	161.2	63.1	-87.73	2.62	0.32	2406
colight	TRAIN_VERBOSE	89	145.9	56.2	-64.18	1.98	0.29	496
colight	TRAIN_VERBOSE	89	155.9	55.1	-76.69	2.33	0.31	1143
colight	TRAIN_VERBOSE	89	156.0	53.3	-79.11	2.40	0.31	1756
colight	TRAIN_VERBOSE	89	157.3	51.7	-81.64	2.48	0.32	2395
colight	TRAIN	89	157.3	51.7	-81.64	2.48	0.32	2395
colight	TRAIN_VERBOSE	90	149.7	47.0	-68.59	2.08	0.28	493
colight	TRAIN_VERBOSE	90	154.3	48.5	-78.84	2.42	0.31	1141
colight	TRAIN_VERBOSE	90	159.8	51.7	-82.70	2.53	0.32	1746
colight	TRAIN_VERBOSE	90	161.7	54.1	-84.55	2.60	0.32	2398
colight	TRAIN	90	161.7	54.1	-84.55	2.60	0.32	2398
colight	TRAIN_VERBOSE	91	151.2	58.6	-68.18	2.13	0.29	495
colight	TRAIN_VERBOSE	91	155.5	57.6	-76.39	2.36	0.31	1145
colight	TRAIN_VERBOSE	91	158.2	58.0	-77.74	2.40	0.31	1758
colight	TRAIN_VERBOSE	91	158.2	59.4	-80.56	2.48	0.32	2374
colight	TRAIN	91	158.2	59.4	-80.56	2.48	0.32	2374
colight	TRAIN_VERBOSE	92	156.0	55.5	-72.43	2.20	0.29	497
colight	TRAIN_VERBOSE	92	162.5	55.1	-82.33	2.51	0.32	1145
colight	TRAIN_VERBOSE	92	164.1	53.4	-84.42	2.61	0.32	1743
colight	TRAIN_VERBOSE	92	165.2	52.5	-86.16	2.66	0.33	2400
colight	TRAIN	92	165.2	52.5	-86.16	2.66	0.33	2400
colight	TRAIN_VERBOSE	93	149.1	55.7	-65.99	2.05	0.29	498
colight	TRAIN_VERBOSE	93	161.2	55.8	-84.67	2.58	0.33	1126
colight	TRAIN_VERBOSE	93	162.5	54.3	-86.01	2.63	0.33	1745
colight	TRAIN_VERBOSE	93	165.4	52.0	-89.31	2.73	0.33	2394
colight	TRAIN	93	165.4	52.0	-89.31	2.73	0.33	2394
colight	TRAIN_VERBOSE	94	158.3	44.0	-68.77	2.13	0.31	491
colight	TRAIN_VERBOSE	94	163.9	45.7	-83.52	2.55	0.33	1135
colight	TRAIN_VERBOSE	94	165.5	45.8	-85.77	2.65	0.33	1754
colight	TRAIN_VERBOSE	94	164.3	46.6	-86.47	2.69	0.33	2391
colight	TRAIN	94	164.3	46.6	-86.47	2.69	0.33	2391
colight	TRAIN_VERBOSE	95	153.9	51.9	-70.44	2.10	0.30	489
colight	TRAIN_VERBOSE	95	162.1	52.5	-86.25	2.56	0.32	1145
colight	TRAIN_VERBOSE	95	161.4	52.5	-85.96	2.60	0.32	1749
colight	TRAIN_VERBOSE	95	162.2	53.3	-87.38	2.66	0.32	2397
colight	TRAIN	95	162.2	53.3	-87.38	2.66	0.32	2397
colight	TRAIN_VERBOSE	96	155.9	49.8	-72.20	2.24	0.29	496
colight	TRAIN_VERBOSE	96	155.5	50.5	-78.04	2.43	0.31	1139
colight	TRAIN_VERBOSE	96	158.2	49.8	-80.02	2.52	0.31	1751
colight	TRAIN_VERBOSE	96	161.2	50.4	-83.59	2.61	0.32	2393
colight	TRAIN	96	161.2	50.4	-83.59	2.61	0.32	2393
colight	TRAIN_VERBOSE	97	150.0	52.2	-66.56	2.09	0.29	492
colight	TRAIN_VERBOSE	97	162.9	51.2	-84.33	2.62	0.32	1130
colight	TRAIN_VERBOSE	97	164.1	53.9	-85.28	2.66	0.32	1744
colight	TRAIN_VERBOSE	97	166.2	55.4	-86.85	2.71	0.33	2396
colight	TRAIN	97	166.2	55.4	-86.85	2.71	0.33	2396
colight	TRAIN_VERBOSE	98	147.7	61.3	-63.05	2.00	0.28	493
colight	TRAIN_VERBOSE	98	153.7	62.1	-78.20	2.39	0.30	1136
colight	TRAIN_VERBOSE	98	157.2	59.3	-81.36	2.49	0.32	1759
colight	TRAIN_VERBOSE	98	157.6	57.7	-81.75	2.51	0.32	2401
colight	TRAIN	98	157.6	57.7	-81.75	2.51	0.32	2401
colight	TRAIN_VERBOSE	99	151.0	53.9	-69.05	2.05	0.29	502
colight	TRAIN_VERBOSE	99	155.1	55.0	-78.70	2.41	0.31	1140
colight	TRAIN_VERBOSE	99	158.0	56.5	-80.67	2.48	0.31	1758
colight	TRAIN_VERBOSE	99	158.8	55.9	-82.36	2.53	0.32	2393
colight	TRAIN	99	158.8	55.9	-82.36	2.53	0.32	2393
colight	TRAIN_VERBOSE	100	149.8	52.5	-65.27	2.09	0.29	494
colight	TRAIN_VERBOSE	100	157.6	53.3	-78.25	2.46	0.31	1135
colight	TRAIN_VERBOSE	100	159.2	52.8	-80.40	2.51	0.32	1752
colight	TRAIN_VERBOSE	100	161.0	51.9	-82.60	2.57	0.32	2403
colight	TRAIN	100	161.0	51.9	-82.60	2.57	0.32	2403
colight	TRAIN_VERBOSE	101	150.0	49.7	-64.58	2.00	0.28	504
colight	TRAIN_VERBOSE	101	153.2	47.9	-76.77	2.36	0.31	1136
colight	TRAIN_VERBOSE	101	159.2	45.7	-78.68	2.46	0.32	1745
colight	TRAIN_VERBOSE	101	161.8	46.0	-81.76	2.56	0.32	2395
colight	TRAIN	101	161.8	46.0	-81.76	2.56	0.32	2395
colight	TRAIN_VERBOSE	102	147.9	58.4	-66.91	2.10	0.28	497
colight	TRAIN_VERBOSE	102	156.5	56.0	-79.11	2.48	0.31	1127
colight	TRAIN_VERBOSE	102	158.4	54.8	-80.48	2.55	0.31	1743
colight	TRAIN_VERBOSE	102	161.4	54.5	-84.80	2.68	0.32	2390
colight	TRAIN	102	161.4	54.5	-84.80	2.68	0.32	2390
colight	TRAIN_VERBOSE	103	155.2	53.7	-68.89	2.12	0.29	500
colight	TRAIN_VERBOSE	103	157.7	51.1	-76.80	2.34	0.31	1147
colight	TRAIN_VERBOSE	103	160.7	48.8	-79.05	2.42	0.32	1746
colight	TRAIN_VERBOSE	103	160.5	47.6	-80.49	2.47	0.32	2395
colight	TRAIN	103	160.5	47.6	-80.49	2.47	0.32	2395
colight	TRAIN_VERBOSE	104	156.8	45.7	-67.85	2.18	0.29	498
colight	TRAIN_VERBOSE	104	162.3	48.1	-81.24	2.55	0.32	1124
colight	TRAIN_VERBOSE	104	162.6	48.9	-81.89	2.56	0.32	1748
colight	TRAIN_VERBOSE	104	166.7	49.7	-86.00	2.67	0.33	2401
colight	TRAIN	104	166.7	49.7	-86.00	2.67	0.33	2401
colight	TRAIN_VERBOSE	105	161.8	56.7	-76.61	2.39	0.29	482
colight	TRAIN_VERBOSE	105	167.4	58.7	-87.82	2.70	0.32	1128
colight	TRAIN_VERBOSE	105	167.3	58.0	-87.66	2.73	0.32	1751
colight	TRAIN_VERBOSE	105	167.6	57.1	-89.16	2.77	0.32	2398
colight	TRAIN	105	167.6	57.1	-89.16	2.77	0.32	2398
colight	TRAIN_VERBOSE	106	149.7	52.2	-69.77	2.10	0.29	498
colight	TRAIN_VERBOSE	106	160.4	49.6	-81.52	2.48	0.32	1147
colight	TRAIN_VERBOSE	106	161.5	49.7	-82.80	2.55	0.32	1748
colight	TRAIN_VERBOSE	106	164.9	51.2	-87.85	2.71	0.32	2395
colight	TRAIN	106	164.9	51.2	-87.85	2.71	0.32	2395
colight	TRAIN_VERBOSE	107	147.6	52.9	-64.46	2.03	0.28	507
colight	TRAIN_VERBOSE	107	156.0	48.5	-78.06	2.41	0.31	1134
colight	TRAIN_VERBOSE	107	160.3	46.4	-85.32	2.58	0.31	1745
colight	TRAIN_VERBOSE	107	162.1	45.0	-87.34	2.66	0.32	2389
colight	TRAIN	107	162.1	45.0	-87.34	2.66	0.32	2389
colight	TRAIN_VERBOSE	108	148.5	46.1	-68.98	2.11	0.29	491
colight	TRAIN_VERBOSE	108	157.7	51.7	-81.59	2.50	0.32	1133
colight	TRAIN_VERBOSE	108	159.6	53.5	-83.20	2.53	0.32	1749
colight	TRAIN_VERBOSE	108	160.2	54.6	-85.09	2.59	0.32	2404
colight	TRAIN	108	160.2	54.6	-85.09	2.59	0.32	2404
colight	TRAIN_VERBOSE	109	164.5	54.1	-80.62	2.54	0.32	480
colight	TRAIN_VERBOSE	109	161.9	51.8	-85.21	2.66	0.32	1144
colight	TRAIN_VERBOSE	109	163.4	50.0	-87.10	2.70	0.32	1749
colight	TRAIN_VERBOSE	109	163.8	48.7	-87.85	2.72	0.33	2400
colight	TRAIN	109	163.8	48.7	-87.85	2.72	0.33	2400
colight	TRAIN_VERBOSE	110	155.7	47.2	-72.62	2.26	0.29	494
colight	TRAIN_VERBOSE	110	158.1	51.9	-80.92	2.49	0.31	1133
colight	TRAIN_VERBOSE	110	159.2	54.2	-81.60	2.51	0.31	1757
colight	TRAIN_VERBOSE	110	160.2	54.5	-83.50	2.57	0.32	2388
colight	TRAIN	110	160.2	54.5	-83.50	2.57	0.32	2388
colight	TRAIN_VERBOSE	111	144.8	50.5	-66.16	2.05	0.28	502
colight	TRAIN_VERBOSE	111	154.5	49.4	-79.39	2.46	0.31	1127
colight	TRAIN_VERBOSE	111	158.1	50.1	-80.11	2.48	0.31	1739
colight	TRAIN_VERBOSE	111	160.0	51.3	-83.15	2.58	0.32	2398
colight	TRAIN	111	160.0	51.3	-83.15	2.58	0.32	2398
colight	TRAIN_VERBOSE	112	152.5	63.8	-71.45	2.25	0.30	502
colight	TRAIN_VERBOSE	112	158.9	64.8	-81.23	2.54	0.31	1142
colight	TRAIN_VERBOSE	112	159.6	68.0	-82.82	2.56	0.32	1755
colight	TRAIN_VERBOSE	112	160.2	71.0	-84.90	2.60	0.32	2402
colight	TRAIN	112	160.2	71.0	-84.90	2.60	0.32	2402
colight	TRAIN_VERBOSE	113	149.0	68.3	-68.53	2.12	0.29	493
colight	TRAIN_VERBOSE	113	156.6	66.4	-81.03	2.52	0.31	1142
colight	TRAIN_VERBOSE	113	161.9	65.2	-84.49	2.62	0.32	1746
colight	TRAIN_VERBOSE	113	163.2	63.3	-86.86	2.68	0.32	2401
colight	TRAIN	113	163.2	63.3	-86.86	2.68	0.32	2401
colight	TRAIN_VERBOSE	114	153.0	54.6	-66.79	2.06	0.29	499
colight	TRAIN_VERBOSE	114	152.2	52.7	-75.11	2.32	0.30	1143
colight	TRAIN_VERBOSE	114	155.4	51.4	-76.59	2.37	0.31	1756
colight	TRAIN_VERBOSE	114	156.8	50.1	-79.61	2.46	0.32	2398
colight	TRAIN	114	156.8	50.1	-79.61	2.46	0.32	2398
colight	TRAIN_VERBOSE	115	159.9	49.9	-74.42	2.24	0.29	509
colight	TRAIN_VERBOSE	115	156.8	51.0	-81.61	2.48	0.31	1150
colight	TRAIN_VERBOSE	115	159.6	51.4	-83.72	2.55	0.31	1753
colight	TRAIN_VERBOSE	115	159.7	51.0	-83.84	2.55	0.32	2403
colight	TRAIN	115	159.7	51.0	-83.84	2.55	0.32	2403
colight	TRAIN_VERBOSE	116	154.0	48.9	-68.81	2.19	0.29	495
colight	TRAIN_VERBOSE	116	164.2	48.5	-83.68	2.64	0.32	1132
colight	TRAIN_VERBOSE	116	163.1	51.4	-82.32	2.59	0.32	1750
colight	TRAIN_VERBOSE	116	164.0	53.6	-84.73	2.64	0.32	2406
colight	TRAIN	116	164.0	53.6	-84.73	2.64	0.32	2406
colight	TRAIN_VERBOSE	117	156.1	59.0	-74.99	2.25	0.30	483
colight	TRAIN_VERBOSE	117	167.8	57.2	-91.47	2.73	0.32	1140
colight	TRAIN_VERBOSE	117	167.9	54.3	-89.87	2.71	0.33	1756
colight	TRAIN_VERBOSE	117	168.0	52.8	-91.78	2.76	0.33	2388
colight	TRAIN	117	168.0	52.8	-91.78	2.76	0.33	2388
colight	TRAIN_VERBOSE	118	154.0	50.3	-66.70	2.10	0.29	496
colight	TRAIN_VERBOSE	118	159.2	47.5	-78.62	2.42	0.31	1140
colight	TRAIN_VERBOSE	118	160.5	48.8	-80.36	2.47	0.32	1753
colight	TRAIN_VERBOSE	118	159.9	49.9	-82.57	2.53	0.32	2388
colight	TRAIN	118	159.9	49.9	-82.57	2.53	0.32	2388
colight	TRAIN_VERBOSE	119	145.0	54.4	-64.03	2.01	0.27	508
colight	TRAIN_VERBOSE	119	152.2	54.8	-78.53	2.41	0.30	1149
colight	TRAIN_VERBOSE	119	153.9	55.3	-78.27	2.41	0.31	1751
colight	TRAIN_VERBOSE	119	156.7	56.4	-81.67	2.52	0.31	2406
colight	TRAIN	119	156.7	56.4	-81.67	2.52	0.31	2406
colight	TRAIN_VERBOSE	120	156.3	54.7	-76.17	2.29	0.30	500
colight	TRAIN_VERBOSE	120	159.6	52.3	-86.53	2.61	0.32	1136
colight	TRAIN_VERBOSE	120	163.7	51.5	-89.44	2.71	0.32	1748
colight	TRAIN_VERBOSE	120	164.7	52.2	-91.85	2.77	0.33	2396
colight	TRAIN	120	164.7	52.2	-91.85	2.77	0.33	2396
colight	TRAIN_VERBOSE	121	148.4	48.9	-70.56	2.13	0.29	497
colight	TRAIN_VERBOSE	121	155.9	48.8	-84.56	2.52	0.31	1136
colight	TRAIN_VERBOSE	121	161.0	49.6	-85.64	2.59	0.32	1755
colight	TRAIN_VERBOSE	121	163.7	52.4	-89.05	2.69	0.32	2403
colight	TRAIN	121	163.7	52.4	-89.05	2.69	0.32	2403
colight	TRAIN_VERBOSE	122	153.3	63.0	-73.87	2.23	0.30	495
colight	TRAIN_VERBOSE	122	156.5	62.1	-82.22	2.50	0.31	1142
colight	TRAIN_VERBOSE	122	158.9	59.8	-83.42	2.54	0.32	1754
colight	TRAIN_VERBOSE	122	159.5	57.9	-84.28	2.58	0.32	2398
colight	TRAIN	122	159.5	57.9	-84.28	2.58	0.32	2398
colight	TRAIN_VERBOSE	123	155.3	55.0	-68.71	2.15	0.30	499
colight	TRAIN_VERBOSE	123	157.4	60.9	-81.48	2.48	0.31	1147
colight	TRAIN_VERBOSE	123	159.3	60.5	-83.30	2.51	0.32	1752
colight	TRAIN_VERBOSE	123	162.0	59.9	-86.18	2.60	0.32	2391
colight	TRAIN	123	162.0	59.9	-86.18	2.60	0.32	2391
colight	TRAIN_VERBOSE	124	157.0	61.5	-73.40	2.28	0.30	497
colight	TRAIN_VERBOSE	124	160.1	61.5	-82.10	2.52	0.32	1135
colight	TRAIN_VERBOSE	124	163.2	60.0	-84.15	2.60	0.32	1746
colight	TRAIN_VERBOSE	124	162.6	58.9	-84.38	2.61	0.32	2403
colight	TRAIN	124	162.6	58.9	-84.38	2.61	0.32	2403
colight	TRAIN_VERBOSE	125	155.0	45.5	-71.90	2.23	0.29	496
colight	TRAIN_VERBOSE	125	158.6	46.0	-81.39	2.56	0.31	1130
colight	TRAIN_VERBOSE	125	161.1	44.9	-82.79	2.60	0.32	1755
colight	TRAIN_VERBOSE	125	161.0	45.4	-83.22	2.61	0.32	2392
colight	TRAIN	125	161.0	45.4	-83.22	2.61	0.32	2392
colight	TRAIN_VERBOSE	126	157.1	56.5	-64.89	2.10	0.30	495
colight	TRAIN_VERBOSE	126	161.2	58.1	-77.61	2.42	0.32	1133
colight	TRAIN_VERBOSE	126	162.4	60.8	-81.07	2.51	0.32	1749
colight	TRAIN_VERBOSE	126	163.0	62.4	-83.93	2.57	0.33	2393
colight	TRAIN	126	163.0	62.4	-83.93	2.57	0.33	2393
colight	TRAIN_VERBOSE	127	160.3	59.3	-77.28	2.36	0.30	486
colight	TRAIN_VERBOSE	127	157.7	54.4	-81.03	2.48	0.31	1150
colight	TRAIN_VERBOSE	127	160.5	52.3	-83.57	2.56	0.32	1760
colight	TRAIN_VERBOSE	127	161.5	52.6	-84.58	2.60	0.32	2400
colight	TRAIN	127	161.5	52.6	-84.58	2.60	0.32	2400
colight	TRAIN_VERBOSE	128	157.7	52.5	-72.62	2.18	0.30	499
colight	TRAIN_VERBOSE	128	157.7	54.3	-81.81	2.44	0.31	1141
colight	TRAIN_VERBOSE	128	161.8	52.6	-86.21	2.60	0.32	1740
colight	TRAIN_VERBOSE	128	167.8	52.3	-92.20	2.82	0.33	2397
colight	TRAIN	128	167.8	52.3	-92.20	2.82	0.33	2397
colight	TRAIN_VERBOSE	129	153.4	54.2	-68.90	2.11	0.30	499
colight	TRAIN_VERBOSE	129	161.2	57.0	-82.48	2.50	0.32	1142
colight	TRAIN_VERBOSE	129	163.3	58.8	-84.92	2.59	0.32	1755
colight	TRAIN_VERBOSE	129	164.0	58.0	-85.15	2.61	0.33	2390
colight	TRAIN	129	164.0	58.0	-85.15	2.61	0.33	2390
colight	TRAIN_VERBOSE	130	156.7	52.9	-73.31	2.29	0.30	487
colight	TRAIN_VERBOSE	130	162.1	50.1	-84.55	2.64	0.32	1137
colight	TRAIN_VERBOSE	130	161.8	50.3	-84.36	2.62	0.32	1764
colight	TRAIN_VERBOSE	130	161.9	51.7	-85.62	2.64	0.32	2395
colight	TRAIN	130	161.9	51.7	-85.62	2.64	0.32	2395
colight	TRAIN_VERBOSE	131	150.8	57.8	-70.05	2.13	0.29	503
colight	TRAIN_VERBOSE	131	154.0	60.4	-79.37	2.41	0.30	1135
colight	TRAIN_VERBOSE	131	158.8	58.0	-84.51	2.57	0.31	1740
colight	TRAIN_VERBOSE	131	161.6	54.5	-86.04	2.65	0.32	2390
colight	TRAIN	131	161.6	54.5	-86.04	2.65	0.32	2390
colight	TRAIN_VERBOSE	132	151.8	45.3	-70.02	2.24	0.29	491
colight	TRAIN_VERBOSE	132	160.6	47.0	-82.70	2.56	0.31	1132
colight	TRAIN_VERBOSE	132	164.8	47.9	-84.61	2.61	0.32	1749
colight	TRAIN_VERBOSE	132	165.6	48.1	-86.78	2.67	0.33	2395
colight	TRAIN	132	165.6	48.1	-86.78	2.67	0.33	2395
colight	TRAIN_VERBOSE	133	151.5	46.1	-69.44	2.19	0.29	499
colight	TRAIN_VERBOSE	133	159.1	51.9	-81.81	2.57	0.31	1136
colight	TRAIN_VERBOSE	133	160.6	55.3	-82.86	2.56	0.31	1755
colight	TRAIN_VERBOSE	133	161.7	55.7	-83.62	2.60	0.32	2404
colight	TRAIN	133	161.7	55.7	-83.62	2.60	0.32	2404
colight	TRAIN_VERBOSE	134	155.4	55.4	-74.28	2.36	0.29	501
colight	TRAIN_VERBOSE	134	163.1	58.7	-85.27	2.68	0.31	1134
colight	TRAIN_VERBOSE	134	163.8	58.6	-86.67	2.71	0.31	1748
colight	TRAIN_VERBOSE	134	164.7	59.5	-88.90	2.78	0.32	2401
colight	TRAIN	134	164.7	59.5	-88.90	2.78	0.32	2401
colight	TRAIN_VERBOSE	135	155.5	60.6	-70.59	2.20	0.29	497
colight	TRAIN_VERBOSE	135	162.7	55.9	-85.94	2.64	0.32	1128
colight	TRAIN_VERBOSE	135	165.7	53.0	-88.83	2.73	0.32	1742
colight	TRAIN_VERBOSE	135	168.5	51.3	-90.25	2.81	0.33	2403
colight	TRAIN	135	168.5	51.3	-90.25	2.81	0.33	2403
colight	TRAIN_VERBOSE	136	154.9	46.9	-73.05	2.27	0.29	502
colight	TRAIN_VERBOSE	136	153.9	48.2	-77.78	2.41	0.31	1147
colight	TRAIN_VERBOSE	136	157.2	47.1	-80.23	2.51	0.31	1744
colight	TRAIN_VERBOSE	136	159.8	46.3	-83.95	2.65	0.32	2393
colight	TRAIN	136	159.8	46.3	-83.95	2.65	0.32	2393
colight	TRAIN_VERBOSE	137	157.3	43.5	-69.36	2.14	0.29	501
colight	TRAIN_VERBOSE	137	163.2	45.2	-83.19	2.52	0.32	1125
colight	TRAIN_VERBOSE	137	165.9	48.8	-86.49	2.65	0.33	1735
colight	TRAIN_VERBOSE	137	167.7	51.3	-89.79	2.78	0.33	2387
colight	TRAIN	137	167.7	51.3	-89.79	2.78	0.33	2387
colight	TRAIN_VERBOSE	138	155.7	58.0	-67.98	2.15	0.29	501
colight	TRAIN_VERBOSE	138	157.4	55.3	-79.05	2.51	0.31	1137
colight	TRAIN_VERBOSE	138	159.5	54.8	-79.48	2.51	0.31	1745
colight	TRAIN_VERBOSE	138	159.8	53.6	-80.71	2.55	0.32	2385
colight	TRAIN	138	159.8	53.6	-80.71	2.55	0.32	2385
colight	TRAIN_VERBOSE	139	159.7	55.9	-77.53	2.46	0.29	497
colight	TRAIN_VERBOSE	139	161.2	58.0	-85.83	2.64	0.31	1138
colight	TRAIN_VERBOSE	139	163.2	57.0	-87.46	2.70	0.32	1736
colight	TRAIN_VERBOSE	139	164.2	54.3	-89.22	2.77	0.32	2394
colight	TRAIN	139	164.2	54.3	-89.22	2.77	0.32	2394
colight	TRAIN_VERBOSE	140	160.7	47.1	-79.26	2.52	0.29	487
colight	TRAIN_VERBOSE	140	165.9	50.7	-90.01	2.82	0.32	1137
colight	TRAIN_VERBOSE	140	166.8	56.2	-89.56	2.81	0.33	1759
colight	TRAIN_VERBOSE	140	166.8	60.2	-90.65	2.83	0.33	2383
colight	TRAIN	140	166.8	60.2	-90.65	2.83	0.33	2383
colight	TRAIN_VERBOSE	141	156.0	60.4	-70.25	2.19	0.30	493
colight	TRAIN_VERBOSE	141	163.3	57.2	-83.77	2.63	0.32	1150
colight	TRAIN_VERBOSE	141	162.9	57.2	-83.60	2.63	0.32	1746
colight	TRAIN_VERBOSE	141	165.7	58.0	-87.29	2.75	0.32	2392
colight	TRAIN	141	165.7	58.0	-87.29	2.75	0.32	2392
colight	TRAIN_VERBOSE	142	153.1	63.4	-66.28	2.06	0.30	494
colight	TRAIN_VERBOSE	142	157.6	61.7	-78.56	2.43	0.32	1137
colight	TRAIN_VERBOSE	142	162.0	58.7	-82.78	2.57	0.32	1744
colight	TRAIN_VERBOSE	142	163.2	58.7	-85.69	2.65	0.33	2399
colight	TRAIN	142	163.2	58.7	-85.69	2.65	0.33	2399
colight	TRAIN_VERBOSE	143	158.0	57.4	-72.98	2.32	0.29	499
colight	TRAIN_VERBOSE	143	160.6	56.2	-81.87	2.57	0.31	1136
colight	TRAIN_VERBOSE	143	161.0	55.7	-81.05	2.54	0.31	1756
colight	TRAIN_VERBOSE	143	163.1	57.8	-84.71	2.65	0.32	2411
colight	TRAIN	143	163.1	57.8	-84.71	2.65	0.32	2411
colight	TRAIN_VERBOSE	144	162.5	63.7	-76.83	2.41	0.30	501
colight	TRAIN_VERBOSE	144	158.0	62.1	-84.25	2.58	0.31	1132
colight	TRAIN_VERBOSE	144	160.4	59.3	-84.42	2.59	0.31	1751
colight	TRAIN_VERBOSE	144	163.1	56.3	-87.17	2.69	0.32	2393
colight	TRAIN	144	163.1	56.3	-87.17	2.69	0.32	2393
colight	TRAIN_VERBOSE	145	154.6	55.2	-74.41	2.29	0.28	489
colight	TRAIN_VERBOSE	145	158.4	57.9	-83.57	2.56	0.31	1130
colight	TRAIN_VERBOSE	145	161.3	56.9	-85.20	2.62	0.32	1740
colight	TRAIN_VERBOSE	145	162.9	55.6	-86.96	2.66	0.32	2405
colight	TRAIN	145	162.9	55.6	-86.96	2.66	0.32	2405
colight	TRAIN_VERBOSE	146	152.6	47.6	-71.18	2.17	0.29	509
colight	TRAIN_VERBOSE	146	157.4	51.2	-81.80	2.48	0.31	1137
colight	TRAIN_VERBOSE	146	160.7	51.6	-83.91	2.55	0.32	1752
colight	TRAIN_VERBOSE	146	160.6	51.9	-84.91	2.59	0.32	2401
colight	TRAIN	146	160.6	51.9	-84.91	2.59	0.32	2401
colight	TRAIN_VERBOSE	147	154.9	47.6	-68.91	2.07	0.30	495
colight	TRAIN_VERBOSE	147	158.8	48.2	-78.64	2.44	0.31	1139
colight	TRAIN_VERBOSE	147	161.9	50.3	-80.33	2.53	0.32	1750
colight	TRAIN_VERBOSE	147	165.4	51.5	-84.07	2.64	0.32	2400
colight	TRAIN	147	165.4	51.5	-84.07	2.64	0.32	2400
colight	TRAIN_VERBOSE	148	159.1	62.3	-76.01	2.32	0.30	493
colight	TRAIN_VERBOSE	148	160.4	61.2	-84.00	2.55	0.32	1150
colight	TRAIN_VERBOSE	148	161.2	58.7	-85.02	2.60	0.32	1747
colight	TRAIN_VERBOSE	148	160.4	58.3	-85.54	2.62	0.32	2395
colight	TRAIN	148	160.4	58.3	-85.54	2.62	0.32	2395
colight	TRAIN_VERBOSE	149	155.4	61.5	-69.45	2.20	0.29	497
colight	TRAIN_VERBOSE	149	156.7	60.0	-77.02	2.40	0.31	1152
colight	TRAIN_VERBOSE	149	158.7	59.5	-79.23	2.46	0.31	1745
colight	TRAIN_VERBOSE	149	158.7	58.6	-81.60	2.52	0.32	2394
colight	TRAIN	149	158.7	58.6	-81.60	2.52	0.32	2394
colight	TRAIN_VERBOSE	150	164.1	56.1	-76.35	2.39	0.31	494
colight	TRAIN_VERBOSE	150	166.7	59.3	-87.65	2.71	0.33	1139
colight	TRAIN_VERBOSE	150	165.2	59.0	-86.22	2.67	0.32	1752
colight	TRAIN_VERBOSE	150	163.9	59.4	-87.64	2.71	0.32	2396
colight	TRAIN	150	163.9	59.4	-87.64	2.71	0.32	2396
colight	TRAIN_VERBOSE	151	147.4	59.1	-70.53	2.21	0.28	486
colight	TRAIN_VERBOSE	151	159.8	57.1	-81.11	2.54	0.31	1137
colight	TRAIN_VERBOSE	151	162.8	58.3	-84.26	2.64	0.32	1750
colight	TRAIN_VERBOSE	151	163.5	60.2	-85.50	2.68	0.32	2394
colight	TRAIN	151	163.5	60.2	-85.50	2.68	0.32	2394
colight	TRAIN_VERBOSE	152	148.4	66.1	-66.11	2.07	0.28	496
colight	TRAIN_VERBOSE	152	155.6	62.6	-79.94	2.48	0.30	1144
colight	TRAIN_VERBOSE	152	157.4	61.9	-81.88	2.52	0.31	1744
colight	TRAIN_VERBOSE	152	158.4	62.0	-84.23	2.60	0.31	2400
colight	TRAIN	152	158.4	62.0	-84.23	2.60	0.31	2400
colight	TRAIN_VERBOSE	153	153.3	67.0	-70.30	2.23	0.30	492
colight	TRAIN_VERBOSE	153	158.8	65.1	-81.90	2.52	0.32	1143
colight	TRAIN_VERBOSE	153	160.5	65.3	-84.51	2.62	0.32	1742
colight	TRAIN_VERBOSE	153	161.8	63.8	-85.85	2.66	0.32	2401
colight	TRAIN	153	161.8	63.8	-85.85	2.66	0.32	2401
colight	TRAIN_VERBOSE	154	154.4	51.5	-73.21	2.30	0.29	496
colight	TRAIN_VERBOSE	154	159.7	49.2	-83.23	2.59	0.31	1142
colight	TRAIN_VERBOSE	154	164.2	49.9	-85.70	2.68	0.32	1745
colight	TRAIN_VERBOSE	154	165.8	51.2	-87.95	2.75	0.33	2393
colight	TRAIN	154	165.8	51.2	-87.95	2.75	0.33	2393
colight	TRAIN_VERBOSE	155	160.2	61.5	-72.82	2.31	0.30	501
colight	TRAIN_VERBOSE	155	159.5	62.3	-80.19	2.50	0.32	1136
colight	TRAIN_VERBOSE	155	160.0	62.3	-80.97	2.52	0.32	1750
colight	TRAIN_VERBOSE	155	161.5	62.7	-84.62	2.61	0.32	2394
colight	TRAIN	155	161.5	62.7	-84.62	2.61	0.32	2394
colight	TRAIN_VERBOSE	156	157.3	62.3	-75.53	2.35	0.29	501
colight	TRAIN_VERBOSE	156	157.6	59.9	-82.83	2.56	0.31	1142
colight	TRAIN_VERBOSE	156	158.9	59.7	-83.59	2.59	0.31	1752
colight	TRAIN_VERBOSE	156	161.8	60.5	-86.39	2.68	0.32	2387
colight	TRAIN	156	161.8	60.5	-86.39	2.68	0.32	2387
colight	TRAIN_VERBOSE	157	155.8	56.2	-72.82	2.25	0.30	496
colight	TRAIN_VERBOSE	157	157.2	54.6	-79.73	2.45	0.32	1144
colight	TRAIN_VERBOSE	157	160.4	56.2	-83.58	2.58	0.32	1753
colight	TRAIN_VERBOSE	157	160.4	56.7	-83.92	2.59	0.32	2398
colight	TRAIN	157	160.4	56.7	-83.92	2.59	0.32	2398
colight	TRAIN_VERBOSE	158	156.3	56.5	-76.09	2.32	0.29	492
colight	TRAIN_VERBOSE	158	158.2	56.2	-82.67	2.54	0.31	1138
colight	TRAIN_VERBOSE	158	161.3	55.5	-83.88	2.57	0.32	1751
colight	TRAIN_VERBOSE	158	162.3	56.8	-85.29	2.62	0.32	2406
colight	TRAIN	158	162.3	56.8	-85.29	2.62	0.32	2406
colight	TRAIN_VERBOSE	159	152.6	58.0	-69.32	2.16	0.29	506
colight	TRAIN_VERBOSE	159	156.0	53.1	-79.48	2.46	0.30	1141
colight	TRAIN_VERBOSE	159	159.9	50.6	-82.61	2.56	0.32	1748
colight	TRAIN_VERBOSE	159	161.0	50.6	-84.72	2.62	0.32	2388
colight	TRAIN	159	161.0	50.6	-84.72	2.62	0.32	2388
colight	TRAIN_VERBOSE	160	148.3	55.7	-65.97	2.03	0.28	502
colight	TRAIN_VERBOSE	160	154.4	54.4	-78.34	2.42	0.30	1136
colight	TRAIN_VERBOSE	160	157.9	52.4	-81.69	2.53	0.31	1739
colight	TRAIN_VERBOSE	160	163.9	52.3	-87.76	2.71	0.32	2377
colight	TRAIN	160	163.9	52.3	-87.76	2.71	0.32	2377
colight	TRAIN_VERBOSE	161	155.2	62.8	-75.90	2.36	0.28	494
colight	TRAIN_VERBOSE	161	162.1	58.3	-87.98	2.67	0.31	1135
colight	TRAIN_VERBOSE	161	161.2	55.2	-86.00	2.61	0.31	1750
colight	TRAIN_VERBOSE	161	163.5	53.7	-88.22	2.69	0.32	2401
colight	TRAIN	161	163.5	53.7	-88.22	2.69	0.32	2401
colight	TRAIN_VERBOSE	162	153.0	56.1	-70.55	2.18	0.29	497
colight	TRAIN_VERBOSE	162	161.6	56.8	-84.00	2.61	0.33	1128
colight	TRAIN_VERBOSE	162	166.7	57.9	-89.34	2.78	0.34	1743
colight	TRAIN_VERBOSE	162	166.8	57.9	-89.36	2.77	0.34	2402
colight	TRAIN	162	166.8	57.9	-89.36	2.77	0.34	2402
colight	TRAIN_VERBOSE	163	160.5	59.6	-72.86	2.29	0.30	489
colight	TRAIN_VERBOSE	163	164.7	55.4	-86.13	2.63	0.33	1125
colight	TRAIN_VERBOSE	163	166.2	55.7	-87.71	2.69	0.33	1752
colight	TRAIN_VERBOSE	163	162.5	55.5	-86.72	2.67	0.33	2421
colight	TRAIN	163	162.5	55.5	-86.72	2.67	0.33	2421
colight	TRAIN_VERBOSE	164	148.8	52.0	-66.13	2.14	0.28	504
colight	TRAIN_VERBOSE	164	155.7	51.8	-79.27	2.50	0.31	1129
colight	TRAIN_VERBOSE	164	159.4	53.2	-82.92	2.60	0.31	1739
colight	TRAIN_VERBOSE	164	163.6	54.7	-87.06	2.75	0.32	2389
colight	TRAIN	164	163.6	54.7	-87.06	2.75	0.32	2389
colight	TRAIN_VERBOSE	165	156.6	56.7	-76.50	2.37	0.30	502
colight	TRAIN_VERBOSE	165	159.0	54.7	-81.37	2.55	0.31	1138
colight	TRAIN_VERBOSE	165	161.3	53.1	-83.69	2.61	0.31	1753
colight	TRAIN_VERBOSE	165	162.0	53.6	-85.68	2.68	0.32	2405
colight	TRAIN	165	162.0	53.6	-85.68	2.68	0.32	2405
colight	TRAIN_VERBOSE	166	161.9	56.4	-77.24	2.47	0.29	497
colight	TRAIN_VERBOSE	166	161.9	58.3	-85.88	2.68	0.31	1139
colight	TRAIN_VERBOSE	166	161.0	59.7	-83.89	2.61	0.32	1758
colight	TRAIN_VERBOSE	166	161.6	60.7	-85.01	2.65	0.32	2401
colight	TRAIN	166	161.6	60.7	-85.01	2.65	0.32	2401
colight	TRAIN_VERBOSE	167	158.0	61.6	-75.70	2.40	0.29	494
colight	TRAIN_VERBOSE	167	158.9	60.4	-82.70	2.53	0.30	1142
colight	TRAIN_VERBOSE	167	160.4	59.5	-83.45	2.57	0.31	1751
colight	TRAIN_VERBOSE	167	161.0	58.2	-84.67	2.62	0.32	2392
colight	TRAIN	167	161.0	58.2	-84.67	2.62	0.32	2392
colight	TRAIN_VERBOSE	168	153.2	55.2	-68.16	2.13	0.30	489
colight	TRAIN_VERBOSE	168	157.5	53.5	-77.47	2.39	0.31	1144
colight	TRAIN_VERBOSE	168	160.1	53.7	-81.34	2.52	0.32	1751
colight	TRAIN_VERBOSE	168	161.3	53.1	-83.49	2.58	0.32	2401
colight	TRAIN	168	161.3	53.1	-83.49	2.58	0.32	2401
colight	TRAIN_VERBOSE	169	148.9	48.7	-67.47	2.13	0.29	506
colight	TRAIN_VERBOSE	169	156.3	49.1	-81.67	2.50	0.31	1135
colight	TRAIN_VERBOSE	169	157.1	51.6	-81.35	2.49	0.31	1753
colight	TRAIN_VERBOSE	169	160.0	52.1	-83.54	2.57	0.32	2405
colight	TRAIN	169	160.0	52.1	-83.54	2.57	0.32	2405
colight	TRAIN_VERBOSE	170	157.1	64.6	-72.94	2.21	0.29	502
colight	TRAIN_VERBOSE	170	153.4	64.7	-77.40	2.38	0.31	1148
colight	TRAIN_VERBOSE	170	157.8	65.2	-80.75	2.51	0.32	1746
colight	TRAIN_VERBOSE	170	159.0	65.5	-82.92	2.58	0.32	2400
colight	TRAIN	170	159.0	65.5	-82.92	2.58	0.32	2400
colight	TRAIN_VERBOSE	171	154.4	63.1	-69.38	2.23	0.29	499
colight	TRAIN_VERBOSE	171	157.6	62.7	-82.14	2.58	0.32	1126
colight	TRAIN_VERBOSE	171	162.9	63.0	-85.55	2.67	0.32	1739
colight	TRAIN_VERBOSE	171	166.0	61.6	-89.57	2.77	0.33	2393
colight	TRAIN	171	166.0	61.6	-89.57	2.77	0.33	2393
colight	TRAIN_VERBOSE	172	155.6	60.0	-71.78	2.24	0.29	497
colight	TRAIN_VERBOSE	172	160.0	60.1	-84.53	2.61	0.31	1143
colight	TRAIN_VERBOSE	172	161.8	60.6	-85.60	2.66	0.32	1762
colight	TRAIN_VERBOSE	172	160.7	61.8	-86.12	2.67	0.32	2401
colight	TRAIN	172	160.7	61.8	-86.12	2.67	0.32	2401
colight	TRAIN_VERBOSE	173	145.4	64.4	-66.75	2.11	0.28	498
colight	TRAIN_VERBOSE	173	154.9	62.8	-79.90	2.51	0.30	1132
colight	TRAIN_VERBOSE	173	159.2	62.0	-81.16	2.54	0.31	1755
colight	TRAIN_VERBOSE	173	160.2	62.3	-82.44	2.56	0.32	2391
colight	TRAIN	173	160.2	62.3	-82.44	2.56	0.32	2391
colight	TRAIN_VERBOSE	174	157.2	57.0	-67.58	2.13	0.30	495
colight	TRAIN_VERBOSE	174	160.9	55.9	-82.85	2.51	0.31	1132
colight	TRAIN_VERBOSE	174	164.2	57.1	-85.73	2.62	0.32	1754
colight	TRAIN_VERBOSE	174	164.1	57.0	-87.72	2.68	0.32	2401
colight	TRAIN	174	164.1	57.0	-87.72	2.68	0.32	2401
colight	TRAIN_VERBOSE	175	160.3	54.8	-72.78	2.29	0.30	498
colight	TRAIN_VERBOSE	175	160.3	52.9	-81.82	2.55	0.31	1138
colight	TRAIN_VERBOSE	175	162.0	52.5	-83.32	2.60	0.32	1742
colight	TRAIN_VERBOSE	175	163.5	51.5	-85.42	2.66	0.32	2394
colight	TRAIN	175	163.5	51.5	-85.42	2.66	0.32	2394
colight	TRAIN_VERBOSE	176	151.3	52.9	-70.58	2.23	0.29	491
colight	TRAIN_VERBOSE	176	155.3	53.5	-77.60	2.42	0.31	1143
colight	TRAIN_VERBOSE	176	158.9	56.2	-79.77	2.50	0.32	1756
colight	TRAIN_VERBOSE	176	156.9	56.6	-79.67	2.51	0.32	2414
colight	TRAIN	176	156.9	56.6	-79.67	2.51	0.32	2414
colight	TRAIN_VERBOSE	177	151.6	58.7	-71.31	2.20	0.28	498
colight	TRAIN_VERBOSE	177	156.1	58.9	-79.89	2.48	0.31	1139
colight	TRAIN_VERBOSE	177	157.4	57.4	-81.24	2.51	0.31	1758
colight	TRAIN_VERBOSE	177	158.3	55.8	-83.33	2.56	0.31	2400
colight	TRAIN	177	158.3	55.8	-83.33	2.56	0.31	2400
colight	TRAIN_VERBOSE	178	153.0	51.4	-70.16	2.21	0.29	490
colight	TRAIN_VERBOSE	178	155.9	51.9	-80.96	2.49	0.31	1133
colight	TRAIN_VERBOSE	178	159.5	52.4	-83.05	2.57	0.31	1751
colight	TRAIN_VERBOSE	178	161.6	51.6	-84.94	2.64	0.32	2402
colight	TRAIN	178	161.6	51.6	-84.94	2.64	0.32	2402
colight	TRAIN_VERBOSE	179	151.5	50.1	-70.40	2.19	0.28	503
colight	TRAIN_VERBOSE	179	159.6	49.8	-84.41	2.61	0.31	1136
colight	TRAIN_VERBOSE	179	161.5	49.8	-85.74	2.65	0.31	1747
colight	TRAIN_VERBOSE	179	161.1	50.6	-85.76	2.67	0.32	2385
colight	TRAIN	179	161.1	50.6	-85.76	2.67	0.32	2385
colight	TRAIN_VERBOSE	180	152.7	47.7	-69.29	2.18	0.29	504
colight	TRAIN_VERBOSE	180	160.5	46.5	-83.40	2.56	0.32	1131
colight	TRAIN_VERBOSE	180	161.0	46.3	-82.60	2.55	0.32	1751
colight	TRAIN_VERBOSE	180	160.2	47.0	-83.08	2.58	0.32	2396
colight	TRAIN	180	160.2	47.0	-83.08	2.58	0.32	2396
colight	TRAIN_VERBOSE	181	152.7	46.9	-70.97	2.25	0.28	497
colight	TRAIN_VERBOSE	181	157.5	47.5	-81.05	2.57	0.31	1141
colight	TRAIN_VERBOSE	181	160.5	48.4	-83.19	2.61	0.32	1757
colight	TRAIN_VERBOSE	181	160.7	47.8	-83.76	2.62	0.32	2401
colight	TRAIN	181	160.7	47.8	-83.76	2.62	0.32	2401
colight	TRAIN_VERBOSE	182	155.8	45.9	-71.08	2.15	0.30	496
colight	TRAIN_VERBOSE	182	159.5	46.4	-83.10	2.54	0.31	1142
colight	TRAIN_VERBOSE	182	159.9	47.1	-83.00	2.55	0.32	1751
colight	TRAIN_VERBOSE	182	161.4	46.8	-84.48	2.61	0.32	2397
colight	TRAIN	182	161.4	46.8	-84.48	2.61	0.32	2397
colight	TRAIN_VERBOSE	183	150.0	46.5	-71.34	2.23	0.29	489
colight	TRAIN_VERBOSE	183	160.9	47.0	-81.81	2.54	0.31	1126
colight	TRAIN_VERBOSE	183	163.3	49.0	-83.38	2.57	0.32	1754
colight	TRAIN_VERBOSE	183	162.0	50.7	-83.83	2.59	0.32	2402
colight	TRAIN	183	162.0	50.7	-83.83	2.59	0.32	2402
colight	TRAIN_VERBOSE	184	158.9	52.2	-72.72	2.29	0.29	500
colight	TRAIN_VERBOSE	184	158.5	49.8	-79.24	2.48	0.31	1145
colight	TRAIN_VERBOSE	184	160.8	48.3	-81.66	2.55	0.31	1739
colight	TRAIN_VERBOSE	184	162.9	47.8	-84.76	2.63	0.32	2396
colight	TRAIN	184	162.9	47.8	-84.76	2.63	0.32	2396
colight	TRAIN_VERBOSE	185	156.7	44.4	-73.94	2.27	0.29	503
colight	TRAIN_VERBOSE	185	155.4	43.5	-81.94	2.52	0.31	1143
colight	TRAIN_VERBOSE	185	158.6	45.8	-82.75	2.56	0.32	1758
colight	TRAIN_VERBOSE	185	158.8	48.2	-84.75	2.59	0.32	2408
colight	TRAIN	185	158.8	48.2	-84.75	2.59	0.32	2408
colight	TRAIN_VERBOSE	186	150.0	58.7	-66.66	2.04	0.29	506
colight	TRAIN_VERBOSE	186	154.8	56.5	-80.35	2.45	0.31	1139
colight	TRAIN_VERBOSE	186	156.5	56.6	-80.13	2.45	0.31	1747
colight	TRAIN_VERBOSE	186	156.9	57.8	-82.27	2.52	0.31	2417
colight	TRAIN	186	156.9	57.8	-82.27	2.52	0.31	2417
colight	TRAIN_VERBOSE	187	150.8	59.4	-67.99	2.04	0.29	506
colight	TRAIN_VERBOSE	187	153.6	61.0	-74.91	2.29	0.31	1136
colight	TRAIN_VERBOSE	187	156.0	59.0	-76.80	2.36	0.31	1750
colight	TRAIN_VERBOSE	187	157.3	56.9	-79.37	2.41	0.32	2403
colight	TRAIN	187	157.3	56.9	-79.37	2.41	0.32	2403
colight	TRAIN_VERBOSE	188	154.0	47.8	-69.42	2.21	0.28	497
colight	TRAIN_VERBOSE	188	158.7	46.2	-81.73	2.51	0.31	1138
colight	TRAIN_VERBOSE	188	160.8	44.9	-83.67	2.58	0.31	1761
colight	TRAIN_VERBOSE	188	161.8	46.0	-86.54	2.66	0.32	2391
colight	TRAIN	188	161.8	46.0	-86.54	2.66	0.32	2391
colight	TRAIN_VERBOSE	189	162.0	49.0	-77.03	2.46	0.30	500
colight	TRAIN_VERBOSE	189	166.5	47.5	-84.94	2.70	0.32	1143
colight	TRAIN_VERBOSE	189	165.0	46.5	-85.04	2.67	0.32	1746
colight	TRAIN_VERBOSE	189	167.3	46.7	-88.37	2.78	0.33	2405
colight	TRAIN	189	167.3	46.7	-88.37	2.78	0.33	2405
colight	TRAIN_VERBOSE	190	150.4	49.0	-65.57	2.13	0.29	481
colight	TRAIN_VERBOSE	190	160.2	50.8	-81.26	2.58	0.32	1144
colight	TRAIN_VERBOSE	190	160.9	49.1	-81.72	2.60	0.32	1746
colight	TRAIN_VERBOSE	190	164.5	48.4	-85.41	2.71	0.33	2404
colight	TRAIN	190	164.5	48.4	-85.41	2.71	0.33	2404
colight	TRAIN_VERBOSE	191	148.8	46.9	-66.61	2.00	0.28	501
colight	TRAIN_VERBOSE	191	153.1	47.8	-75.67	2.31	0.30	1133
colight	TRAIN_VERBOSE	191	156.5	49.4	-78.65	2.43	0.31	1744
colight	TRAIN_VERBOSE	191	163.6	50.7	-86.42	2.69	0.32	2396
colight	TRAIN	191	163.6	50.7	-86.42	2.69	0.32	2396
colight	TRAIN_VERBOSE	192	157.6	59.1	-71.00	2.22	0.30	489
colight	TRAIN_VERBOSE	192	164.2	58.1	-83.16	2.63	0.32	1135
colight	TRAIN_VERBOSE	192	163.9	57.8	-84.06	2.64	0.32	1753
colight	TRAIN_VERBOSE	192	162.7	57.8	-84.61	2.65	0.32	2406
colight	TRAIN	192	162.7	57.8	-84.61	2.65	0.32	2406
colight	TRAIN_VERBOSE	193	144.8	54.7	-63.12	1.92	0.28	499
colight	TRAIN_VERBOSE	193	151.9	53.1	-75.23	2.28	0.31	1146
colight	TRAIN_VERBOSE	193	155.5	51.8	-77.26	2.37	0.31	1752
colight	TRAIN_VERBOSE	193	158.7	51.0	-81.04	2.48	0.32	2394
colight	TRAIN	193	158.7	51.0	-81.04	2.48	0.32	2394
colight	TRAIN_VERBOSE	194	148.8	48.1	-72.42	2.26	0.27	491
colight	TRAIN_VERBOSE	194	159.1	45.9	-84.16	2.63	0.31	1134
colight	TRAIN_VERBOSE	194	162.1	46.5	-85.55	2.64	0.32	1755
colight	TRAIN_VERBOSE	194	165.5	48.6	-90.17	2.78	0.32	2388
colight	TRAIN	194	165.5	48.6	-90.17	2.78	0.32	2388
colight	TRAIN_VERBOSE	195	159.2	56.6	-71.79	2.17	0.31	502
colight	TRAIN_VERBOSE	195	160.9	55.3	-79.80	2.46	0.32	1145
colight	TRAIN_VERBOSE	195	161.9	53.8	-80.14	2.49	0.32	1765
colight	TRAIN_VERBOSE	195	162.4	53.2	-82.47	2.58	0.32	2402
colight	TRAIN	195	162.4	53.2	-82.47	2.58	0.32	2402
colight	TRAIN_VERBOSE	196	157.3	57.7	-72.44	2.29	0.29	491
colight	TRAIN_VERBOSE	196	161.1	56.8	-81.07	2.54	0.31	1137
colight	TRAIN_VERBOSE	196	162.4	56.0	-84.36	2.61	0.32	1752
colight	TRAIN_VERBOSE	196	166.3	54.4	-88.14	2.77	0.32	2393
colight	TRAIN	196	166.3	54.4	-88.14	2.77	0.32	2393
colight	TRAIN_VERBOSE	197	157.1	46.0	-75.08	2.33	0.30	480
colight	TRAIN_VERBOSE	197	165.2	47.7	-86.01	2.67	0.32	1134
colight	TRAIN_VERBOSE	197	167.7	49.2	-87.50	2.74	0.33	1750
colight	TRAIN_VERBOSE	197	170.6	50.3	-92.25	2.90	0.33	2399
colight	TRAIN	197	170.6	50.3	-92.25	2.90	0.33	2399
colight	TRAIN_VERBOSE	198	160.0	54.9	-76.39	2.34	0.30	504
colight	TRAIN_VERBOSE	198	155.7	53.2	-78.04	2.43	0.31	1141
colight	TRAIN_VERBOSE	198	156.8	51.4	-78.94	2.48	0.31	1745
colight	TRAIN_VERBOSE	198	157.2	51.4	-80.14	2.51	0.32	2391
colight	TRAIN	198	157.2	51.4	-80.14	2.51	0.32	2391
colight	TRAIN_VERBOSE	199	148.6	50.7	-66.98	2.12	0.28	498
colight	TRAIN_VERBOSE	199	154.7	50.8	-80.08	2.46	0.31	1142
colight	TRAIN_VERBOSE	199	158.1	51.1	-84.39	2.62	0.31	1739
colight	TRAIN_VERBOSE	199	162.8	50.7	-87.99	2.77	0.32	2384
colight	TRAIN	199	162.8	50.7	-87.99	2.77	0.32	2384
